[0.339s] Invoking command in '/home/zp/ros2/sim/build/champ_gazebo': AMENT_PREFIX_PATH=/home/zp/ros2/sim/install/champ_msgs:/home/zp/ros2/sim/install/champ:${AMENT_PREFIX_PATH} CMAKE_PREFIX_PATH=/home/zp/ros2/sim/install/champ_msgs:/home/zp/ros2/sim/install/champ:/opt/ros/humble LD_LIBRARY_PATH=/home/zp/ros2/sim/install/champ_msgs/lib:${LD_LIBRARY_PATH} PYTHONPATH=/home/zp/ros2/sim/install/champ_msgs/local/lib/python3.10/dist-packages:${PYTHONPATH} /usr/bin/cmake --build /home/zp/ros2/sim/build/champ_gazebo -- -j20 -l20
[0.433s] [100%] Built target contact_sensor
[0.449s] Invoked command in '/home/zp/ros2/sim/build/champ_gazebo' returned '0': AMENT_PREFIX_PATH=/home/zp/ros2/sim/install/champ_msgs:/home/zp/ros2/sim/install/champ:${AMENT_PREFIX_PATH} CMAKE_PREFIX_PATH=/home/zp/ros2/sim/install/champ_msgs:/home/zp/ros2/sim/install/champ:/opt/ros/humble LD_LIBRARY_PATH=/home/zp/ros2/sim/install/champ_msgs/lib:${LD_LIBRARY_PATH} PYTHONPATH=/home/zp/ros2/sim/install/champ_msgs/local/lib/python3.10/dist-packages:${PYTHONPATH} /usr/bin/cmake --build /home/zp/ros2/sim/build/champ_gazebo -- -j20 -l20
[0.452s] Invoking command in '/home/zp/ros2/sim/build/champ_gazebo': AMENT_PREFIX_PATH=/home/zp/ros2/sim/install/champ_msgs:/home/zp/ros2/sim/install/champ:${AMENT_PREFIX_PATH} CMAKE_PREFIX_PATH=/home/zp/ros2/sim/install/champ_msgs:/home/zp/ros2/sim/install/champ:/opt/ros/humble LD_LIBRARY_PATH=/home/zp/ros2/sim/install/champ_msgs/lib:${LD_LIBRARY_PATH} PYTHONPATH=/home/zp/ros2/sim/install/champ_msgs/local/lib/python3.10/dist-packages:${PYTHONPATH} /usr/bin/cmake --install /home/zp/ros2/sim/build/champ_gazebo
[0.460s] -- Install configuration: ""
[0.460s] -- Up-to-date: /home/zp/ros2/sim/install/champ_gazebo/bin/imu_sensor.py
[0.460s] -- Up-to-date: /home/zp/ros2/sim/install/champ_gazebo/bin/odometry_tf.py
[0.460s] -- Up-to-date: /home/zp/ros2/sim/install/champ_gazebo/bin/odometry.py
[0.461s] -- Up-to-date: /home/zp/ros2/sim/install/champ_gazebo/lib/champ_gazebo/contact_sensor
[0.461s] -- Up-to-date: /home/zp/ros2/sim/install/champ_gazebo/share/champ_gazebo/launch
[0.461s] -- Up-to-date: /home/zp/ros2/sim/install/champ_gazebo/share/champ_gazebo/launch/spawn_robot.launch
[0.462s] -- Up-to-date: /home/zp/ros2/sim/install/champ_gazebo/share/champ_gazebo/launch/gazebo.launch
[0.462s] -- Up-to-date: /home/zp/ros2/sim/install/champ_gazebo/share/champ_gazebo/launch/spawn_world.launch
[0.462s] -- Up-to-date: /home/zp/ros2/sim/install/champ_gazebo/share/champ_gazebo/launch/gazebo.launch.py
[0.462s] -- Up-to-date: /home/zp/ros2/sim/install/champ_gazebo/share/champ_gazebo/config
[0.462s] -- Up-to-date: /home/zp/ros2/sim/install/champ_gazebo/share/champ_gazebo/config/gazebo.yaml
[0.462s] -- Up-to-date: /home/zp/ros2/sim/install/champ_gazebo/share/champ_gazebo/config/ros_control.yaml
[0.462s] -- Up-to-date: /home/zp/ros2/sim/install/champ_gazebo/share/champ_gazebo/worlds
[0.462s] -- Up-to-date: /home/zp/ros2/sim/install/champ_gazebo/share/champ_gazebo/worlds/outdoor.world
[0.462s] -- Up-to-date: /home/zp/ros2/sim/install/champ_gazebo/share/champ_gazebo/worlds/playground.world
[0.462s] -- Up-to-date: /home/zp/ros2/sim/install/champ_gazebo/share/champ_gazebo/worlds/default.world
[0.462s] -- Up-to-date: /home/zp/ros2/sim/install/champ_gazebo/share/ament_index/resource_index/package_run_dependencies/champ_gazebo
[0.462s] -- Up-to-date: /home/zp/ros2/sim/install/champ_gazebo/share/ament_index/resource_index/parent_prefix_path/champ_gazebo
[0.462s] -- Up-to-date: /home/zp/ros2/sim/install/champ_gazebo/share/champ_gazebo/environment/ament_prefix_path.sh
[0.462s] -- Up-to-date: /home/zp/ros2/sim/install/champ_gazebo/share/champ_gazebo/environment/ament_prefix_path.dsv
[0.462s] -- Up-to-date: /home/zp/ros2/sim/install/champ_gazebo/share/champ_gazebo/environment/path.sh
[0.462s] -- Up-to-date: /home/zp/ros2/sim/install/champ_gazebo/share/champ_gazebo/environment/path.dsv
[0.462s] -- Up-to-date: /home/zp/ros2/sim/install/champ_gazebo/share/champ_gazebo/local_setup.bash
[0.463s] -- Up-to-date: /home/zp/ros2/sim/install/champ_gazebo/share/champ_gazebo/local_setup.sh
[0.463s] -- Up-to-date: /home/zp/ros2/sim/install/champ_gazebo/share/champ_gazebo/local_setup.zsh
[0.463s] -- Up-to-date: /home/zp/ros2/sim/install/champ_gazebo/share/champ_gazebo/local_setup.dsv
[0.463s] -- Installing: /home/zp/ros2/sim/install/champ_gazebo/share/champ_gazebo/package.dsv
[0.463s] -- Up-to-date: /home/zp/ros2/sim/install/champ_gazebo/share/ament_index/resource_index/packages/champ_gazebo
[0.464s] -- Up-to-date: /home/zp/ros2/sim/install/champ_gazebo/share/champ_gazebo/cmake/ament_cmake_export_include_directories-extras.cmake
[0.464s] -- Up-to-date: /home/zp/ros2/sim/install/champ_gazebo/share/champ_gazebo/cmake/ament_cmake_export_dependencies-extras.cmake
[0.464s] -- Up-to-date: /home/zp/ros2/sim/install/champ_gazebo/share/champ_gazebo/cmake/champ_gazeboConfig.cmake
[0.465s] -- Up-to-date: /home/zp/ros2/sim/install/champ_gazebo/share/champ_gazebo/cmake/champ_gazeboConfig-version.cmake
[0.465s] -- Up-to-date: /home/zp/ros2/sim/install/champ_gazebo/share/champ_gazebo/package.xml
[0.467s] Invoked command in '/home/zp/ros2/sim/build/champ_gazebo' returned '0': AMENT_PREFIX_PATH=/home/zp/ros2/sim/install/champ_msgs:/home/zp/ros2/sim/install/champ:${AMENT_PREFIX_PATH} CMAKE_PREFIX_PATH=/home/zp/ros2/sim/install/champ_msgs:/home/zp/ros2/sim/install/champ:/opt/ros/humble LD_LIBRARY_PATH=/home/zp/ros2/sim/install/champ_msgs/lib:${LD_LIBRARY_PATH} PYTHONPATH=/home/zp/ros2/sim/install/champ_msgs/local/lib/python3.10/dist-packages:${PYTHONPATH} /usr/bin/cmake --install /home/zp/ros2/sim/build/champ_gazebo
