[0.347s] Invoking command in '/home/zp/ros2/sim/build/new_interface': CMAKE_PREFIX_PATH=/opt/ros/humble /usr/bin/cmake /home/zp/ros2/sim/src/unitree-go2-ros2/new_interface -DCMAKE_INSTALL_PREFIX=/home/zp/ros2/sim/install/new_interface
[0.731s] -- The C compiler identification is GNU 11.4.0
[1.609s] -- The CXX compiler identification is GNU 11.4.0
[2.142s] -- Detecting C compiler ABI info
[2.332s] -- Detecting C compiler ABI info - done
[2.336s] -- Check for working C compiler: /usr/bin/cc - skipped
[2.336s] -- Detecting C compile features
[2.337s] -- Detecting C compile features - done
[2.340s] -- Detecting CXX compiler ABI info
[2.515s] -- Detecting CXX compiler ABI info - done
[2.520s] -- Check for working CXX compiler: /usr/bin/c++ - skipped
[2.520s] -- Detecting CXX compile features
[2.520s] -- Detecting CXX compile features - done
[2.532s] -- Found ament_cmake: 1.3.12 (/opt/ros/humble/share/ament_cmake/cmake)
[2.632s] -- Found Python3: /usr/bin/python3 (found version "3.10.12") found components: Interpreter 
[2.714s] -- Found rosidl_default_generators: 1.2.0 (/opt/ros/humble/share/rosidl_default_generators/cmake)
[2.719s] -- Using all available rosidl_typesupport_c: rosidl_typesupport_fastrtps_c;rosidl_typesupport_introspection_c
[2.726s] -- Found rosidl_adapter: 3.1.8 (/opt/ros/humble/share/rosidl_adapter/cmake)
[3.273s] -- Using all available rosidl_typesupport_cpp: rosidl_typesupport_fastrtps_cpp;rosidl_typesupport_introspection_cpp
[3.437s] [31mCMake Error at /opt/ros/humble/share/rosidl_adapter/cmake/rosidl_adapt_interfaces.cmake:59 (message):
[3.437s]   execute_process(/usr/bin/python3 -m rosidl_adapter --package-name
[3.437s]   new_interface --arguments-file
[3.437s]   /home/zp/ros2/sim/build/new_interface/rosidl_adapter__arguments__new_interface.json
[3.437s]   --output-dir
[3.437s]   /home/zp/ros2/sim/build/new_interface/rosidl_adapter/new_interface
[3.437s]   --output-file
[3.437s]   /home/zp/ros2/sim/build/new_interface/rosidl_adapter/new_interface.idls)
[3.437s]   returned error code 1:
[3.437s] 
[3.437s]   Error processing 'float distance' of 'new_interface/MoveRobot_Goal':
[3.437s]   ''float' is an invalid message name.  It should have the pattern
[3.437s]   '^[A-Z][A-Za-z0-9]*$''
[3.437s] 
[3.437s]   Traceback (most recent call last):
[3.437s] 
[3.437s]     File "/usr/lib/python3.10/runpy.py", line 196, in _run_module_as_main
[3.437s]       return _run_code(code, main_globals, None,
[3.437s]     File "/usr/lib/python3.10/runpy.py", line 86, in _run_code
[3.437s]       exec(code, run_globals)
[3.438s]     File "/opt/ros/humble/local/lib/python3.10/dist-packages/rosidl_adapter/__main__.py", line 19, in <module>
[3.438s]       sys.exit(main())
[3.438s]     File "/opt/ros/humble/local/lib/python3.10/dist-packages/rosidl_adapter/main.py", line 53, in main
[3.438s]       abs_idl_file = convert_to_idl(
[3.438s]     File "/opt/ros/humble/local/lib/python3.10/dist-packages/rosidl_adapter/__init__.py", line 29, in convert_to_idl
[3.438s]       return convert_action_to_idl(
[3.438s]     File "/opt/ros/humble/local/lib/python3.10/dist-packages/rosidl_adapter/action/__init__.py", line 28, in convert_action_to_idl
[3.438s]       action = parse_action_string(package_name, input_file.stem, content)
[3.438s]     File "/opt/ros/humble/local/lib/python3.10/dist-packages/rosidl_adapter/parser.py", line 902, in parse_action_string
[3.438s]       goal_message = parse_message_string(
[3.438s]     File "/opt/ros/humble/local/lib/python3.10/dist-packages/rosidl_adapter/parser.py", line 520, in parse_message_string
[3.438s]       Type(type_string, context_package_name=pkg_name),
[3.438s]     File "/opt/ros/humble/local/lib/python3.10/dist-packages/rosidl_adapter/parser.py", line 277, in __init__
[3.438s]       super(Type, self).__init__(
[3.438s]     File "/opt/ros/humble/local/lib/python3.10/dist-packages/rosidl_adapter/parser.py", line 205, in __init__
[3.438s]       raise InvalidResourceName(
[3.438s] 
[3.438s]   rosidl_adapter.parser.InvalidResourceName: 'float' is an invalid message
[3.438s]   name.  It should have the pattern '^[A-Z][A-Za-z0-9]*$'
[3.438s] 
[3.438s] Call Stack (most recent call first):
[3.438s]   /opt/ros/humble/share/rosidl_cmake/cmake/rosidl_generate_interfaces.cmake:130 (rosidl_adapt_interfaces)
[3.438s]   CMakeLists.txt:12 (rosidl_generate_interfaces)
[3.438s] 
[3.438s] [0m
[3.438s] -- Configuring incomplete, errors occurred!
[3.438s] See also "/home/zp/ros2/sim/build/new_interface/CMakeFiles/CMakeOutput.log".
[3.449s] Invoked command in '/home/zp/ros2/sim/build/new_interface' returned '1': CMAKE_PREFIX_PATH=/opt/ros/humble /usr/bin/cmake /home/zp/ros2/sim/src/unitree-go2-ros2/new_interface -DCMAKE_INSTALL_PREFIX=/home/zp/ros2/sim/install/new_interface
