[0.059s] Invoking command in '/home/zp/ros2/sim/build/champ_navigation': CMAKE_PREFIX_PATH=/opt/ros/humble /usr/bin/cmake --build /home/zp/ros2/sim/build/champ_navigation -- -j20 -l20
[0.631s] Invoked command in '/home/zp/ros2/sim/build/champ_navigation' returned '0': CMAKE_PREFIX_PATH=/opt/ros/humble /usr/bin/cmake --build /home/zp/ros2/sim/build/champ_navigation -- -j20 -l20
[0.643s] Invoking command in '/home/zp/ros2/sim/build/champ_navigation': CMAKE_PREFIX_PATH=/opt/ros/humble /usr/bin/cmake --install /home/zp/ros2/sim/build/champ_navigation
[0.674s] -- Install configuration: ""
[0.674s] -- Up-to-date: /home/zp/ros2/sim/install/champ_navigation/share/champ_navigation/launch
[0.674s] -- Up-to-date: /home/zp/ros2/sim/install/champ_navigation/share/champ_navigation/launch/navigate.launch.py
[0.674s] -- Up-to-date: /home/zp/ros2/sim/install/champ_navigation/share/champ_navigation/launch/slam.launch.py
[0.674s] -- Up-to-date: /home/zp/ros2/sim/install/champ_navigation/share/champ_navigation/rviz
[0.674s] -- Up-to-date: /home/zp/ros2/sim/install/champ_navigation/share/champ_navigation/rviz/navigation.rviz
[0.675s] -- Up-to-date: /home/zp/ros2/sim/install/champ_navigation/share/champ_navigation/rviz/navigation_minimal.rviz
[0.676s] -- Up-to-date: /home/zp/ros2/sim/install/champ_navigation/share/champ_navigation/rviz/slam.rviz
[0.676s] -- Up-to-date: /home/zp/ros2/sim/install/champ_navigation/share/ament_index/resource_index/package_run_dependencies/champ_navigation
[0.678s] -- Up-to-date: /home/zp/ros2/sim/install/champ_navigation/share/ament_index/resource_index/parent_prefix_path/champ_navigation
[0.680s] -- Up-to-date: /home/zp/ros2/sim/install/champ_navigation/share/champ_navigation/environment/ament_prefix_path.sh
[0.680s] -- Up-to-date: /home/zp/ros2/sim/install/champ_navigation/share/champ_navigation/environment/ament_prefix_path.dsv
[0.680s] -- Up-to-date: /home/zp/ros2/sim/install/champ_navigation/share/champ_navigation/environment/path.sh
[0.680s] -- Up-to-date: /home/zp/ros2/sim/install/champ_navigation/share/champ_navigation/environment/path.dsv
[0.681s] -- Up-to-date: /home/zp/ros2/sim/install/champ_navigation/share/champ_navigation/local_setup.bash
[0.681s] -- Up-to-date: /home/zp/ros2/sim/install/champ_navigation/share/champ_navigation/local_setup.sh
[0.682s] -- Up-to-date: /home/zp/ros2/sim/install/champ_navigation/share/champ_navigation/local_setup.zsh
[0.682s] -- Up-to-date: /home/zp/ros2/sim/install/champ_navigation/share/champ_navigation/local_setup.dsv
[0.682s] -- Installing: /home/zp/ros2/sim/install/champ_navigation/share/champ_navigation/package.dsv
[0.682s] -- Up-to-date: /home/zp/ros2/sim/install/champ_navigation/share/ament_index/resource_index/packages/champ_navigation
[0.684s] -- Up-to-date: /home/zp/ros2/sim/install/champ_navigation/share/champ_navigation/cmake/champ_navigationConfig.cmake
[0.684s] -- Up-to-date: /home/zp/ros2/sim/install/champ_navigation/share/champ_navigation/cmake/champ_navigationConfig-version.cmake
[0.684s] -- Up-to-date: /home/zp/ros2/sim/install/champ_navigation/share/champ_navigation/package.xml
[0.769s] Invoked command in '/home/zp/ros2/sim/build/champ_navigation' returned '0': CMAKE_PREFIX_PATH=/opt/ros/humble /usr/bin/cmake --install /home/zp/ros2/sim/build/champ_navigation
