[0.663s] Invoking command in '/home/zp/ros2/sim/build/champ_bringup': AMENT_PREFIX_PATH=/home/zp/ros2/sim/install/champ_base:/home/zp/ros2/sim/install/champ_msgs:/home/zp/ros2/sim/install/champ_description:/home/zp/ros2/sim/install/champ:${AMENT_PREFIX_PATH} CMAKE_PREFIX_PATH=/home/zp/ros2/sim/install/champ_base:/home/zp/ros2/sim/install/champ_msgs:/home/zp/ros2/sim/install/champ_description:/home/zp/ros2/sim/install/champ:/opt/ros/humble LD_LIBRARY_PATH=/home/zp/ros2/sim/install/champ_base/lib:/home/zp/ros2/sim/install/champ_msgs/lib:${LD_LIBRARY_PATH} PATH=/home/zp/ros2/sim/install/champ_base/bin:${PATH} PYTHONPATH=/home/zp/ros2/sim/install/champ_msgs/local/lib/python3.10/dist-packages:${PYTHONPATH} /usr/bin/cmake --build /home/zp/ros2/sim/build/champ_bringup -- -j20 -l20
[0.702s] Built target ament_cmake_python_copy_champ_bringup
[0.876s] running egg_info
[0.877s] writing champ_bringup.egg-info/PKG-INFO
[0.877s] writing dependency_links to champ_bringup.egg-info/dependency_links.txt
[0.877s] writing top-level names to champ_bringup.egg-info/top_level.txt
[0.878s] reading manifest file 'champ_bringup.egg-info/SOURCES.txt'
[0.879s] writing manifest file 'champ_bringup.egg-info/SOURCES.txt'
[0.899s] Built target ament_cmake_python_build_champ_bringup_egg
[0.908s] Invoked command in '/home/zp/ros2/sim/build/champ_bringup' returned '0': AMENT_PREFIX_PATH=/home/zp/ros2/sim/install/champ_base:/home/zp/ros2/sim/install/champ_msgs:/home/zp/ros2/sim/install/champ_description:/home/zp/ros2/sim/install/champ:${AMENT_PREFIX_PATH} CMAKE_PREFIX_PATH=/home/zp/ros2/sim/install/champ_base:/home/zp/ros2/sim/install/champ_msgs:/home/zp/ros2/sim/install/champ_description:/home/zp/ros2/sim/install/champ:/opt/ros/humble LD_LIBRARY_PATH=/home/zp/ros2/sim/install/champ_base/lib:/home/zp/ros2/sim/install/champ_msgs/lib:${LD_LIBRARY_PATH} PATH=/home/zp/ros2/sim/install/champ_base/bin:${PATH} PYTHONPATH=/home/zp/ros2/sim/install/champ_msgs/local/lib/python3.10/dist-packages:${PYTHONPATH} /usr/bin/cmake --build /home/zp/ros2/sim/build/champ_bringup -- -j20 -l20
[0.910s] Invoking command in '/home/zp/ros2/sim/build/champ_bringup': AMENT_PREFIX_PATH=/home/zp/ros2/sim/install/champ_base:/home/zp/ros2/sim/install/champ_msgs:/home/zp/ros2/sim/install/champ_description:/home/zp/ros2/sim/install/champ:${AMENT_PREFIX_PATH} CMAKE_PREFIX_PATH=/home/zp/ros2/sim/install/champ_base:/home/zp/ros2/sim/install/champ_msgs:/home/zp/ros2/sim/install/champ_description:/home/zp/ros2/sim/install/champ:/opt/ros/humble LD_LIBRARY_PATH=/home/zp/ros2/sim/install/champ_base/lib:/home/zp/ros2/sim/install/champ_msgs/lib:${LD_LIBRARY_PATH} PATH=/home/zp/ros2/sim/install/champ_base/bin:${PATH} PYTHONPATH=/home/zp/ros2/sim/install/champ_msgs/local/lib/python3.10/dist-packages:${PYTHONPATH} /usr/bin/cmake --install /home/zp/ros2/sim/build/champ_bringup
[0.916s] -- Install configuration: ""
[0.916s] -- Up-to-date: /home/zp/ros2/sim/install/champ_bringup/share/champ_bringup/launch
[0.917s] -- Up-to-date: /home/zp/ros2/sim/install/champ_bringup/share/champ_bringup/launch/include
[0.917s] -- Up-to-date: /home/zp/ros2/sim/install/champ_bringup/share/champ_bringup/launch/include/laser
[0.917s] -- Up-to-date: /home/zp/ros2/sim/install/champ_bringup/share/champ_bringup/launch/include/laser/kinect.launch
[0.917s] -- Up-to-date: /home/zp/ros2/sim/install/champ_bringup/share/champ_bringup/launch/include/laser/sim.launch
[0.917s] -- Up-to-date: /home/zp/ros2/sim/install/champ_bringup/share/champ_bringup/launch/include/laser/xv11.launch
[0.917s] -- Up-to-date: /home/zp/ros2/sim/install/champ_bringup/share/champ_bringup/launch/include/laser/rplidar.launch
[0.917s] -- Up-to-date: /home/zp/ros2/sim/install/champ_bringup/share/champ_bringup/launch/include/laser/sweep.launch
[0.917s] -- Up-to-date: /home/zp/ros2/sim/install/champ_bringup/share/champ_bringup/launch/include/laser/lms1xx.launch
[0.917s] -- Up-to-date: /home/zp/ros2/sim/install/champ_bringup/share/champ_bringup/launch/include/laser/realsense.launch
[0.917s] -- Up-to-date: /home/zp/ros2/sim/install/champ_bringup/share/champ_bringup/launch/include/laser/ydlidar.launch
[0.917s] -- Up-to-date: /home/zp/ros2/sim/install/champ_bringup/share/champ_bringup/launch/include/laser/d435.launch
[0.917s] -- Up-to-date: /home/zp/ros2/sim/install/champ_bringup/share/champ_bringup/launch/include/laser/hokuyo.launch
[0.917s] -- Up-to-date: /home/zp/ros2/sim/install/champ_bringup/share/champ_bringup/launch/include/velocity_smoother.launch
[0.917s] -- Up-to-date: /home/zp/ros2/sim/install/champ_bringup/share/champ_bringup/launch/bringup.launch
[0.917s] -- Up-to-date: /home/zp/ros2/sim/install/champ_bringup/share/champ_bringup/launch/bringup.launch.py
[0.918s] -- Up-to-date: /home/zp/ros2/sim/install/champ_bringup/share/champ_bringup/launch/joints_gui.launch.py
[0.918s] -- Up-to-date: /home/zp/ros2/sim/install/champ_bringup/share/champ_bringup/launch/joints_gui.launch
[0.918s] -- Up-to-date: /home/zp/ros2/sim/install/champ_bringup/share/champ_bringup/environment/pythonpath.sh
[0.918s] -- Up-to-date: /home/zp/ros2/sim/install/champ_bringup/share/champ_bringup/environment/pythonpath.dsv
[0.918s] -- Up-to-date: /home/zp/ros2/sim/install/champ_bringup/local/lib/python3.10/dist-packages/champ_bringup-0.1.0-py3.10.egg-info
[0.918s] -- Installing: /home/zp/ros2/sim/install/champ_bringup/local/lib/python3.10/dist-packages/champ_bringup-0.1.0-py3.10.egg-info/SOURCES.txt
[0.918s] -- Installing: /home/zp/ros2/sim/install/champ_bringup/local/lib/python3.10/dist-packages/champ_bringup-0.1.0-py3.10.egg-info/top_level.txt
[0.918s] -- Installing: /home/zp/ros2/sim/install/champ_bringup/local/lib/python3.10/dist-packages/champ_bringup-0.1.0-py3.10.egg-info/PKG-INFO
[0.918s] -- Installing: /home/zp/ros2/sim/install/champ_bringup/local/lib/python3.10/dist-packages/champ_bringup-0.1.0-py3.10.egg-info/dependency_links.txt
[0.918s] -- Up-to-date: /home/zp/ros2/sim/install/champ_bringup/local/lib/python3.10/dist-packages/champ_bringup
[0.918s] -- Up-to-date: /home/zp/ros2/sim/install/champ_bringup/local/lib/python3.10/dist-packages/champ_bringup/joint_calibrator_relay.py
[0.918s] -- Up-to-date: /home/zp/ros2/sim/install/champ_bringup/local/lib/python3.10/dist-packages/champ_bringup/__init__.py
[0.940s] Listing '/home/zp/ros2/sim/install/champ_bringup/local/lib/python3.10/dist-packages/champ_bringup'...
[0.943s] -- Up-to-date: /home/zp/ros2/sim/install/champ_bringup/lib/champ_bringup/joint_calibrator_relay.py
[0.943s] -- Up-to-date: /home/zp/ros2/sim/install/champ_bringup/share/ament_index/resource_index/package_run_dependencies/champ_bringup
[0.943s] -- Up-to-date: /home/zp/ros2/sim/install/champ_bringup/share/ament_index/resource_index/parent_prefix_path/champ_bringup
[0.943s] -- Up-to-date: /home/zp/ros2/sim/install/champ_bringup/share/champ_bringup/environment/ament_prefix_path.sh
[0.943s] -- Up-to-date: /home/zp/ros2/sim/install/champ_bringup/share/champ_bringup/environment/ament_prefix_path.dsv
[0.943s] -- Up-to-date: /home/zp/ros2/sim/install/champ_bringup/share/champ_bringup/environment/path.sh
[0.943s] -- Up-to-date: /home/zp/ros2/sim/install/champ_bringup/share/champ_bringup/environment/path.dsv
[0.944s] -- Up-to-date: /home/zp/ros2/sim/install/champ_bringup/share/champ_bringup/local_setup.bash
[0.944s] -- Up-to-date: /home/zp/ros2/sim/install/champ_bringup/share/champ_bringup/local_setup.sh
[0.944s] -- Up-to-date: /home/zp/ros2/sim/install/champ_bringup/share/champ_bringup/local_setup.zsh
[0.944s] -- Up-to-date: /home/zp/ros2/sim/install/champ_bringup/share/champ_bringup/local_setup.dsv
[0.944s] -- Installing: /home/zp/ros2/sim/install/champ_bringup/share/champ_bringup/package.dsv
[0.944s] -- Up-to-date: /home/zp/ros2/sim/install/champ_bringup/share/ament_index/resource_index/packages/champ_bringup
[0.944s] -- Up-to-date: /home/zp/ros2/sim/install/champ_bringup/share/champ_bringup/cmake/champ_bringupConfig.cmake
[0.944s] -- Up-to-date: /home/zp/ros2/sim/install/champ_bringup/share/champ_bringup/cmake/champ_bringupConfig-version.cmake
[0.944s] -- Up-to-date: /home/zp/ros2/sim/install/champ_bringup/share/champ_bringup/package.xml
[0.946s] Invoked command in '/home/zp/ros2/sim/build/champ_bringup' returned '0': AMENT_PREFIX_PATH=/home/zp/ros2/sim/install/champ_base:/home/zp/ros2/sim/install/champ_msgs:/home/zp/ros2/sim/install/champ_description:/home/zp/ros2/sim/install/champ:${AMENT_PREFIX_PATH} CMAKE_PREFIX_PATH=/home/zp/ros2/sim/install/champ_base:/home/zp/ros2/sim/install/champ_msgs:/home/zp/ros2/sim/install/champ_description:/home/zp/ros2/sim/install/champ:/opt/ros/humble LD_LIBRARY_PATH=/home/zp/ros2/sim/install/champ_base/lib:/home/zp/ros2/sim/install/champ_msgs/lib:${LD_LIBRARY_PATH} PATH=/home/zp/ros2/sim/install/champ_base/bin:${PATH} PYTHONPATH=/home/zp/ros2/sim/install/champ_msgs/local/lib/python3.10/dist-packages:${PYTHONPATH} /usr/bin/cmake --install /home/zp/ros2/sim/build/champ_bringup
