[0.066s] Invoking command in '/home/zp/ros2/sim/build/champ_msgs': CMAKE_PREFIX_PATH=${CMAKE_PREFIX_PATH}:/home/zp/ros2/sim/install/my_motion_example:/home/zp/ros2/sim/install/go2_control:/opt/ros/humble /usr/bin/cmake --build /home/zp/ros2/sim/build/champ_msgs -- -j20 -l20
[0.360s] [  3%] Built target champ_msgs__cpp
[0.363s] [ 12%] Built target champ_msgs__rosidl_generator_c
[0.364s] [ 12%] Built target ament_cmake_python_copy_champ_msgs
[0.364s] [ 51%] Built target champ_msgs__rosidl_typesupport_cpp
[0.364s] [ 51%] Built target champ_msgs__rosidl_typesupport_fastrtps_c
[0.365s] [ 54%] Built target champ_msgs__rosidl_typesupport_c
[0.365s] [ 58%] Built target champ_msgs__rosidl_typesupport_introspection_c
[0.365s] [ 81%] Built target champ_msgs__rosidl_typesupport_fastrtps_cpp
[0.365s] [ 82%] Built target champ_msgs__rosidl_typesupport_introspection_cpp
[0.365s] [ 82%] Built target champ_msgs
[0.365s] [ 83%] Built target champ_msgs__py
[0.365s] [ 93%] Built target champ_msgs__rosidl_generator_py
[0.365s] [ 95%] Built target champ_msgs__rosidl_typesupport_fastrtps_c__pyext
[0.365s] [ 97%] Built target champ_msgs__rosidl_typesupport_c__pyext
[0.366s] [100%] Built target champ_msgs__rosidl_typesupport_introspection_c__pyext
[0.366s] running egg_info
[0.366s] writing champ_msgs.egg-info/PKG-INFO
[0.366s] writing dependency_links to champ_msgs.egg-info/dependency_links.txt
[0.366s] writing top-level names to champ_msgs.egg-info/top_level.txt
[0.369s] reading manifest file 'champ_msgs.egg-info/SOURCES.txt'
[0.369s] writing manifest file 'champ_msgs.egg-info/SOURCES.txt'
[0.410s] [100%] Built target ament_cmake_python_build_champ_msgs_egg
[0.692s] Invoked command in '/home/zp/ros2/sim/build/champ_msgs' returned '0': CMAKE_PREFIX_PATH=${CMAKE_PREFIX_PATH}:/home/zp/ros2/sim/install/my_motion_example:/home/zp/ros2/sim/install/go2_control:/opt/ros/humble /usr/bin/cmake --build /home/zp/ros2/sim/build/champ_msgs -- -j20 -l20
[0.701s] Invoking command in '/home/zp/ros2/sim/build/champ_msgs': CMAKE_PREFIX_PATH=${CMAKE_PREFIX_PATH}:/home/zp/ros2/sim/install/my_motion_example:/home/zp/ros2/sim/install/go2_control:/opt/ros/humble /usr/bin/cmake --install /home/zp/ros2/sim/build/champ_msgs
[0.726s] -- Install configuration: ""
[0.726s] -- Up-to-date: /home/zp/ros2/sim/install/champ_msgs/share/ament_index/resource_index/rosidl_interfaces/champ_msgs
[0.727s] -- Up-to-date: /home/zp/ros2/sim/install/champ_msgs/include/champ_msgs/champ_msgs
[0.727s] -- Up-to-date: /home/zp/ros2/sim/install/champ_msgs/include/champ_msgs/champ_msgs/msg
[0.727s] -- Up-to-date: /home/zp/ros2/sim/install/champ_msgs/include/champ_msgs/champ_msgs/msg/velocities.h
[0.727s] -- Up-to-date: /home/zp/ros2/sim/install/champ_msgs/include/champ_msgs/champ_msgs/msg/point_array.h
[0.727s] -- Up-to-date: /home/zp/ros2/sim/install/champ_msgs/include/champ_msgs/champ_msgs/msg/pose.h
[0.727s] -- Up-to-date: /home/zp/ros2/sim/install/champ_msgs/include/champ_msgs/champ_msgs/msg/imu.h
[0.727s] -- Up-to-date: /home/zp/ros2/sim/install/champ_msgs/include/champ_msgs/champ_msgs/msg/pid.h
[0.728s] -- Up-to-date: /home/zp/ros2/sim/install/champ_msgs/include/champ_msgs/champ_msgs/msg/contacts_stamped.h
[0.728s] -- Up-to-date: /home/zp/ros2/sim/install/champ_msgs/include/champ_msgs/champ_msgs/msg/joints.h
[0.728s] -- Up-to-date: /home/zp/ros2/sim/install/champ_msgs/include/champ_msgs/champ_msgs/msg/contacts.h
[0.728s] -- Up-to-date: /home/zp/ros2/sim/install/champ_msgs/include/champ_msgs/champ_msgs/msg/detail
[0.728s] -- Up-to-date: /home/zp/ros2/sim/install/champ_msgs/include/champ_msgs/champ_msgs/msg/detail/point_array__functions.h
[0.729s] -- Up-to-date: /home/zp/ros2/sim/install/champ_msgs/include/champ_msgs/champ_msgs/msg/detail/point__struct.h
[0.729s] -- Up-to-date: /home/zp/ros2/sim/install/champ_msgs/include/champ_msgs/champ_msgs/msg/detail/pose__functions.h
[0.729s] -- Up-to-date: /home/zp/ros2/sim/install/champ_msgs/include/champ_msgs/champ_msgs/msg/detail/point_array__struct.h
[0.730s] -- Up-to-date: /home/zp/ros2/sim/install/champ_msgs/include/champ_msgs/champ_msgs/msg/detail/point_array__type_support.h
[0.730s] -- Up-to-date: /home/zp/ros2/sim/install/champ_msgs/include/champ_msgs/champ_msgs/msg/detail/joints__functions.h
[0.730s] -- Up-to-date: /home/zp/ros2/sim/install/champ_msgs/include/champ_msgs/champ_msgs/msg/detail/velocities__type_support.h
[0.730s] -- Up-to-date: /home/zp/ros2/sim/install/champ_msgs/include/champ_msgs/champ_msgs/msg/detail/imu__functions.c
[0.730s] -- Up-to-date: /home/zp/ros2/sim/install/champ_msgs/include/champ_msgs/champ_msgs/msg/detail/imu__functions.h
[0.731s] -- Up-to-date: /home/zp/ros2/sim/install/champ_msgs/include/champ_msgs/champ_msgs/msg/detail/contacts_stamped__struct.h
[0.731s] -- Up-to-date: /home/zp/ros2/sim/install/champ_msgs/include/champ_msgs/champ_msgs/msg/detail/pose__type_support.h
[0.731s] -- Up-to-date: /home/zp/ros2/sim/install/champ_msgs/include/champ_msgs/champ_msgs/msg/detail/contacts_stamped__type_support.h
[0.732s] -- Up-to-date: /home/zp/ros2/sim/install/champ_msgs/include/champ_msgs/champ_msgs/msg/detail/contacts__functions.h
[0.732s] -- Up-to-date: /home/zp/ros2/sim/install/champ_msgs/include/champ_msgs/champ_msgs/msg/detail/pid__functions.c
[0.733s] -- Up-to-date: /home/zp/ros2/sim/install/champ_msgs/include/champ_msgs/champ_msgs/msg/detail/imu__type_support.h
[0.735s] -- Up-to-date: /home/zp/ros2/sim/install/champ_msgs/include/champ_msgs/champ_msgs/msg/detail/velocities__functions.c
[0.735s] -- Up-to-date: /home/zp/ros2/sim/install/champ_msgs/include/champ_msgs/champ_msgs/msg/detail/pid__type_support.h
[0.735s] -- Up-to-date: /home/zp/ros2/sim/install/champ_msgs/include/champ_msgs/champ_msgs/msg/detail/pid__struct.h
[0.735s] -- Up-to-date: /home/zp/ros2/sim/install/champ_msgs/include/champ_msgs/champ_msgs/msg/detail/joints__struct.h
[0.735s] -- Up-to-date: /home/zp/ros2/sim/install/champ_msgs/include/champ_msgs/champ_msgs/msg/detail/joints__type_support.h
[0.735s] -- Up-to-date: /home/zp/ros2/sim/install/champ_msgs/include/champ_msgs/champ_msgs/msg/detail/imu__struct.h
[0.736s] -- Up-to-date: /home/zp/ros2/sim/install/champ_msgs/include/champ_msgs/champ_msgs/msg/detail/pose__struct.h
[0.736s] -- Up-to-date: /home/zp/ros2/sim/install/champ_msgs/include/champ_msgs/champ_msgs/msg/detail/point__functions.c
[0.736s] -- Up-to-date: /home/zp/ros2/sim/install/champ_msgs/include/champ_msgs/champ_msgs/msg/detail/velocities__struct.h
[0.736s] -- Up-to-date: /home/zp/ros2/sim/install/champ_msgs/include/champ_msgs/champ_msgs/msg/detail/contacts_stamped__functions.h
[0.737s] -- Up-to-date: /home/zp/ros2/sim/install/champ_msgs/include/champ_msgs/champ_msgs/msg/detail/velocities__functions.h
[0.737s] -- Up-to-date: /home/zp/ros2/sim/install/champ_msgs/include/champ_msgs/champ_msgs/msg/detail/pose__functions.c
[0.737s] -- Up-to-date: /home/zp/ros2/sim/install/champ_msgs/include/champ_msgs/champ_msgs/msg/detail/pid__functions.h
[0.737s] -- Up-to-date: /home/zp/ros2/sim/install/champ_msgs/include/champ_msgs/champ_msgs/msg/detail/contacts_stamped__functions.c
[0.737s] -- Up-to-date: /home/zp/ros2/sim/install/champ_msgs/include/champ_msgs/champ_msgs/msg/detail/point__functions.h
[0.737s] -- Up-to-date: /home/zp/ros2/sim/install/champ_msgs/include/champ_msgs/champ_msgs/msg/detail/point__type_support.h
[0.737s] -- Up-to-date: /home/zp/ros2/sim/install/champ_msgs/include/champ_msgs/champ_msgs/msg/detail/contacts__struct.h
[0.737s] -- Up-to-date: /home/zp/ros2/sim/install/champ_msgs/include/champ_msgs/champ_msgs/msg/detail/contacts__type_support.h
[0.737s] -- Up-to-date: /home/zp/ros2/sim/install/champ_msgs/include/champ_msgs/champ_msgs/msg/detail/contacts__functions.c
[0.737s] -- Up-to-date: /home/zp/ros2/sim/install/champ_msgs/include/champ_msgs/champ_msgs/msg/detail/joints__functions.c
[0.738s] -- Up-to-date: /home/zp/ros2/sim/install/champ_msgs/include/champ_msgs/champ_msgs/msg/detail/point_array__functions.c
[0.738s] -- Up-to-date: /home/zp/ros2/sim/install/champ_msgs/include/champ_msgs/champ_msgs/msg/point.h
[0.738s] -- Up-to-date: /home/zp/ros2/sim/install/champ_msgs/include/champ_msgs/champ_msgs/msg/rosidl_generator_c__visibility_control.h
[0.738s] -- Up-to-date: /home/zp/ros2/sim/install/champ_msgs/share/champ_msgs/environment/library_path.sh
[0.738s] -- Up-to-date: /home/zp/ros2/sim/install/champ_msgs/share/champ_msgs/environment/library_path.dsv
[0.738s] -- Up-to-date: /home/zp/ros2/sim/install/champ_msgs/lib/libchamp_msgs__rosidl_generator_c.so
[0.738s] -- Up-to-date: /home/zp/ros2/sim/install/champ_msgs/include/champ_msgs/champ_msgs
[0.738s] -- Up-to-date: /home/zp/ros2/sim/install/champ_msgs/include/champ_msgs/champ_msgs/msg
[0.738s] -- Up-to-date: /home/zp/ros2/sim/install/champ_msgs/include/champ_msgs/champ_msgs/msg/rosidl_typesupport_fastrtps_c__visibility_control.h
[0.738s] -- Up-to-date: /home/zp/ros2/sim/install/champ_msgs/include/champ_msgs/champ_msgs/msg/detail
[0.739s] -- Up-to-date: /home/zp/ros2/sim/install/champ_msgs/include/champ_msgs/champ_msgs/msg/detail/velocities__rosidl_typesupport_fastrtps_c.h
[0.739s] -- Up-to-date: /home/zp/ros2/sim/install/champ_msgs/include/champ_msgs/champ_msgs/msg/detail/point__rosidl_typesupport_fastrtps_c.h
[0.739s] -- Up-to-date: /home/zp/ros2/sim/install/champ_msgs/include/champ_msgs/champ_msgs/msg/detail/imu__rosidl_typesupport_fastrtps_c.h
[0.739s] -- Up-to-date: /home/zp/ros2/sim/install/champ_msgs/include/champ_msgs/champ_msgs/msg/detail/contacts_stamped__rosidl_typesupport_fastrtps_c.h
[0.739s] -- Up-to-date: /home/zp/ros2/sim/install/champ_msgs/include/champ_msgs/champ_msgs/msg/detail/contacts__rosidl_typesupport_fastrtps_c.h
[0.739s] -- Up-to-date: /home/zp/ros2/sim/install/champ_msgs/include/champ_msgs/champ_msgs/msg/detail/joints__rosidl_typesupport_fastrtps_c.h
[0.739s] -- Up-to-date: /home/zp/ros2/sim/install/champ_msgs/include/champ_msgs/champ_msgs/msg/detail/pid__rosidl_typesupport_fastrtps_c.h
[0.739s] -- Up-to-date: /home/zp/ros2/sim/install/champ_msgs/include/champ_msgs/champ_msgs/msg/detail/pose__rosidl_typesupport_fastrtps_c.h
[0.739s] -- Up-to-date: /home/zp/ros2/sim/install/champ_msgs/include/champ_msgs/champ_msgs/msg/detail/point_array__rosidl_typesupport_fastrtps_c.h
[0.739s] -- Up-to-date: /home/zp/ros2/sim/install/champ_msgs/lib/libchamp_msgs__rosidl_typesupport_fastrtps_c.so
[0.739s] -- Up-to-date: /home/zp/ros2/sim/install/champ_msgs/include/champ_msgs/champ_msgs
[0.740s] -- Up-to-date: /home/zp/ros2/sim/install/champ_msgs/include/champ_msgs/champ_msgs/msg
[0.740s] -- Up-to-date: /home/zp/ros2/sim/install/champ_msgs/include/champ_msgs/champ_msgs/msg/rosidl_typesupport_introspection_c__visibility_control.h
[0.740s] -- Up-to-date: /home/zp/ros2/sim/install/champ_msgs/include/champ_msgs/champ_msgs/msg/detail
[0.740s] -- Up-to-date: /home/zp/ros2/sim/install/champ_msgs/include/champ_msgs/champ_msgs/msg/detail/point_array__rosidl_typesupport_introspection_c.h
[0.740s] -- Up-to-date: /home/zp/ros2/sim/install/champ_msgs/include/champ_msgs/champ_msgs/msg/detail/contacts__type_support.c
[0.740s] -- Up-to-date: /home/zp/ros2/sim/install/champ_msgs/include/champ_msgs/champ_msgs/msg/detail/imu__type_support.c
[0.740s] -- Up-to-date: /home/zp/ros2/sim/install/champ_msgs/include/champ_msgs/champ_msgs/msg/detail/pid__type_support.c
[0.741s] -- Up-to-date: /home/zp/ros2/sim/install/champ_msgs/include/champ_msgs/champ_msgs/msg/detail/point__rosidl_typesupport_introspection_c.h
[0.741s] -- Up-to-date: /home/zp/ros2/sim/install/champ_msgs/include/champ_msgs/champ_msgs/msg/detail/point_array__type_support.c
[0.741s] -- Up-to-date: /home/zp/ros2/sim/install/champ_msgs/include/champ_msgs/champ_msgs/msg/detail/joints__type_support.c
[0.741s] -- Up-to-date: /home/zp/ros2/sim/install/champ_msgs/include/champ_msgs/champ_msgs/msg/detail/pose__rosidl_typesupport_introspection_c.h
[0.742s] -- Up-to-date: /home/zp/ros2/sim/install/champ_msgs/include/champ_msgs/champ_msgs/msg/detail/joints__rosidl_typesupport_introspection_c.h
[0.742s] -- Up-to-date: /home/zp/ros2/sim/install/champ_msgs/include/champ_msgs/champ_msgs/msg/detail/imu__rosidl_typesupport_introspection_c.h
[0.742s] -- Up-to-date: /home/zp/ros2/sim/install/champ_msgs/include/champ_msgs/champ_msgs/msg/detail/contacts__rosidl_typesupport_introspection_c.h
[0.742s] -- Up-to-date: /home/zp/ros2/sim/install/champ_msgs/include/champ_msgs/champ_msgs/msg/detail/velocities__rosidl_typesupport_introspection_c.h
[0.742s] -- Up-to-date: /home/zp/ros2/sim/install/champ_msgs/include/champ_msgs/champ_msgs/msg/detail/contacts_stamped__rosidl_typesupport_introspection_c.h
[0.742s] -- Up-to-date: /home/zp/ros2/sim/install/champ_msgs/include/champ_msgs/champ_msgs/msg/detail/point__type_support.c
[0.742s] -- Up-to-date: /home/zp/ros2/sim/install/champ_msgs/include/champ_msgs/champ_msgs/msg/detail/contacts_stamped__type_support.c
[0.742s] -- Up-to-date: /home/zp/ros2/sim/install/champ_msgs/include/champ_msgs/champ_msgs/msg/detail/pose__type_support.c
[0.742s] -- Up-to-date: /home/zp/ros2/sim/install/champ_msgs/include/champ_msgs/champ_msgs/msg/detail/velocities__type_support.c
[0.742s] -- Up-to-date: /home/zp/ros2/sim/install/champ_msgs/include/champ_msgs/champ_msgs/msg/detail/pid__rosidl_typesupport_introspection_c.h
[0.743s] -- Up-to-date: /home/zp/ros2/sim/install/champ_msgs/lib/libchamp_msgs__rosidl_typesupport_introspection_c.so
[0.743s] -- Up-to-date: /home/zp/ros2/sim/install/champ_msgs/lib/libchamp_msgs__rosidl_typesupport_c.so
[0.744s] -- Up-to-date: /home/zp/ros2/sim/install/champ_msgs/include/champ_msgs/champ_msgs
[0.744s] -- Up-to-date: /home/zp/ros2/sim/install/champ_msgs/include/champ_msgs/champ_msgs/msg
[0.744s] -- Up-to-date: /home/zp/ros2/sim/install/champ_msgs/include/champ_msgs/champ_msgs/msg/point_array.hpp
[0.744s] -- Up-to-date: /home/zp/ros2/sim/install/champ_msgs/include/champ_msgs/champ_msgs/msg/contacts_stamped.hpp
[0.744s] -- Up-to-date: /home/zp/ros2/sim/install/champ_msgs/include/champ_msgs/champ_msgs/msg/joints.hpp
[0.744s] -- Up-to-date: /home/zp/ros2/sim/install/champ_msgs/include/champ_msgs/champ_msgs/msg/velocities.hpp
[0.745s] -- Up-to-date: /home/zp/ros2/sim/install/champ_msgs/include/champ_msgs/champ_msgs/msg/rosidl_generator_cpp__visibility_control.hpp
[0.745s] -- Up-to-date: /home/zp/ros2/sim/install/champ_msgs/include/champ_msgs/champ_msgs/msg/contacts.hpp
[0.746s] -- Up-to-date: /home/zp/ros2/sim/install/champ_msgs/include/champ_msgs/champ_msgs/msg/imu.hpp
[0.746s] -- Up-to-date: /home/zp/ros2/sim/install/champ_msgs/include/champ_msgs/champ_msgs/msg/point.hpp
[0.747s] -- Up-to-date: /home/zp/ros2/sim/install/champ_msgs/include/champ_msgs/champ_msgs/msg/pid.hpp
[0.747s] -- Up-to-date: /home/zp/ros2/sim/install/champ_msgs/include/champ_msgs/champ_msgs/msg/detail
[0.747s] -- Up-to-date: /home/zp/ros2/sim/install/champ_msgs/include/champ_msgs/champ_msgs/msg/detail/point_array__builder.hpp
[0.748s] -- Up-to-date: /home/zp/ros2/sim/install/champ_msgs/include/champ_msgs/champ_msgs/msg/detail/point_array__type_support.hpp
[0.748s] -- Up-to-date: /home/zp/ros2/sim/install/champ_msgs/include/champ_msgs/champ_msgs/msg/detail/contacts__struct.hpp
[0.748s] -- Up-to-date: /home/zp/ros2/sim/install/champ_msgs/include/champ_msgs/champ_msgs/msg/detail/velocities__builder.hpp
[0.748s] -- Up-to-date: /home/zp/ros2/sim/install/champ_msgs/include/champ_msgs/champ_msgs/msg/detail/imu__builder.hpp
[0.748s] -- Up-to-date: /home/zp/ros2/sim/install/champ_msgs/include/champ_msgs/champ_msgs/msg/detail/contacts__traits.hpp
[0.748s] -- Up-to-date: /home/zp/ros2/sim/install/champ_msgs/include/champ_msgs/champ_msgs/msg/detail/imu__traits.hpp
[0.749s] -- Up-to-date: /home/zp/ros2/sim/install/champ_msgs/include/champ_msgs/champ_msgs/msg/detail/joints__struct.hpp
[0.749s] -- Up-to-date: /home/zp/ros2/sim/install/champ_msgs/include/champ_msgs/champ_msgs/msg/detail/point__struct.hpp
[0.749s] -- Up-to-date: /home/zp/ros2/sim/install/champ_msgs/include/champ_msgs/champ_msgs/msg/detail/joints__type_support.hpp
[0.749s] -- Up-to-date: /home/zp/ros2/sim/install/champ_msgs/include/champ_msgs/champ_msgs/msg/detail/joints__traits.hpp
[0.749s] -- Up-to-date: /home/zp/ros2/sim/install/champ_msgs/include/champ_msgs/champ_msgs/msg/detail/pose__type_support.hpp
[0.749s] -- Up-to-date: /home/zp/ros2/sim/install/champ_msgs/include/champ_msgs/champ_msgs/msg/detail/joints__builder.hpp
[0.750s] -- Up-to-date: /home/zp/ros2/sim/install/champ_msgs/include/champ_msgs/champ_msgs/msg/detail/contacts_stamped__struct.hpp
[0.750s] -- Up-to-date: /home/zp/ros2/sim/install/champ_msgs/include/champ_msgs/champ_msgs/msg/detail/point_array__traits.hpp
[0.750s] -- Up-to-date: /home/zp/ros2/sim/install/champ_msgs/include/champ_msgs/champ_msgs/msg/detail/pid__builder.hpp
[0.750s] -- Up-to-date: /home/zp/ros2/sim/install/champ_msgs/include/champ_msgs/champ_msgs/msg/detail/velocities__traits.hpp
[0.750s] -- Up-to-date: /home/zp/ros2/sim/install/champ_msgs/include/champ_msgs/champ_msgs/msg/detail/velocities__struct.hpp
[0.750s] -- Up-to-date: /home/zp/ros2/sim/install/champ_msgs/include/champ_msgs/champ_msgs/msg/detail/point__type_support.hpp
[0.750s] -- Up-to-date: /home/zp/ros2/sim/install/champ_msgs/include/champ_msgs/champ_msgs/msg/detail/velocities__type_support.hpp
[0.752s] -- Up-to-date: /home/zp/ros2/sim/install/champ_msgs/include/champ_msgs/champ_msgs/msg/detail/imu__struct.hpp
[0.752s] -- Up-to-date: /home/zp/ros2/sim/install/champ_msgs/include/champ_msgs/champ_msgs/msg/detail/point__traits.hpp
[0.753s] -- Up-to-date: /home/zp/ros2/sim/install/champ_msgs/include/champ_msgs/champ_msgs/msg/detail/point__builder.hpp
[0.754s] -- Up-to-date: /home/zp/ros2/sim/install/champ_msgs/include/champ_msgs/champ_msgs/msg/detail/pid__struct.hpp
[0.754s] -- Up-to-date: /home/zp/ros2/sim/install/champ_msgs/include/champ_msgs/champ_msgs/msg/detail/contacts_stamped__builder.hpp
[0.754s] -- Up-to-date: /home/zp/ros2/sim/install/champ_msgs/include/champ_msgs/champ_msgs/msg/detail/pid__type_support.hpp
[0.754s] -- Up-to-date: /home/zp/ros2/sim/install/champ_msgs/include/champ_msgs/champ_msgs/msg/detail/contacts__builder.hpp
[0.755s] -- Up-to-date: /home/zp/ros2/sim/install/champ_msgs/include/champ_msgs/champ_msgs/msg/detail/pose__traits.hpp
[0.755s] -- Up-to-date: /home/zp/ros2/sim/install/champ_msgs/include/champ_msgs/champ_msgs/msg/detail/point_array__struct.hpp
[0.755s] -- Up-to-date: /home/zp/ros2/sim/install/champ_msgs/include/champ_msgs/champ_msgs/msg/detail/pose__struct.hpp
[0.755s] -- Up-to-date: /home/zp/ros2/sim/install/champ_msgs/include/champ_msgs/champ_msgs/msg/detail/contacts__type_support.hpp
[0.755s] -- Up-to-date: /home/zp/ros2/sim/install/champ_msgs/include/champ_msgs/champ_msgs/msg/detail/imu__type_support.hpp
[0.755s] -- Up-to-date: /home/zp/ros2/sim/install/champ_msgs/include/champ_msgs/champ_msgs/msg/detail/pose__builder.hpp
[0.755s] -- Up-to-date: /home/zp/ros2/sim/install/champ_msgs/include/champ_msgs/champ_msgs/msg/detail/contacts_stamped__type_support.hpp
[0.756s] -- Up-to-date: /home/zp/ros2/sim/install/champ_msgs/include/champ_msgs/champ_msgs/msg/detail/contacts_stamped__traits.hpp
[0.756s] -- Up-to-date: /home/zp/ros2/sim/install/champ_msgs/include/champ_msgs/champ_msgs/msg/detail/pid__traits.hpp
[0.757s] -- Up-to-date: /home/zp/ros2/sim/install/champ_msgs/include/champ_msgs/champ_msgs/msg/pose.hpp
[0.757s] -- Up-to-date: /home/zp/ros2/sim/install/champ_msgs/include/champ_msgs/champ_msgs
[0.757s] -- Up-to-date: /home/zp/ros2/sim/install/champ_msgs/include/champ_msgs/champ_msgs/msg
[0.757s] -- Up-to-date: /home/zp/ros2/sim/install/champ_msgs/include/champ_msgs/champ_msgs/msg/rosidl_typesupport_fastrtps_cpp__visibility_control.h
[0.758s] -- Up-to-date: /home/zp/ros2/sim/install/champ_msgs/include/champ_msgs/champ_msgs/msg/detail
[0.758s] -- Up-to-date: /home/zp/ros2/sim/install/champ_msgs/include/champ_msgs/champ_msgs/msg/detail/joints__rosidl_typesupport_fastrtps_cpp.hpp
[0.758s] -- Up-to-date: /home/zp/ros2/sim/install/champ_msgs/include/champ_msgs/champ_msgs/msg/detail/pose__rosidl_typesupport_fastrtps_cpp.hpp
[0.758s] -- Up-to-date: /home/zp/ros2/sim/install/champ_msgs/include/champ_msgs/champ_msgs/msg/detail/contacts__rosidl_typesupport_fastrtps_cpp.hpp
[0.758s] -- Up-to-date: /home/zp/ros2/sim/install/champ_msgs/include/champ_msgs/champ_msgs/msg/detail/dds_fastrtps
[0.758s] -- Up-to-date: /home/zp/ros2/sim/install/champ_msgs/include/champ_msgs/champ_msgs/msg/detail/point__rosidl_typesupport_fastrtps_cpp.hpp
[0.758s] -- Up-to-date: /home/zp/ros2/sim/install/champ_msgs/include/champ_msgs/champ_msgs/msg/detail/point_array__rosidl_typesupport_fastrtps_cpp.hpp
[0.758s] -- Up-to-date: /home/zp/ros2/sim/install/champ_msgs/include/champ_msgs/champ_msgs/msg/detail/imu__rosidl_typesupport_fastrtps_cpp.hpp
[0.758s] -- Up-to-date: /home/zp/ros2/sim/install/champ_msgs/include/champ_msgs/champ_msgs/msg/detail/contacts_stamped__rosidl_typesupport_fastrtps_cpp.hpp
[0.759s] -- Up-to-date: /home/zp/ros2/sim/install/champ_msgs/include/champ_msgs/champ_msgs/msg/detail/velocities__rosidl_typesupport_fastrtps_cpp.hpp
[0.759s] -- Up-to-date: /home/zp/ros2/sim/install/champ_msgs/include/champ_msgs/champ_msgs/msg/detail/pid__rosidl_typesupport_fastrtps_cpp.hpp
[0.759s] -- Up-to-date: /home/zp/ros2/sim/install/champ_msgs/lib/libchamp_msgs__rosidl_typesupport_fastrtps_cpp.so
[0.760s] -- Up-to-date: /home/zp/ros2/sim/install/champ_msgs/include/champ_msgs/champ_msgs
[0.760s] -- Up-to-date: /home/zp/ros2/sim/install/champ_msgs/include/champ_msgs/champ_msgs/msg
[0.760s] -- Up-to-date: /home/zp/ros2/sim/install/champ_msgs/include/champ_msgs/champ_msgs/msg/detail
[0.760s] -- Up-to-date: /home/zp/ros2/sim/install/champ_msgs/include/champ_msgs/champ_msgs/msg/detail/pose__rosidl_typesupport_introspection_cpp.hpp
[0.760s] -- Up-to-date: /home/zp/ros2/sim/install/champ_msgs/include/champ_msgs/champ_msgs/msg/detail/joints__type_support.cpp
[0.761s] -- Up-to-date: /home/zp/ros2/sim/install/champ_msgs/include/champ_msgs/champ_msgs/msg/detail/contacts__type_support.cpp
[0.761s] -- Up-to-date: /home/zp/ros2/sim/install/champ_msgs/include/champ_msgs/champ_msgs/msg/detail/pid__type_support.cpp
[0.762s] -- Up-to-date: /home/zp/ros2/sim/install/champ_msgs/include/champ_msgs/champ_msgs/msg/detail/pose__type_support.cpp
[0.762s] -- Up-to-date: /home/zp/ros2/sim/install/champ_msgs/include/champ_msgs/champ_msgs/msg/detail/contacts_stamped__rosidl_typesupport_introspection_cpp.hpp
[0.762s] -- Up-to-date: /home/zp/ros2/sim/install/champ_msgs/include/champ_msgs/champ_msgs/msg/detail/joints__rosidl_typesupport_introspection_cpp.hpp
[0.762s] -- Up-to-date: /home/zp/ros2/sim/install/champ_msgs/include/champ_msgs/champ_msgs/msg/detail/velocities__rosidl_typesupport_introspection_cpp.hpp
[0.763s] -- Up-to-date: /home/zp/ros2/sim/install/champ_msgs/include/champ_msgs/champ_msgs/msg/detail/point__rosidl_typesupport_introspection_cpp.hpp
[0.763s] -- Up-to-date: /home/zp/ros2/sim/install/champ_msgs/include/champ_msgs/champ_msgs/msg/detail/pid__rosidl_typesupport_introspection_cpp.hpp
[0.763s] -- Up-to-date: /home/zp/ros2/sim/install/champ_msgs/include/champ_msgs/champ_msgs/msg/detail/velocities__type_support.cpp
[0.763s] -- Up-to-date: /home/zp/ros2/sim/install/champ_msgs/include/champ_msgs/champ_msgs/msg/detail/point_array__rosidl_typesupport_introspection_cpp.hpp
[0.763s] -- Up-to-date: /home/zp/ros2/sim/install/champ_msgs/include/champ_msgs/champ_msgs/msg/detail/imu__type_support.cpp
[0.763s] -- Up-to-date: /home/zp/ros2/sim/install/champ_msgs/include/champ_msgs/champ_msgs/msg/detail/point_array__type_support.cpp
[0.763s] -- Up-to-date: /home/zp/ros2/sim/install/champ_msgs/include/champ_msgs/champ_msgs/msg/detail/contacts_stamped__type_support.cpp
[0.764s] -- Up-to-date: /home/zp/ros2/sim/install/champ_msgs/include/champ_msgs/champ_msgs/msg/detail/point__type_support.cpp
[0.764s] -- Up-to-date: /home/zp/ros2/sim/install/champ_msgs/include/champ_msgs/champ_msgs/msg/detail/contacts__rosidl_typesupport_introspection_cpp.hpp
[0.764s] -- Up-to-date: /home/zp/ros2/sim/install/champ_msgs/include/champ_msgs/champ_msgs/msg/detail/imu__rosidl_typesupport_introspection_cpp.hpp
[0.764s] -- Up-to-date: /home/zp/ros2/sim/install/champ_msgs/lib/libchamp_msgs__rosidl_typesupport_introspection_cpp.so
[0.764s] -- Up-to-date: /home/zp/ros2/sim/install/champ_msgs/lib/libchamp_msgs__rosidl_typesupport_cpp.so
[0.765s] -- Up-to-date: /home/zp/ros2/sim/install/champ_msgs/share/champ_msgs/environment/pythonpath.sh
[0.766s] -- Up-to-date: /home/zp/ros2/sim/install/champ_msgs/share/champ_msgs/environment/pythonpath.dsv
[0.766s] -- Up-to-date: /home/zp/ros2/sim/install/champ_msgs/local/lib/python3.10/dist-packages/champ_msgs-0.1.0-py3.10.egg-info
[0.767s] -- Installing: /home/zp/ros2/sim/install/champ_msgs/local/lib/python3.10/dist-packages/champ_msgs-0.1.0-py3.10.egg-info/SOURCES.txt
[0.767s] -- Installing: /home/zp/ros2/sim/install/champ_msgs/local/lib/python3.10/dist-packages/champ_msgs-0.1.0-py3.10.egg-info/top_level.txt
[0.768s] -- Installing: /home/zp/ros2/sim/install/champ_msgs/local/lib/python3.10/dist-packages/champ_msgs-0.1.0-py3.10.egg-info/PKG-INFO
[0.768s] -- Installing: /home/zp/ros2/sim/install/champ_msgs/local/lib/python3.10/dist-packages/champ_msgs-0.1.0-py3.10.egg-info/dependency_links.txt
[0.768s] -- Up-to-date: /home/zp/ros2/sim/install/champ_msgs/local/lib/python3.10/dist-packages/champ_msgs
[0.768s] -- Up-to-date: /home/zp/ros2/sim/install/champ_msgs/local/lib/python3.10/dist-packages/champ_msgs/champ_msgs_s__rosidl_typesupport_introspection_c.cpython-310-x86_64-linux-gnu.so
[0.768s] -- Up-to-date: /home/zp/ros2/sim/install/champ_msgs/local/lib/python3.10/dist-packages/champ_msgs/_champ_msgs_s.ep.rosidl_typesupport_c.c
[0.768s] -- Up-to-date: /home/zp/ros2/sim/install/champ_msgs/local/lib/python3.10/dist-packages/champ_msgs/_champ_msgs_s.ep.rosidl_typesupport_introspection_c.c
[0.768s] -- Up-to-date: /home/zp/ros2/sim/install/champ_msgs/local/lib/python3.10/dist-packages/champ_msgs/champ_msgs_s__rosidl_typesupport_fastrtps_c.cpython-310-x86_64-linux-gnu.so
[0.768s] -- Up-to-date: /home/zp/ros2/sim/install/champ_msgs/local/lib/python3.10/dist-packages/champ_msgs/_champ_msgs_s.ep.rosidl_typesupport_fastrtps_c.c
[0.769s] -- Up-to-date: /home/zp/ros2/sim/install/champ_msgs/local/lib/python3.10/dist-packages/champ_msgs/__init__.py
[0.769s] -- Up-to-date: /home/zp/ros2/sim/install/champ_msgs/local/lib/python3.10/dist-packages/champ_msgs/champ_msgs_s__rosidl_typesupport_c.cpython-310-x86_64-linux-gnu.so
[0.769s] -- Up-to-date: /home/zp/ros2/sim/install/champ_msgs/local/lib/python3.10/dist-packages/champ_msgs/libchamp_msgs__rosidl_generator_py.so
[0.769s] -- Up-to-date: /home/zp/ros2/sim/install/champ_msgs/local/lib/python3.10/dist-packages/champ_msgs/msg
[0.769s] -- Up-to-date: /home/zp/ros2/sim/install/champ_msgs/local/lib/python3.10/dist-packages/champ_msgs/msg/_point.py
[0.770s] -- Up-to-date: /home/zp/ros2/sim/install/champ_msgs/local/lib/python3.10/dist-packages/champ_msgs/msg/_pose_s.c
[0.770s] -- Up-to-date: /home/zp/ros2/sim/install/champ_msgs/local/lib/python3.10/dist-packages/champ_msgs/msg/_pid.py
[0.770s] -- Up-to-date: /home/zp/ros2/sim/install/champ_msgs/local/lib/python3.10/dist-packages/champ_msgs/msg/_pid_s.c
[0.770s] -- Up-to-date: /home/zp/ros2/sim/install/champ_msgs/local/lib/python3.10/dist-packages/champ_msgs/msg/_joints_s.c
[0.770s] -- Up-to-date: /home/zp/ros2/sim/install/champ_msgs/local/lib/python3.10/dist-packages/champ_msgs/msg/_contacts_stamped_s.c
[0.770s] -- Up-to-date: /home/zp/ros2/sim/install/champ_msgs/local/lib/python3.10/dist-packages/champ_msgs/msg/_imu_s.c
[0.770s] -- Up-to-date: /home/zp/ros2/sim/install/champ_msgs/local/lib/python3.10/dist-packages/champ_msgs/msg/_point_s.c
[0.770s] -- Up-to-date: /home/zp/ros2/sim/install/champ_msgs/local/lib/python3.10/dist-packages/champ_msgs/msg/_point_array.py
[0.770s] -- Up-to-date: /home/zp/ros2/sim/install/champ_msgs/local/lib/python3.10/dist-packages/champ_msgs/msg/_velocities.py
[0.771s] -- Up-to-date: /home/zp/ros2/sim/install/champ_msgs/local/lib/python3.10/dist-packages/champ_msgs/msg/__init__.py
[0.771s] -- Up-to-date: /home/zp/ros2/sim/install/champ_msgs/local/lib/python3.10/dist-packages/champ_msgs/msg/_contacts.py
[0.771s] -- Up-to-date: /home/zp/ros2/sim/install/champ_msgs/local/lib/python3.10/dist-packages/champ_msgs/msg/_contacts_stamped.py
[0.771s] -- Up-to-date: /home/zp/ros2/sim/install/champ_msgs/local/lib/python3.10/dist-packages/champ_msgs/msg/_velocities_s.c
[0.771s] -- Up-to-date: /home/zp/ros2/sim/install/champ_msgs/local/lib/python3.10/dist-packages/champ_msgs/msg/_point_array_s.c
[0.771s] -- Up-to-date: /home/zp/ros2/sim/install/champ_msgs/local/lib/python3.10/dist-packages/champ_msgs/msg/_pose.py
[0.771s] -- Up-to-date: /home/zp/ros2/sim/install/champ_msgs/local/lib/python3.10/dist-packages/champ_msgs/msg/_imu.py
[0.772s] -- Up-to-date: /home/zp/ros2/sim/install/champ_msgs/local/lib/python3.10/dist-packages/champ_msgs/msg/_contacts_s.c
[0.772s] -- Up-to-date: /home/zp/ros2/sim/install/champ_msgs/local/lib/python3.10/dist-packages/champ_msgs/msg/_joints.py
[0.772s] Listing '/home/zp/ros2/sim/install/champ_msgs/local/lib/python3.10/dist-packages/champ_msgs'...
[0.772s] Listing '/home/zp/ros2/sim/install/champ_msgs/local/lib/python3.10/dist-packages/champ_msgs/msg'...
[0.772s] -- Up-to-date: /home/zp/ros2/sim/install/champ_msgs/local/lib/python3.10/dist-packages/champ_msgs/champ_msgs_s__rosidl_typesupport_fastrtps_c.cpython-310-x86_64-linux-gnu.so
[0.773s] -- Up-to-date: /home/zp/ros2/sim/install/champ_msgs/local/lib/python3.10/dist-packages/champ_msgs/champ_msgs_s__rosidl_typesupport_introspection_c.cpython-310-x86_64-linux-gnu.so
[0.773s] -- Up-to-date: /home/zp/ros2/sim/install/champ_msgs/local/lib/python3.10/dist-packages/champ_msgs/champ_msgs_s__rosidl_typesupport_c.cpython-310-x86_64-linux-gnu.so
[0.773s] -- Up-to-date: /home/zp/ros2/sim/install/champ_msgs/lib/libchamp_msgs__rosidl_generator_py.so
[0.773s] -- Up-to-date: /home/zp/ros2/sim/install/champ_msgs/share/champ_msgs/msg/Velocities.idl
[0.773s] -- Up-to-date: /home/zp/ros2/sim/install/champ_msgs/share/champ_msgs/msg/PID.idl
[0.773s] -- Up-to-date: /home/zp/ros2/sim/install/champ_msgs/share/champ_msgs/msg/Imu.idl
[0.773s] -- Up-to-date: /home/zp/ros2/sim/install/champ_msgs/share/champ_msgs/msg/Point.idl
[0.774s] -- Up-to-date: /home/zp/ros2/sim/install/champ_msgs/share/champ_msgs/msg/PointArray.idl
[0.774s] -- Up-to-date: /home/zp/ros2/sim/install/champ_msgs/share/champ_msgs/msg/Joints.idl
[0.774s] -- Up-to-date: /home/zp/ros2/sim/install/champ_msgs/share/champ_msgs/msg/Contacts.idl
[0.774s] -- Up-to-date: /home/zp/ros2/sim/install/champ_msgs/share/champ_msgs/msg/ContactsStamped.idl
[0.774s] -- Up-to-date: /home/zp/ros2/sim/install/champ_msgs/share/champ_msgs/msg/Pose.idl
[0.774s] -- Up-to-date: /home/zp/ros2/sim/install/champ_msgs/share/champ_msgs/msg/Velocities.msg
[0.774s] -- Up-to-date: /home/zp/ros2/sim/install/champ_msgs/share/champ_msgs/msg/PID.msg
[0.774s] -- Up-to-date: /home/zp/ros2/sim/install/champ_msgs/share/champ_msgs/msg/Imu.msg
[0.774s] -- Up-to-date: /home/zp/ros2/sim/install/champ_msgs/share/champ_msgs/msg/Point.msg
[0.774s] -- Up-to-date: /home/zp/ros2/sim/install/champ_msgs/share/champ_msgs/msg/PointArray.msg
[0.774s] -- Up-to-date: /home/zp/ros2/sim/install/champ_msgs/share/champ_msgs/msg/Joints.msg
[0.775s] -- Up-to-date: /home/zp/ros2/sim/install/champ_msgs/share/champ_msgs/msg/Contacts.msg
[0.775s] -- Up-to-date: /home/zp/ros2/sim/install/champ_msgs/share/champ_msgs/msg/ContactsStamped.msg
[0.775s] -- Up-to-date: /home/zp/ros2/sim/install/champ_msgs/share/champ_msgs/msg/Pose.msg
[0.775s] -- Up-to-date: /home/zp/ros2/sim/install/champ_msgs/share/ament_index/resource_index/package_run_dependencies/champ_msgs
[0.775s] -- Up-to-date: /home/zp/ros2/sim/install/champ_msgs/share/ament_index/resource_index/parent_prefix_path/champ_msgs
[0.776s] -- Up-to-date: /home/zp/ros2/sim/install/champ_msgs/share/champ_msgs/environment/ament_prefix_path.sh
[0.776s] -- Up-to-date: /home/zp/ros2/sim/install/champ_msgs/share/champ_msgs/environment/ament_prefix_path.dsv
[0.776s] -- Up-to-date: /home/zp/ros2/sim/install/champ_msgs/share/champ_msgs/environment/path.sh
[0.776s] -- Up-to-date: /home/zp/ros2/sim/install/champ_msgs/share/champ_msgs/environment/path.dsv
[0.776s] -- Up-to-date: /home/zp/ros2/sim/install/champ_msgs/share/champ_msgs/local_setup.bash
[0.777s] -- Up-to-date: /home/zp/ros2/sim/install/champ_msgs/share/champ_msgs/local_setup.sh
[0.777s] -- Up-to-date: /home/zp/ros2/sim/install/champ_msgs/share/champ_msgs/local_setup.zsh
[0.777s] -- Up-to-date: /home/zp/ros2/sim/install/champ_msgs/share/champ_msgs/local_setup.dsv
[0.777s] -- Installing: /home/zp/ros2/sim/install/champ_msgs/share/champ_msgs/package.dsv
[0.778s] -- Up-to-date: /home/zp/ros2/sim/install/champ_msgs/share/ament_index/resource_index/packages/champ_msgs
[0.778s] -- Up-to-date: /home/zp/ros2/sim/install/champ_msgs/share/champ_msgs/cmake/export_champ_msgs__rosidl_generator_cExport.cmake
[0.779s] -- Up-to-date: /home/zp/ros2/sim/install/champ_msgs/share/champ_msgs/cmake/export_champ_msgs__rosidl_generator_cExport-noconfig.cmake
[0.779s] -- Up-to-date: /home/zp/ros2/sim/install/champ_msgs/share/champ_msgs/cmake/export_champ_msgs__rosidl_typesupport_fastrtps_cExport.cmake
[0.779s] -- Up-to-date: /home/zp/ros2/sim/install/champ_msgs/share/champ_msgs/cmake/export_champ_msgs__rosidl_typesupport_fastrtps_cExport-noconfig.cmake
[0.779s] -- Up-to-date: /home/zp/ros2/sim/install/champ_msgs/share/champ_msgs/cmake/champ_msgs__rosidl_typesupport_introspection_cExport.cmake
[0.780s] -- Up-to-date: /home/zp/ros2/sim/install/champ_msgs/share/champ_msgs/cmake/champ_msgs__rosidl_typesupport_introspection_cExport-noconfig.cmake
[0.780s] -- Up-to-date: /home/zp/ros2/sim/install/champ_msgs/share/champ_msgs/cmake/champ_msgs__rosidl_typesupport_cExport.cmake
[0.780s] -- Up-to-date: /home/zp/ros2/sim/install/champ_msgs/share/champ_msgs/cmake/champ_msgs__rosidl_typesupport_cExport-noconfig.cmake
[0.780s] -- Up-to-date: /home/zp/ros2/sim/install/champ_msgs/share/champ_msgs/cmake/export_champ_msgs__rosidl_generator_cppExport.cmake
[0.780s] -- Up-to-date: /home/zp/ros2/sim/install/champ_msgs/share/champ_msgs/cmake/export_champ_msgs__rosidl_typesupport_fastrtps_cppExport.cmake
[0.781s] -- Up-to-date: /home/zp/ros2/sim/install/champ_msgs/share/champ_msgs/cmake/export_champ_msgs__rosidl_typesupport_fastrtps_cppExport-noconfig.cmake
[0.782s] -- Up-to-date: /home/zp/ros2/sim/install/champ_msgs/share/champ_msgs/cmake/champ_msgs__rosidl_typesupport_introspection_cppExport.cmake
[0.782s] -- Up-to-date: /home/zp/ros2/sim/install/champ_msgs/share/champ_msgs/cmake/champ_msgs__rosidl_typesupport_introspection_cppExport-noconfig.cmake
[0.783s] -- Up-to-date: /home/zp/ros2/sim/install/champ_msgs/share/champ_msgs/cmake/champ_msgs__rosidl_typesupport_cppExport.cmake
[0.783s] -- Up-to-date: /home/zp/ros2/sim/install/champ_msgs/share/champ_msgs/cmake/champ_msgs__rosidl_typesupport_cppExport-noconfig.cmake
[0.783s] -- Up-to-date: /home/zp/ros2/sim/install/champ_msgs/share/champ_msgs/cmake/export_champ_msgs__rosidl_generator_pyExport.cmake
[0.783s] -- Up-to-date: /home/zp/ros2/sim/install/champ_msgs/share/champ_msgs/cmake/export_champ_msgs__rosidl_generator_pyExport-noconfig.cmake
[0.783s] -- Up-to-date: /home/zp/ros2/sim/install/champ_msgs/share/champ_msgs/cmake/rosidl_cmake-extras.cmake
[0.783s] -- Up-to-date: /home/zp/ros2/sim/install/champ_msgs/share/champ_msgs/cmake/ament_cmake_export_dependencies-extras.cmake
[0.784s] -- Up-to-date: /home/zp/ros2/sim/install/champ_msgs/share/champ_msgs/cmake/ament_cmake_export_include_directories-extras.cmake
[0.784s] -- Up-to-date: /home/zp/ros2/sim/install/champ_msgs/share/champ_msgs/cmake/ament_cmake_export_libraries-extras.cmake
[0.784s] -- Up-to-date: /home/zp/ros2/sim/install/champ_msgs/share/champ_msgs/cmake/ament_cmake_export_targets-extras.cmake
[0.785s] -- Up-to-date: /home/zp/ros2/sim/install/champ_msgs/share/champ_msgs/cmake/rosidl_cmake_export_typesupport_targets-extras.cmake
[0.785s] -- Up-to-date: /home/zp/ros2/sim/install/champ_msgs/share/champ_msgs/cmake/rosidl_cmake_export_typesupport_libraries-extras.cmake
[0.785s] -- Up-to-date: /home/zp/ros2/sim/install/champ_msgs/share/champ_msgs/cmake/champ_msgsConfig.cmake
[0.785s] -- Up-to-date: /home/zp/ros2/sim/install/champ_msgs/share/champ_msgs/cmake/champ_msgsConfig-version.cmake
[0.785s] -- Up-to-date: /home/zp/ros2/sim/install/champ_msgs/share/champ_msgs/package.xml
[0.918s] Invoked command in '/home/zp/ros2/sim/build/champ_msgs' returned '0': CMAKE_PREFIX_PATH=${CMAKE_PREFIX_PATH}:/home/zp/ros2/sim/install/my_motion_example:/home/zp/ros2/sim/install/go2_control:/opt/ros/humble /usr/bin/cmake --install /home/zp/ros2/sim/build/champ_msgs
