[0.645s] Invoking command in '/home/zp/ros2/sim/build/champ_bringup': AMENT_PREFIX_PATH=/home/zp/ros2/sim/install/champ_base:/home/zp/ros2/sim/install/champ_msgs:/home/zp/ros2/sim/install/champ_description:/home/zp/ros2/sim/install/champ:${AMENT_PREFIX_PATH} CMAKE_PREFIX_PATH=/home/zp/ros2/sim/install/champ_base:/home/zp/ros2/sim/install/champ_msgs:/home/zp/ros2/sim/install/champ_description:/home/zp/ros2/sim/install/champ:/opt/ros/humble LD_LIBRARY_PATH=/home/zp/ros2/sim/install/champ_base/lib:/home/zp/ros2/sim/install/champ_msgs/lib:${LD_LIBRARY_PATH} PATH=/home/zp/ros2/sim/install/champ_base/bin:${PATH} PYTHONPATH=/home/zp/ros2/sim/install/champ_msgs/local/lib/python3.10/dist-packages:${PYTHONPATH} /usr/bin/cmake /home/zp/ros2/sim/src/unitree-go2-ros2/champ/champ_bringup -DCMAKE_INSTALL_PREFIX=/home/zp/ros2/sim/install/champ_bringup
[0.831s] -- The C compiler identification is GNU 11.4.0
[1.581s] -- The CXX compiler identification is GNU 11.4.0
[2.219s] -- Detecting C compiler ABI info
[2.384s] -- Detecting C compiler ABI info - done
[2.388s] -- Check for working C compiler: /usr/bin/cc - skipped
[2.389s] -- Detecting C compile features
[2.389s] -- Detecting C compile features - done
[2.391s] -- Detecting CXX compiler ABI info
[2.579s] -- Detecting CXX compiler ABI info - done
[2.584s] -- Check for working CXX compiler: /usr/bin/c++ - skipped
[2.584s] -- Detecting CXX compile features
[2.584s] -- Detecting CXX compile features - done
[2.586s] -- Found ament_cmake: 1.3.12 (/opt/ros/humble/share/ament_cmake/cmake)
[2.685s] -- Found Python3: /usr/bin/python3 (found version "3.10.12") found components: Interpreter 
[2.845s] -- Configuring done
[2.847s] -- Generating done
[2.849s] -- Build files have been written to: /home/zp/ros2/sim/build/champ_bringup
[2.852s] Invoked command in '/home/zp/ros2/sim/build/champ_bringup' returned '0': AMENT_PREFIX_PATH=/home/zp/ros2/sim/install/champ_base:/home/zp/ros2/sim/install/champ_msgs:/home/zp/ros2/sim/install/champ_description:/home/zp/ros2/sim/install/champ:${AMENT_PREFIX_PATH} CMAKE_PREFIX_PATH=/home/zp/ros2/sim/install/champ_base:/home/zp/ros2/sim/install/champ_msgs:/home/zp/ros2/sim/install/champ_description:/home/zp/ros2/sim/install/champ:/opt/ros/humble LD_LIBRARY_PATH=/home/zp/ros2/sim/install/champ_base/lib:/home/zp/ros2/sim/install/champ_msgs/lib:${LD_LIBRARY_PATH} PATH=/home/zp/ros2/sim/install/champ_base/bin:${PATH} PYTHONPATH=/home/zp/ros2/sim/install/champ_msgs/local/lib/python3.10/dist-packages:${PYTHONPATH} /usr/bin/cmake /home/zp/ros2/sim/src/unitree-go2-ros2/champ/champ_bringup -DCMAKE_INSTALL_PREFIX=/home/zp/ros2/sim/install/champ_bringup
[2.853s] Invoking command in '/home/zp/ros2/sim/build/champ_bringup': AMENT_PREFIX_PATH=/home/zp/ros2/sim/install/champ_base:/home/zp/ros2/sim/install/champ_msgs:/home/zp/ros2/sim/install/champ_description:/home/zp/ros2/sim/install/champ:${AMENT_PREFIX_PATH} CMAKE_PREFIX_PATH=/home/zp/ros2/sim/install/champ_base:/home/zp/ros2/sim/install/champ_msgs:/home/zp/ros2/sim/install/champ_description:/home/zp/ros2/sim/install/champ:/opt/ros/humble LD_LIBRARY_PATH=/home/zp/ros2/sim/install/champ_base/lib:/home/zp/ros2/sim/install/champ_msgs/lib:${LD_LIBRARY_PATH} PATH=/home/zp/ros2/sim/install/champ_base/bin:${PATH} PYTHONPATH=/home/zp/ros2/sim/install/champ_msgs/local/lib/python3.10/dist-packages:${PYTHONPATH} /usr/bin/cmake --build /home/zp/ros2/sim/build/champ_bringup -- -j20 -l20
[2.889s] Built target ament_cmake_python_copy_champ_bringup
[3.033s] running egg_info
[3.034s] creating champ_bringup.egg-info
[3.034s] writing champ_bringup.egg-info/PKG-INFO
[3.034s] writing dependency_links to champ_bringup.egg-info/dependency_links.txt
[3.034s] writing top-level names to champ_bringup.egg-info/top_level.txt
[3.034s] writing manifest file 'champ_bringup.egg-info/SOURCES.txt'
[3.035s] reading manifest file 'champ_bringup.egg-info/SOURCES.txt'
[3.036s] writing manifest file 'champ_bringup.egg-info/SOURCES.txt'
[3.054s] Built target ament_cmake_python_build_champ_bringup_egg
[3.061s] Invoked command in '/home/zp/ros2/sim/build/champ_bringup' returned '0': AMENT_PREFIX_PATH=/home/zp/ros2/sim/install/champ_base:/home/zp/ros2/sim/install/champ_msgs:/home/zp/ros2/sim/install/champ_description:/home/zp/ros2/sim/install/champ:${AMENT_PREFIX_PATH} CMAKE_PREFIX_PATH=/home/zp/ros2/sim/install/champ_base:/home/zp/ros2/sim/install/champ_msgs:/home/zp/ros2/sim/install/champ_description:/home/zp/ros2/sim/install/champ:/opt/ros/humble LD_LIBRARY_PATH=/home/zp/ros2/sim/install/champ_base/lib:/home/zp/ros2/sim/install/champ_msgs/lib:${LD_LIBRARY_PATH} PATH=/home/zp/ros2/sim/install/champ_base/bin:${PATH} PYTHONPATH=/home/zp/ros2/sim/install/champ_msgs/local/lib/python3.10/dist-packages:${PYTHONPATH} /usr/bin/cmake --build /home/zp/ros2/sim/build/champ_bringup -- -j20 -l20
[3.063s] Invoking command in '/home/zp/ros2/sim/build/champ_bringup': AMENT_PREFIX_PATH=/home/zp/ros2/sim/install/champ_base:/home/zp/ros2/sim/install/champ_msgs:/home/zp/ros2/sim/install/champ_description:/home/zp/ros2/sim/install/champ:${AMENT_PREFIX_PATH} CMAKE_PREFIX_PATH=/home/zp/ros2/sim/install/champ_base:/home/zp/ros2/sim/install/champ_msgs:/home/zp/ros2/sim/install/champ_description:/home/zp/ros2/sim/install/champ:/opt/ros/humble LD_LIBRARY_PATH=/home/zp/ros2/sim/install/champ_base/lib:/home/zp/ros2/sim/install/champ_msgs/lib:${LD_LIBRARY_PATH} PATH=/home/zp/ros2/sim/install/champ_base/bin:${PATH} PYTHONPATH=/home/zp/ros2/sim/install/champ_msgs/local/lib/python3.10/dist-packages:${PYTHONPATH} /usr/bin/cmake --install /home/zp/ros2/sim/build/champ_bringup
[3.067s] -- Install configuration: ""
[3.067s] -- Installing: /home/zp/ros2/sim/install/champ_bringup/share/champ_bringup/launch
[3.068s] -- Installing: /home/zp/ros2/sim/install/champ_bringup/share/champ_bringup/launch/include
[3.068s] -- Installing: /home/zp/ros2/sim/install/champ_bringup/share/champ_bringup/launch/include/laser
[3.068s] -- Installing: /home/zp/ros2/sim/install/champ_bringup/share/champ_bringup/launch/include/laser/kinect.launch
[3.068s] -- Installing: /home/zp/ros2/sim/install/champ_bringup/share/champ_bringup/launch/include/laser/sim.launch
[3.068s] -- Installing: /home/zp/ros2/sim/install/champ_bringup/share/champ_bringup/launch/include/laser/xv11.launch
[3.068s] -- Installing: /home/zp/ros2/sim/install/champ_bringup/share/champ_bringup/launch/include/laser/rplidar.launch
[3.068s] -- Installing: /home/zp/ros2/sim/install/champ_bringup/share/champ_bringup/launch/include/laser/sweep.launch
[3.068s] -- Installing: /home/zp/ros2/sim/install/champ_bringup/share/champ_bringup/launch/include/laser/lms1xx.launch
[3.068s] -- Installing: /home/zp/ros2/sim/install/champ_bringup/share/champ_bringup/launch/include/laser/realsense.launch
[3.069s] -- Installing: /home/zp/ros2/sim/install/champ_bringup/share/champ_bringup/launch/include/laser/ydlidar.launch
[3.069s] -- Installing: /home/zp/ros2/sim/install/champ_bringup/share/champ_bringup/launch/include/laser/d435.launch
[3.069s] -- Installing: /home/zp/ros2/sim/install/champ_bringup/share/champ_bringup/launch/include/laser/hokuyo.launch
[3.069s] -- Installing: /home/zp/ros2/sim/install/champ_bringup/share/champ_bringup/launch/include/velocity_smoother.launch
[3.069s] -- Installing: /home/zp/ros2/sim/install/champ_bringup/share/champ_bringup/launch/bringup.launch
[3.069s] -- Installing: /home/zp/ros2/sim/install/champ_bringup/share/champ_bringup/launch/bringup.launch.py
[3.069s] -- Installing: /home/zp/ros2/sim/install/champ_bringup/share/champ_bringup/launch/joints_gui.launch.py
[3.069s] -- Installing: /home/zp/ros2/sim/install/champ_bringup/share/champ_bringup/launch/joints_gui.launch
[3.069s] -- Installing: /home/zp/ros2/sim/install/champ_bringup/share/champ_bringup/environment/pythonpath.sh
[3.070s] -- Installing: /home/zp/ros2/sim/install/champ_bringup/share/champ_bringup/environment/pythonpath.dsv
[3.070s] -- Installing: /home/zp/ros2/sim/install/champ_bringup/local/lib/python3.10/dist-packages/champ_bringup-0.1.0-py3.10.egg-info
[3.070s] -- Installing: /home/zp/ros2/sim/install/champ_bringup/local/lib/python3.10/dist-packages/champ_bringup-0.1.0-py3.10.egg-info/SOURCES.txt
[3.070s] -- Installing: /home/zp/ros2/sim/install/champ_bringup/local/lib/python3.10/dist-packages/champ_bringup-0.1.0-py3.10.egg-info/top_level.txt
[3.070s] -- Installing: /home/zp/ros2/sim/install/champ_bringup/local/lib/python3.10/dist-packages/champ_bringup-0.1.0-py3.10.egg-info/PKG-INFO
[3.070s] -- Installing: /home/zp/ros2/sim/install/champ_bringup/local/lib/python3.10/dist-packages/champ_bringup-0.1.0-py3.10.egg-info/dependency_links.txt
[3.070s] -- Installing: /home/zp/ros2/sim/install/champ_bringup/local/lib/python3.10/dist-packages/champ_bringup
[3.070s] -- Installing: /home/zp/ros2/sim/install/champ_bringup/local/lib/python3.10/dist-packages/champ_bringup/joint_calibrator_relay.py
[3.070s] -- Installing: /home/zp/ros2/sim/install/champ_bringup/local/lib/python3.10/dist-packages/champ_bringup/__init__.py
[3.091s] Listing '/home/zp/ros2/sim/install/champ_bringup/local/lib/python3.10/dist-packages/champ_bringup'...
[3.091s] Compiling '/home/zp/ros2/sim/install/champ_bringup/local/lib/python3.10/dist-packages/champ_bringup/__init__.py'...
[3.091s] Compiling '/home/zp/ros2/sim/install/champ_bringup/local/lib/python3.10/dist-packages/champ_bringup/joint_calibrator_relay.py'...
[3.095s] -- Installing: /home/zp/ros2/sim/install/champ_bringup/lib/champ_bringup/joint_calibrator_relay.py
[3.095s] -- Installing: /home/zp/ros2/sim/install/champ_bringup/share/ament_index/resource_index/package_run_dependencies/champ_bringup
[3.095s] -- Installing: /home/zp/ros2/sim/install/champ_bringup/share/ament_index/resource_index/parent_prefix_path/champ_bringup
[3.096s] -- Installing: /home/zp/ros2/sim/install/champ_bringup/share/champ_bringup/environment/ament_prefix_path.sh
[3.096s] -- Installing: /home/zp/ros2/sim/install/champ_bringup/share/champ_bringup/environment/ament_prefix_path.dsv
[3.096s] -- Installing: /home/zp/ros2/sim/install/champ_bringup/share/champ_bringup/environment/path.sh
[3.096s] -- Installing: /home/zp/ros2/sim/install/champ_bringup/share/champ_bringup/environment/path.dsv
[3.096s] -- Installing: /home/zp/ros2/sim/install/champ_bringup/share/champ_bringup/local_setup.bash
[3.096s] -- Installing: /home/zp/ros2/sim/install/champ_bringup/share/champ_bringup/local_setup.sh
[3.096s] -- Installing: /home/zp/ros2/sim/install/champ_bringup/share/champ_bringup/local_setup.zsh
[3.096s] -- Installing: /home/zp/ros2/sim/install/champ_bringup/share/champ_bringup/local_setup.dsv
[3.098s] -- Installing: /home/zp/ros2/sim/install/champ_bringup/share/champ_bringup/package.dsv
[3.098s] -- Installing: /home/zp/ros2/sim/install/champ_bringup/share/ament_index/resource_index/packages/champ_bringup
[3.098s] -- Installing: /home/zp/ros2/sim/install/champ_bringup/share/champ_bringup/cmake/champ_bringupConfig.cmake
[3.098s] -- Installing: /home/zp/ros2/sim/install/champ_bringup/share/champ_bringup/cmake/champ_bringupConfig-version.cmake
[3.098s] -- Installing: /home/zp/ros2/sim/install/champ_bringup/share/champ_bringup/package.xml
[3.099s] Invoked command in '/home/zp/ros2/sim/build/champ_bringup' returned '0': AMENT_PREFIX_PATH=/home/zp/ros2/sim/install/champ_base:/home/zp/ros2/sim/install/champ_msgs:/home/zp/ros2/sim/install/champ_description:/home/zp/ros2/sim/install/champ:${AMENT_PREFIX_PATH} CMAKE_PREFIX_PATH=/home/zp/ros2/sim/install/champ_base:/home/zp/ros2/sim/install/champ_msgs:/home/zp/ros2/sim/install/champ_description:/home/zp/ros2/sim/install/champ:/opt/ros/humble LD_LIBRARY_PATH=/home/zp/ros2/sim/install/champ_base/lib:/home/zp/ros2/sim/install/champ_msgs/lib:${LD_LIBRARY_PATH} PATH=/home/zp/ros2/sim/install/champ_base/bin:${PATH} PYTHONPATH=/home/zp/ros2/sim/install/champ_msgs/local/lib/python3.10/dist-packages:${PYTHONPATH} /usr/bin/cmake --install /home/zp/ros2/sim/build/champ_bringup
