[0.030s] Invoking command in '/home/zp/ros2/sim/build/champ_teleop': CMAKE_PREFIX_PATH=/opt/ros/humble /usr/bin/cmake /home/zp/ros2/sim/src/unitree-go2-ros2/champ_teleop -DCMAKE_INSTALL_PREFIX=/home/zp/ros2/sim/install/champ_teleop
[0.327s] -- The C compiler identification is GNU 11.4.0
[1.374s] -- The CXX compiler identification is GNU 11.4.0
[2.280s] -- Detecting C compiler ABI info
[2.515s] -- Detecting C compiler ABI info - done
[2.521s] -- Check for working C compiler: /usr/bin/cc - skipped
[2.521s] -- Detecting C compile features
[2.521s] -- Detecting C compile features - done
[2.523s] -- Detecting CXX compiler ABI info
[2.712s] -- Detecting CXX compiler ABI info - done
[2.717s] -- Check for working CXX compiler: /usr/bin/c++ - skipped
[2.718s] -- Detecting CXX compile features
[2.718s] -- Detecting CXX compile features - done
[2.723s] -- Found ament_cmake: 1.3.12 (/opt/ros/humble/share/ament_cmake/cmake)
[2.830s] -- Found Python3: /usr/bin/python3 (found version "3.10.12") found components: Interpreter 
[2.969s] -- Configuring done
[2.973s] -- Generating done
[2.974s] -- Build files have been written to: /home/zp/ros2/sim/build/champ_teleop
[2.979s] Invoked command in '/home/zp/ros2/sim/build/champ_teleop' returned '0': CMAKE_PREFIX_PATH=/opt/ros/humble /usr/bin/cmake /home/zp/ros2/sim/src/unitree-go2-ros2/champ_teleop -DCMAKE_INSTALL_PREFIX=/home/zp/ros2/sim/install/champ_teleop
[2.980s] Invoking command in '/home/zp/ros2/sim/build/champ_teleop': CMAKE_PREFIX_PATH=/opt/ros/humble /usr/bin/cmake --build /home/zp/ros2/sim/build/champ_teleop -- -j20 -l20
[3.005s] Invoked command in '/home/zp/ros2/sim/build/champ_teleop' returned '0': CMAKE_PREFIX_PATH=/opt/ros/humble /usr/bin/cmake --build /home/zp/ros2/sim/build/champ_teleop -- -j20 -l20
[3.013s] Invoking command in '/home/zp/ros2/sim/build/champ_teleop': CMAKE_PREFIX_PATH=/opt/ros/humble /usr/bin/cmake --install /home/zp/ros2/sim/build/champ_teleop
[3.018s] -- Install configuration: ""
[3.018s] -- Installing: /home/zp/ros2/sim/install/champ_teleop/share/champ_teleop/launch
[3.019s] -- Installing: /home/zp/ros2/sim/install/champ_teleop/share/champ_teleop/launch/teleop.launch.py
[3.019s] -- Installing: /home/zp/ros2/sim/install/champ_teleop/lib/champ_teleop/champ_teleop.py
[3.020s] -- Installing: /home/zp/ros2/sim/install/champ_teleop/share/ament_index/resource_index/package_run_dependencies/champ_teleop
[3.020s] -- Installing: /home/zp/ros2/sim/install/champ_teleop/share/ament_index/resource_index/parent_prefix_path/champ_teleop
[3.020s] -- Installing: /home/zp/ros2/sim/install/champ_teleop/share/champ_teleop/environment/ament_prefix_path.sh
[3.020s] -- Installing: /home/zp/ros2/sim/install/champ_teleop/share/champ_teleop/environment/ament_prefix_path.dsv
[3.021s] -- Installing: /home/zp/ros2/sim/install/champ_teleop/share/champ_teleop/environment/path.sh
[3.021s] -- Installing: /home/zp/ros2/sim/install/champ_teleop/share/champ_teleop/environment/path.dsv
[3.021s] -- Installing: /home/zp/ros2/sim/install/champ_teleop/share/champ_teleop/local_setup.bash
[3.021s] -- Installing: /home/zp/ros2/sim/install/champ_teleop/share/champ_teleop/local_setup.sh
[3.021s] -- Installing: /home/zp/ros2/sim/install/champ_teleop/share/champ_teleop/local_setup.zsh
[3.021s] -- Installing: /home/zp/ros2/sim/install/champ_teleop/share/champ_teleop/local_setup.dsv
[3.021s] -- Installing: /home/zp/ros2/sim/install/champ_teleop/share/champ_teleop/package.dsv
[3.022s] -- Installing: /home/zp/ros2/sim/install/champ_teleop/share/ament_index/resource_index/packages/champ_teleop
[3.022s] -- Installing: /home/zp/ros2/sim/install/champ_teleop/share/champ_teleop/cmake/champ_teleopConfig.cmake
[3.022s] -- Installing: /home/zp/ros2/sim/install/champ_teleop/share/champ_teleop/cmake/champ_teleopConfig-version.cmake
[3.022s] -- Installing: /home/zp/ros2/sim/install/champ_teleop/share/champ_teleop/package.xml
[3.023s] Invoked command in '/home/zp/ros2/sim/build/champ_teleop' returned '0': CMAKE_PREFIX_PATH=/opt/ros/humble /usr/bin/cmake --install /home/zp/ros2/sim/build/champ_teleop
