-- Found ament_cmake: 1.3.12 (/opt/ros/humble/share/ament_cmake/cmake)
-- Found rosidl_default_generators: 1.2.0 (/opt/ros/humble/share/rosidl_default_generators/cmake)
-- Using all available rosidl_typesupport_c: rosidl_typesupport_fastrtps_c;rosidl_typesupport_introspection_c
-- Found rosidl_adapter: 3.1.8 (/opt/ros/humble/share/rosidl_adapter/cmake)
-- Using all available rosidl_typesupport_cpp: rosidl_typesupport_fastrtps_cpp;rosidl_typesupport_introspection_cpp
-- Found ament_cmake_ros: 0.10.0 (/opt/ros/humble/share/ament_cmake_ros/cmake)
-- Using all available rosidl_typesupport_c: rosidl_typesupport_fastrtps_c;rosidl_typesupport_introspection_c
-- Using all available rosidl_typesupport_cpp: rosidl_typesupport_fastrtps_cpp;rosidl_typesupport_introspection_cpp
-- Found PythonInterp: /usr/bin/python3 (found suitable version "3.10.12", minimum required is "3.6") 
-- Found python_cmake_module: 0.10.0 (/opt/ros/humble/share/python_cmake_module/cmake)
-- Found PythonLibs: /usr/lib/x86_64-linux-gnu/libpython3.10.so (found suitable version "3.10.12", minimum required is "3.5") 
-- Using PYTHON_EXECUTABLE: /usr/bin/python3
-- Using PYTHON_INCLUDE_DIRS: /usr/include/python3.10
-- Using PYTHON_LIBRARIES: /usr/lib/x86_64-linux-gnu/libpython3.10.so
-- Found PythonExtra: .so  
-- Found ament_lint_auto: 0.12.14 (/opt/ros/humble/share/ament_lint_auto/cmake)
-- Added test 'lint_cmake' to check CMake code style
-- Added test 'xmllint' to check XML markup files
-- Configuring done
-- Generating done
-- Build files have been written to: /home/zp/ros2/sim/build/new_interface
[  3%] [34m[1mGenerating C code for ROS interfaces[0m
[  6%] [34m[1mGenerating C++ code for ROS interfaces[0m
[  6%] Built target ament_cmake_python_copy_new_interface
running egg_info
creating new_interface.egg-info
writing new_interface.egg-info/PKG-INFO
writing dependency_links to new_interface.egg-info/dependency_links.txt
writing top-level names to new_interface.egg-info/top_level.txt
writing manifest file 'new_interface.egg-info/SOURCES.txt'
reading manifest file 'new_interface.egg-info/SOURCES.txt'
writing manifest file 'new_interface.egg-info/SOURCES.txt'
[  6%] Built target ament_cmake_python_build_new_interface_egg
[  9%] [32mBuilding C object CMakeFiles/new_interface__rosidl_generator_c.dir/rosidl_generator_c/new_interface/action/detail/move_robot__functions.c.o[0m
[  9%] Built target new_interface__cpp
[ 12%] [34m[1mGenerating C++ type support dispatch for ROS interfaces[0m
[ 16%] [34m[1mGenerating C++ introspection for ROS interfaces[0m
[ 19%] [34m[1mGenerating C++ type support for eProsima Fast-RTPS[0m
[ 22%] [32mBuilding CXX object CMakeFiles/new_interface__rosidl_typesupport_cpp.dir/rosidl_typesupport_cpp/new_interface/action/move_robot__type_support.cpp.o[0m
[ 25%] [32m[1mLinking C shared library libnew_interface__rosidl_generator_c.so[0m
[ 29%] [32mBuilding CXX object CMakeFiles/new_interface__rosidl_typesupport_introspection_cpp.dir/rosidl_typesupport_introspection_cpp/new_interface/action/detail/move_robot__type_support.cpp.o[0m
[ 32%] [32mBuilding CXX object CMakeFiles/new_interface__rosidl_typesupport_fastrtps_cpp.dir/rosidl_typesupport_fastrtps_cpp/new_interface/action/detail/dds_fastrtps/move_robot__type_support.cpp.o[0m
[ 32%] Built target new_interface__rosidl_generator_c
[ 35%] [34m[1mGenerating C type support dispatch for ROS interfaces[0m
[ 38%] [34m[1mGenerating C type support for eProsima Fast-RTPS[0m
[ 41%] [34m[1mGenerating C introspection for ROS interfaces[0m
[ 45%] [32m[1mLinking CXX shared library libnew_interface__rosidl_typesupport_cpp.so[0m
[ 48%] [32mBuilding CXX object CMakeFiles/new_interface__rosidl_typesupport_c.dir/rosidl_typesupport_c/new_interface/action/move_robot__type_support.cpp.o[0m
[ 51%] [32m[1mLinking CXX shared library libnew_interface__rosidl_typesupport_fastrtps_cpp.so[0m
[ 54%] [32m[1mLinking CXX shared library libnew_interface__rosidl_typesupport_c.so[0m
[ 58%] [32mBuilding C object CMakeFiles/new_interface__rosidl_typesupport_introspection_c.dir/rosidl_typesupport_introspection_c/new_interface/action/detail/move_robot__type_support.c.o[0m
[ 61%] [32m[1mLinking CXX shared library libnew_interface__rosidl_typesupport_introspection_cpp.so[0m
[ 64%] [32mBuilding CXX object CMakeFiles/new_interface__rosidl_typesupport_fastrtps_c.dir/rosidl_typesupport_fastrtps_c/new_interface/action/detail/move_robot__type_support_c.cpp.o[0m
[ 67%] [32m[1mLinking C shared library libnew_interface__rosidl_typesupport_introspection_c.so[0m
[ 67%] Built target new_interface__rosidl_typesupport_cpp
[ 67%] Built target new_interface__rosidl_typesupport_c
[ 67%] Built target new_interface__rosidl_typesupport_fastrtps_cpp
[ 67%] Built target new_interface__rosidl_typesupport_introspection_c
[ 70%] [32m[1mLinking CXX shared library libnew_interface__rosidl_typesupport_fastrtps_c.so[0m
[ 70%] Built target new_interface__rosidl_typesupport_introspection_cpp
[ 70%] Built target new_interface__rosidl_typesupport_fastrtps_c
[ 70%] Built target new_interface
[ 74%] [34m[1mGenerating Python code for ROS interfaces[0m
[ 74%] Built target new_interface__py
[ 77%] [32mBuilding C object CMakeFiles/new_interface__rosidl_generator_py.dir/rosidl_generator_py/new_interface/action/_move_robot_s.c.o[0m
[ 80%] [32m[1mLinking C shared library rosidl_generator_py/new_interface/libnew_interface__rosidl_generator_py.so[0m
[ 80%] Built target new_interface__rosidl_generator_py
[ 90%] [32mBuilding C object CMakeFiles/new_interface__rosidl_typesupport_fastrtps_c__pyext.dir/rosidl_generator_py/new_interface/_new_interface_s.ep.rosidl_typesupport_fastrtps_c.c.o[0m
[ 90%] [32mBuilding C object CMakeFiles/new_interface__rosidl_typesupport_introspection_c__pyext.dir/rosidl_generator_py/new_interface/_new_interface_s.ep.rosidl_typesupport_introspection_c.c.o[0m
[ 90%] [32mBuilding C object CMakeFiles/new_interface__rosidl_typesupport_c__pyext.dir/rosidl_generator_py/new_interface/_new_interface_s.ep.rosidl_typesupport_c.c.o[0m
[100%] [32m[1mLinking C shared library rosidl_generator_py/new_interface/new_interface_s__rosidl_typesupport_fastrtps_c.cpython-310-x86_64-linux-gnu.so[0m
[100%] [32m[1mLinking C shared library rosidl_generator_py/new_interface/new_interface_s__rosidl_typesupport_introspection_c.cpython-310-x86_64-linux-gnu.so[0m
[100%] [32m[1mLinking C shared library rosidl_generator_py/new_interface/new_interface_s__rosidl_typesupport_c.cpython-310-x86_64-linux-gnu.so[0m
[100%] Built target new_interface__rosidl_typesupport_c__pyext
[100%] Built target new_interface__rosidl_typesupport_fastrtps_c__pyext
[100%] Built target new_interface__rosidl_typesupport_introspection_c__pyext
-- Install configuration: ""
-- Installing: /home/zp/ros2/sim/install/new_interface/share/ament_index/resource_index/rosidl_interfaces/new_interface
-- Installing: /home/zp/ros2/sim/install/new_interface/include/new_interface/new_interface
-- Installing: /home/zp/ros2/sim/install/new_interface/include/new_interface/new_interface/action
-- Installing: /home/zp/ros2/sim/install/new_interface/include/new_interface/new_interface/action/move_robot.h
-- Installing: /home/zp/ros2/sim/install/new_interface/include/new_interface/new_interface/action/detail
-- Installing: /home/zp/ros2/sim/install/new_interface/include/new_interface/new_interface/action/detail/move_robot__type_support.h
-- Installing: /home/zp/ros2/sim/install/new_interface/include/new_interface/new_interface/action/detail/move_robot__functions.c
-- Installing: /home/zp/ros2/sim/install/new_interface/include/new_interface/new_interface/action/detail/move_robot__functions.h
-- Installing: /home/zp/ros2/sim/install/new_interface/include/new_interface/new_interface/action/detail/move_robot__struct.h
-- Installing: /home/zp/ros2/sim/install/new_interface/include/new_interface/new_interface/msg
-- Installing: /home/zp/ros2/sim/install/new_interface/include/new_interface/new_interface/msg/rosidl_generator_c__visibility_control.h
-- Installing: /home/zp/ros2/sim/install/new_interface/share/new_interface/environment/library_path.sh
-- Installing: /home/zp/ros2/sim/install/new_interface/share/new_interface/environment/library_path.dsv
-- Installing: /home/zp/ros2/sim/install/new_interface/lib/libnew_interface__rosidl_generator_c.so
-- Set runtime path of "/home/zp/ros2/sim/install/new_interface/lib/libnew_interface__rosidl_generator_c.so" to ""
-- Up-to-date: /home/zp/ros2/sim/install/new_interface/include/new_interface/new_interface
-- Up-to-date: /home/zp/ros2/sim/install/new_interface/include/new_interface/new_interface/action
-- Up-to-date: /home/zp/ros2/sim/install/new_interface/include/new_interface/new_interface/action/detail
-- Installing: /home/zp/ros2/sim/install/new_interface/include/new_interface/new_interface/action/detail/move_robot__rosidl_typesupport_fastrtps_c.h
-- Up-to-date: /home/zp/ros2/sim/install/new_interface/include/new_interface/new_interface/msg
-- Installing: /home/zp/ros2/sim/install/new_interface/include/new_interface/new_interface/msg/rosidl_typesupport_fastrtps_c__visibility_control.h
-- Installing: /home/zp/ros2/sim/install/new_interface/lib/libnew_interface__rosidl_typesupport_fastrtps_c.so
-- Set runtime path of "/home/zp/ros2/sim/install/new_interface/lib/libnew_interface__rosidl_typesupport_fastrtps_c.so" to ""
-- Up-to-date: /home/zp/ros2/sim/install/new_interface/include/new_interface/new_interface
-- Up-to-date: /home/zp/ros2/sim/install/new_interface/include/new_interface/new_interface/action
-- Up-to-date: /home/zp/ros2/sim/install/new_interface/include/new_interface/new_interface/action/detail
-- Installing: /home/zp/ros2/sim/install/new_interface/include/new_interface/new_interface/action/detail/move_robot__rosidl_typesupport_introspection_c.h
-- Installing: /home/zp/ros2/sim/install/new_interface/include/new_interface/new_interface/action/detail/move_robot__type_support.c
-- Up-to-date: /home/zp/ros2/sim/install/new_interface/include/new_interface/new_interface/msg
-- Installing: /home/zp/ros2/sim/install/new_interface/include/new_interface/new_interface/msg/rosidl_typesupport_introspection_c__visibility_control.h
-- Installing: /home/zp/ros2/sim/install/new_interface/lib/libnew_interface__rosidl_typesupport_introspection_c.so
-- Set runtime path of "/home/zp/ros2/sim/install/new_interface/lib/libnew_interface__rosidl_typesupport_introspection_c.so" to ""
-- Installing: /home/zp/ros2/sim/install/new_interface/lib/libnew_interface__rosidl_typesupport_c.so
-- Set runtime path of "/home/zp/ros2/sim/install/new_interface/lib/libnew_interface__rosidl_typesupport_c.so" to ""
-- Up-to-date: /home/zp/ros2/sim/install/new_interface/include/new_interface/new_interface
-- Up-to-date: /home/zp/ros2/sim/install/new_interface/include/new_interface/new_interface/action
-- Installing: /home/zp/ros2/sim/install/new_interface/include/new_interface/new_interface/action/move_robot.hpp
-- Up-to-date: /home/zp/ros2/sim/install/new_interface/include/new_interface/new_interface/action/detail
-- Installing: /home/zp/ros2/sim/install/new_interface/include/new_interface/new_interface/action/detail/move_robot__builder.hpp
-- Installing: /home/zp/ros2/sim/install/new_interface/include/new_interface/new_interface/action/detail/move_robot__type_support.hpp
-- Installing: /home/zp/ros2/sim/install/new_interface/include/new_interface/new_interface/action/detail/move_robot__traits.hpp
-- Installing: /home/zp/ros2/sim/install/new_interface/include/new_interface/new_interface/action/detail/move_robot__struct.hpp
-- Up-to-date: /home/zp/ros2/sim/install/new_interface/include/new_interface/new_interface/msg
-- Installing: /home/zp/ros2/sim/install/new_interface/include/new_interface/new_interface/msg/rosidl_generator_cpp__visibility_control.hpp
-- Up-to-date: /home/zp/ros2/sim/install/new_interface/include/new_interface/new_interface
-- Up-to-date: /home/zp/ros2/sim/install/new_interface/include/new_interface/new_interface/action
-- Up-to-date: /home/zp/ros2/sim/install/new_interface/include/new_interface/new_interface/action/detail
-- Installing: /home/zp/ros2/sim/install/new_interface/include/new_interface/new_interface/action/detail/dds_fastrtps
-- Installing: /home/zp/ros2/sim/install/new_interface/include/new_interface/new_interface/action/detail/move_robot__rosidl_typesupport_fastrtps_cpp.hpp
-- Up-to-date: /home/zp/ros2/sim/install/new_interface/include/new_interface/new_interface/msg
-- Installing: /home/zp/ros2/sim/install/new_interface/include/new_interface/new_interface/msg/rosidl_typesupport_fastrtps_cpp__visibility_control.h
-- Installing: /home/zp/ros2/sim/install/new_interface/lib/libnew_interface__rosidl_typesupport_fastrtps_cpp.so
-- Set runtime path of "/home/zp/ros2/sim/install/new_interface/lib/libnew_interface__rosidl_typesupport_fastrtps_cpp.so" to ""
-- Up-to-date: /home/zp/ros2/sim/install/new_interface/include/new_interface/new_interface
-- Up-to-date: /home/zp/ros2/sim/install/new_interface/include/new_interface/new_interface/action
-- Up-to-date: /home/zp/ros2/sim/install/new_interface/include/new_interface/new_interface/action/detail
-- Installing: /home/zp/ros2/sim/install/new_interface/include/new_interface/new_interface/action/detail/move_robot__type_support.cpp
-- Installing: /home/zp/ros2/sim/install/new_interface/include/new_interface/new_interface/action/detail/move_robot__rosidl_typesupport_introspection_cpp.hpp
-- Installing: /home/zp/ros2/sim/install/new_interface/lib/libnew_interface__rosidl_typesupport_introspection_cpp.so
-- Set runtime path of "/home/zp/ros2/sim/install/new_interface/lib/libnew_interface__rosidl_typesupport_introspection_cpp.so" to ""
-- Installing: /home/zp/ros2/sim/install/new_interface/lib/libnew_interface__rosidl_typesupport_cpp.so
-- Set runtime path of "/home/zp/ros2/sim/install/new_interface/lib/libnew_interface__rosidl_typesupport_cpp.so" to ""
-- Installing: /home/zp/ros2/sim/install/new_interface/share/new_interface/environment/pythonpath.sh
-- Installing: /home/zp/ros2/sim/install/new_interface/share/new_interface/environment/pythonpath.dsv
-- Installing: /home/zp/ros2/sim/install/new_interface/local/lib/python3.10/dist-packages/new_interface-0.0.0-py3.10.egg-info
-- Installing: /home/zp/ros2/sim/install/new_interface/local/lib/python3.10/dist-packages/new_interface-0.0.0-py3.10.egg-info/SOURCES.txt
-- Installing: /home/zp/ros2/sim/install/new_interface/local/lib/python3.10/dist-packages/new_interface-0.0.0-py3.10.egg-info/top_level.txt
-- Installing: /home/zp/ros2/sim/install/new_interface/local/lib/python3.10/dist-packages/new_interface-0.0.0-py3.10.egg-info/PKG-INFO
-- Installing: /home/zp/ros2/sim/install/new_interface/local/lib/python3.10/dist-packages/new_interface-0.0.0-py3.10.egg-info/dependency_links.txt
-- Installing: /home/zp/ros2/sim/install/new_interface/local/lib/python3.10/dist-packages/new_interface
-- Installing: /home/zp/ros2/sim/install/new_interface/local/lib/python3.10/dist-packages/new_interface/_new_interface_s.ep.rosidl_typesupport_introspection_c.c
-- Installing: /home/zp/ros2/sim/install/new_interface/local/lib/python3.10/dist-packages/new_interface/libnew_interface__rosidl_generator_py.so
-- Installing: /home/zp/ros2/sim/install/new_interface/local/lib/python3.10/dist-packages/new_interface/new_interface_s__rosidl_typesupport_c.cpython-310-x86_64-linux-gnu.so
-- Installing: /home/zp/ros2/sim/install/new_interface/local/lib/python3.10/dist-packages/new_interface/_new_interface_s.ep.rosidl_typesupport_fastrtps_c.c
-- Installing: /home/zp/ros2/sim/install/new_interface/local/lib/python3.10/dist-packages/new_interface/new_interface_s__rosidl_typesupport_fastrtps_c.cpython-310-x86_64-linux-gnu.so
-- Installing: /home/zp/ros2/sim/install/new_interface/local/lib/python3.10/dist-packages/new_interface/new_interface_s__rosidl_typesupport_introspection_c.cpython-310-x86_64-linux-gnu.so
-- Installing: /home/zp/ros2/sim/install/new_interface/local/lib/python3.10/dist-packages/new_interface/__init__.py
-- Installing: /home/zp/ros2/sim/install/new_interface/local/lib/python3.10/dist-packages/new_interface/action
-- Installing: /home/zp/ros2/sim/install/new_interface/local/lib/python3.10/dist-packages/new_interface/action/_move_robot.py
-- Installing: /home/zp/ros2/sim/install/new_interface/local/lib/python3.10/dist-packages/new_interface/action/__init__.py
-- Installing: /home/zp/ros2/sim/install/new_interface/local/lib/python3.10/dist-packages/new_interface/action/_move_robot_s.c
-- Installing: /home/zp/ros2/sim/install/new_interface/local/lib/python3.10/dist-packages/new_interface/_new_interface_s.ep.rosidl_typesupport_c.c
Listing '/home/zp/ros2/sim/install/new_interface/local/lib/python3.10/dist-packages/new_interface'...
Compiling '/home/zp/ros2/sim/install/new_interface/local/lib/python3.10/dist-packages/new_interface/__init__.py'...
Listing '/home/zp/ros2/sim/install/new_interface/local/lib/python3.10/dist-packages/new_interface/action'...
Compiling '/home/zp/ros2/sim/install/new_interface/local/lib/python3.10/dist-packages/new_interface/action/__init__.py'...
Compiling '/home/zp/ros2/sim/install/new_interface/local/lib/python3.10/dist-packages/new_interface/action/_move_robot.py'...
-- Installing: /home/zp/ros2/sim/install/new_interface/local/lib/python3.10/dist-packages/new_interface/new_interface_s__rosidl_typesupport_fastrtps_c.cpython-310-x86_64-linux-gnu.so
-- Set runtime path of "/home/zp/ros2/sim/install/new_interface/local/lib/python3.10/dist-packages/new_interface/new_interface_s__rosidl_typesupport_fastrtps_c.cpython-310-x86_64-linux-gnu.so" to ""
-- Installing: /home/zp/ros2/sim/install/new_interface/local/lib/python3.10/dist-packages/new_interface/new_interface_s__rosidl_typesupport_introspection_c.cpython-310-x86_64-linux-gnu.so
-- Set runtime path of "/home/zp/ros2/sim/install/new_interface/local/lib/python3.10/dist-packages/new_interface/new_interface_s__rosidl_typesupport_introspection_c.cpython-310-x86_64-linux-gnu.so" to ""
-- Installing: /home/zp/ros2/sim/install/new_interface/local/lib/python3.10/dist-packages/new_interface/new_interface_s__rosidl_typesupport_c.cpython-310-x86_64-linux-gnu.so
-- Set runtime path of "/home/zp/ros2/sim/install/new_interface/local/lib/python3.10/dist-packages/new_interface/new_interface_s__rosidl_typesupport_c.cpython-310-x86_64-linux-gnu.so" to ""
-- Installing: /home/zp/ros2/sim/install/new_interface/lib/libnew_interface__rosidl_generator_py.so
-- Set runtime path of "/home/zp/ros2/sim/install/new_interface/lib/libnew_interface__rosidl_generator_py.so" to ""
-- Installing: /home/zp/ros2/sim/install/new_interface/share/new_interface/action/MoveRobot.idl
-- Installing: /home/zp/ros2/sim/install/new_interface/share/new_interface/action/MoveRobot.action
-- Installing: /home/zp/ros2/sim/install/new_interface/share/ament_index/resource_index/package_run_dependencies/new_interface
-- Installing: /home/zp/ros2/sim/install/new_interface/share/ament_index/resource_index/parent_prefix_path/new_interface
-- Installing: /home/zp/ros2/sim/install/new_interface/share/new_interface/environment/ament_prefix_path.sh
-- Installing: /home/zp/ros2/sim/install/new_interface/share/new_interface/environment/ament_prefix_path.dsv
-- Installing: /home/zp/ros2/sim/install/new_interface/share/new_interface/environment/path.sh
-- Installing: /home/zp/ros2/sim/install/new_interface/share/new_interface/environment/path.dsv
-- Installing: /home/zp/ros2/sim/install/new_interface/share/new_interface/local_setup.bash
-- Installing: /home/zp/ros2/sim/install/new_interface/share/new_interface/local_setup.sh
-- Installing: /home/zp/ros2/sim/install/new_interface/share/new_interface/local_setup.zsh
-- Installing: /home/zp/ros2/sim/install/new_interface/share/new_interface/local_setup.dsv
-- Installing: /home/zp/ros2/sim/install/new_interface/share/new_interface/package.dsv
-- Installing: /home/zp/ros2/sim/install/new_interface/share/ament_index/resource_index/packages/new_interface
-- Installing: /home/zp/ros2/sim/install/new_interface/share/new_interface/cmake/export_new_interface__rosidl_generator_cExport.cmake
-- Installing: /home/zp/ros2/sim/install/new_interface/share/new_interface/cmake/export_new_interface__rosidl_generator_cExport-noconfig.cmake
-- Installing: /home/zp/ros2/sim/install/new_interface/share/new_interface/cmake/export_new_interface__rosidl_typesupport_fastrtps_cExport.cmake
-- Installing: /home/zp/ros2/sim/install/new_interface/share/new_interface/cmake/export_new_interface__rosidl_typesupport_fastrtps_cExport-noconfig.cmake
-- Installing: /home/zp/ros2/sim/install/new_interface/share/new_interface/cmake/new_interface__rosidl_typesupport_introspection_cExport.cmake
-- Installing: /home/zp/ros2/sim/install/new_interface/share/new_interface/cmake/new_interface__rosidl_typesupport_introspection_cExport-noconfig.cmake
-- Installing: /home/zp/ros2/sim/install/new_interface/share/new_interface/cmake/new_interface__rosidl_typesupport_cExport.cmake
-- Installing: /home/zp/ros2/sim/install/new_interface/share/new_interface/cmake/new_interface__rosidl_typesupport_cExport-noconfig.cmake
-- Installing: /home/zp/ros2/sim/install/new_interface/share/new_interface/cmake/export_new_interface__rosidl_generator_cppExport.cmake
-- Installing: /home/zp/ros2/sim/install/new_interface/share/new_interface/cmake/export_new_interface__rosidl_typesupport_fastrtps_cppExport.cmake
-- Installing: /home/zp/ros2/sim/install/new_interface/share/new_interface/cmake/export_new_interface__rosidl_typesupport_fastrtps_cppExport-noconfig.cmake
-- Installing: /home/zp/ros2/sim/install/new_interface/share/new_interface/cmake/new_interface__rosidl_typesupport_introspection_cppExport.cmake
-- Installing: /home/zp/ros2/sim/install/new_interface/share/new_interface/cmake/new_interface__rosidl_typesupport_introspection_cppExport-noconfig.cmake
-- Installing: /home/zp/ros2/sim/install/new_interface/share/new_interface/cmake/new_interface__rosidl_typesupport_cppExport.cmake
-- Installing: /home/zp/ros2/sim/install/new_interface/share/new_interface/cmake/new_interface__rosidl_typesupport_cppExport-noconfig.cmake
-- Installing: /home/zp/ros2/sim/install/new_interface/share/new_interface/cmake/export_new_interface__rosidl_generator_pyExport.cmake
-- Installing: /home/zp/ros2/sim/install/new_interface/share/new_interface/cmake/export_new_interface__rosidl_generator_pyExport-noconfig.cmake
-- Installing: /home/zp/ros2/sim/install/new_interface/share/new_interface/cmake/rosidl_cmake-extras.cmake
-- Installing: /home/zp/ros2/sim/install/new_interface/share/new_interface/cmake/ament_cmake_export_dependencies-extras.cmake
-- Installing: /home/zp/ros2/sim/install/new_interface/share/new_interface/cmake/ament_cmake_export_include_directories-extras.cmake
-- Installing: /home/zp/ros2/sim/install/new_interface/share/new_interface/cmake/ament_cmake_export_libraries-extras.cmake
-- Installing: /home/zp/ros2/sim/install/new_interface/share/new_interface/cmake/ament_cmake_export_targets-extras.cmake
-- Installing: /home/zp/ros2/sim/install/new_interface/share/new_interface/cmake/rosidl_cmake_export_typesupport_targets-extras.cmake
-- Installing: /home/zp/ros2/sim/install/new_interface/share/new_interface/cmake/rosidl_cmake_export_typesupport_libraries-extras.cmake
-- Installing: /home/zp/ros2/sim/install/new_interface/share/new_interface/cmake/new_interfaceConfig.cmake
-- Installing: /home/zp/ros2/sim/install/new_interface/share/new_interface/cmake/new_interfaceConfig-version.cmake
-- Installing: /home/zp/ros2/sim/install/new_interface/share/new_interface/package.xml
