[0.390s] Invoking command in '/home/zp/ros2/sim/build/new_interface': CMAKE_PREFIX_PATH=/opt/ros/humble /usr/bin/cmake /home/zp/ros2/sim/src/unitree-go2-ros2/new_interface -DCMAKE_INSTALL_PREFIX=/home/zp/ros2/sim/install/new_interface
[0.401s] -- Found ament_cmake: 1.3.12 (/opt/ros/humble/share/ament_cmake/cmake)
[0.527s] -- Found rosidl_default_generators: 1.2.0 (/opt/ros/humble/share/rosidl_default_generators/cmake)
[0.531s] -- Using all available rosidl_typesupport_c: rosidl_typesupport_fastrtps_c;rosidl_typesupport_introspection_c
[0.536s] -- Found rosidl_adapter: 3.1.8 (/opt/ros/humble/share/rosidl_adapter/cmake)
[1.363s] -- Using all available rosidl_typesupport_cpp: rosidl_typesupport_fastrtps_cpp;rosidl_typesupport_introspection_cpp
[1.643s] -- Found ament_cmake_ros: 0.10.0 (/opt/ros/humble/share/ament_cmake_ros/cmake)
[1.792s] -- Using all available rosidl_typesupport_c: rosidl_typesupport_fastrtps_c;rosidl_typesupport_introspection_c
[1.980s] -- Using all available rosidl_typesupport_cpp: rosidl_typesupport_fastrtps_cpp;rosidl_typesupport_introspection_cpp
[2.174s] -- Found PythonInterp: /usr/bin/python3 (found suitable version "3.10.12", minimum required is "3.6") 
[2.176s] -- Found python_cmake_module: 0.10.0 (/opt/ros/humble/share/python_cmake_module/cmake)
[2.830s] -- Found PythonLibs: /usr/lib/x86_64-linux-gnu/libpython3.10.so (found suitable version "3.10.12", minimum required is "3.5") 
[2.830s] -- Using PYTHON_EXECUTABLE: /usr/bin/python3
[2.830s] -- Using PYTHON_INCLUDE_DIRS: /usr/include/python3.10
[2.830s] -- Using PYTHON_LIBRARIES: /usr/lib/x86_64-linux-gnu/libpython3.10.so
[2.847s] -- Found PythonExtra: .so  
[2.932s] -- Found ament_lint_auto: 0.12.14 (/opt/ros/humble/share/ament_lint_auto/cmake)
[2.962s] -- Added test 'lint_cmake' to check CMake code style
[2.964s] -- Added test 'xmllint' to check XML markup files
[2.967s] -- Configuring done
[3.006s] -- Generating done
[3.018s] -- Build files have been written to: /home/zp/ros2/sim/build/new_interface
[3.032s] Invoked command in '/home/zp/ros2/sim/build/new_interface' returned '0': CMAKE_PREFIX_PATH=/opt/ros/humble /usr/bin/cmake /home/zp/ros2/sim/src/unitree-go2-ros2/new_interface -DCMAKE_INSTALL_PREFIX=/home/zp/ros2/sim/install/new_interface
[3.034s] Invoking command in '/home/zp/ros2/sim/build/new_interface': CMAKE_PREFIX_PATH=/opt/ros/humble /usr/bin/cmake --build /home/zp/ros2/sim/build/new_interface -- -j20 -l20
[3.062s] [  3%] [34m[1mGenerating C code for ROS interfaces[0m
[3.068s] [  6%] [34m[1mGenerating C++ code for ROS interfaces[0m
[3.075s] [  6%] Built target ament_cmake_python_copy_new_interface
[3.236s] running egg_info
[3.237s] creating new_interface.egg-info
[3.237s] writing new_interface.egg-info/PKG-INFO
[3.238s] writing dependency_links to new_interface.egg-info/dependency_links.txt
[3.238s] writing top-level names to new_interface.egg-info/top_level.txt
[3.238s] writing manifest file 'new_interface.egg-info/SOURCES.txt'
[3.239s] reading manifest file 'new_interface.egg-info/SOURCES.txt'
[3.240s] writing manifest file 'new_interface.egg-info/SOURCES.txt'
[3.262s] [  6%] Built target ament_cmake_python_build_new_interface_egg
[3.368s] [  9%] [32mBuilding C object CMakeFiles/new_interface__rosidl_generator_c.dir/rosidl_generator_c/new_interface/action/detail/move_robot__functions.c.o[0m
[3.369s] [  9%] Built target new_interface__cpp
[3.376s] [ 12%] [34m[1mGenerating C++ type support dispatch for ROS interfaces[0m
[3.376s] [ 16%] [34m[1mGenerating C++ introspection for ROS interfaces[0m
[3.376s] [ 19%] [34m[1mGenerating C++ type support for eProsima Fast-RTPS[0m
[3.571s] [ 22%] [32mBuilding CXX object CMakeFiles/new_interface__rosidl_typesupport_cpp.dir/rosidl_typesupport_cpp/new_interface/action/move_robot__type_support.cpp.o[0m
[3.576s] [ 25%] [32m[1mLinking C shared library libnew_interface__rosidl_generator_c.so[0m
[3.604s] [ 29%] [32mBuilding CXX object CMakeFiles/new_interface__rosidl_typesupport_introspection_cpp.dir/rosidl_typesupport_introspection_cpp/new_interface/action/detail/move_robot__type_support.cpp.o[0m
[3.634s] [ 32%] [32mBuilding CXX object CMakeFiles/new_interface__rosidl_typesupport_fastrtps_cpp.dir/rosidl_typesupport_fastrtps_cpp/new_interface/action/detail/dds_fastrtps/move_robot__type_support.cpp.o[0m
[3.809s] [ 32%] Built target new_interface__rosidl_generator_c
[3.817s] [ 35%] [34m[1mGenerating C type support dispatch for ROS interfaces[0m
[3.817s] [ 38%] [34m[1mGenerating C type support for eProsima Fast-RTPS[0m
[3.817s] [ 41%] [34m[1mGenerating C introspection for ROS interfaces[0m
[3.985s] [ 45%] [32m[1mLinking CXX shared library libnew_interface__rosidl_typesupport_cpp.so[0m
[4.013s] [ 48%] [32mBuilding CXX object CMakeFiles/new_interface__rosidl_typesupport_c.dir/rosidl_typesupport_c/new_interface/action/move_robot__type_support.cpp.o[0m
[4.036s] [ 51%] [32m[1mLinking CXX shared library libnew_interface__rosidl_typesupport_fastrtps_cpp.so[0m
[4.048s] [ 54%] [32m[1mLinking CXX shared library libnew_interface__rosidl_typesupport_c.so[0m
[4.055s] [ 58%] [32mBuilding C object CMakeFiles/new_interface__rosidl_typesupport_introspection_c.dir/rosidl_typesupport_introspection_c/new_interface/action/detail/move_robot__type_support.c.o[0m
[4.061s] [ 61%] [32m[1mLinking CXX shared library libnew_interface__rosidl_typesupport_introspection_cpp.so[0m
[4.072s] [ 64%] [32mBuilding CXX object CMakeFiles/new_interface__rosidl_typesupport_fastrtps_c.dir/rosidl_typesupport_fastrtps_c/new_interface/action/detail/move_robot__type_support_c.cpp.o[0m
[4.086s] [ 67%] [32m[1mLinking C shared library libnew_interface__rosidl_typesupport_introspection_c.so[0m
[4.223s] [ 67%] Built target new_interface__rosidl_typesupport_cpp
[4.262s] [ 67%] Built target new_interface__rosidl_typesupport_c
[4.280s] [ 67%] Built target new_interface__rosidl_typesupport_fastrtps_cpp
[4.299s] [ 67%] Built target new_interface__rosidl_typesupport_introspection_c
[4.299s] [ 70%] [32m[1mLinking CXX shared library libnew_interface__rosidl_typesupport_fastrtps_c.so[0m
[4.300s] [ 70%] Built target new_interface__rosidl_typesupport_introspection_cpp
[4.458s] [ 70%] Built target new_interface__rosidl_typesupport_fastrtps_c
[4.470s] [ 70%] Built target new_interface
[4.481s] [ 74%] [34m[1mGenerating Python code for ROS interfaces[0m
[4.873s] [ 74%] Built target new_interface__py
[4.886s] [ 77%] [32mBuilding C object CMakeFiles/new_interface__rosidl_generator_py.dir/rosidl_generator_py/new_interface/action/_move_robot_s.c.o[0m
[5.013s] [ 80%] [32m[1mLinking C shared library rosidl_generator_py/new_interface/libnew_interface__rosidl_generator_py.so[0m
[5.146s] [ 80%] Built target new_interface__rosidl_generator_py
[5.158s] [ 90%] [32mBuilding C object CMakeFiles/new_interface__rosidl_typesupport_fastrtps_c__pyext.dir/rosidl_generator_py/new_interface/_new_interface_s.ep.rosidl_typesupport_fastrtps_c.c.o[0m
[5.158s] [ 90%] [32mBuilding C object CMakeFiles/new_interface__rosidl_typesupport_introspection_c__pyext.dir/rosidl_generator_py/new_interface/_new_interface_s.ep.rosidl_typesupport_introspection_c.c.o[0m
[5.158s] [ 90%] [32mBuilding C object CMakeFiles/new_interface__rosidl_typesupport_c__pyext.dir/rosidl_generator_py/new_interface/_new_interface_s.ep.rosidl_typesupport_c.c.o[0m
[5.228s] [100%] [32m[1mLinking C shared library rosidl_generator_py/new_interface/new_interface_s__rosidl_typesupport_fastrtps_c.cpython-310-x86_64-linux-gnu.so[0m
[5.228s] [100%] [32m[1mLinking C shared library rosidl_generator_py/new_interface/new_interface_s__rosidl_typesupport_introspection_c.cpython-310-x86_64-linux-gnu.so[0m
[5.228s] [100%] [32m[1mLinking C shared library rosidl_generator_py/new_interface/new_interface_s__rosidl_typesupport_c.cpython-310-x86_64-linux-gnu.so[0m
[5.343s] [100%] Built target new_interface__rosidl_typesupport_c__pyext
[5.343s] [100%] Built target new_interface__rosidl_typesupport_fastrtps_c__pyext
[5.343s] [100%] Built target new_interface__rosidl_typesupport_introspection_c__pyext
[5.351s] Invoked command in '/home/zp/ros2/sim/build/new_interface' returned '0': CMAKE_PREFIX_PATH=/opt/ros/humble /usr/bin/cmake --build /home/zp/ros2/sim/build/new_interface -- -j20 -l20
[5.352s] Invoking command in '/home/zp/ros2/sim/build/new_interface': CMAKE_PREFIX_PATH=/opt/ros/humble /usr/bin/cmake --install /home/zp/ros2/sim/build/new_interface
[5.357s] -- Install configuration: ""
[5.357s] -- Installing: /home/zp/ros2/sim/install/new_interface/share/ament_index/resource_index/rosidl_interfaces/new_interface
[5.357s] -- Installing: /home/zp/ros2/sim/install/new_interface/include/new_interface/new_interface
[5.358s] -- Installing: /home/zp/ros2/sim/install/new_interface/include/new_interface/new_interface/action
[5.358s] -- Installing: /home/zp/ros2/sim/install/new_interface/include/new_interface/new_interface/action/move_robot.h
[5.358s] -- Installing: /home/zp/ros2/sim/install/new_interface/include/new_interface/new_interface/action/detail
[5.358s] -- Installing: /home/zp/ros2/sim/install/new_interface/include/new_interface/new_interface/action/detail/move_robot__type_support.h
[5.358s] -- Installing: /home/zp/ros2/sim/install/new_interface/include/new_interface/new_interface/action/detail/move_robot__functions.c
[5.358s] -- Installing: /home/zp/ros2/sim/install/new_interface/include/new_interface/new_interface/action/detail/move_robot__functions.h
[5.358s] -- Installing: /home/zp/ros2/sim/install/new_interface/include/new_interface/new_interface/action/detail/move_robot__struct.h
[5.358s] -- Installing: /home/zp/ros2/sim/install/new_interface/include/new_interface/new_interface/msg
[5.359s] -- Installing: /home/zp/ros2/sim/install/new_interface/include/new_interface/new_interface/msg/rosidl_generator_c__visibility_control.h
[5.359s] -- Installing: /home/zp/ros2/sim/install/new_interface/share/new_interface/environment/library_path.sh
[5.359s] -- Installing: /home/zp/ros2/sim/install/new_interface/share/new_interface/environment/library_path.dsv
[5.359s] -- Installing: /home/zp/ros2/sim/install/new_interface/lib/libnew_interface__rosidl_generator_c.so
[5.359s] -- Set runtime path of "/home/zp/ros2/sim/install/new_interface/lib/libnew_interface__rosidl_generator_c.so" to ""
[5.359s] -- Up-to-date: /home/zp/ros2/sim/install/new_interface/include/new_interface/new_interface
[5.359s] -- Up-to-date: /home/zp/ros2/sim/install/new_interface/include/new_interface/new_interface/action
[5.360s] -- Up-to-date: /home/zp/ros2/sim/install/new_interface/include/new_interface/new_interface/action/detail
[5.360s] -- Installing: /home/zp/ros2/sim/install/new_interface/include/new_interface/new_interface/action/detail/move_robot__rosidl_typesupport_fastrtps_c.h
[5.360s] -- Up-to-date: /home/zp/ros2/sim/install/new_interface/include/new_interface/new_interface/msg
[5.360s] -- Installing: /home/zp/ros2/sim/install/new_interface/include/new_interface/new_interface/msg/rosidl_typesupport_fastrtps_c__visibility_control.h
[5.360s] -- Installing: /home/zp/ros2/sim/install/new_interface/lib/libnew_interface__rosidl_typesupport_fastrtps_c.so
[5.361s] -- Set runtime path of "/home/zp/ros2/sim/install/new_interface/lib/libnew_interface__rosidl_typesupport_fastrtps_c.so" to ""
[5.361s] -- Up-to-date: /home/zp/ros2/sim/install/new_interface/include/new_interface/new_interface
[5.361s] -- Up-to-date: /home/zp/ros2/sim/install/new_interface/include/new_interface/new_interface/action
[5.361s] -- Up-to-date: /home/zp/ros2/sim/install/new_interface/include/new_interface/new_interface/action/detail
[5.361s] -- Installing: /home/zp/ros2/sim/install/new_interface/include/new_interface/new_interface/action/detail/move_robot__rosidl_typesupport_introspection_c.h
[5.361s] -- Installing: /home/zp/ros2/sim/install/new_interface/include/new_interface/new_interface/action/detail/move_robot__type_support.c
[5.361s] -- Up-to-date: /home/zp/ros2/sim/install/new_interface/include/new_interface/new_interface/msg
[5.361s] -- Installing: /home/zp/ros2/sim/install/new_interface/include/new_interface/new_interface/msg/rosidl_typesupport_introspection_c__visibility_control.h
[5.361s] -- Installing: /home/zp/ros2/sim/install/new_interface/lib/libnew_interface__rosidl_typesupport_introspection_c.so
[5.361s] -- Set runtime path of "/home/zp/ros2/sim/install/new_interface/lib/libnew_interface__rosidl_typesupport_introspection_c.so" to ""
[5.361s] -- Installing: /home/zp/ros2/sim/install/new_interface/lib/libnew_interface__rosidl_typesupport_c.so
[5.361s] -- Set runtime path of "/home/zp/ros2/sim/install/new_interface/lib/libnew_interface__rosidl_typesupport_c.so" to ""
[5.362s] -- Up-to-date: /home/zp/ros2/sim/install/new_interface/include/new_interface/new_interface
[5.362s] -- Up-to-date: /home/zp/ros2/sim/install/new_interface/include/new_interface/new_interface/action
[5.362s] -- Installing: /home/zp/ros2/sim/install/new_interface/include/new_interface/new_interface/action/move_robot.hpp
[5.362s] -- Up-to-date: /home/zp/ros2/sim/install/new_interface/include/new_interface/new_interface/action/detail
[5.362s] -- Installing: /home/zp/ros2/sim/install/new_interface/include/new_interface/new_interface/action/detail/move_robot__builder.hpp
[5.362s] -- Installing: /home/zp/ros2/sim/install/new_interface/include/new_interface/new_interface/action/detail/move_robot__type_support.hpp
[5.362s] -- Installing: /home/zp/ros2/sim/install/new_interface/include/new_interface/new_interface/action/detail/move_robot__traits.hpp
[5.362s] -- Installing: /home/zp/ros2/sim/install/new_interface/include/new_interface/new_interface/action/detail/move_robot__struct.hpp
[5.362s] -- Up-to-date: /home/zp/ros2/sim/install/new_interface/include/new_interface/new_interface/msg
[5.362s] -- Installing: /home/zp/ros2/sim/install/new_interface/include/new_interface/new_interface/msg/rosidl_generator_cpp__visibility_control.hpp
[5.363s] -- Up-to-date: /home/zp/ros2/sim/install/new_interface/include/new_interface/new_interface
[5.363s] -- Up-to-date: /home/zp/ros2/sim/install/new_interface/include/new_interface/new_interface/action
[5.363s] -- Up-to-date: /home/zp/ros2/sim/install/new_interface/include/new_interface/new_interface/action/detail
[5.363s] -- Installing: /home/zp/ros2/sim/install/new_interface/include/new_interface/new_interface/action/detail/dds_fastrtps
[5.363s] -- Installing: /home/zp/ros2/sim/install/new_interface/include/new_interface/new_interface/action/detail/move_robot__rosidl_typesupport_fastrtps_cpp.hpp
[5.363s] -- Up-to-date: /home/zp/ros2/sim/install/new_interface/include/new_interface/new_interface/msg
[5.363s] -- Installing: /home/zp/ros2/sim/install/new_interface/include/new_interface/new_interface/msg/rosidl_typesupport_fastrtps_cpp__visibility_control.h
[5.363s] -- Installing: /home/zp/ros2/sim/install/new_interface/lib/libnew_interface__rosidl_typesupport_fastrtps_cpp.so
[5.363s] -- Set runtime path of "/home/zp/ros2/sim/install/new_interface/lib/libnew_interface__rosidl_typesupport_fastrtps_cpp.so" to ""
[5.363s] -- Up-to-date: /home/zp/ros2/sim/install/new_interface/include/new_interface/new_interface
[5.363s] -- Up-to-date: /home/zp/ros2/sim/install/new_interface/include/new_interface/new_interface/action
[5.364s] -- Up-to-date: /home/zp/ros2/sim/install/new_interface/include/new_interface/new_interface/action/detail
[5.364s] -- Installing: /home/zp/ros2/sim/install/new_interface/include/new_interface/new_interface/action/detail/move_robot__type_support.cpp
[5.364s] -- Installing: /home/zp/ros2/sim/install/new_interface/include/new_interface/new_interface/action/detail/move_robot__rosidl_typesupport_introspection_cpp.hpp
[5.364s] -- Installing: /home/zp/ros2/sim/install/new_interface/lib/libnew_interface__rosidl_typesupport_introspection_cpp.so
[5.364s] -- Set runtime path of "/home/zp/ros2/sim/install/new_interface/lib/libnew_interface__rosidl_typesupport_introspection_cpp.so" to ""
[5.364s] -- Installing: /home/zp/ros2/sim/install/new_interface/lib/libnew_interface__rosidl_typesupport_cpp.so
[5.364s] -- Set runtime path of "/home/zp/ros2/sim/install/new_interface/lib/libnew_interface__rosidl_typesupport_cpp.so" to ""
[5.364s] -- Installing: /home/zp/ros2/sim/install/new_interface/share/new_interface/environment/pythonpath.sh
[5.364s] -- Installing: /home/zp/ros2/sim/install/new_interface/share/new_interface/environment/pythonpath.dsv
[5.364s] -- Installing: /home/zp/ros2/sim/install/new_interface/local/lib/python3.10/dist-packages/new_interface-0.0.0-py3.10.egg-info
[5.364s] -- Installing: /home/zp/ros2/sim/install/new_interface/local/lib/python3.10/dist-packages/new_interface-0.0.0-py3.10.egg-info/SOURCES.txt
[5.364s] -- Installing: /home/zp/ros2/sim/install/new_interface/local/lib/python3.10/dist-packages/new_interface-0.0.0-py3.10.egg-info/top_level.txt
[5.364s] -- Installing: /home/zp/ros2/sim/install/new_interface/local/lib/python3.10/dist-packages/new_interface-0.0.0-py3.10.egg-info/PKG-INFO
[5.364s] -- Installing: /home/zp/ros2/sim/install/new_interface/local/lib/python3.10/dist-packages/new_interface-0.0.0-py3.10.egg-info/dependency_links.txt
[5.364s] -- Installing: /home/zp/ros2/sim/install/new_interface/local/lib/python3.10/dist-packages/new_interface
[5.365s] -- Installing: /home/zp/ros2/sim/install/new_interface/local/lib/python3.10/dist-packages/new_interface/_new_interface_s.ep.rosidl_typesupport_introspection_c.c
[5.365s] -- Installing: /home/zp/ros2/sim/install/new_interface/local/lib/python3.10/dist-packages/new_interface/libnew_interface__rosidl_generator_py.so
[5.365s] -- Installing: /home/zp/ros2/sim/install/new_interface/local/lib/python3.10/dist-packages/new_interface/new_interface_s__rosidl_typesupport_c.cpython-310-x86_64-linux-gnu.so
[5.365s] -- Installing: /home/zp/ros2/sim/install/new_interface/local/lib/python3.10/dist-packages/new_interface/_new_interface_s.ep.rosidl_typesupport_fastrtps_c.c
[5.365s] -- Installing: /home/zp/ros2/sim/install/new_interface/local/lib/python3.10/dist-packages/new_interface/new_interface_s__rosidl_typesupport_fastrtps_c.cpython-310-x86_64-linux-gnu.so
[5.365s] -- Installing: /home/zp/ros2/sim/install/new_interface/local/lib/python3.10/dist-packages/new_interface/new_interface_s__rosidl_typesupport_introspection_c.cpython-310-x86_64-linux-gnu.so
[5.365s] -- Installing: /home/zp/ros2/sim/install/new_interface/local/lib/python3.10/dist-packages/new_interface/__init__.py
[5.365s] -- Installing: /home/zp/ros2/sim/install/new_interface/local/lib/python3.10/dist-packages/new_interface/action
[5.365s] -- Installing: /home/zp/ros2/sim/install/new_interface/local/lib/python3.10/dist-packages/new_interface/action/_move_robot.py
[5.366s] -- Installing: /home/zp/ros2/sim/install/new_interface/local/lib/python3.10/dist-packages/new_interface/action/__init__.py
[5.366s] -- Installing: /home/zp/ros2/sim/install/new_interface/local/lib/python3.10/dist-packages/new_interface/action/_move_robot_s.c
[5.366s] -- Installing: /home/zp/ros2/sim/install/new_interface/local/lib/python3.10/dist-packages/new_interface/_new_interface_s.ep.rosidl_typesupport_c.c
[5.391s] Listing '/home/zp/ros2/sim/install/new_interface/local/lib/python3.10/dist-packages/new_interface'...
[5.391s] Compiling '/home/zp/ros2/sim/install/new_interface/local/lib/python3.10/dist-packages/new_interface/__init__.py'...
[5.391s] Listing '/home/zp/ros2/sim/install/new_interface/local/lib/python3.10/dist-packages/new_interface/action'...
[5.391s] Compiling '/home/zp/ros2/sim/install/new_interface/local/lib/python3.10/dist-packages/new_interface/action/__init__.py'...
[5.391s] Compiling '/home/zp/ros2/sim/install/new_interface/local/lib/python3.10/dist-packages/new_interface/action/_move_robot.py'...
[5.396s] -- Installing: /home/zp/ros2/sim/install/new_interface/local/lib/python3.10/dist-packages/new_interface/new_interface_s__rosidl_typesupport_fastrtps_c.cpython-310-x86_64-linux-gnu.so
[5.396s] -- Set runtime path of "/home/zp/ros2/sim/install/new_interface/local/lib/python3.10/dist-packages/new_interface/new_interface_s__rosidl_typesupport_fastrtps_c.cpython-310-x86_64-linux-gnu.so" to ""
[5.396s] -- Installing: /home/zp/ros2/sim/install/new_interface/local/lib/python3.10/dist-packages/new_interface/new_interface_s__rosidl_typesupport_introspection_c.cpython-310-x86_64-linux-gnu.so
[5.396s] -- Set runtime path of "/home/zp/ros2/sim/install/new_interface/local/lib/python3.10/dist-packages/new_interface/new_interface_s__rosidl_typesupport_introspection_c.cpython-310-x86_64-linux-gnu.so" to ""
[5.396s] -- Installing: /home/zp/ros2/sim/install/new_interface/local/lib/python3.10/dist-packages/new_interface/new_interface_s__rosidl_typesupport_c.cpython-310-x86_64-linux-gnu.so
[5.396s] -- Set runtime path of "/home/zp/ros2/sim/install/new_interface/local/lib/python3.10/dist-packages/new_interface/new_interface_s__rosidl_typesupport_c.cpython-310-x86_64-linux-gnu.so" to ""
[5.396s] -- Installing: /home/zp/ros2/sim/install/new_interface/lib/libnew_interface__rosidl_generator_py.so
[5.397s] -- Set runtime path of "/home/zp/ros2/sim/install/new_interface/lib/libnew_interface__rosidl_generator_py.so" to ""
[5.397s] -- Installing: /home/zp/ros2/sim/install/new_interface/share/new_interface/action/MoveRobot.idl
[5.397s] -- Installing: /home/zp/ros2/sim/install/new_interface/share/new_interface/action/MoveRobot.action
[5.397s] -- Installing: /home/zp/ros2/sim/install/new_interface/share/ament_index/resource_index/package_run_dependencies/new_interface
[5.397s] -- Installing: /home/zp/ros2/sim/install/new_interface/share/ament_index/resource_index/parent_prefix_path/new_interface
[5.397s] -- Installing: /home/zp/ros2/sim/install/new_interface/share/new_interface/environment/ament_prefix_path.sh
[5.398s] -- Installing: /home/zp/ros2/sim/install/new_interface/share/new_interface/environment/ament_prefix_path.dsv
[5.398s] -- Installing: /home/zp/ros2/sim/install/new_interface/share/new_interface/environment/path.sh
[5.398s] -- Installing: /home/zp/ros2/sim/install/new_interface/share/new_interface/environment/path.dsv
[5.398s] -- Installing: /home/zp/ros2/sim/install/new_interface/share/new_interface/local_setup.bash
[5.398s] -- Installing: /home/zp/ros2/sim/install/new_interface/share/new_interface/local_setup.sh
[5.398s] -- Installing: /home/zp/ros2/sim/install/new_interface/share/new_interface/local_setup.zsh
[5.398s] -- Installing: /home/zp/ros2/sim/install/new_interface/share/new_interface/local_setup.dsv
[5.398s] -- Installing: /home/zp/ros2/sim/install/new_interface/share/new_interface/package.dsv
[5.399s] -- Installing: /home/zp/ros2/sim/install/new_interface/share/ament_index/resource_index/packages/new_interface
[5.400s] -- Installing: /home/zp/ros2/sim/install/new_interface/share/new_interface/cmake/export_new_interface__rosidl_generator_cExport.cmake
[5.400s] -- Installing: /home/zp/ros2/sim/install/new_interface/share/new_interface/cmake/export_new_interface__rosidl_generator_cExport-noconfig.cmake
[5.400s] -- Installing: /home/zp/ros2/sim/install/new_interface/share/new_interface/cmake/export_new_interface__rosidl_typesupport_fastrtps_cExport.cmake
[5.400s] -- Installing: /home/zp/ros2/sim/install/new_interface/share/new_interface/cmake/export_new_interface__rosidl_typesupport_fastrtps_cExport-noconfig.cmake
[5.400s] -- Installing: /home/zp/ros2/sim/install/new_interface/share/new_interface/cmake/new_interface__rosidl_typesupport_introspection_cExport.cmake
[5.400s] -- Installing: /home/zp/ros2/sim/install/new_interface/share/new_interface/cmake/new_interface__rosidl_typesupport_introspection_cExport-noconfig.cmake
[5.400s] -- Installing: /home/zp/ros2/sim/install/new_interface/share/new_interface/cmake/new_interface__rosidl_typesupport_cExport.cmake
[5.401s] -- Installing: /home/zp/ros2/sim/install/new_interface/share/new_interface/cmake/new_interface__rosidl_typesupport_cExport-noconfig.cmake
[5.401s] -- Installing: /home/zp/ros2/sim/install/new_interface/share/new_interface/cmake/export_new_interface__rosidl_generator_cppExport.cmake
[5.401s] -- Installing: /home/zp/ros2/sim/install/new_interface/share/new_interface/cmake/export_new_interface__rosidl_typesupport_fastrtps_cppExport.cmake
[5.401s] -- Installing: /home/zp/ros2/sim/install/new_interface/share/new_interface/cmake/export_new_interface__rosidl_typesupport_fastrtps_cppExport-noconfig.cmake
[5.401s] -- Installing: /home/zp/ros2/sim/install/new_interface/share/new_interface/cmake/new_interface__rosidl_typesupport_introspection_cppExport.cmake
[5.401s] -- Installing: /home/zp/ros2/sim/install/new_interface/share/new_interface/cmake/new_interface__rosidl_typesupport_introspection_cppExport-noconfig.cmake
[5.401s] -- Installing: /home/zp/ros2/sim/install/new_interface/share/new_interface/cmake/new_interface__rosidl_typesupport_cppExport.cmake
[5.401s] -- Installing: /home/zp/ros2/sim/install/new_interface/share/new_interface/cmake/new_interface__rosidl_typesupport_cppExport-noconfig.cmake
[5.401s] -- Installing: /home/zp/ros2/sim/install/new_interface/share/new_interface/cmake/export_new_interface__rosidl_generator_pyExport.cmake
[5.401s] -- Installing: /home/zp/ros2/sim/install/new_interface/share/new_interface/cmake/export_new_interface__rosidl_generator_pyExport-noconfig.cmake
[5.401s] -- Installing: /home/zp/ros2/sim/install/new_interface/share/new_interface/cmake/rosidl_cmake-extras.cmake
[5.402s] -- Installing: /home/zp/ros2/sim/install/new_interface/share/new_interface/cmake/ament_cmake_export_dependencies-extras.cmake
[5.402s] -- Installing: /home/zp/ros2/sim/install/new_interface/share/new_interface/cmake/ament_cmake_export_include_directories-extras.cmake
[5.402s] -- Installing: /home/zp/ros2/sim/install/new_interface/share/new_interface/cmake/ament_cmake_export_libraries-extras.cmake
[5.402s] -- Installing: /home/zp/ros2/sim/install/new_interface/share/new_interface/cmake/ament_cmake_export_targets-extras.cmake
[5.402s] -- Installing: /home/zp/ros2/sim/install/new_interface/share/new_interface/cmake/rosidl_cmake_export_typesupport_targets-extras.cmake
[5.402s] -- Installing: /home/zp/ros2/sim/install/new_interface/share/new_interface/cmake/rosidl_cmake_export_typesupport_libraries-extras.cmake
[5.403s] -- Installing: /home/zp/ros2/sim/install/new_interface/share/new_interface/cmake/new_interfaceConfig.cmake
[5.403s] -- Installing: /home/zp/ros2/sim/install/new_interface/share/new_interface/cmake/new_interfaceConfig-version.cmake
[5.403s] -- Installing: /home/zp/ros2/sim/install/new_interface/share/new_interface/package.xml
[5.405s] Invoked command in '/home/zp/ros2/sim/build/new_interface' returned '0': CMAKE_PREFIX_PATH=/opt/ros/humble /usr/bin/cmake --install /home/zp/ros2/sim/build/new_interface
