[0.072s] Invoking command in '/home/zp/ros2/sim/build/go2_config': CMAKE_PREFIX_PATH=${CMAKE_PREFIX_PATH}:/home/zp/ros2/sim/install/my_motion_example:/home/zp/ros2/sim/install/go2_control:/opt/ros/humble /usr/bin/cmake --build /home/zp/ros2/sim/build/go2_config -- -j20 -l20
[0.620s] Invoked command in '/home/zp/ros2/sim/build/go2_config' returned '0': CMAKE_PREFIX_PATH=${CMAKE_PREFIX_PATH}:/home/zp/ros2/sim/install/my_motion_example:/home/zp/ros2/sim/install/go2_control:/opt/ros/humble /usr/bin/cmake --build /home/zp/ros2/sim/build/go2_config -- -j20 -l20
[0.621s] Invoking command in '/home/zp/ros2/sim/build/go2_config': CMAKE_PREFIX_PATH=${CMAKE_PREFIX_PATH}:/home/zp/ros2/sim/install/my_motion_example:/home/zp/ros2/sim/install/go2_control:/opt/ros/humble /usr/bin/cmake --install /home/zp/ros2/sim/build/go2_config
[0.688s] -- Install configuration: ""
[0.688s] -- Up-to-date: /home/zp/ros2/sim/install/go2_config/share/go2_config/launch
[0.689s] -- Up-to-date: /home/zp/ros2/sim/install/go2_config/share/go2_config/launch/gazebo_velodyne.launch.py
[0.689s] -- Up-to-date: /home/zp/ros2/sim/install/go2_config/share/go2_config/launch/navigate.launch.py
[0.689s] -- Up-to-date: /home/zp/ros2/sim/install/go2_config/share/go2_config/launch/gazebo.launch.py
[0.689s] -- Up-to-date: /home/zp/ros2/sim/install/go2_config/share/go2_config/launch/bringup.launch.py
[0.689s] -- Up-to-date: /home/zp/ros2/sim/install/go2_config/share/go2_config/launch/slam.launch.py
[0.690s] -- Up-to-date: /home/zp/ros2/sim/install/go2_config/share/go2_config/config
[0.690s] -- Up-to-date: /home/zp/ros2/sim/install/go2_config/share/go2_config/config/ros_control
[0.691s] -- Up-to-date: /home/zp/ros2/sim/install/go2_config/share/go2_config/config/ros_control/ros_control.yaml
[0.691s] -- Up-to-date: /home/zp/ros2/sim/install/go2_config/share/go2_config/config/autonomy
[0.691s] -- Up-to-date: /home/zp/ros2/sim/install/go2_config/share/go2_config/config/autonomy/navigation.yaml
[0.691s] -- Up-to-date: /home/zp/ros2/sim/install/go2_config/share/go2_config/config/autonomy/slam.yaml
[0.692s] -- Up-to-date: /home/zp/ros2/sim/install/go2_config/share/go2_config/config/gait
[0.692s] -- Up-to-date: /home/zp/ros2/sim/install/go2_config/share/go2_config/config/gait/gait.yaml
[0.692s] -- Up-to-date: /home/zp/ros2/sim/install/go2_config/share/go2_config/config/joints
[0.692s] -- Up-to-date: /home/zp/ros2/sim/install/go2_config/share/go2_config/config/joints/joints.yaml
[0.692s] -- Up-to-date: /home/zp/ros2/sim/install/go2_config/share/go2_config/config/links
[0.692s] -- Up-to-date: /home/zp/ros2/sim/install/go2_config/share/go2_config/config/links/links.yaml
[0.692s] -- Up-to-date: /home/zp/ros2/sim/install/go2_config/share/go2_config/maps
[0.693s] -- Up-to-date: /home/zp/ros2/sim/install/go2_config/share/go2_config/maps/playground.pgm
[0.693s] -- Up-to-date: /home/zp/ros2/sim/install/go2_config/share/go2_config/maps/playground.yaml
[0.694s] -- Up-to-date: /home/zp/ros2/sim/install/go2_config/share/go2_config/maps/map.yaml
[0.696s] -- Up-to-date: /home/zp/ros2/sim/install/go2_config/share/go2_config/maps/map.pgm
[0.696s] -- Up-to-date: /home/zp/ros2/sim/install/go2_config/share/go2_config/worlds
[0.696s] -- Up-to-date: /home/zp/ros2/sim/install/go2_config/share/go2_config/worlds/outdoor.world
[0.697s] -- Up-to-date: /home/zp/ros2/sim/install/go2_config/share/go2_config/worlds/playground.world
[0.697s] -- Up-to-date: /home/zp/ros2/sim/install/go2_config/share/go2_config/worlds/default.world
[0.698s] -- Up-to-date: /home/zp/ros2/sim/install/go2_config/share/ament_index/resource_index/package_run_dependencies/go2_config
[0.698s] -- Up-to-date: /home/zp/ros2/sim/install/go2_config/share/ament_index/resource_index/parent_prefix_path/go2_config
[0.698s] -- Up-to-date: /home/zp/ros2/sim/install/go2_config/share/go2_config/environment/ament_prefix_path.sh
[0.699s] -- Up-to-date: /home/zp/ros2/sim/install/go2_config/share/go2_config/environment/ament_prefix_path.dsv
[0.699s] -- Up-to-date: /home/zp/ros2/sim/install/go2_config/share/go2_config/environment/path.sh
[0.699s] -- Up-to-date: /home/zp/ros2/sim/install/go2_config/share/go2_config/environment/path.dsv
[0.699s] -- Up-to-date: /home/zp/ros2/sim/install/go2_config/share/go2_config/local_setup.bash
[0.700s] -- Up-to-date: /home/zp/ros2/sim/install/go2_config/share/go2_config/local_setup.sh
[0.700s] -- Up-to-date: /home/zp/ros2/sim/install/go2_config/share/go2_config/local_setup.zsh
[0.700s] -- Up-to-date: /home/zp/ros2/sim/install/go2_config/share/go2_config/local_setup.dsv
[0.700s] -- Installing: /home/zp/ros2/sim/install/go2_config/share/go2_config/package.dsv
[0.700s] -- Up-to-date: /home/zp/ros2/sim/install/go2_config/share/ament_index/resource_index/packages/go2_config
[0.701s] -- Up-to-date: /home/zp/ros2/sim/install/go2_config/share/go2_config/cmake/go2_configConfig.cmake
[0.702s] -- Up-to-date: /home/zp/ros2/sim/install/go2_config/share/go2_config/cmake/go2_configConfig-version.cmake
[0.702s] -- Up-to-date: /home/zp/ros2/sim/install/go2_config/share/go2_config/package.xml
[0.858s] Invoked command in '/home/zp/ros2/sim/build/go2_config' returned '0': CMAKE_PREFIX_PATH=${CMAKE_PREFIX_PATH}:/home/zp/ros2/sim/install/my_motion_example:/home/zp/ros2/sim/install/go2_control:/opt/ros/humble /usr/bin/cmake --install /home/zp/ros2/sim/build/go2_config
