[1.150s] Invoking command in '/home/zp/ros2/sim/src/unitree-go2-ros2/go2_control': PYTHONPATH=/home/zp/ros2/sim/build/go2_control/prefix_override:/usr/lib/python3/dist-packages/colcon_core/task/python/colcon_distutils_commands:/home/zp/ros2/sim/install/go2_control/lib/python3.10/site-packages:${PYTHONPATH} /usr/bin/python3 -W ignore:setup.py install is deprecated -W ignore:easy_install command is deprecated setup.py egg_info --egg-base ../../../build/go2_control build --build-base /home/zp/ros2/sim/build/go2_control/build install --record /home/zp/ros2/sim/build/go2_control/install.log --single-version-externally-managed install_data
[1.408s] running egg_info
[1.410s] writing ../../../build/go2_control/go2_control.egg-info/PKG-INFO
[1.411s] writing dependency_links to ../../../build/go2_control/go2_control.egg-info/dependency_links.txt
[1.411s] writing entry points to ../../../build/go2_control/go2_control.egg-info/entry_points.txt
[1.411s] writing requirements to ../../../build/go2_control/go2_control.egg-info/requires.txt
[1.411s] writing top-level names to ../../../build/go2_control/go2_control.egg-info/top_level.txt
[1.413s] reading manifest file '../../../build/go2_control/go2_control.egg-info/SOURCES.txt'
[1.414s] writing manifest file '../../../build/go2_control/go2_control.egg-info/SOURCES.txt'
[1.414s] running build
[1.414s] running build_py
[1.414s] copying go2_control/keyboard_control.py -> /home/zp/ros2/sim/build/go2_control/build/lib/go2_control
[1.415s] running install
[1.416s] running install_lib
[1.418s] copying /home/zp/ros2/sim/build/go2_control/build/lib/go2_control/keyboard_control.py -> /home/zp/ros2/sim/install/go2_control/lib/python3.10/site-packages/go2_control
[1.419s] byte-compiling /home/zp/ros2/sim/install/go2_control/lib/python3.10/site-packages/go2_control/keyboard_control.py to keyboard_control.cpython-310.pyc
[1.420s] running install_data
[1.420s] running install_egg_info
[1.424s] removing '/home/zp/ros2/sim/install/go2_control/lib/python3.10/site-packages/go2_control-0.0.0-py3.10.egg-info' (and everything under it)
[1.425s] Copying ../../../build/go2_control/go2_control.egg-info to /home/zp/ros2/sim/install/go2_control/lib/python3.10/site-packages/go2_control-0.0.0-py3.10.egg-info
[1.425s] running install_scripts
[1.450s] Installing keyboard_control_node script to /home/zp/ros2/sim/install/go2_control/lib/go2_control
[1.451s] writing list of installed files to '/home/zp/ros2/sim/build/go2_control/install.log'
[1.540s] Invoked command in '/home/zp/ros2/sim/src/unitree-go2-ros2/go2_control' returned '0': PYTHONPATH=/home/zp/ros2/sim/build/go2_control/prefix_override:/usr/lib/python3/dist-packages/colcon_core/task/python/colcon_distutils_commands:/home/zp/ros2/sim/install/go2_control/lib/python3.10/site-packages:${PYTHONPATH} /usr/bin/python3 -W ignore:setup.py install is deprecated -W ignore:easy_install command is deprecated setup.py egg_info --egg-base ../../../build/go2_control build --build-base /home/zp/ros2/sim/build/go2_control/build install --record /home/zp/ros2/sim/build/go2_control/install.log --single-version-externally-managed install_data
