[0.222s] Invoking command in '/home/zp/ros2/sim/build/champ_base': AMENT_PREFIX_PATH=/home/zp/ros2/sim/install/champ_msgs:/home/zp/ros2/sim/install/champ:${AMENT_PREFIX_PATH} CMAKE_PREFIX_PATH=/home/zp/ros2/sim/install/champ_msgs:/home/zp/ros2/sim/install/champ:/opt/ros/humble LD_LIBRARY_PATH=/home/zp/ros2/sim/install/champ_msgs/lib:${LD_LIBRARY_PATH} PYTHONPATH=/home/zp/ros2/sim/install/champ_msgs/local/lib/python3.10/dist-packages:${PYTHONPATH} /usr/bin/cmake --build /home/zp/ros2/sim/build/champ_base -- -j20 -l20
[0.289s] [ 16%] Built target quadruped_controller
[0.291s] [ 50%] Built target message_relay
[0.291s] [ 50%] Built target state_estimation
[0.313s] [ 66%] Built target quadruped_controller_node
[0.314s] [ 83%] Built target message_relay_node
[0.314s] [100%] Built target state_estimation_node
[0.334s] Invoked command in '/home/zp/ros2/sim/build/champ_base' returned '0': AMENT_PREFIX_PATH=/home/zp/ros2/sim/install/champ_msgs:/home/zp/ros2/sim/install/champ:${AMENT_PREFIX_PATH} CMAKE_PREFIX_PATH=/home/zp/ros2/sim/install/champ_msgs:/home/zp/ros2/sim/install/champ:/opt/ros/humble LD_LIBRARY_PATH=/home/zp/ros2/sim/install/champ_msgs/lib:${LD_LIBRARY_PATH} PYTHONPATH=/home/zp/ros2/sim/install/champ_msgs/local/lib/python3.10/dist-packages:${PYTHONPATH} /usr/bin/cmake --build /home/zp/ros2/sim/build/champ_base -- -j20 -l20
[0.336s] Invoking command in '/home/zp/ros2/sim/build/champ_base': AMENT_PREFIX_PATH=/home/zp/ros2/sim/install/champ_msgs:/home/zp/ros2/sim/install/champ:${AMENT_PREFIX_PATH} CMAKE_PREFIX_PATH=/home/zp/ros2/sim/install/champ_msgs:/home/zp/ros2/sim/install/champ:/opt/ros/humble LD_LIBRARY_PATH=/home/zp/ros2/sim/install/champ_msgs/lib:${LD_LIBRARY_PATH} PYTHONPATH=/home/zp/ros2/sim/install/champ_msgs/local/lib/python3.10/dist-packages:${PYTHONPATH} /usr/bin/cmake --install /home/zp/ros2/sim/build/champ_base
[0.341s] -- Install configuration: ""
[0.341s] -- Up-to-date: /home/zp/ros2/sim/install/champ_base/share/champ_base/config
[0.342s] -- Up-to-date: /home/zp/ros2/sim/install/champ_base/share/champ_base/config/ekf
[0.342s] -- Up-to-date: /home/zp/ros2/sim/install/champ_base/share/champ_base/config/ekf/footprint_to_odom.yaml
[0.342s] -- Up-to-date: /home/zp/ros2/sim/install/champ_base/share/champ_base/config/ekf/base_to_footprint.yaml
[0.342s] -- Up-to-date: /home/zp/ros2/sim/install/champ_base/share/champ_base/config/velocity_smoother
[0.342s] -- Up-to-date: /home/zp/ros2/sim/install/champ_base/share/champ_base/config/velocity_smoother/velocity_smoother.yaml
[0.342s] -- Up-to-date: /home/zp/ros2/sim/install/champ_base/lib/libquadruped_controller.so
[0.343s] -- Up-to-date: /home/zp/ros2/sim/install/champ_base/bin/quadruped_controller_node
[0.344s] -- Up-to-date: /home/zp/ros2/sim/install/champ_base/lib/libmessage_relay.so
[0.345s] -- Up-to-date: /home/zp/ros2/sim/install/champ_base/bin/message_relay_node
[0.347s] -- Up-to-date: /home/zp/ros2/sim/install/champ_base/lib/libstate_estimation.so
[0.347s] -- Up-to-date: /home/zp/ros2/sim/install/champ_base/bin/state_estimation_node
[0.348s] -- Up-to-date: /home/zp/ros2/sim/install/champ_base/lib/champ_base/quadruped_controller_node
[0.349s] -- Up-to-date: /home/zp/ros2/sim/install/champ_base/lib/champ_base/message_relay_node
[0.350s] -- Up-to-date: /home/zp/ros2/sim/install/champ_base/lib/champ_base/state_estimation_node
[0.350s] -- Up-to-date: /home/zp/ros2/sim/install/champ_base/share/ament_index/resource_index/package_run_dependencies/champ_base
[0.350s] -- Up-to-date: /home/zp/ros2/sim/install/champ_base/share/ament_index/resource_index/parent_prefix_path/champ_base
[0.351s] -- Up-to-date: /home/zp/ros2/sim/install/champ_base/share/champ_base/environment/ament_prefix_path.sh
[0.351s] -- Up-to-date: /home/zp/ros2/sim/install/champ_base/share/champ_base/environment/ament_prefix_path.dsv
[0.351s] -- Up-to-date: /home/zp/ros2/sim/install/champ_base/share/champ_base/environment/path.sh
[0.351s] -- Up-to-date: /home/zp/ros2/sim/install/champ_base/share/champ_base/environment/path.dsv
[0.351s] -- Up-to-date: /home/zp/ros2/sim/install/champ_base/share/champ_base/local_setup.bash
[0.351s] -- Up-to-date: /home/zp/ros2/sim/install/champ_base/share/champ_base/local_setup.sh
[0.351s] -- Up-to-date: /home/zp/ros2/sim/install/champ_base/share/champ_base/local_setup.zsh
[0.351s] -- Up-to-date: /home/zp/ros2/sim/install/champ_base/share/champ_base/local_setup.dsv
[0.351s] -- Installing: /home/zp/ros2/sim/install/champ_base/share/champ_base/package.dsv
[0.351s] -- Up-to-date: /home/zp/ros2/sim/install/champ_base/share/ament_index/resource_index/packages/champ_base
[0.351s] -- Up-to-date: /home/zp/ros2/sim/install/champ_base/share/champ_base/cmake/ament_cmake_export_include_directories-extras.cmake
[0.352s] -- Up-to-date: /home/zp/ros2/sim/install/champ_base/share/champ_base/cmake/ament_cmake_export_dependencies-extras.cmake
[0.352s] -- Up-to-date: /home/zp/ros2/sim/install/champ_base/share/champ_base/cmake/champ_baseConfig.cmake
[0.352s] -- Up-to-date: /home/zp/ros2/sim/install/champ_base/share/champ_base/cmake/champ_baseConfig-version.cmake
[0.352s] -- Up-to-date: /home/zp/ros2/sim/install/champ_base/share/champ_base/package.xml
[0.353s] Invoked command in '/home/zp/ros2/sim/build/champ_base' returned '0': AMENT_PREFIX_PATH=/home/zp/ros2/sim/install/champ_msgs:/home/zp/ros2/sim/install/champ:${AMENT_PREFIX_PATH} CMAKE_PREFIX_PATH=/home/zp/ros2/sim/install/champ_msgs:/home/zp/ros2/sim/install/champ:/opt/ros/humble LD_LIBRARY_PATH=/home/zp/ros2/sim/install/champ_msgs/lib:${LD_LIBRARY_PATH} PYTHONPATH=/home/zp/ros2/sim/install/champ_msgs/local/lib/python3.10/dist-packages:${PYTHONPATH} /usr/bin/cmake --install /home/zp/ros2/sim/build/champ_base
