[0.038s] Invoking command in '/home/zp/ros2/sim/build/champ_teleop': CMAKE_PREFIX_PATH=${CMAKE_PREFIX_PATH}:/home/zp/ros2/sim/install/my_motion_example:/opt/ros/humble /usr/bin/cmake /home/zp/ros2/sim/src/unitree-go2-ros2/champ_teleop -DCMAKE_INSTALL_PREFIX=/home/zp/ros2/sim/install/champ_teleop
[0.388s] -- The C compiler identification is GNU 11.4.0
[1.792s] -- The CXX compiler identification is GNU 11.4.0
[3.014s] -- Detecting C compiler ABI info
[3.333s] -- Detecting C compiler ABI info - done
[3.337s] -- Check for working C compiler: /usr/bin/cc - skipped
[3.337s] -- Detecting C compile features
[3.338s] -- Detecting C compile features - done
[3.340s] -- Detecting CXX compiler ABI info
[3.606s] -- Detecting CXX compiler ABI info - done
[3.611s] -- Check for working CXX compiler: /usr/bin/c++ - skipped
[3.611s] -- Detecting CXX compile features
[3.612s] -- Detecting CXX compile features - done
[3.614s] -- Found ament_cmake: 1.3.12 (/opt/ros/humble/share/ament_cmake/cmake)
[3.731s] -- Found Python3: /usr/bin/python3 (found version "3.10.12") found components: Interpreter 
[3.873s] -- Configuring done
[3.875s] -- Generating done
[3.876s] -- Build files have been written to: /home/zp/ros2/sim/build/champ_teleop
[3.882s] Invoked command in '/home/zp/ros2/sim/build/champ_teleop' returned '0': CMAKE_PREFIX_PATH=${CMAKE_PREFIX_PATH}:/home/zp/ros2/sim/install/my_motion_example:/opt/ros/humble /usr/bin/cmake /home/zp/ros2/sim/src/unitree-go2-ros2/champ_teleop -DCMAKE_INSTALL_PREFIX=/home/zp/ros2/sim/install/champ_teleop
[3.883s] Invoking command in '/home/zp/ros2/sim/build/champ_teleop': CMAKE_PREFIX_PATH=${CMAKE_PREFIX_PATH}:/home/zp/ros2/sim/install/my_motion_example:/opt/ros/humble /usr/bin/cmake --build /home/zp/ros2/sim/build/champ_teleop -- -j20 -l20
[3.914s] Invoked command in '/home/zp/ros2/sim/build/champ_teleop' returned '0': CMAKE_PREFIX_PATH=${CMAKE_PREFIX_PATH}:/home/zp/ros2/sim/install/my_motion_example:/opt/ros/humble /usr/bin/cmake --build /home/zp/ros2/sim/build/champ_teleop -- -j20 -l20
[3.915s] Invoking command in '/home/zp/ros2/sim/build/champ_teleop': CMAKE_PREFIX_PATH=${CMAKE_PREFIX_PATH}:/home/zp/ros2/sim/install/my_motion_example:/opt/ros/humble /usr/bin/cmake --install /home/zp/ros2/sim/build/champ_teleop
[3.921s] -- Install configuration: ""
[3.921s] -- Up-to-date: /home/zp/ros2/sim/install/champ_teleop/share/champ_teleop/launch
[3.921s] -- Up-to-date: /home/zp/ros2/sim/install/champ_teleop/share/champ_teleop/launch/teleop.launch.py
[3.922s] -- Up-to-date: /home/zp/ros2/sim/install/champ_teleop/lib/champ_teleop/champ_teleop.py
[3.922s] -- Installing: /home/zp/ros2/sim/install/champ_teleop/share/ament_index/resource_index/package_run_dependencies/champ_teleop
[3.922s] -- Installing: /home/zp/ros2/sim/install/champ_teleop/share/ament_index/resource_index/parent_prefix_path/champ_teleop
[3.922s] -- Up-to-date: /home/zp/ros2/sim/install/champ_teleop/share/champ_teleop/environment/ament_prefix_path.sh
[3.922s] -- Installing: /home/zp/ros2/sim/install/champ_teleop/share/champ_teleop/environment/ament_prefix_path.dsv
[3.922s] -- Up-to-date: /home/zp/ros2/sim/install/champ_teleop/share/champ_teleop/environment/path.sh
[3.922s] -- Installing: /home/zp/ros2/sim/install/champ_teleop/share/champ_teleop/environment/path.dsv
[3.922s] -- Installing: /home/zp/ros2/sim/install/champ_teleop/share/champ_teleop/local_setup.bash
[3.922s] -- Installing: /home/zp/ros2/sim/install/champ_teleop/share/champ_teleop/local_setup.sh
[3.922s] -- Installing: /home/zp/ros2/sim/install/champ_teleop/share/champ_teleop/local_setup.zsh
[3.922s] -- Installing: /home/zp/ros2/sim/install/champ_teleop/share/champ_teleop/local_setup.dsv
[3.923s] -- Installing: /home/zp/ros2/sim/install/champ_teleop/share/champ_teleop/package.dsv
[3.923s] -- Installing: /home/zp/ros2/sim/install/champ_teleop/share/ament_index/resource_index/packages/champ_teleop
[3.923s] -- Installing: /home/zp/ros2/sim/install/champ_teleop/share/champ_teleop/cmake/champ_teleopConfig.cmake
[3.923s] -- Installing: /home/zp/ros2/sim/install/champ_teleop/share/champ_teleop/cmake/champ_teleopConfig-version.cmake
[3.923s] -- Up-to-date: /home/zp/ros2/sim/install/champ_teleop/share/champ_teleop/package.xml
[3.924s] Invoked command in '/home/zp/ros2/sim/build/champ_teleop' returned '0': CMAKE_PREFIX_PATH=${CMAKE_PREFIX_PATH}:/home/zp/ros2/sim/install/my_motion_example:/opt/ros/humble /usr/bin/cmake --install /home/zp/ros2/sim/build/champ_teleop
