[0.319s] Invoking command in '/home/zp/ros2/sim/build/champ_base': AMENT_PREFIX_PATH=/home/zp/ros2/sim/install/champ_msgs:/home/zp/ros2/sim/install/champ:${AMENT_PREFIX_PATH} CMAKE_PREFIX_PATH=/home/zp/ros2/sim/install/champ_msgs:/home/zp/ros2/sim/install/champ:/opt/ros/humble LD_LIBRARY_PATH=/home/zp/ros2/sim/install/champ_msgs/lib:${LD_LIBRARY_PATH} PYTHONPATH=/home/zp/ros2/sim/install/champ_msgs/local/lib/python3.10/dist-packages:${PYTHONPATH} /usr/bin/cmake --build /home/zp/ros2/sim/build/champ_base -- -j20 -l20
[0.432s] [ 16%] Built target quadruped_controller
[0.433s] [ 33%] Built target message_relay
[0.436s] [ 50%] Built target state_estimation
[0.467s] [ 83%] Built target quadruped_controller_node
[0.468s] [ 83%] Built target message_relay_node
[0.469s] [100%] Built target state_estimation_node
[0.481s] Invoked command in '/home/zp/ros2/sim/build/champ_base' returned '0': AMENT_PREFIX_PATH=/home/zp/ros2/sim/install/champ_msgs:/home/zp/ros2/sim/install/champ:${AMENT_PREFIX_PATH} CMAKE_PREFIX_PATH=/home/zp/ros2/sim/install/champ_msgs:/home/zp/ros2/sim/install/champ:/opt/ros/humble LD_LIBRARY_PATH=/home/zp/ros2/sim/install/champ_msgs/lib:${LD_LIBRARY_PATH} PYTHONPATH=/home/zp/ros2/sim/install/champ_msgs/local/lib/python3.10/dist-packages:${PYTHONPATH} /usr/bin/cmake --build /home/zp/ros2/sim/build/champ_base -- -j20 -l20
[0.485s] Invoking command in '/home/zp/ros2/sim/build/champ_base': AMENT_PREFIX_PATH=/home/zp/ros2/sim/install/champ_msgs:/home/zp/ros2/sim/install/champ:${AMENT_PREFIX_PATH} CMAKE_PREFIX_PATH=/home/zp/ros2/sim/install/champ_msgs:/home/zp/ros2/sim/install/champ:/opt/ros/humble LD_LIBRARY_PATH=/home/zp/ros2/sim/install/champ_msgs/lib:${LD_LIBRARY_PATH} PYTHONPATH=/home/zp/ros2/sim/install/champ_msgs/local/lib/python3.10/dist-packages:${PYTHONPATH} /usr/bin/cmake --install /home/zp/ros2/sim/build/champ_base
[0.491s] -- Install configuration: ""
[0.492s] -- Up-to-date: /home/zp/ros2/sim/install/champ_base/share/champ_base/config
[0.492s] -- Up-to-date: /home/zp/ros2/sim/install/champ_base/share/champ_base/config/ekf
[0.492s] -- Up-to-date: /home/zp/ros2/sim/install/champ_base/share/champ_base/config/ekf/footprint_to_odom.yaml
[0.492s] -- Up-to-date: /home/zp/ros2/sim/install/champ_base/share/champ_base/config/ekf/base_to_footprint.yaml
[0.492s] -- Up-to-date: /home/zp/ros2/sim/install/champ_base/share/champ_base/config/velocity_smoother
[0.492s] -- Up-to-date: /home/zp/ros2/sim/install/champ_base/share/champ_base/config/velocity_smoother/velocity_smoother.yaml
[0.493s] -- Up-to-date: /home/zp/ros2/sim/install/champ_base/lib/libquadruped_controller.so
[0.494s] -- Up-to-date: /home/zp/ros2/sim/install/champ_base/bin/quadruped_controller_node
[0.496s] -- Up-to-date: /home/zp/ros2/sim/install/champ_base/lib/libmessage_relay.so
[0.497s] -- Up-to-date: /home/zp/ros2/sim/install/champ_base/bin/message_relay_node
[0.498s] -- Up-to-date: /home/zp/ros2/sim/install/champ_base/lib/libstate_estimation.so
[0.500s] -- Up-to-date: /home/zp/ros2/sim/install/champ_base/bin/state_estimation_node
[0.500s] -- Up-to-date: /home/zp/ros2/sim/install/champ_base/lib/champ_base/quadruped_controller_node
[0.502s] -- Up-to-date: /home/zp/ros2/sim/install/champ_base/lib/champ_base/message_relay_node
[0.505s] -- Up-to-date: /home/zp/ros2/sim/install/champ_base/lib/champ_base/state_estimation_node
[0.505s] -- Up-to-date: /home/zp/ros2/sim/install/champ_base/share/ament_index/resource_index/package_run_dependencies/champ_base
[0.506s] -- Up-to-date: /home/zp/ros2/sim/install/champ_base/share/ament_index/resource_index/parent_prefix_path/champ_base
[0.507s] -- Up-to-date: /home/zp/ros2/sim/install/champ_base/share/champ_base/environment/ament_prefix_path.sh
[0.509s] -- Up-to-date: /home/zp/ros2/sim/install/champ_base/share/champ_base/environment/ament_prefix_path.dsv
[0.509s] -- Up-to-date: /home/zp/ros2/sim/install/champ_base/share/champ_base/environment/path.sh
[0.509s] -- Up-to-date: /home/zp/ros2/sim/install/champ_base/share/champ_base/environment/path.dsv
[0.509s] -- Up-to-date: /home/zp/ros2/sim/install/champ_base/share/champ_base/local_setup.bash
[0.509s] -- Up-to-date: /home/zp/ros2/sim/install/champ_base/share/champ_base/local_setup.sh
[0.509s] -- Up-to-date: /home/zp/ros2/sim/install/champ_base/share/champ_base/local_setup.zsh
[0.509s] -- Up-to-date: /home/zp/ros2/sim/install/champ_base/share/champ_base/local_setup.dsv
[0.509s] -- Installing: /home/zp/ros2/sim/install/champ_base/share/champ_base/package.dsv
[0.510s] -- Up-to-date: /home/zp/ros2/sim/install/champ_base/share/ament_index/resource_index/packages/champ_base
[0.511s] -- Up-to-date: /home/zp/ros2/sim/install/champ_base/share/champ_base/cmake/ament_cmake_export_include_directories-extras.cmake
[0.511s] -- Up-to-date: /home/zp/ros2/sim/install/champ_base/share/champ_base/cmake/ament_cmake_export_dependencies-extras.cmake
[0.511s] -- Up-to-date: /home/zp/ros2/sim/install/champ_base/share/champ_base/cmake/champ_baseConfig.cmake
[0.511s] -- Up-to-date: /home/zp/ros2/sim/install/champ_base/share/champ_base/cmake/champ_baseConfig-version.cmake
[0.511s] -- Up-to-date: /home/zp/ros2/sim/install/champ_base/share/champ_base/package.xml
[0.535s] Invoked command in '/home/zp/ros2/sim/build/champ_base' returned '0': AMENT_PREFIX_PATH=/home/zp/ros2/sim/install/champ_msgs:/home/zp/ros2/sim/install/champ:${AMENT_PREFIX_PATH} CMAKE_PREFIX_PATH=/home/zp/ros2/sim/install/champ_msgs:/home/zp/ros2/sim/install/champ:/opt/ros/humble LD_LIBRARY_PATH=/home/zp/ros2/sim/install/champ_msgs/lib:${LD_LIBRARY_PATH} PYTHONPATH=/home/zp/ros2/sim/install/champ_msgs/local/lib/python3.10/dist-packages:${PYTHONPATH} /usr/bin/cmake --install /home/zp/ros2/sim/build/champ_base
