[0.066s] Invoking command in '/home/zp/ros2/sim/build/champ': CMAKE_PREFIX_PATH=${CMAKE_PREFIX_PATH}:/home/zp/ros2/sim/install/my_motion_example:/home/zp/ros2/sim/install/go2_control:/opt/ros/humble /usr/bin/cmake --build /home/zp/ros2/sim/build/champ -- -j20 -l20
[0.605s] Invoked command in '/home/zp/ros2/sim/build/champ' returned '0': CMAKE_PREFIX_PATH=${CMAKE_PREFIX_PATH}:/home/zp/ros2/sim/install/my_motion_example:/home/zp/ros2/sim/install/go2_control:/opt/ros/humble /usr/bin/cmake --build /home/zp/ros2/sim/build/champ -- -j20 -l20
[0.615s] Invoking command in '/home/zp/ros2/sim/build/champ': CMAKE_PREFIX_PATH=${CMAKE_PREFIX_PATH}:/home/zp/ros2/sim/install/my_motion_example:/home/zp/ros2/sim/install/go2_control:/opt/ros/humble /usr/bin/cmake --install /home/zp/ros2/sim/build/champ
[0.641s] -- Install configuration: ""
[0.642s] -- Up-to-date: /home/zp/ros2/sim/install/champ/include
[0.642s] -- Up-to-date: /home/zp/ros2/sim/install/champ/include/champ
[0.642s] -- Up-to-date: /home/zp/ros2/sim/install/champ/include/champ/leg_controller
[0.642s] -- Up-to-date: /home/zp/ros2/sim/install/champ/include/champ/leg_controller/phase_generator.h
[0.643s] -- Up-to-date: /home/zp/ros2/sim/install/champ/include/champ/leg_controller/trajectory_planner.h
[0.643s] -- Up-to-date: /home/zp/ros2/sim/install/champ/include/champ/leg_controller/leg_controller.h
[0.643s] -- Up-to-date: /home/zp/ros2/sim/install/champ/include/champ/utils
[0.643s] -- Up-to-date: /home/zp/ros2/sim/install/champ/include/champ/utils/xmlrpc_helpers.h
[0.643s] -- Up-to-date: /home/zp/ros2/sim/install/champ/include/champ/utils/urdf_loader.h
[0.643s] -- Up-to-date: /home/zp/ros2/sim/install/champ/include/champ/macros
[0.643s] -- Up-to-date: /home/zp/ros2/sim/install/champ/include/champ/macros/macros.h
[0.643s] -- Up-to-date: /home/zp/ros2/sim/install/champ/include/champ/body_controller
[0.643s] -- Up-to-date: /home/zp/ros2/sim/install/champ/include/champ/body_controller/body_controller.h
[0.644s] -- Up-to-date: /home/zp/ros2/sim/install/champ/include/champ/odometry
[0.644s] -- Up-to-date: /home/zp/ros2/sim/install/champ/include/champ/odometry/odometry.h
[0.644s] -- Up-to-date: /home/zp/ros2/sim/install/champ/include/champ/kinematics
[0.644s] -- Up-to-date: /home/zp/ros2/sim/install/champ/include/champ/kinematics/kinematics.h
[0.645s] -- Up-to-date: /home/zp/ros2/sim/install/champ/include/champ/bla
[0.645s] -- Up-to-date: /home/zp/ros2/sim/install/champ/include/champ/bla/memory_delegate.h
[0.645s] -- Up-to-date: /home/zp/ros2/sim/install/champ/include/champ/bla/basic_linear_algebra.h
[0.646s] -- Up-to-date: /home/zp/ros2/sim/install/champ/include/champ/README.md
[0.646s] -- Up-to-date: /home/zp/ros2/sim/install/champ/include/champ/quadruped_base
[0.647s] -- Up-to-date: /home/zp/ros2/sim/install/champ/include/champ/quadruped_base/quadruped_leg.h
[0.647s] -- Up-to-date: /home/zp/ros2/sim/install/champ/include/champ/quadruped_base/quadruped_base.h
[0.648s] -- Up-to-date: /home/zp/ros2/sim/install/champ/include/champ/quadruped_base/quadruped_joint.h
[0.648s] -- Up-to-date: /home/zp/ros2/sim/install/champ/include/champ/quadruped_base/quadruped_components.h
[0.649s] -- Up-to-date: /home/zp/ros2/sim/install/champ/include/champ/LICENSE
[0.649s] -- Up-to-date: /home/zp/ros2/sim/install/champ/include/champ/geometry
[0.649s] -- Up-to-date: /home/zp/ros2/sim/install/champ/include/champ/geometry/geometry.h
[0.649s] -- Up-to-date: /home/zp/ros2/sim/install/champ/share/ament_index/resource_index/package_run_dependencies/champ
[0.649s] -- Up-to-date: /home/zp/ros2/sim/install/champ/share/ament_index/resource_index/parent_prefix_path/champ
[0.649s] -- Up-to-date: /home/zp/ros2/sim/install/champ/share/champ/environment/ament_prefix_path.sh
[0.649s] -- Up-to-date: /home/zp/ros2/sim/install/champ/share/champ/environment/ament_prefix_path.dsv
[0.649s] -- Up-to-date: /home/zp/ros2/sim/install/champ/share/champ/environment/path.sh
[0.649s] -- Up-to-date: /home/zp/ros2/sim/install/champ/share/champ/environment/path.dsv
[0.650s] -- Up-to-date: /home/zp/ros2/sim/install/champ/share/champ/local_setup.bash
[0.651s] -- Up-to-date: /home/zp/ros2/sim/install/champ/share/champ/local_setup.sh
[0.652s] -- Up-to-date: /home/zp/ros2/sim/install/champ/share/champ/local_setup.zsh
[0.652s] -- Up-to-date: /home/zp/ros2/sim/install/champ/share/champ/local_setup.dsv
[0.652s] -- Installing: /home/zp/ros2/sim/install/champ/share/champ/package.dsv
[0.652s] -- Up-to-date: /home/zp/ros2/sim/install/champ/share/ament_index/resource_index/packages/champ
[0.652s] -- Up-to-date: /home/zp/ros2/sim/install/champ/share/champ/cmake/ament_cmake_export_include_directories-extras.cmake
[0.653s] -- Up-to-date: /home/zp/ros2/sim/install/champ/share/champ/cmake/champConfig.cmake
[0.653s] -- Up-to-date: /home/zp/ros2/sim/install/champ/share/champ/cmake/champConfig-version.cmake
[0.653s] -- Up-to-date: /home/zp/ros2/sim/install/champ/share/champ/package.xml
[0.743s] Invoked command in '/home/zp/ros2/sim/build/champ' returned '0': CMAKE_PREFIX_PATH=${CMAKE_PREFIX_PATH}:/home/zp/ros2/sim/install/my_motion_example:/home/zp/ros2/sim/install/go2_control:/opt/ros/humble /usr/bin/cmake --install /home/zp/ros2/sim/build/champ
