[0.034s] Invoking command in '/home/zp/ros2/sim/build/go2_config': CMAKE_PREFIX_PATH=/opt/ros/humble /usr/bin/cmake /home/zp/ros2/sim/src/unitree-go2-ros2/robots/configs/go2_config -DCMAKE_INSTALL_PREFIX=/home/zp/ros2/sim/install/go2_config
[0.323s] -- The C compiler identification is GNU 11.4.0
[1.441s] -- The CXX compiler identification is GNU 11.4.0
[2.410s] -- Detecting C compiler ABI info
[2.632s] -- Detecting C compiler ABI info - done
[2.636s] -- Check for working C compiler: /usr/bin/cc - skipped
[2.637s] -- Detecting C compile features
[2.637s] -- Detecting C compile features - done
[2.639s] -- Detecting CXX compiler ABI info
[2.907s] -- Detecting CXX compiler ABI info - done
[2.912s] -- Check for working CXX compiler: /usr/bin/c++ - skipped
[2.912s] -- Detecting CXX compile features
[2.913s] -- Detecting CXX compile features - done
[2.915s] -- Found ament_cmake: 1.3.12 (/opt/ros/humble/share/ament_cmake/cmake)
[3.024s] -- Found Python3: /usr/bin/python3 (found version "3.10.12") found components: Interpreter 
[3.128s] -- Configuring done
[3.131s] -- Generating done
[3.133s] -- Build files have been written to: /home/zp/ros2/sim/build/go2_config
[3.139s] Invoked command in '/home/zp/ros2/sim/build/go2_config' returned '0': CMAKE_PREFIX_PATH=/opt/ros/humble /usr/bin/cmake /home/zp/ros2/sim/src/unitree-go2-ros2/robots/configs/go2_config -DCMAKE_INSTALL_PREFIX=/home/zp/ros2/sim/install/go2_config
[3.141s] Invoking command in '/home/zp/ros2/sim/build/go2_config': CMAKE_PREFIX_PATH=/opt/ros/humble /usr/bin/cmake --build /home/zp/ros2/sim/build/go2_config -- -j20 -l20
[3.163s] Invoked command in '/home/zp/ros2/sim/build/go2_config' returned '0': CMAKE_PREFIX_PATH=/opt/ros/humble /usr/bin/cmake --build /home/zp/ros2/sim/build/go2_config -- -j20 -l20
[3.165s] Invoking command in '/home/zp/ros2/sim/build/go2_config': CMAKE_PREFIX_PATH=/opt/ros/humble /usr/bin/cmake --install /home/zp/ros2/sim/build/go2_config
[3.170s] -- Install configuration: ""
[3.170s] -- Installing: /home/zp/ros2/sim/install/go2_config/share/go2_config/launch
[3.171s] -- Installing: /home/zp/ros2/sim/install/go2_config/share/go2_config/launch/gazebo_velodyne.launch.py
[3.172s] -- Installing: /home/zp/ros2/sim/install/go2_config/share/go2_config/launch/navigate.launch.py
[3.172s] -- Installing: /home/zp/ros2/sim/install/go2_config/share/go2_config/launch/gazebo.launch.py
[3.172s] -- Installing: /home/zp/ros2/sim/install/go2_config/share/go2_config/launch/bringup.launch.py
[3.172s] -- Installing: /home/zp/ros2/sim/install/go2_config/share/go2_config/launch/slam.launch.py
[3.172s] -- Installing: /home/zp/ros2/sim/install/go2_config/share/go2_config/config
[3.172s] -- Installing: /home/zp/ros2/sim/install/go2_config/share/go2_config/config/ros_control
[3.172s] -- Installing: /home/zp/ros2/sim/install/go2_config/share/go2_config/config/ros_control/ros_control.yaml
[3.172s] -- Installing: /home/zp/ros2/sim/install/go2_config/share/go2_config/config/autonomy
[3.173s] -- Installing: /home/zp/ros2/sim/install/go2_config/share/go2_config/config/autonomy/navigation.yaml
[3.173s] -- Installing: /home/zp/ros2/sim/install/go2_config/share/go2_config/config/autonomy/slam.yaml
[3.173s] -- Installing: /home/zp/ros2/sim/install/go2_config/share/go2_config/config/gait
[3.173s] -- Installing: /home/zp/ros2/sim/install/go2_config/share/go2_config/config/gait/gait.yaml
[3.173s] -- Installing: /home/zp/ros2/sim/install/go2_config/share/go2_config/config/joints
[3.173s] -- Installing: /home/zp/ros2/sim/install/go2_config/share/go2_config/config/joints/joints.yaml
[3.173s] -- Installing: /home/zp/ros2/sim/install/go2_config/share/go2_config/config/links
[3.174s] -- Installing: /home/zp/ros2/sim/install/go2_config/share/go2_config/config/links/links.yaml
[3.174s] -- Installing: /home/zp/ros2/sim/install/go2_config/share/go2_config/maps
[3.174s] -- Installing: /home/zp/ros2/sim/install/go2_config/share/go2_config/maps/playground.pgm
[3.174s] -- Installing: /home/zp/ros2/sim/install/go2_config/share/go2_config/maps/playground.yaml
[3.174s] -- Installing: /home/zp/ros2/sim/install/go2_config/share/go2_config/maps/map.yaml
[3.174s] -- Installing: /home/zp/ros2/sim/install/go2_config/share/go2_config/maps/map.pgm
[3.176s] -- Installing: /home/zp/ros2/sim/install/go2_config/share/go2_config/worlds
[3.176s] -- Installing: /home/zp/ros2/sim/install/go2_config/share/go2_config/worlds/outdoor.world
[3.176s] -- Installing: /home/zp/ros2/sim/install/go2_config/share/go2_config/worlds/playground.world
[3.176s] -- Installing: /home/zp/ros2/sim/install/go2_config/share/go2_config/worlds/default.world
[3.177s] -- Installing: /home/zp/ros2/sim/install/go2_config/share/ament_index/resource_index/package_run_dependencies/go2_config
[3.177s] -- Installing: /home/zp/ros2/sim/install/go2_config/share/ament_index/resource_index/parent_prefix_path/go2_config
[3.177s] -- Installing: /home/zp/ros2/sim/install/go2_config/share/go2_config/environment/ament_prefix_path.sh
[3.177s] -- Installing: /home/zp/ros2/sim/install/go2_config/share/go2_config/environment/ament_prefix_path.dsv
[3.177s] -- Installing: /home/zp/ros2/sim/install/go2_config/share/go2_config/environment/path.sh
[3.177s] -- Installing: /home/zp/ros2/sim/install/go2_config/share/go2_config/environment/path.dsv
[3.178s] -- Installing: /home/zp/ros2/sim/install/go2_config/share/go2_config/local_setup.bash
[3.178s] -- Installing: /home/zp/ros2/sim/install/go2_config/share/go2_config/local_setup.sh
[3.178s] -- Installing: /home/zp/ros2/sim/install/go2_config/share/go2_config/local_setup.zsh
[3.178s] -- Installing: /home/zp/ros2/sim/install/go2_config/share/go2_config/local_setup.dsv
[3.178s] -- Installing: /home/zp/ros2/sim/install/go2_config/share/go2_config/package.dsv
[3.178s] -- Installing: /home/zp/ros2/sim/install/go2_config/share/ament_index/resource_index/packages/go2_config
[3.178s] -- Installing: /home/zp/ros2/sim/install/go2_config/share/go2_config/cmake/go2_configConfig.cmake
[3.178s] -- Installing: /home/zp/ros2/sim/install/go2_config/share/go2_config/cmake/go2_configConfig-version.cmake
[3.179s] -- Installing: /home/zp/ros2/sim/install/go2_config/share/go2_config/package.xml
[3.180s] Invoked command in '/home/zp/ros2/sim/build/go2_config' returned '0': CMAKE_PREFIX_PATH=/opt/ros/humble /usr/bin/cmake --install /home/zp/ros2/sim/build/go2_config
