[0.187s] Invoking command in '/home/zp/ros2/sim/build/champ_base': AMENT_PREFIX_PATH=/home/zp/ros2/sim/install/champ_msgs:/home/zp/ros2/sim/install/champ:${AMENT_PREFIX_PATH} CMAKE_PREFIX_PATH=/home/zp/ros2/sim/install/champ_msgs:/home/zp/ros2/sim/install/champ:/opt/ros/humble LD_LIBRARY_PATH=/home/zp/ros2/sim/install/champ_msgs/lib:${LD_LIBRARY_PATH} PYTHONPATH=/home/zp/ros2/sim/install/champ_msgs/local/lib/python3.10/dist-packages:${PYTHONPATH} /usr/bin/cmake /home/zp/ros2/sim/src/unitree-go2-ros2/champ/champ_base -DCMAKE_INSTALL_PREFIX=/home/zp/ros2/sim/install/champ_base
[0.346s] -- The C compiler identification is GNU 11.4.0
[1.167s] -- The CXX compiler identification is GNU 11.4.0
[1.619s] -- Detecting C compiler ABI info
[1.779s] -- Detecting C compiler ABI info - done
[1.783s] -- Check for working C compiler: /usr/bin/cc - skipped
[1.783s] -- Detecting C compile features
[1.783s] -- Detecting C compile features - done
[1.786s] -- Detecting CXX compiler ABI info
[1.946s] -- Detecting CXX compiler ABI info - done
[1.951s] -- Check for working CXX compiler: /usr/bin/c++ - skipped
[1.951s] -- Detecting CXX compile features
[1.951s] -- Detecting CXX compile features - done
[1.953s] -- Found ament_cmake: 1.3.12 (/opt/ros/humble/share/ament_cmake/cmake)
[2.054s] -- Found Python3: /usr/bin/python3 (found version "3.10.12") found components: Interpreter 
[2.115s] -- Found rclcpp: 16.0.17 (/opt/ros/humble/share/rclcpp/cmake)
[2.816s] -- Found rosidl_generator_c: 3.1.8 (/opt/ros/humble/share/rosidl_generator_c/cmake)
[2.819s] -- Found rosidl_adapter: 3.1.8 (/opt/ros/humble/share/rosidl_adapter/cmake)
[2.824s] -- Found rosidl_generator_cpp: 3.1.8 (/opt/ros/humble/share/rosidl_generator_cpp/cmake)
[2.832s] -- Using all available rosidl_typesupport_c: rosidl_typesupport_fastrtps_c;rosidl_typesupport_introspection_c
[2.843s] -- Using all available rosidl_typesupport_cpp: rosidl_typesupport_fastrtps_cpp;rosidl_typesupport_introspection_cpp
[2.872s] -- Found rmw_implementation_cmake: 6.1.2 (/opt/ros/humble/share/rmw_implementation_cmake/cmake)
[2.874s] -- Found rmw_cyclonedds_cpp: 1.3.4 (/opt/ros/humble/share/rmw_cyclonedds_cpp/cmake)
[2.887s] -- Using RMW implementation 'rmw_cyclonedds_cpp' as default
[2.892s] -- Looking for pthread.h
[3.029s] -- Looking for pthread.h - found
[3.029s] -- Performing Test CMAKE_HAVE_LIBC_PTHREAD
[3.170s] -- Performing Test CMAKE_HAVE_LIBC_PTHREAD - Success
[3.170s] -- Found Threads: TRUE  
[3.207s] -- Found rclpy: 3.3.19 (/opt/ros/humble/share/rclpy/cmake)
[3.207s] -- Found champ_msgs: 0.1.0 (/home/zp/ros2/sim/install/champ_msgs/share/champ_msgs/cmake)
[3.227s] -- Found visualization_msgs: 4.9.0 (/opt/ros/humble/share/visualization_msgs/cmake)
[3.266s] -- Found trajectory_msgs: 4.9.0 (/opt/ros/humble/share/trajectory_msgs/cmake)
[3.283s] -- Found nav_msgs: 4.9.0 (/opt/ros/humble/share/nav_msgs/cmake)
[3.300s] -- Found tf2_ros: 0.25.18 (/opt/ros/humble/share/tf2_ros/cmake)
[3.409s] -- Found urdf: 2.6.1 (/opt/ros/humble/share/urdf/cmake)
[8.734s] -- Found champ: 0.1.0 (/home/zp/ros2/sim/install/champ/share/champ/cmake)
[8.794s] -- Configuring done
[8.832s] -- Generating done
[8.842s] -- Build files have been written to: /home/zp/ros2/sim/build/champ_base
[8.858s] Invoked command in '/home/zp/ros2/sim/build/champ_base' returned '0': AMENT_PREFIX_PATH=/home/zp/ros2/sim/install/champ_msgs:/home/zp/ros2/sim/install/champ:${AMENT_PREFIX_PATH} CMAKE_PREFIX_PATH=/home/zp/ros2/sim/install/champ_msgs:/home/zp/ros2/sim/install/champ:/opt/ros/humble LD_LIBRARY_PATH=/home/zp/ros2/sim/install/champ_msgs/lib:${LD_LIBRARY_PATH} PYTHONPATH=/home/zp/ros2/sim/install/champ_msgs/local/lib/python3.10/dist-packages:${PYTHONPATH} /usr/bin/cmake /home/zp/ros2/sim/src/unitree-go2-ros2/champ/champ_base -DCMAKE_INSTALL_PREFIX=/home/zp/ros2/sim/install/champ_base
[8.860s] Invoking command in '/home/zp/ros2/sim/build/champ_base': AMENT_PREFIX_PATH=/home/zp/ros2/sim/install/champ_msgs:/home/zp/ros2/sim/install/champ:${AMENT_PREFIX_PATH} CMAKE_PREFIX_PATH=/home/zp/ros2/sim/install/champ_msgs:/home/zp/ros2/sim/install/champ:/opt/ros/humble LD_LIBRARY_PATH=/home/zp/ros2/sim/install/champ_msgs/lib:${LD_LIBRARY_PATH} PYTHONPATH=/home/zp/ros2/sim/install/champ_msgs/local/lib/python3.10/dist-packages:${PYTHONPATH} /usr/bin/cmake --build /home/zp/ros2/sim/build/champ_base -- -j20 -l20
[8.893s] [  8%] [32mBuilding CXX object CMakeFiles/quadruped_controller.dir/src/quadruped_controller.cpp.o[0m
[8.893s] [ 16%] [32mBuilding CXX object CMakeFiles/state_estimation.dir/src/state_estimation.cpp.o[0m
[8.893s] [ 25%] [32mBuilding CXX object CMakeFiles/message_relay.dir/src/message_relay.cpp.o[0m
[19.076s] [ 33%] [32m[1mLinking CXX shared library libquadruped_controller.so[0m
[19.883s] [ 33%] Built target quadruped_controller
[19.899s] [ 41%] [32mBuilding CXX object CMakeFiles/quadruped_controller_node.dir/src/quadruped_controller_node.cpp.o[0m
[21.301s] [ 50%] [32m[1mLinking CXX shared library libmessage_relay.so[0m
[22.101s] [ 50%] Built target message_relay
[22.116s] [ 58%] [32mBuilding CXX object CMakeFiles/message_relay_node.dir/src/message_relay_node.cpp.o[0m
[22.352s] [ 66%] [32m[1mLinking CXX executable quadruped_controller_node[0m
[22.777s] [ 66%] Built target quadruped_controller_node
[22.981s] [ 75%] [32m[1mLinking CXX shared library libstate_estimation.so[0m
[23.903s] [ 75%] Built target state_estimation
[23.917s] [ 83%] [32mBuilding CXX object CMakeFiles/state_estimation_node.dir/src/state_estimation_node.cpp.o[0m
[24.604s] [ 91%] [32m[1mLinking CXX executable message_relay_node[0m
[25.025s] [ 91%] Built target message_relay_node
[28.105s] [100%] [32m[1mLinking CXX executable state_estimation_node[0m
[28.561s] [100%] Built target state_estimation_node
[28.569s] Invoked command in '/home/zp/ros2/sim/build/champ_base' returned '0': AMENT_PREFIX_PATH=/home/zp/ros2/sim/install/champ_msgs:/home/zp/ros2/sim/install/champ:${AMENT_PREFIX_PATH} CMAKE_PREFIX_PATH=/home/zp/ros2/sim/install/champ_msgs:/home/zp/ros2/sim/install/champ:/opt/ros/humble LD_LIBRARY_PATH=/home/zp/ros2/sim/install/champ_msgs/lib:${LD_LIBRARY_PATH} PYTHONPATH=/home/zp/ros2/sim/install/champ_msgs/local/lib/python3.10/dist-packages:${PYTHONPATH} /usr/bin/cmake --build /home/zp/ros2/sim/build/champ_base -- -j20 -l20
[28.570s] Invoking command in '/home/zp/ros2/sim/build/champ_base': AMENT_PREFIX_PATH=/home/zp/ros2/sim/install/champ_msgs:/home/zp/ros2/sim/install/champ:${AMENT_PREFIX_PATH} CMAKE_PREFIX_PATH=/home/zp/ros2/sim/install/champ_msgs:/home/zp/ros2/sim/install/champ:/opt/ros/humble LD_LIBRARY_PATH=/home/zp/ros2/sim/install/champ_msgs/lib:${LD_LIBRARY_PATH} PYTHONPATH=/home/zp/ros2/sim/install/champ_msgs/local/lib/python3.10/dist-packages:${PYTHONPATH} /usr/bin/cmake --install /home/zp/ros2/sim/build/champ_base
[28.575s] -- Install configuration: ""
[28.576s] -- Installing: /home/zp/ros2/sim/install/champ_base/share/champ_base/config
[28.576s] -- Installing: /home/zp/ros2/sim/install/champ_base/share/champ_base/config/ekf
[28.576s] -- Installing: /home/zp/ros2/sim/install/champ_base/share/champ_base/config/ekf/footprint_to_odom.yaml
[28.576s] -- Installing: /home/zp/ros2/sim/install/champ_base/share/champ_base/config/ekf/base_to_footprint.yaml
[28.577s] -- Installing: /home/zp/ros2/sim/install/champ_base/share/champ_base/config/velocity_smoother
[28.577s] -- Installing: /home/zp/ros2/sim/install/champ_base/share/champ_base/config/velocity_smoother/velocity_smoother.yaml
[28.577s] -- Installing: /home/zp/ros2/sim/install/champ_base/lib/libquadruped_controller.so
[28.582s] -- Set runtime path of "/home/zp/ros2/sim/install/champ_base/lib/libquadruped_controller.so" to ""
[28.582s] -- Installing: /home/zp/ros2/sim/install/champ_base/bin/quadruped_controller_node
[28.583s] -- Set runtime path of "/home/zp/ros2/sim/install/champ_base/bin/quadruped_controller_node" to ""
[28.583s] -- Installing: /home/zp/ros2/sim/install/champ_base/lib/libmessage_relay.so
[28.591s] -- Set runtime path of "/home/zp/ros2/sim/install/champ_base/lib/libmessage_relay.so" to ""
[28.591s] -- Installing: /home/zp/ros2/sim/install/champ_base/bin/message_relay_node
[28.591s] -- Set runtime path of "/home/zp/ros2/sim/install/champ_base/bin/message_relay_node" to ""
[28.591s] -- Installing: /home/zp/ros2/sim/install/champ_base/lib/libstate_estimation.so
[28.600s] -- Set runtime path of "/home/zp/ros2/sim/install/champ_base/lib/libstate_estimation.so" to ""
[28.600s] -- Installing: /home/zp/ros2/sim/install/champ_base/bin/state_estimation_node
[28.600s] -- Set runtime path of "/home/zp/ros2/sim/install/champ_base/bin/state_estimation_node" to ""
[28.600s] -- Installing: /home/zp/ros2/sim/install/champ_base/lib/champ_base/quadruped_controller_node
[28.600s] -- Set runtime path of "/home/zp/ros2/sim/install/champ_base/lib/champ_base/quadruped_controller_node" to ""
[28.600s] -- Installing: /home/zp/ros2/sim/install/champ_base/lib/champ_base/message_relay_node
[28.601s] -- Set runtime path of "/home/zp/ros2/sim/install/champ_base/lib/champ_base/message_relay_node" to ""
[28.601s] -- Installing: /home/zp/ros2/sim/install/champ_base/lib/champ_base/state_estimation_node
[28.601s] -- Set runtime path of "/home/zp/ros2/sim/install/champ_base/lib/champ_base/state_estimation_node" to ""
[28.601s] -- Installing: /home/zp/ros2/sim/install/champ_base/share/ament_index/resource_index/package_run_dependencies/champ_base
[28.601s] -- Installing: /home/zp/ros2/sim/install/champ_base/share/ament_index/resource_index/parent_prefix_path/champ_base
[28.602s] -- Installing: /home/zp/ros2/sim/install/champ_base/share/champ_base/environment/ament_prefix_path.sh
[28.602s] -- Installing: /home/zp/ros2/sim/install/champ_base/share/champ_base/environment/ament_prefix_path.dsv
[28.602s] -- Installing: /home/zp/ros2/sim/install/champ_base/share/champ_base/environment/path.sh
[28.602s] -- Installing: /home/zp/ros2/sim/install/champ_base/share/champ_base/environment/path.dsv
[28.602s] -- Installing: /home/zp/ros2/sim/install/champ_base/share/champ_base/local_setup.bash
[28.602s] -- Installing: /home/zp/ros2/sim/install/champ_base/share/champ_base/local_setup.sh
[28.602s] -- Installing: /home/zp/ros2/sim/install/champ_base/share/champ_base/local_setup.zsh
[28.602s] -- Installing: /home/zp/ros2/sim/install/champ_base/share/champ_base/local_setup.dsv
[28.602s] -- Installing: /home/zp/ros2/sim/install/champ_base/share/champ_base/package.dsv
[28.603s] -- Installing: /home/zp/ros2/sim/install/champ_base/share/ament_index/resource_index/packages/champ_base
[28.603s] -- Installing: /home/zp/ros2/sim/install/champ_base/share/champ_base/cmake/ament_cmake_export_include_directories-extras.cmake
[28.603s] -- Installing: /home/zp/ros2/sim/install/champ_base/share/champ_base/cmake/ament_cmake_export_dependencies-extras.cmake
[28.603s] -- Installing: /home/zp/ros2/sim/install/champ_base/share/champ_base/cmake/champ_baseConfig.cmake
[28.603s] -- Installing: /home/zp/ros2/sim/install/champ_base/share/champ_base/cmake/champ_baseConfig-version.cmake
[28.603s] -- Installing: /home/zp/ros2/sim/install/champ_base/share/champ_base/package.xml
[28.605s] Invoked command in '/home/zp/ros2/sim/build/champ_base' returned '0': AMENT_PREFIX_PATH=/home/zp/ros2/sim/install/champ_msgs:/home/zp/ros2/sim/install/champ:${AMENT_PREFIX_PATH} CMAKE_PREFIX_PATH=/home/zp/ros2/sim/install/champ_msgs:/home/zp/ros2/sim/install/champ:/opt/ros/humble LD_LIBRARY_PATH=/home/zp/ros2/sim/install/champ_msgs/lib:${LD_LIBRARY_PATH} PYTHONPATH=/home/zp/ros2/sim/install/champ_msgs/local/lib/python3.10/dist-packages:${PYTHONPATH} /usr/bin/cmake --install /home/zp/ros2/sim/build/champ_base
