[0.061s] Invoking command in '/home/zp/ros2/sim/build/champ_description': CMAKE_PREFIX_PATH=${CMAKE_PREFIX_PATH}:/home/zp/ros2/sim/install/my_motion_example:/home/zp/ros2/sim/install/go2_control:/opt/ros/humble /usr/bin/cmake --build /home/zp/ros2/sim/build/champ_description -- -j20 -l20
[0.585s] Invoked command in '/home/zp/ros2/sim/build/champ_description' returned '0': CMAKE_PREFIX_PATH=${CMAKE_PREFIX_PATH}:/home/zp/ros2/sim/install/my_motion_example:/home/zp/ros2/sim/install/go2_control:/opt/ros/humble /usr/bin/cmake --build /home/zp/ros2/sim/build/champ_description -- -j20 -l20
[0.593s] Invoking command in '/home/zp/ros2/sim/build/champ_description': CMAKE_PREFIX_PATH=${CMAKE_PREFIX_PATH}:/home/zp/ros2/sim/install/my_motion_example:/home/zp/ros2/sim/install/go2_control:/opt/ros/humble /usr/bin/cmake --install /home/zp/ros2/sim/build/champ_description
[0.613s] -- Install configuration: ""
[0.614s] -- Up-to-date: /home/zp/ros2/sim/install/champ_description/share/champ_description/launch
[0.614s] -- Up-to-date: /home/zp/ros2/sim/install/champ_description/share/champ_description/launch/description.launch
[0.615s] -- Up-to-date: /home/zp/ros2/sim/install/champ_description/share/champ_description/launch/description.launch.py
[0.616s] -- Up-to-date: /home/zp/ros2/sim/install/champ_description/share/champ_description/launch/view_urdf.launch
[0.621s] -- Up-to-date: /home/zp/ros2/sim/install/champ_description/share/champ_description/rviz
[0.621s] -- Up-to-date: /home/zp/ros2/sim/install/champ_description/share/champ_description/rviz/urdf_viewer.rviz
[0.622s] -- Up-to-date: /home/zp/ros2/sim/install/champ_description/share/champ_description/meshes
[0.622s] -- Up-to-date: /home/zp/ros2/sim/install/champ_description/share/champ_description/meshes/lower_leg_simple.stl
[0.622s] -- Up-to-date: /home/zp/ros2/sim/install/champ_description/share/champ_description/meshes/upper_leg.stl
[0.622s] -- Up-to-date: /home/zp/ros2/sim/install/champ_description/share/champ_description/meshes/lower_leg.stl
[0.622s] -- Up-to-date: /home/zp/ros2/sim/install/champ_description/share/champ_description/meshes/hokuyo_utm_30lx.dae
[0.622s] -- Up-to-date: /home/zp/ros2/sim/install/champ_description/share/champ_description/meshes/arm
[0.622s] -- Up-to-date: /home/zp/ros2/sim/install/champ_description/share/champ_description/meshes/arm/upper_arm.stl
[0.622s] -- Up-to-date: /home/zp/ros2/sim/install/champ_description/share/champ_description/meshes/arm/lower_arm.stl
[0.622s] -- Up-to-date: /home/zp/ros2/sim/install/champ_description/share/champ_description/meshes/arm/wrist1.stl
[0.622s] -- Up-to-date: /home/zp/ros2/sim/install/champ_description/share/champ_description/meshes/arm/wrist2.stl
[0.622s] -- Up-to-date: /home/zp/ros2/sim/install/champ_description/share/champ_description/meshes/arm/base.stl
[0.623s] -- Up-to-date: /home/zp/ros2/sim/install/champ_description/share/champ_description/meshes/upper_leg_simple.stl
[0.623s] -- Up-to-date: /home/zp/ros2/sim/install/champ_description/share/champ_description/meshes/hip.stl
[0.623s] -- Up-to-date: /home/zp/ros2/sim/install/champ_description/share/champ_description/meshes/base_simple.stl
[0.623s] -- Up-to-date: /home/zp/ros2/sim/install/champ_description/share/champ_description/meshes/asus_camera_simple.dae
[0.623s] -- Up-to-date: /home/zp/ros2/sim/install/champ_description/share/champ_description/meshes/base.stl
[0.623s] -- Up-to-date: /home/zp/ros2/sim/install/champ_description/share/champ_description/urdf
[0.623s] -- Up-to-date: /home/zp/ros2/sim/install/champ_description/share/champ_description/urdf/gen_urdf
[0.623s] -- Up-to-date: /home/zp/ros2/sim/install/champ_description/share/champ_description/urdf/champ.urdf
[0.623s] -- Up-to-date: /home/zp/ros2/sim/install/champ_description/share/champ_description/urdf/champ.urdf.xacro
[0.623s] -- Up-to-date: /home/zp/ros2/sim/install/champ_description/share/champ_description/urdf/leg.urdf.xacro
[0.624s] -- Up-to-date: /home/zp/ros2/sim/install/champ_description/share/champ_description/urdf/hokuyo_utm30lx.urdf.xacro
[0.625s] -- Up-to-date: /home/zp/ros2/sim/install/champ_description/share/champ_description/urdf/champ_arm.urdf
[0.625s] -- Up-to-date: /home/zp/ros2/sim/install/champ_description/share/champ_description/urdf/champ_velodyne.urdf
[0.625s] -- Up-to-date: /home/zp/ros2/sim/install/champ_description/share/champ_description/urdf/accessories.urdf.xacro
[0.626s] -- Up-to-date: /home/zp/ros2/sim/install/champ_description/share/champ_description/urdf/asus_camera.urdf.xacro
[0.626s] -- Up-to-date: /home/zp/ros2/sim/install/champ_description/share/champ_description/urdf/properties.urdf.xacro
[0.626s] -- Up-to-date: /home/zp/ros2/sim/install/champ_description/share/ament_index/resource_index/package_run_dependencies/champ_description
[0.626s] -- Up-to-date: /home/zp/ros2/sim/install/champ_description/share/ament_index/resource_index/parent_prefix_path/champ_description
[0.627s] -- Up-to-date: /home/zp/ros2/sim/install/champ_description/share/champ_description/environment/ament_prefix_path.sh
[0.627s] -- Up-to-date: /home/zp/ros2/sim/install/champ_description/share/champ_description/environment/ament_prefix_path.dsv
[0.628s] -- Up-to-date: /home/zp/ros2/sim/install/champ_description/share/champ_description/environment/path.sh
[0.628s] -- Up-to-date: /home/zp/ros2/sim/install/champ_description/share/champ_description/environment/path.dsv
[0.628s] -- Up-to-date: /home/zp/ros2/sim/install/champ_description/share/champ_description/local_setup.bash
[0.628s] -- Up-to-date: /home/zp/ros2/sim/install/champ_description/share/champ_description/local_setup.sh
[0.628s] -- Up-to-date: /home/zp/ros2/sim/install/champ_description/share/champ_description/local_setup.zsh
[0.629s] -- Up-to-date: /home/zp/ros2/sim/install/champ_description/share/champ_description/local_setup.dsv
[0.629s] -- Installing: /home/zp/ros2/sim/install/champ_description/share/champ_description/package.dsv
[0.629s] -- Up-to-date: /home/zp/ros2/sim/install/champ_description/share/ament_index/resource_index/packages/champ_description
[0.629s] -- Up-to-date: /home/zp/ros2/sim/install/champ_description/share/champ_description/cmake/champ_descriptionConfig.cmake
[0.629s] -- Up-to-date: /home/zp/ros2/sim/install/champ_description/share/champ_description/cmake/champ_descriptionConfig-version.cmake
[0.629s] -- Up-to-date: /home/zp/ros2/sim/install/champ_description/share/champ_description/package.xml
[0.729s] Invoked command in '/home/zp/ros2/sim/build/champ_description' returned '0': CMAKE_PREFIX_PATH=${CMAKE_PREFIX_PATH}:/home/zp/ros2/sim/install/my_motion_example:/home/zp/ros2/sim/install/go2_control:/opt/ros/humble /usr/bin/cmake --install /home/zp/ros2/sim/build/champ_description
