/home/zp/ros2/sim/install/go2_control/lib/python3.10/site-packages/go2_control/move_distance_client.py
/home/zp/ros2/sim/install/go2_control/lib/python3.10/site-packages/go2_control/__init__.py
/home/zp/ros2/sim/install/go2_control/lib/python3.10/site-packages/go2_control/keyboard_control.py
/home/zp/ros2/sim/install/go2_control/lib/python3.10/site-packages/go2_control/move_distance_server.py
/home/zp/ros2/sim/install/go2_control/lib/python3.10/site-packages/go2_control/__pycache__/move_distance_client.cpython-310.pyc
/home/zp/ros2/sim/install/go2_control/lib/python3.10/site-packages/go2_control/__pycache__/__init__.cpython-310.pyc
/home/zp/ros2/sim/install/go2_control/lib/python3.10/site-packages/go2_control/__pycache__/keyboard_control.cpython-310.pyc
/home/zp/ros2/sim/install/go2_control/lib/python3.10/site-packages/go2_control/__pycache__/move_distance_server.cpython-310.pyc
/home/zp/ros2/sim/install/go2_control/share/ament_index/resource_index/packages/go2_control
/home/zp/ros2/sim/install/go2_control/share/go2_control/package.xml
/home/zp/ros2/sim/install/go2_control/lib/python3.10/site-packages/go2_control-0.0.0-py3.10.egg-info/SOURCES.txt
/home/zp/ros2/sim/install/go2_control/lib/python3.10/site-packages/go2_control-0.0.0-py3.10.egg-info/top_level.txt
/home/zp/ros2/sim/install/go2_control/lib/python3.10/site-packages/go2_control-0.0.0-py3.10.egg-info/PKG-INFO
/home/zp/ros2/sim/install/go2_control/lib/python3.10/site-packages/go2_control-0.0.0-py3.10.egg-info/entry_points.txt
/home/zp/ros2/sim/install/go2_control/lib/python3.10/site-packages/go2_control-0.0.0-py3.10.egg-info/requires.txt
/home/zp/ros2/sim/install/go2_control/lib/python3.10/site-packages/go2_control-0.0.0-py3.10.egg-info/dependency_links.txt
/home/zp/ros2/sim/install/go2_control/lib/python3.10/site-packages/go2_control-0.0.0-py3.10.egg-info/zip-safe
/home/zp/ros2/sim/install/go2_control/lib/go2_control/keyboard_control_node
/home/zp/ros2/sim/install/go2_control/lib/go2_control/move_distance_client
/home/zp/ros2/sim/install/go2_control/lib/go2_control/move_distance_server
