[0.062s] Invoking command in '/home/zp/ros2/sim/build/champ_teleop': CMAKE_PREFIX_PATH=/opt/ros/humble /usr/bin/cmake --build /home/zp/ros2/sim/build/champ_teleop -- -j20 -l20
[0.646s] Invoked command in '/home/zp/ros2/sim/build/champ_teleop' returned '0': CMAKE_PREFIX_PATH=/opt/ros/humble /usr/bin/cmake --build /home/zp/ros2/sim/build/champ_teleop -- -j20 -l20
[0.649s] Invoking command in '/home/zp/ros2/sim/build/champ_teleop': CMAKE_PREFIX_PATH=/opt/ros/humble /usr/bin/cmake --install /home/zp/ros2/sim/build/champ_teleop
[0.703s] -- Install configuration: ""
[0.703s] -- Up-to-date: /home/zp/ros2/sim/install/champ_teleop/share/champ_teleop/launch
[0.703s] -- Up-to-date: /home/zp/ros2/sim/install/champ_teleop/share/champ_teleop/launch/teleop.launch.py
[0.703s] -- Up-to-date: /home/zp/ros2/sim/install/champ_teleop/lib/champ_teleop/champ_teleop.py
[0.703s] -- Up-to-date: /home/zp/ros2/sim/install/champ_teleop/share/ament_index/resource_index/package_run_dependencies/champ_teleop
[0.703s] -- Up-to-date: /home/zp/ros2/sim/install/champ_teleop/share/ament_index/resource_index/parent_prefix_path/champ_teleop
[0.704s] -- Up-to-date: /home/zp/ros2/sim/install/champ_teleop/share/champ_teleop/environment/ament_prefix_path.sh
[0.704s] -- Up-to-date: /home/zp/ros2/sim/install/champ_teleop/share/champ_teleop/environment/ament_prefix_path.dsv
[0.704s] -- Up-to-date: /home/zp/ros2/sim/install/champ_teleop/share/champ_teleop/environment/path.sh
[0.704s] -- Up-to-date: /home/zp/ros2/sim/install/champ_teleop/share/champ_teleop/environment/path.dsv
[0.704s] -- Up-to-date: /home/zp/ros2/sim/install/champ_teleop/share/champ_teleop/local_setup.bash
[0.704s] -- Up-to-date: /home/zp/ros2/sim/install/champ_teleop/share/champ_teleop/local_setup.sh
[0.704s] -- Up-to-date: /home/zp/ros2/sim/install/champ_teleop/share/champ_teleop/local_setup.zsh
[0.704s] -- Up-to-date: /home/zp/ros2/sim/install/champ_teleop/share/champ_teleop/local_setup.dsv
[0.704s] -- Installing: /home/zp/ros2/sim/install/champ_teleop/share/champ_teleop/package.dsv
[0.704s] -- Up-to-date: /home/zp/ros2/sim/install/champ_teleop/share/ament_index/resource_index/packages/champ_teleop
[0.704s] -- Up-to-date: /home/zp/ros2/sim/install/champ_teleop/share/champ_teleop/cmake/champ_teleopConfig.cmake
[0.704s] -- Up-to-date: /home/zp/ros2/sim/install/champ_teleop/share/champ_teleop/cmake/champ_teleopConfig-version.cmake
[0.704s] -- Up-to-date: /home/zp/ros2/sim/install/champ_teleop/share/champ_teleop/package.xml
[0.798s] Invoked command in '/home/zp/ros2/sim/build/champ_teleop' returned '0': CMAKE_PREFIX_PATH=/opt/ros/humble /usr/bin/cmake --install /home/zp/ros2/sim/build/champ_teleop
