[0.031s] Invoking command in '/home/zp/ros2/sim/build/champ_navigation': CMAKE_PREFIX_PATH=/opt/ros/humble /usr/bin/cmake /home/zp/ros2/sim/src/unitree-go2-ros2/champ/champ_navigation -DCMAKE_INSTALL_PREFIX=/home/zp/ros2/sim/install/champ_navigation
[0.332s] -- The C compiler identification is GNU 11.4.0
[1.460s] -- The CXX compiler identification is GNU 11.4.0
[2.500s] -- Detecting C compiler ABI info
[2.711s] -- Detecting C compiler ABI info - done
[2.715s] -- Check for working C compiler: /usr/bin/cc - skipped
[2.715s] -- Detecting C compile features
[2.715s] -- Detecting C compile features - done
[2.717s] -- Detecting CXX compiler ABI info
[2.928s] -- Detecting CXX compiler ABI info - done
[2.934s] -- Check for working CXX compiler: /usr/bin/c++ - skipped
[2.934s] -- Detecting CXX compile features
[2.934s] -- Detecting CXX compile features - done
[2.935s] -- Found ament_cmake: 1.3.12 (/opt/ros/humble/share/ament_cmake/cmake)
[3.045s] -- Found Python3: /usr/bin/python3 (found version "3.10.12") found components: Interpreter 
[3.152s] -- Configuring done
[3.153s] -- Generating done
[3.155s] -- Build files have been written to: /home/zp/ros2/sim/build/champ_navigation
[3.164s] Invoked command in '/home/zp/ros2/sim/build/champ_navigation' returned '0': CMAKE_PREFIX_PATH=/opt/ros/humble /usr/bin/cmake /home/zp/ros2/sim/src/unitree-go2-ros2/champ/champ_navigation -DCMAKE_INSTALL_PREFIX=/home/zp/ros2/sim/install/champ_navigation
[3.166s] Invoking command in '/home/zp/ros2/sim/build/champ_navigation': CMAKE_PREFIX_PATH=/opt/ros/humble /usr/bin/cmake --build /home/zp/ros2/sim/build/champ_navigation -- -j20 -l20
[3.200s] Invoked command in '/home/zp/ros2/sim/build/champ_navigation' returned '0': CMAKE_PREFIX_PATH=/opt/ros/humble /usr/bin/cmake --build /home/zp/ros2/sim/build/champ_navigation -- -j20 -l20
[3.201s] Invoking command in '/home/zp/ros2/sim/build/champ_navigation': CMAKE_PREFIX_PATH=/opt/ros/humble /usr/bin/cmake --install /home/zp/ros2/sim/build/champ_navigation
[3.206s] -- Install configuration: ""
[3.206s] -- Installing: /home/zp/ros2/sim/install/champ_navigation/share/champ_navigation/launch
[3.206s] -- Installing: /home/zp/ros2/sim/install/champ_navigation/share/champ_navigation/launch/navigate.launch.py
[3.206s] -- Installing: /home/zp/ros2/sim/install/champ_navigation/share/champ_navigation/launch/slam.launch.py
[3.207s] -- Installing: /home/zp/ros2/sim/install/champ_navigation/share/champ_navigation/rviz
[3.207s] -- Installing: /home/zp/ros2/sim/install/champ_navigation/share/champ_navigation/rviz/navigation.rviz
[3.207s] -- Installing: /home/zp/ros2/sim/install/champ_navigation/share/champ_navigation/rviz/navigation_minimal.rviz
[3.207s] -- Installing: /home/zp/ros2/sim/install/champ_navigation/share/champ_navigation/rviz/slam.rviz
[3.207s] -- Installing: /home/zp/ros2/sim/install/champ_navigation/share/ament_index/resource_index/package_run_dependencies/champ_navigation
[3.207s] -- Installing: /home/zp/ros2/sim/install/champ_navigation/share/ament_index/resource_index/parent_prefix_path/champ_navigation
[3.207s] -- Installing: /home/zp/ros2/sim/install/champ_navigation/share/champ_navigation/environment/ament_prefix_path.sh
[3.208s] -- Installing: /home/zp/ros2/sim/install/champ_navigation/share/champ_navigation/environment/ament_prefix_path.dsv
[3.208s] -- Installing: /home/zp/ros2/sim/install/champ_navigation/share/champ_navigation/environment/path.sh
[3.208s] -- Installing: /home/zp/ros2/sim/install/champ_navigation/share/champ_navigation/environment/path.dsv
[3.208s] -- Installing: /home/zp/ros2/sim/install/champ_navigation/share/champ_navigation/local_setup.bash
[3.209s] -- Installing: /home/zp/ros2/sim/install/champ_navigation/share/champ_navigation/local_setup.sh
[3.209s] -- Installing: /home/zp/ros2/sim/install/champ_navigation/share/champ_navigation/local_setup.zsh
[3.209s] -- Installing: /home/zp/ros2/sim/install/champ_navigation/share/champ_navigation/local_setup.dsv
[3.209s] -- Installing: /home/zp/ros2/sim/install/champ_navigation/share/champ_navigation/package.dsv
[3.209s] -- Installing: /home/zp/ros2/sim/install/champ_navigation/share/ament_index/resource_index/packages/champ_navigation
[3.209s] -- Installing: /home/zp/ros2/sim/install/champ_navigation/share/champ_navigation/cmake/champ_navigationConfig.cmake
[3.209s] -- Installing: /home/zp/ros2/sim/install/champ_navigation/share/champ_navigation/cmake/champ_navigationConfig-version.cmake
[3.210s] -- Installing: /home/zp/ros2/sim/install/champ_navigation/share/champ_navigation/package.xml
[3.212s] Invoked command in '/home/zp/ros2/sim/build/champ_navigation' returned '0': CMAKE_PREFIX_PATH=/opt/ros/humble /usr/bin/cmake --install /home/zp/ros2/sim/build/champ_navigation
