[0.183s] Invoking command in '/home/zp/ros2/sim/build/champ_gazebo': CMAKE_PREFIX_PATH=/home/zp/ros2/sim/install/champ_msgs:/home/zp/ros2/sim/install/champ:/home/zp/ros2/sim/install/go2_description:/home/zp/ros2/sim/install/go2_config:/home/zp/ros2/sim/install/champ_teleop:/home/zp/ros2/sim/install/champ_navigation:/home/zp/ros2/sim/install/champ_gazebo:/home/zp/ros2/sim/install/champ_bringup:/home/zp/ros2/sim/install/champ_base:/home/zp/ros2/sim/install/champ_description:/home/zp/ros2/sim/install/champ_config:/opt/ros/humble LD_LIBRARY_PATH=/home/zp/ros2/sim/install/champ_msgs/lib:/home/zp/ros2/sim/install/champ_base/lib:/usr/lib/x86_64-linux-gnu/gazebo-11/plugins:/opt/ros/humble/opt/rviz_ogre_vendor/lib:/opt/ros/humble/lib/x86_64-linux-gnu:/opt/ros/humble/lib /usr/bin/cmake --build /home/zp/ros2/sim/build/champ_gazebo -- -j20 -l20
[0.245s] [35m[1mConsolidate compiler generated dependencies of target contact_sensor[0m
[0.287s] [100%] Built target contact_sensor
[0.295s] Invoked command in '/home/zp/ros2/sim/build/champ_gazebo' returned '0': CMAKE_PREFIX_PATH=/home/zp/ros2/sim/install/champ_msgs:/home/zp/ros2/sim/install/champ:/home/zp/ros2/sim/install/go2_description:/home/zp/ros2/sim/install/go2_config:/home/zp/ros2/sim/install/champ_teleop:/home/zp/ros2/sim/install/champ_navigation:/home/zp/ros2/sim/install/champ_gazebo:/home/zp/ros2/sim/install/champ_bringup:/home/zp/ros2/sim/install/champ_base:/home/zp/ros2/sim/install/champ_description:/home/zp/ros2/sim/install/champ_config:/opt/ros/humble LD_LIBRARY_PATH=/home/zp/ros2/sim/install/champ_msgs/lib:/home/zp/ros2/sim/install/champ_base/lib:/usr/lib/x86_64-linux-gnu/gazebo-11/plugins:/opt/ros/humble/opt/rviz_ogre_vendor/lib:/opt/ros/humble/lib/x86_64-linux-gnu:/opt/ros/humble/lib /usr/bin/cmake --build /home/zp/ros2/sim/build/champ_gazebo -- -j20 -l20
[0.297s] Invoking command in '/home/zp/ros2/sim/build/champ_gazebo': CMAKE_PREFIX_PATH=/home/zp/ros2/sim/install/champ_msgs:/home/zp/ros2/sim/install/champ:/home/zp/ros2/sim/install/go2_description:/home/zp/ros2/sim/install/go2_config:/home/zp/ros2/sim/install/champ_teleop:/home/zp/ros2/sim/install/champ_navigation:/home/zp/ros2/sim/install/champ_gazebo:/home/zp/ros2/sim/install/champ_bringup:/home/zp/ros2/sim/install/champ_base:/home/zp/ros2/sim/install/champ_description:/home/zp/ros2/sim/install/champ_config:/opt/ros/humble LD_LIBRARY_PATH=/home/zp/ros2/sim/install/champ_msgs/lib:/home/zp/ros2/sim/install/champ_base/lib:/usr/lib/x86_64-linux-gnu/gazebo-11/plugins:/opt/ros/humble/opt/rviz_ogre_vendor/lib:/opt/ros/humble/lib/x86_64-linux-gnu:/opt/ros/humble/lib /usr/bin/cmake --install /home/zp/ros2/sim/build/champ_gazebo
[0.302s] -- Install configuration: ""
[0.302s] -- Up-to-date: /home/zp/ros2/sim/install/champ_gazebo/bin/imu_sensor.py
[0.302s] -- Up-to-date: /home/zp/ros2/sim/install/champ_gazebo/bin/odometry_tf.py
[0.302s] -- Up-to-date: /home/zp/ros2/sim/install/champ_gazebo/bin/odometry.py
[0.303s] -- Up-to-date: /home/zp/ros2/sim/install/champ_gazebo/lib/champ_gazebo/contact_sensor
[0.303s] -- Up-to-date: /home/zp/ros2/sim/install/champ_gazebo/share/champ_gazebo/launch
[0.304s] -- Up-to-date: /home/zp/ros2/sim/install/champ_gazebo/share/champ_gazebo/launch/spawn_robot.launch
[0.304s] -- Up-to-date: /home/zp/ros2/sim/install/champ_gazebo/share/champ_gazebo/launch/gazebo.launch
[0.304s] -- Up-to-date: /home/zp/ros2/sim/install/champ_gazebo/share/champ_gazebo/launch/spawn_world.launch
[0.304s] -- Up-to-date: /home/zp/ros2/sim/install/champ_gazebo/share/champ_gazebo/launch/gazebo.launch.py
[0.304s] -- Up-to-date: /home/zp/ros2/sim/install/champ_gazebo/share/champ_gazebo/config
[0.304s] -- Up-to-date: /home/zp/ros2/sim/install/champ_gazebo/share/champ_gazebo/config/gazebo.yaml
[0.304s] -- Up-to-date: /home/zp/ros2/sim/install/champ_gazebo/share/champ_gazebo/config/ros_control.yaml
[0.304s] -- Up-to-date: /home/zp/ros2/sim/install/champ_gazebo/share/champ_gazebo/worlds
[0.304s] -- Up-to-date: /home/zp/ros2/sim/install/champ_gazebo/share/champ_gazebo/worlds/outdoor.world
[0.304s] -- Up-to-date: /home/zp/ros2/sim/install/champ_gazebo/share/champ_gazebo/worlds/playground.world
[0.304s] -- Up-to-date: /home/zp/ros2/sim/install/champ_gazebo/share/champ_gazebo/worlds/default.world
[0.304s] -- Up-to-date: /home/zp/ros2/sim/install/champ_gazebo/share/ament_index/resource_index/package_run_dependencies/champ_gazebo
[0.305s] -- Up-to-date: /home/zp/ros2/sim/install/champ_gazebo/share/ament_index/resource_index/parent_prefix_path/champ_gazebo
[0.305s] -- Up-to-date: /home/zp/ros2/sim/install/champ_gazebo/share/champ_gazebo/environment/ament_prefix_path.sh
[0.305s] -- Up-to-date: /home/zp/ros2/sim/install/champ_gazebo/share/champ_gazebo/environment/ament_prefix_path.dsv
[0.305s] -- Up-to-date: /home/zp/ros2/sim/install/champ_gazebo/share/champ_gazebo/environment/path.sh
[0.305s] -- Up-to-date: /home/zp/ros2/sim/install/champ_gazebo/share/champ_gazebo/environment/path.dsv
[0.305s] -- Up-to-date: /home/zp/ros2/sim/install/champ_gazebo/share/champ_gazebo/local_setup.bash
[0.305s] -- Up-to-date: /home/zp/ros2/sim/install/champ_gazebo/share/champ_gazebo/local_setup.sh
[0.305s] -- Up-to-date: /home/zp/ros2/sim/install/champ_gazebo/share/champ_gazebo/local_setup.zsh
[0.305s] -- Up-to-date: /home/zp/ros2/sim/install/champ_gazebo/share/champ_gazebo/local_setup.dsv
[0.305s] -- Installing: /home/zp/ros2/sim/install/champ_gazebo/share/champ_gazebo/package.dsv
[0.305s] -- Up-to-date: /home/zp/ros2/sim/install/champ_gazebo/share/ament_index/resource_index/packages/champ_gazebo
[0.305s] -- Up-to-date: /home/zp/ros2/sim/install/champ_gazebo/share/champ_gazebo/cmake/ament_cmake_export_include_directories-extras.cmake
[0.305s] -- Up-to-date: /home/zp/ros2/sim/install/champ_gazebo/share/champ_gazebo/cmake/ament_cmake_export_dependencies-extras.cmake
[0.305s] -- Up-to-date: /home/zp/ros2/sim/install/champ_gazebo/share/champ_gazebo/cmake/champ_gazeboConfig.cmake
[0.305s] -- Up-to-date: /home/zp/ros2/sim/install/champ_gazebo/share/champ_gazebo/cmake/champ_gazeboConfig-version.cmake
[0.305s] -- Up-to-date: /home/zp/ros2/sim/install/champ_gazebo/share/champ_gazebo/package.xml
[0.306s] Invoked command in '/home/zp/ros2/sim/build/champ_gazebo' returned '0': CMAKE_PREFIX_PATH=/home/zp/ros2/sim/install/champ_msgs:/home/zp/ros2/sim/install/champ:/home/zp/ros2/sim/install/go2_description:/home/zp/ros2/sim/install/go2_config:/home/zp/ros2/sim/install/champ_teleop:/home/zp/ros2/sim/install/champ_navigation:/home/zp/ros2/sim/install/champ_gazebo:/home/zp/ros2/sim/install/champ_bringup:/home/zp/ros2/sim/install/champ_base:/home/zp/ros2/sim/install/champ_description:/home/zp/ros2/sim/install/champ_config:/opt/ros/humble LD_LIBRARY_PATH=/home/zp/ros2/sim/install/champ_msgs/lib:/home/zp/ros2/sim/install/champ_base/lib:/usr/lib/x86_64-linux-gnu/gazebo-11/plugins:/opt/ros/humble/opt/rviz_ogre_vendor/lib:/opt/ros/humble/lib/x86_64-linux-gnu:/opt/ros/humble/lib /usr/bin/cmake --install /home/zp/ros2/sim/build/champ_gazebo
