[0.049s] Invoking command in '/home/zp/ros2/sim/build/example_ros2_interfaces': CMAKE_PREFIX_PATH=${CMAKE_PREFIX_PATH}:/home/zp/ros2/sim/install/my_motion_example:/opt/ros/humble /usr/bin/cmake /home/zp/ros2/sim/src/unitree-go2-ros2/example_ros2_interfaces -DCMAKE_INSTALL_PREFIX=/home/zp/ros2/sim/install/example_ros2_interfaces
[0.454s] -- The C compiler identification is GNU 11.4.0
[1.451s] -- The CXX compiler identification is GNU 11.4.0
[2.052s] -- Detecting C compiler ABI info
[2.240s] -- Detecting C compiler ABI info - done
[2.245s] -- Check for working C compiler: /usr/bin/cc - skipped
[2.246s] -- Detecting C compile features
[2.246s] -- Detecting C compile features - done
[2.249s] -- Detecting CXX compiler ABI info
[2.440s] -- Detecting CXX compiler ABI info - done
[2.445s] -- Check for working CXX compiler: /usr/bin/c++ - skipped
[2.445s] -- Detecting CXX compile features
[2.445s] -- Detecting CXX compile features - done
[2.463s] -- Found ament_cmake: 1.3.12 (/opt/ros/humble/share/ament_cmake/cmake)
[2.576s] -- Found Python3: /usr/bin/python3 (found version "3.10.12") found components: Interpreter 
[2.676s] -- Found rosidl_default_generators: 1.2.0 (/opt/ros/humble/share/rosidl_default_generators/cmake)
[2.682s] -- Using all available rosidl_typesupport_c: rosidl_typesupport_fastrtps_c;rosidl_typesupport_introspection_c
[2.693s] -- Found rosidl_adapter: 3.1.8 (/opt/ros/humble/share/rosidl_adapter/cmake)
[3.356s] -- Using all available rosidl_typesupport_cpp: rosidl_typesupport_fastrtps_cpp;rosidl_typesupport_introspection_cpp
[3.403s] -- Found geometry_msgs: 4.9.0 (/opt/ros/humble/share/geometry_msgs/cmake)
[3.454s] [31mCMake Error at CMakeLists.txt:13 (rosidil_generate_interfaces):
[3.454s]   Unknown CMake command "rosidil_generate_interfaces".
[3.454s] 
[3.454s] [0m
[3.454s] -- Configuring incomplete, errors occurred!
[3.454s] See also "/home/zp/ros2/sim/build/example_ros2_interfaces/CMakeFiles/CMakeOutput.log".
[3.464s] Invoked command in '/home/zp/ros2/sim/build/example_ros2_interfaces' returned '1': CMAKE_PREFIX_PATH=${CMAKE_PREFIX_PATH}:/home/zp/ros2/sim/install/my_motion_example:/opt/ros/humble /usr/bin/cmake /home/zp/ros2/sim/src/unitree-go2-ros2/example_ros2_interfaces -DCMAKE_INSTALL_PREFIX=/home/zp/ros2/sim/install/example_ros2_interfaces
