[0.700s] Invoking command in '/home/zp/ros2/sim/src/unitree-go2-ros2/my_motion_example': PYTHONPATH=/home/zp/ros2/sim/build/my_motion_example/prefix_override:/usr/lib/python3/dist-packages/colcon_core/task/python/colcon_distutils_commands:/home/zp/ros2/sim/install/my_motion_example/lib/python3.10/site-packages:${PYTHONPATH} /usr/bin/python3 -W ignore:setup.py install is deprecated -W ignore:easy_install command is deprecated setup.py egg_info --egg-base ../../../build/my_motion_example build --build-base /home/zp/ros2/sim/build/my_motion_example/build install --record /home/zp/ros2/sim/build/my_motion_example/install.log --single-version-externally-managed install_data
[0.872s] running egg_info
[0.873s] writing ../../../build/my_motion_example/my_motion_example.egg-info/PKG-INFO
[0.874s] writing dependency_links to ../../../build/my_motion_example/my_motion_example.egg-info/dependency_links.txt
[0.874s] writing entry points to ../../../build/my_motion_example/my_motion_example.egg-info/entry_points.txt
[0.874s] writing requirements to ../../../build/my_motion_example/my_motion_example.egg-info/requires.txt
[0.875s] writing top-level names to ../../../build/my_motion_example/my_motion_example.egg-info/top_level.txt
[0.875s] reading manifest file '../../../build/my_motion_example/my_motion_example.egg-info/SOURCES.txt'
[0.877s] writing manifest file '../../../build/my_motion_example/my_motion_example.egg-info/SOURCES.txt'
[0.877s] running build
[0.877s] running build_py
[0.877s] copying my_motion_example/square_node.py -> /home/zp/ros2/sim/build/my_motion_example/build/lib/my_motion_example
[0.878s] running install
[0.878s] running install_lib
[0.879s] copying /home/zp/ros2/sim/build/my_motion_example/build/lib/my_motion_example/square_node.py -> /home/zp/ros2/sim/install/my_motion_example/lib/python3.10/site-packages/my_motion_example
[0.880s] byte-compiling /home/zp/ros2/sim/install/my_motion_example/lib/python3.10/site-packages/my_motion_example/square_node.py to square_node.cpython-310.pyc
[0.880s] running install_data
[0.881s] running install_egg_info
[0.883s] removing '/home/zp/ros2/sim/install/my_motion_example/lib/python3.10/site-packages/my_motion_example-0.0.0-py3.10.egg-info' (and everything under it)
[0.883s] Copying ../../../build/my_motion_example/my_motion_example.egg-info to /home/zp/ros2/sim/install/my_motion_example/lib/python3.10/site-packages/my_motion_example-0.0.0-py3.10.egg-info
[0.884s] running install_scripts
[0.899s] Installing square_node script to /home/zp/ros2/sim/install/my_motion_example/lib/my_motion_example
[0.899s] writing list of installed files to '/home/zp/ros2/sim/build/my_motion_example/install.log'
[0.919s] Invoked command in '/home/zp/ros2/sim/src/unitree-go2-ros2/my_motion_example' returned '0': PYTHONPATH=/home/zp/ros2/sim/build/my_motion_example/prefix_override:/usr/lib/python3/dist-packages/colcon_core/task/python/colcon_distutils_commands:/home/zp/ros2/sim/install/my_motion_example/lib/python3.10/site-packages:${PYTHONPATH} /usr/bin/python3 -W ignore:setup.py install is deprecated -W ignore:easy_install command is deprecated setup.py egg_info --egg-base ../../../build/my_motion_example build --build-base /home/zp/ros2/sim/build/my_motion_example/build install --record /home/zp/ros2/sim/build/my_motion_example/install.log --single-version-externally-managed install_data
