[1.119s] Invoking command in '/home/zp/ros2/sim/src/unitree-go2-ros2/my_motion_example': PYTHONPATH=/home/zp/ros2/sim/build/my_motion_example/prefix_override:/usr/lib/python3/dist-packages/colcon_core/task/python/colcon_distutils_commands:/home/zp/ros2/sim/install/my_motion_example/lib/python3.10/site-packages:${PYTHONPATH} /usr/bin/python3 -W ignore:setup.py install is deprecated -W ignore:easy_install command is deprecated setup.py egg_info --egg-base ../../../build/my_motion_example build --build-base /home/zp/ros2/sim/build/my_motion_example/build install --record /home/zp/ros2/sim/build/my_motion_example/install.log --single-version-externally-managed install_data
[1.337s] running egg_info
[1.339s] writing ../../../build/my_motion_example/my_motion_example.egg-info/PKG-INFO
[1.339s] writing dependency_links to ../../../build/my_motion_example/my_motion_example.egg-info/dependency_links.txt
[1.340s] writing entry points to ../../../build/my_motion_example/my_motion_example.egg-info/entry_points.txt
[1.340s] writing requirements to ../../../build/my_motion_example/my_motion_example.egg-info/requires.txt
[1.340s] writing top-level names to ../../../build/my_motion_example/my_motion_example.egg-info/top_level.txt
[1.343s] reading manifest file '../../../build/my_motion_example/my_motion_example.egg-info/SOURCES.txt'
[1.343s] writing manifest file '../../../build/my_motion_example/my_motion_example.egg-info/SOURCES.txt'
[1.344s] running build
[1.344s] running build_py
[1.344s] running install
[1.345s] running install_lib
[1.346s] running install_data
[1.347s] running install_egg_info
[1.350s] removing '/home/zp/ros2/sim/install/my_motion_example/lib/python3.10/site-packages/my_motion_example-0.0.0-py3.10.egg-info' (and everything under it)
[1.350s] Copying ../../../build/my_motion_example/my_motion_example.egg-info to /home/zp/ros2/sim/install/my_motion_example/lib/python3.10/site-packages/my_motion_example-0.0.0-py3.10.egg-info
[1.350s] running install_scripts
[1.377s] Installing square_node script to /home/zp/ros2/sim/install/my_motion_example/lib/my_motion_example
[1.378s] writing list of installed files to '/home/zp/ros2/sim/build/my_motion_example/install.log'
[1.474s] Invoked command in '/home/zp/ros2/sim/src/unitree-go2-ros2/my_motion_example' returned '0': PYTHONPATH=/home/zp/ros2/sim/build/my_motion_example/prefix_override:/usr/lib/python3/dist-packages/colcon_core/task/python/colcon_distutils_commands:/home/zp/ros2/sim/install/my_motion_example/lib/python3.10/site-packages:${PYTHONPATH} /usr/bin/python3 -W ignore:setup.py install is deprecated -W ignore:easy_install command is deprecated setup.py egg_info --egg-base ../../../build/my_motion_example build --build-base /home/zp/ros2/sim/build/my_motion_example/build install --record /home/zp/ros2/sim/build/my_motion_example/install.log --single-version-externally-managed install_data
