[0.046s] Invoking command in '/home/zp/ros2/sim/build/champ_msgs': CMAKE_PREFIX_PATH=${CMAKE_PREFIX_PATH}:/home/zp/ros2/sim/install/my_motion_example:/opt/ros/humble /usr/bin/cmake /home/zp/ros2/sim/src/unitree-go2-ros2/champ/champ_msgs -DCMAKE_INSTALL_PREFIX=/home/zp/ros2/sim/install/champ_msgs
[0.407s] -- The C compiler identification is GNU 11.4.0
[1.765s] -- The CXX compiler identification is GNU 11.4.0
[2.668s] -- Detecting C compiler ABI info
[3.081s] -- Detecting C compiler ABI info - done
[3.087s] -- Check for working C compiler: /usr/bin/cc - skipped
[3.088s] -- Detecting C compile features
[3.088s] -- Detecting C compile features - done
[3.091s] -- Detecting CXX compiler ABI info
[3.427s] -- Detecting CXX compiler ABI info - done
[3.432s] -- Check for working CXX compiler: /usr/bin/c++ - skipped
[3.432s] -- Detecting CXX compile features
[3.432s] -- Detecting CXX compile features - done
[3.449s] -- Found ament_cmake: 1.3.12 (/opt/ros/humble/share/ament_cmake/cmake)
[3.573s] -- Found Python3: /usr/bin/python3 (found version "3.10.12") found components: Interpreter 
[3.676s] -- Found rosidl_default_generators: 1.2.0 (/opt/ros/humble/share/rosidl_default_generators/cmake)
[3.684s] -- Using all available rosidl_typesupport_c: rosidl_typesupport_fastrtps_c;rosidl_typesupport_introspection_c
[3.696s] -- Found rosidl_adapter: 3.1.8 (/opt/ros/humble/share/rosidl_adapter/cmake)
[4.485s] -- Using all available rosidl_typesupport_cpp: rosidl_typesupport_fastrtps_cpp;rosidl_typesupport_introspection_cpp
[4.525s] -- Found std_msgs: 4.9.0 (/opt/ros/humble/share/std_msgs/cmake)
[4.554s] -- Found geometry_msgs: 4.9.0 (/opt/ros/humble/share/geometry_msgs/cmake)
[4.819s] -- Found ament_cmake_ros: 0.10.0 (/opt/ros/humble/share/ament_cmake_ros/cmake)
[5.012s] -- Using all available rosidl_typesupport_c: rosidl_typesupport_fastrtps_c;rosidl_typesupport_introspection_c
[5.264s] -- Using all available rosidl_typesupport_cpp: rosidl_typesupport_fastrtps_cpp;rosidl_typesupport_introspection_cpp
[5.498s] -- Found PythonInterp: /usr/bin/python3 (found suitable version "3.10.12", minimum required is "3.6") 
[5.501s] -- Found python_cmake_module: 0.10.0 (/opt/ros/humble/share/python_cmake_module/cmake)
[6.159s] -- Found PythonLibs: /usr/lib/x86_64-linux-gnu/libpython3.10.so (found suitable version "3.10.12", minimum required is "3.5") 
[6.159s] -- Using PYTHON_EXECUTABLE: /usr/bin/python3
[6.159s] -- Using PYTHON_INCLUDE_DIRS: /usr/include/python3.10
[6.159s] -- Using PYTHON_LIBRARIES: /usr/lib/x86_64-linux-gnu/libpython3.10.so
[6.176s] -- Found PythonExtra: .so  
[6.291s] -- Found ament_lint_auto: 0.12.14 (/opt/ros/humble/share/ament_lint_auto/cmake)
[6.299s] -- Configuring done
[6.338s] -- Generating done
[6.348s] -- Build files have been written to: /home/zp/ros2/sim/build/champ_msgs
[6.365s] Invoked command in '/home/zp/ros2/sim/build/champ_msgs' returned '0': CMAKE_PREFIX_PATH=${CMAKE_PREFIX_PATH}:/home/zp/ros2/sim/install/my_motion_example:/opt/ros/humble /usr/bin/cmake /home/zp/ros2/sim/src/unitree-go2-ros2/champ/champ_msgs -DCMAKE_INSTALL_PREFIX=/home/zp/ros2/sim/install/champ_msgs
[6.366s] Invoking command in '/home/zp/ros2/sim/build/champ_msgs': CMAKE_PREFIX_PATH=${CMAKE_PREFIX_PATH}:/home/zp/ros2/sim/install/my_motion_example:/opt/ros/humble /usr/bin/cmake --build /home/zp/ros2/sim/build/champ_msgs -- -j20 -l20
[6.397s] [  1%] [34m[1mGenerating C code for ROS interfaces[0m
[6.405s] [  2%] [34m[1mGenerating C++ code for ROS interfaces[0m
[6.410s] [  2%] Built target ament_cmake_python_copy_champ_msgs
[6.580s] running egg_info
[6.580s] creating champ_msgs.egg-info
[6.581s] writing champ_msgs.egg-info/PKG-INFO
[6.581s] writing dependency_links to champ_msgs.egg-info/dependency_links.txt
[6.581s] writing top-level names to champ_msgs.egg-info/top_level.txt
[6.581s] writing manifest file 'champ_msgs.egg-info/SOURCES.txt'
[6.582s] reading manifest file 'champ_msgs.egg-info/SOURCES.txt'
[6.583s] writing manifest file 'champ_msgs.egg-info/SOURCES.txt'
[6.602s] [  2%] Built target ament_cmake_python_build_champ_msgs_egg
[6.818s] [  2%] Built target champ_msgs__cpp
[6.826s] [  3%] [34m[1mGenerating C++ introspection for ROS interfaces[0m
[6.826s] [  5%] [34m[1mGenerating C++ type support for eProsima Fast-RTPS[0m
[6.826s] [  5%] [34m[1mGenerating C++ type support dispatch for ROS interfaces[0m
[6.833s] [  6%] [32mBuilding C object CMakeFiles/champ_msgs__rosidl_generator_c.dir/rosidl_generator_c/champ_msgs/msg/detail/velocities__functions.c.o[0m
[6.833s] [  7%] [32mBuilding C object CMakeFiles/champ_msgs__rosidl_generator_c.dir/rosidl_generator_c/champ_msgs/msg/detail/pid__functions.c.o[0m
[6.834s] [  9%] [32mBuilding C object CMakeFiles/champ_msgs__rosidl_generator_c.dir/rosidl_generator_c/champ_msgs/msg/detail/imu__functions.c.o[0m
[6.834s] [  9%] [32mBuilding C object CMakeFiles/champ_msgs__rosidl_generator_c.dir/rosidl_generator_c/champ_msgs/msg/detail/contacts__functions.c.o[0m
[6.834s] [ 10%] [32mBuilding C object CMakeFiles/champ_msgs__rosidl_generator_c.dir/rosidl_generator_c/champ_msgs/msg/detail/contacts_stamped__functions.c.o[0m
[6.834s] [ 11%] [32mBuilding C object CMakeFiles/champ_msgs__rosidl_generator_c.dir/rosidl_generator_c/champ_msgs/msg/detail/joints__functions.c.o[0m
[6.834s] [ 13%] [32mBuilding C object CMakeFiles/champ_msgs__rosidl_generator_c.dir/rosidl_generator_c/champ_msgs/msg/detail/point_array__functions.c.o[0m
[6.834s] [ 13%] [32mBuilding C object CMakeFiles/champ_msgs__rosidl_generator_c.dir/rosidl_generator_c/champ_msgs/msg/detail/point__functions.c.o[0m
[6.836s] [ 14%] [32mBuilding C object CMakeFiles/champ_msgs__rosidl_generator_c.dir/rosidl_generator_c/champ_msgs/msg/detail/pose__functions.c.o[0m
[6.896s] [ 15%] [32m[1mLinking C shared library libchamp_msgs__rosidl_generator_c.so[0m
[7.078s] [ 16%] [32mBuilding CXX object CMakeFiles/champ_msgs__rosidl_typesupport_cpp.dir/rosidl_typesupport_cpp/champ_msgs/msg/velocities__type_support.cpp.o[0m
[7.078s] [ 17%] [32mBuilding CXX object CMakeFiles/champ_msgs__rosidl_typesupport_cpp.dir/rosidl_typesupport_cpp/champ_msgs/msg/point_array__type_support.cpp.o[0m
[7.079s] [ 18%] [32mBuilding CXX object CMakeFiles/champ_msgs__rosidl_typesupport_cpp.dir/rosidl_typesupport_cpp/champ_msgs/msg/pose__type_support.cpp.o[0m
[7.080s] [ 20%] [32mBuilding CXX object CMakeFiles/champ_msgs__rosidl_typesupport_cpp.dir/rosidl_typesupport_cpp/champ_msgs/msg/contacts_stamped__type_support.cpp.o[0m
[7.081s] [ 21%] [32mBuilding CXX object CMakeFiles/champ_msgs__rosidl_typesupport_cpp.dir/rosidl_typesupport_cpp/champ_msgs/msg/imu__type_support.cpp.o[0m
[7.081s] [ 22%] [32mBuilding CXX object CMakeFiles/champ_msgs__rosidl_typesupport_cpp.dir/rosidl_typesupport_cpp/champ_msgs/msg/pid__type_support.cpp.o[0m
[7.081s] [ 23%] [32mBuilding CXX object CMakeFiles/champ_msgs__rosidl_typesupport_cpp.dir/rosidl_typesupport_cpp/champ_msgs/msg/point__type_support.cpp.o[0m
[7.082s] [ 24%] [32mBuilding CXX object CMakeFiles/champ_msgs__rosidl_typesupport_cpp.dir/rosidl_typesupport_cpp/champ_msgs/msg/contacts__type_support.cpp.o[0m
[7.082s] [ 25%] [32mBuilding CXX object CMakeFiles/champ_msgs__rosidl_typesupport_cpp.dir/rosidl_typesupport_cpp/champ_msgs/msg/joints__type_support.cpp.o[0m
[7.141s] [ 26%] [32mBuilding CXX object CMakeFiles/champ_msgs__rosidl_typesupport_introspection_cpp.dir/rosidl_typesupport_introspection_cpp/champ_msgs/msg/detail/point__type_support.cpp.o[0m
[7.142s] [ 27%] [32mBuilding CXX object CMakeFiles/champ_msgs__rosidl_typesupport_introspection_cpp.dir/rosidl_typesupport_introspection_cpp/champ_msgs/msg/detail/pid__type_support.cpp.o[0m
[7.143s] [ 28%] [32mBuilding CXX object CMakeFiles/champ_msgs__rosidl_typesupport_introspection_cpp.dir/rosidl_typesupport_introspection_cpp/champ_msgs/msg/detail/point_array__type_support.cpp.o[0m
[7.143s] [ 29%] [32mBuilding CXX object CMakeFiles/champ_msgs__rosidl_typesupport_introspection_cpp.dir/rosidl_typesupport_introspection_cpp/champ_msgs/msg/detail/contacts__type_support.cpp.o[0m
[7.144s] [ 30%] Built target champ_msgs__rosidl_generator_c
[7.144s] [ 31%] [32mBuilding CXX object CMakeFiles/champ_msgs__rosidl_typesupport_introspection_cpp.dir/rosidl_typesupport_introspection_cpp/champ_msgs/msg/detail/joints__type_support.cpp.o[0m
[7.144s] [ 31%] [32mBuilding CXX object CMakeFiles/champ_msgs__rosidl_typesupport_introspection_cpp.dir/rosidl_typesupport_introspection_cpp/champ_msgs/msg/detail/contacts_stamped__type_support.cpp.o[0m
[7.145s] [ 33%] [32mBuilding CXX object CMakeFiles/champ_msgs__rosidl_typesupport_introspection_cpp.dir/rosidl_typesupport_introspection_cpp/champ_msgs/msg/detail/velocities__type_support.cpp.o[0m
[7.145s] [ 33%] [32mBuilding CXX object CMakeFiles/champ_msgs__rosidl_typesupport_introspection_cpp.dir/rosidl_typesupport_introspection_cpp/champ_msgs/msg/detail/imu__type_support.cpp.o[0m
[7.146s] [ 34%] [32mBuilding CXX object CMakeFiles/champ_msgs__rosidl_typesupport_introspection_cpp.dir/rosidl_typesupport_introspection_cpp/champ_msgs/msg/detail/pose__type_support.cpp.o[0m
[7.155s] [ 35%] [34m[1mGenerating C type support for eProsima Fast-RTPS[0m
[7.462s] [ 36%] [32mBuilding CXX object CMakeFiles/champ_msgs__rosidl_typesupport_fastrtps_cpp.dir/rosidl_typesupport_fastrtps_cpp/champ_msgs/msg/detail/dds_fastrtps/velocities__type_support.cpp.o[0m
[7.509s] [ 37%] [32mBuilding CXX object CMakeFiles/champ_msgs__rosidl_typesupport_fastrtps_cpp.dir/rosidl_typesupport_fastrtps_cpp/champ_msgs/msg/detail/dds_fastrtps/pid__type_support.cpp.o[0m
[7.510s] [ 38%] [34m[1mGenerating C introspection for ROS interfaces[0m
[7.517s] [ 40%] [32mBuilding CXX object CMakeFiles/champ_msgs__rosidl_typesupport_fastrtps_cpp.dir/rosidl_typesupport_fastrtps_cpp/champ_msgs/msg/detail/dds_fastrtps/imu__type_support.cpp.o[0m
[7.523s] [ 41%] [34m[1mGenerating C type support dispatch for ROS interfaces[0m
[7.529s] [ 42%] [32mBuilding CXX object CMakeFiles/champ_msgs__rosidl_typesupport_fastrtps_cpp.dir/rosidl_typesupport_fastrtps_cpp/champ_msgs/msg/detail/dds_fastrtps/point__type_support.cpp.o[0m
[7.555s] [ 43%] [32mBuilding CXX object CMakeFiles/champ_msgs__rosidl_typesupport_fastrtps_cpp.dir/rosidl_typesupport_fastrtps_cpp/champ_msgs/msg/detail/dds_fastrtps/point_array__type_support.cpp.o[0m
[7.556s] [ 44%] [32mBuilding CXX object CMakeFiles/champ_msgs__rosidl_typesupport_fastrtps_cpp.dir/rosidl_typesupport_fastrtps_cpp/champ_msgs/msg/detail/dds_fastrtps/joints__type_support.cpp.o[0m
[7.556s] [ 45%] [32mBuilding CXX object CMakeFiles/champ_msgs__rosidl_typesupport_fastrtps_cpp.dir/rosidl_typesupport_fastrtps_cpp/champ_msgs/msg/detail/dds_fastrtps/contacts__type_support.cpp.o[0m
[7.560s] [ 46%] [32m[1mLinking CXX shared library libchamp_msgs__rosidl_typesupport_cpp.so[0m
[7.667s] [ 47%] [32mBuilding CXX object CMakeFiles/champ_msgs__rosidl_typesupport_fastrtps_cpp.dir/rosidl_typesupport_fastrtps_cpp/champ_msgs/msg/detail/dds_fastrtps/contacts_stamped__type_support.cpp.o[0m
[7.680s] [ 48%] [32mBuilding CXX object CMakeFiles/champ_msgs__rosidl_typesupport_fastrtps_cpp.dir/rosidl_typesupport_fastrtps_cpp/champ_msgs/msg/detail/dds_fastrtps/pose__type_support.cpp.o[0m
[7.755s] [ 49%] [32m[1mLinking CXX shared library libchamp_msgs__rosidl_typesupport_introspection_cpp.so[0m
[7.892s] [ 50%] [32mBuilding CXX object CMakeFiles/champ_msgs__rosidl_typesupport_fastrtps_c.dir/rosidl_typesupport_fastrtps_c/champ_msgs/msg/detail/pid__type_support_c.cpp.o[0m
[7.893s] [ 51%] [32mBuilding CXX object CMakeFiles/champ_msgs__rosidl_typesupport_fastrtps_c.dir/rosidl_typesupport_fastrtps_c/champ_msgs/msg/detail/point_array__type_support_c.cpp.o[0m
[7.893s] [ 52%] [32mBuilding CXX object CMakeFiles/champ_msgs__rosidl_typesupport_fastrtps_c.dir/rosidl_typesupport_fastrtps_c/champ_msgs/msg/detail/contacts__type_support_c.cpp.o[0m
[7.893s] [ 53%] [32mBuilding CXX object CMakeFiles/champ_msgs__rosidl_typesupport_fastrtps_c.dir/rosidl_typesupport_fastrtps_c/champ_msgs/msg/detail/joints__type_support_c.cpp.o[0m
[7.893s] [ 54%] [32mBuilding CXX object CMakeFiles/champ_msgs__rosidl_typesupport_fastrtps_c.dir/rosidl_typesupport_fastrtps_c/champ_msgs/msg/detail/point__type_support_c.cpp.o[0m
[7.893s] [ 55%] [32mBuilding CXX object CMakeFiles/champ_msgs__rosidl_typesupport_fastrtps_c.dir/rosidl_typesupport_fastrtps_c/champ_msgs/msg/detail/velocities__type_support_c.cpp.o[0m
[7.897s] [ 56%] [32mBuilding CXX object CMakeFiles/champ_msgs__rosidl_typesupport_fastrtps_c.dir/rosidl_typesupport_fastrtps_c/champ_msgs/msg/detail/imu__type_support_c.cpp.o[0m
[8.009s] [ 57%] [32mBuilding CXX object CMakeFiles/champ_msgs__rosidl_typesupport_fastrtps_c.dir/rosidl_typesupport_fastrtps_c/champ_msgs/msg/detail/contacts_stamped__type_support_c.cpp.o[0m
[8.013s] [ 58%] [32mBuilding CXX object CMakeFiles/champ_msgs__rosidl_typesupport_fastrtps_c.dir/rosidl_typesupport_fastrtps_c/champ_msgs/msg/detail/pose__type_support_c.cpp.o[0m
[8.092s] [ 58%] Built target champ_msgs__rosidl_typesupport_cpp
[8.104s] [ 61%] [32mBuilding CXX object CMakeFiles/champ_msgs__rosidl_typesupport_c.dir/rosidl_typesupport_c/champ_msgs/msg/pid__type_support.cpp.o[0m
[8.105s] [ 61%] [32mBuilding CXX object CMakeFiles/champ_msgs__rosidl_typesupport_c.dir/rosidl_typesupport_c/champ_msgs/msg/velocities__type_support.cpp.o[0m
[8.105s] [ 62%] [32mBuilding CXX object CMakeFiles/champ_msgs__rosidl_typesupport_c.dir/rosidl_typesupport_c/champ_msgs/msg/point__type_support.cpp.o[0m
[8.112s] [ 63%] [32mBuilding CXX object CMakeFiles/champ_msgs__rosidl_typesupport_c.dir/rosidl_typesupport_c/champ_msgs/msg/joints__type_support.cpp.o[0m
[8.112s] [ 64%] [32mBuilding CXX object CMakeFiles/champ_msgs__rosidl_typesupport_c.dir/rosidl_typesupport_c/champ_msgs/msg/point_array__type_support.cpp.o[0m
[8.112s] [ 65%] [32mBuilding CXX object CMakeFiles/champ_msgs__rosidl_typesupport_c.dir/rosidl_typesupport_c/champ_msgs/msg/imu__type_support.cpp.o[0m
[8.142s] [ 66%] [32mBuilding CXX object CMakeFiles/champ_msgs__rosidl_typesupport_c.dir/rosidl_typesupport_c/champ_msgs/msg/pose__type_support.cpp.o[0m
[8.145s] [ 67%] [32mBuilding CXX object CMakeFiles/champ_msgs__rosidl_typesupport_c.dir/rosidl_typesupport_c/champ_msgs/msg/contacts__type_support.cpp.o[0m
[8.145s] [ 68%] [32mBuilding CXX object CMakeFiles/champ_msgs__rosidl_typesupport_c.dir/rosidl_typesupport_c/champ_msgs/msg/contacts_stamped__type_support.cpp.o[0m
[8.180s] [ 69%] [32m[1mLinking CXX shared library libchamp_msgs__rosidl_typesupport_fastrtps_cpp.so[0m
[8.187s] [ 70%] [32m[1mLinking CXX shared library libchamp_msgs__rosidl_typesupport_c.so[0m
[8.211s] [ 71%] [32mBuilding C object CMakeFiles/champ_msgs__rosidl_typesupport_introspection_c.dir/rosidl_typesupport_introspection_c/champ_msgs/msg/detail/velocities__type_support.c.o[0m
[8.211s] [ 72%] [32mBuilding C object CMakeFiles/champ_msgs__rosidl_typesupport_introspection_c.dir/rosidl_typesupport_introspection_c/champ_msgs/msg/detail/joints__type_support.c.o[0m
[8.211s] [ 73%] [32mBuilding C object CMakeFiles/champ_msgs__rosidl_typesupport_introspection_c.dir/rosidl_typesupport_introspection_c/champ_msgs/msg/detail/contacts__type_support.c.o[0m
[8.211s] [ 74%] [32mBuilding C object CMakeFiles/champ_msgs__rosidl_typesupport_introspection_c.dir/rosidl_typesupport_introspection_c/champ_msgs/msg/detail/imu__type_support.c.o[0m
[8.211s] [ 75%] [32mBuilding C object CMakeFiles/champ_msgs__rosidl_typesupport_introspection_c.dir/rosidl_typesupport_introspection_c/champ_msgs/msg/detail/point_array__type_support.c.o[0m
[8.214s] [ 76%] [32mBuilding C object CMakeFiles/champ_msgs__rosidl_typesupport_introspection_c.dir/rosidl_typesupport_introspection_c/champ_msgs/msg/detail/point__type_support.c.o[0m
[8.214s] [ 77%] [32mBuilding C object CMakeFiles/champ_msgs__rosidl_typesupport_introspection_c.dir/rosidl_typesupport_introspection_c/champ_msgs/msg/detail/pid__type_support.c.o[0m
[8.214s] [ 78%] [32mBuilding C object CMakeFiles/champ_msgs__rosidl_typesupport_introspection_c.dir/rosidl_typesupport_introspection_c/champ_msgs/msg/detail/contacts_stamped__type_support.c.o[0m
[8.256s] [ 80%] [32mBuilding C object CMakeFiles/champ_msgs__rosidl_typesupport_introspection_c.dir/rosidl_typesupport_introspection_c/champ_msgs/msg/detail/pose__type_support.c.o[0m
[8.294s] [ 81%] [32m[1mLinking C shared library libchamp_msgs__rosidl_typesupport_introspection_c.so[0m
[8.298s] [ 81%] Built target champ_msgs__rosidl_typesupport_introspection_cpp
[8.380s] [ 82%] [32m[1mLinking CXX shared library libchamp_msgs__rosidl_typesupport_fastrtps_c.so[0m
[8.411s] [ 82%] Built target champ_msgs__rosidl_typesupport_c
[8.441s] [ 82%] Built target champ_msgs__rosidl_typesupport_fastrtps_cpp
[8.477s] [ 82%] Built target champ_msgs__rosidl_typesupport_introspection_c
[8.595s] [ 82%] Built target champ_msgs__rosidl_typesupport_fastrtps_c
[8.611s] [ 82%] Built target champ_msgs
[8.627s] [ 83%] [34m[1mGenerating Python code for ROS interfaces[0m
[9.199s] [ 83%] Built target champ_msgs__py
[9.214s] [ 84%] [32mBuilding C object CMakeFiles/champ_msgs__rosidl_generator_py.dir/rosidl_generator_py/champ_msgs/msg/_velocities_s.c.o[0m
[9.214s] [ 85%] [32mBuilding C object CMakeFiles/champ_msgs__rosidl_generator_py.dir/rosidl_generator_py/champ_msgs/msg/_pid_s.c.o[0m
[9.215s] [ 87%] [32mBuilding C object CMakeFiles/champ_msgs__rosidl_generator_py.dir/rosidl_generator_py/champ_msgs/msg/_point_array_s.c.o[0m
[9.215s] [ 87%] [32mBuilding C object CMakeFiles/champ_msgs__rosidl_generator_py.dir/rosidl_generator_py/champ_msgs/msg/_point_s.c.o[0m
[9.215s] [ 88%] [32mBuilding C object CMakeFiles/champ_msgs__rosidl_generator_py.dir/rosidl_generator_py/champ_msgs/msg/_imu_s.c.o[0m
[9.217s] [ 89%] [32mBuilding C object CMakeFiles/champ_msgs__rosidl_generator_py.dir/rosidl_generator_py/champ_msgs/msg/_joints_s.c.o[0m
[9.217s] [ 90%] [32mBuilding C object CMakeFiles/champ_msgs__rosidl_generator_py.dir/rosidl_generator_py/champ_msgs/msg/_pose_s.c.o[0m
[9.217s] [ 91%] [32mBuilding C object CMakeFiles/champ_msgs__rosidl_generator_py.dir/rosidl_generator_py/champ_msgs/msg/_contacts_s.c.o[0m
[9.218s] [ 92%] [32mBuilding C object CMakeFiles/champ_msgs__rosidl_generator_py.dir/rosidl_generator_py/champ_msgs/msg/_contacts_stamped_s.c.o[0m
[9.347s] [ 93%] [32m[1mLinking C shared library rosidl_generator_py/champ_msgs/libchamp_msgs__rosidl_generator_py.so[0m
[9.506s] [ 93%] Built target champ_msgs__rosidl_generator_py
[9.520s] [ 96%] [32mBuilding C object CMakeFiles/champ_msgs__rosidl_typesupport_fastrtps_c__pyext.dir/rosidl_generator_py/champ_msgs/_champ_msgs_s.ep.rosidl_typesupport_fastrtps_c.c.o[0m
[9.520s] [ 96%] [32mBuilding C object CMakeFiles/champ_msgs__rosidl_typesupport_c__pyext.dir/rosidl_generator_py/champ_msgs/_champ_msgs_s.ep.rosidl_typesupport_c.c.o[0m
[9.520s] [ 96%] [32mBuilding C object CMakeFiles/champ_msgs__rosidl_typesupport_introspection_c__pyext.dir/rosidl_generator_py/champ_msgs/_champ_msgs_s.ep.rosidl_typesupport_introspection_c.c.o[0m
[9.597s] [ 97%] [32m[1mLinking C shared library rosidl_generator_py/champ_msgs/champ_msgs_s__rosidl_typesupport_fastrtps_c.cpython-310-x86_64-linux-gnu.so[0m
[9.597s] [ 98%] [32m[1mLinking C shared library rosidl_generator_py/champ_msgs/champ_msgs_s__rosidl_typesupport_introspection_c.cpython-310-x86_64-linux-gnu.so[0m
[9.600s] [100%] [32m[1mLinking C shared library rosidl_generator_py/champ_msgs/champ_msgs_s__rosidl_typesupport_c.cpython-310-x86_64-linux-gnu.so[0m
[9.722s] [100%] Built target champ_msgs__rosidl_typesupport_fastrtps_c__pyext
[9.722s] [100%] Built target champ_msgs__rosidl_typesupport_c__pyext
[9.722s] [100%] Built target champ_msgs__rosidl_typesupport_introspection_c__pyext
[9.731s] Invoked command in '/home/zp/ros2/sim/build/champ_msgs' returned '0': CMAKE_PREFIX_PATH=${CMAKE_PREFIX_PATH}:/home/zp/ros2/sim/install/my_motion_example:/opt/ros/humble /usr/bin/cmake --build /home/zp/ros2/sim/build/champ_msgs -- -j20 -l20
[9.733s] Invoking command in '/home/zp/ros2/sim/build/champ_msgs': CMAKE_PREFIX_PATH=${CMAKE_PREFIX_PATH}:/home/zp/ros2/sim/install/my_motion_example:/opt/ros/humble /usr/bin/cmake --install /home/zp/ros2/sim/build/champ_msgs
[9.739s] -- Install configuration: ""
[9.739s] -- Installing: /home/zp/ros2/sim/install/champ_msgs/share/ament_index/resource_index/rosidl_interfaces/champ_msgs
[9.739s] -- Up-to-date: /home/zp/ros2/sim/install/champ_msgs/include/champ_msgs/champ_msgs
[9.739s] -- Up-to-date: /home/zp/ros2/sim/install/champ_msgs/include/champ_msgs/champ_msgs/msg
[9.739s] -- Installing: /home/zp/ros2/sim/install/champ_msgs/include/champ_msgs/champ_msgs/msg/velocities.h
[9.739s] -- Installing: /home/zp/ros2/sim/install/champ_msgs/include/champ_msgs/champ_msgs/msg/point_array.h
[9.739s] -- Installing: /home/zp/ros2/sim/install/champ_msgs/include/champ_msgs/champ_msgs/msg/pose.h
[9.739s] -- Installing: /home/zp/ros2/sim/install/champ_msgs/include/champ_msgs/champ_msgs/msg/imu.h
[9.739s] -- Installing: /home/zp/ros2/sim/install/champ_msgs/include/champ_msgs/champ_msgs/msg/pid.h
[9.739s] -- Installing: /home/zp/ros2/sim/install/champ_msgs/include/champ_msgs/champ_msgs/msg/contacts_stamped.h
[9.740s] -- Installing: /home/zp/ros2/sim/install/champ_msgs/include/champ_msgs/champ_msgs/msg/joints.h
[9.740s] -- Installing: /home/zp/ros2/sim/install/champ_msgs/include/champ_msgs/champ_msgs/msg/contacts.h
[9.740s] -- Up-to-date: /home/zp/ros2/sim/install/champ_msgs/include/champ_msgs/champ_msgs/msg/detail
[9.740s] -- Installing: /home/zp/ros2/sim/install/champ_msgs/include/champ_msgs/champ_msgs/msg/detail/point_array__functions.h
[9.740s] -- Installing: /home/zp/ros2/sim/install/champ_msgs/include/champ_msgs/champ_msgs/msg/detail/point__struct.h
[9.740s] -- Installing: /home/zp/ros2/sim/install/champ_msgs/include/champ_msgs/champ_msgs/msg/detail/pose__functions.h
[9.740s] -- Installing: /home/zp/ros2/sim/install/champ_msgs/include/champ_msgs/champ_msgs/msg/detail/point_array__struct.h
[9.740s] -- Installing: /home/zp/ros2/sim/install/champ_msgs/include/champ_msgs/champ_msgs/msg/detail/point_array__type_support.h
[9.740s] -- Installing: /home/zp/ros2/sim/install/champ_msgs/include/champ_msgs/champ_msgs/msg/detail/joints__functions.h
[9.740s] -- Installing: /home/zp/ros2/sim/install/champ_msgs/include/champ_msgs/champ_msgs/msg/detail/velocities__type_support.h
[9.741s] -- Installing: /home/zp/ros2/sim/install/champ_msgs/include/champ_msgs/champ_msgs/msg/detail/imu__functions.c
[9.741s] -- Installing: /home/zp/ros2/sim/install/champ_msgs/include/champ_msgs/champ_msgs/msg/detail/imu__functions.h
[9.741s] -- Installing: /home/zp/ros2/sim/install/champ_msgs/include/champ_msgs/champ_msgs/msg/detail/contacts_stamped__struct.h
[9.741s] -- Installing: /home/zp/ros2/sim/install/champ_msgs/include/champ_msgs/champ_msgs/msg/detail/pose__type_support.h
[9.741s] -- Installing: /home/zp/ros2/sim/install/champ_msgs/include/champ_msgs/champ_msgs/msg/detail/contacts_stamped__type_support.h
[9.741s] -- Installing: /home/zp/ros2/sim/install/champ_msgs/include/champ_msgs/champ_msgs/msg/detail/contacts__functions.h
[9.741s] -- Installing: /home/zp/ros2/sim/install/champ_msgs/include/champ_msgs/champ_msgs/msg/detail/pid__functions.c
[9.741s] -- Installing: /home/zp/ros2/sim/install/champ_msgs/include/champ_msgs/champ_msgs/msg/detail/imu__type_support.h
[9.741s] -- Installing: /home/zp/ros2/sim/install/champ_msgs/include/champ_msgs/champ_msgs/msg/detail/velocities__functions.c
[9.741s] -- Installing: /home/zp/ros2/sim/install/champ_msgs/include/champ_msgs/champ_msgs/msg/detail/pid__type_support.h
[9.742s] -- Installing: /home/zp/ros2/sim/install/champ_msgs/include/champ_msgs/champ_msgs/msg/detail/pid__struct.h
[9.742s] -- Installing: /home/zp/ros2/sim/install/champ_msgs/include/champ_msgs/champ_msgs/msg/detail/joints__struct.h
[9.742s] -- Installing: /home/zp/ros2/sim/install/champ_msgs/include/champ_msgs/champ_msgs/msg/detail/joints__type_support.h
[9.742s] -- Installing: /home/zp/ros2/sim/install/champ_msgs/include/champ_msgs/champ_msgs/msg/detail/imu__struct.h
[9.742s] -- Installing: /home/zp/ros2/sim/install/champ_msgs/include/champ_msgs/champ_msgs/msg/detail/pose__struct.h
[9.742s] -- Installing: /home/zp/ros2/sim/install/champ_msgs/include/champ_msgs/champ_msgs/msg/detail/point__functions.c
[9.742s] -- Installing: /home/zp/ros2/sim/install/champ_msgs/include/champ_msgs/champ_msgs/msg/detail/velocities__struct.h
[9.742s] -- Installing: /home/zp/ros2/sim/install/champ_msgs/include/champ_msgs/champ_msgs/msg/detail/contacts_stamped__functions.h
[9.742s] -- Installing: /home/zp/ros2/sim/install/champ_msgs/include/champ_msgs/champ_msgs/msg/detail/velocities__functions.h
[9.742s] -- Installing: /home/zp/ros2/sim/install/champ_msgs/include/champ_msgs/champ_msgs/msg/detail/pose__functions.c
[9.742s] -- Installing: /home/zp/ros2/sim/install/champ_msgs/include/champ_msgs/champ_msgs/msg/detail/pid__functions.h
[9.742s] -- Installing: /home/zp/ros2/sim/install/champ_msgs/include/champ_msgs/champ_msgs/msg/detail/contacts_stamped__functions.c
[9.742s] -- Installing: /home/zp/ros2/sim/install/champ_msgs/include/champ_msgs/champ_msgs/msg/detail/point__functions.h
[9.742s] -- Installing: /home/zp/ros2/sim/install/champ_msgs/include/champ_msgs/champ_msgs/msg/detail/point__type_support.h
[9.742s] -- Installing: /home/zp/ros2/sim/install/champ_msgs/include/champ_msgs/champ_msgs/msg/detail/contacts__struct.h
[9.742s] -- Installing: /home/zp/ros2/sim/install/champ_msgs/include/champ_msgs/champ_msgs/msg/detail/contacts__type_support.h
[9.743s] -- Installing: /home/zp/ros2/sim/install/champ_msgs/include/champ_msgs/champ_msgs/msg/detail/contacts__functions.c
[9.743s] -- Installing: /home/zp/ros2/sim/install/champ_msgs/include/champ_msgs/champ_msgs/msg/detail/joints__functions.c
[9.743s] -- Installing: /home/zp/ros2/sim/install/champ_msgs/include/champ_msgs/champ_msgs/msg/detail/point_array__functions.c
[9.743s] -- Installing: /home/zp/ros2/sim/install/champ_msgs/include/champ_msgs/champ_msgs/msg/point.h
[9.743s] -- Installing: /home/zp/ros2/sim/install/champ_msgs/include/champ_msgs/champ_msgs/msg/rosidl_generator_c__visibility_control.h
[9.743s] -- Up-to-date: /home/zp/ros2/sim/install/champ_msgs/share/champ_msgs/environment/library_path.sh
[9.743s] -- Installing: /home/zp/ros2/sim/install/champ_msgs/share/champ_msgs/environment/library_path.dsv
[9.745s] -- Installing: /home/zp/ros2/sim/install/champ_msgs/lib/libchamp_msgs__rosidl_generator_c.so
[9.746s] -- Set runtime path of "/home/zp/ros2/sim/install/champ_msgs/lib/libchamp_msgs__rosidl_generator_c.so" to ""
[9.746s] -- Up-to-date: /home/zp/ros2/sim/install/champ_msgs/include/champ_msgs/champ_msgs
[9.746s] -- Up-to-date: /home/zp/ros2/sim/install/champ_msgs/include/champ_msgs/champ_msgs/msg
[9.746s] -- Installing: /home/zp/ros2/sim/install/champ_msgs/include/champ_msgs/champ_msgs/msg/rosidl_typesupport_fastrtps_c__visibility_control.h
[9.746s] -- Up-to-date: /home/zp/ros2/sim/install/champ_msgs/include/champ_msgs/champ_msgs/msg/detail
[9.746s] -- Installing: /home/zp/ros2/sim/install/champ_msgs/include/champ_msgs/champ_msgs/msg/detail/velocities__rosidl_typesupport_fastrtps_c.h
[9.746s] -- Installing: /home/zp/ros2/sim/install/champ_msgs/include/champ_msgs/champ_msgs/msg/detail/point__rosidl_typesupport_fastrtps_c.h
[9.746s] -- Installing: /home/zp/ros2/sim/install/champ_msgs/include/champ_msgs/champ_msgs/msg/detail/imu__rosidl_typesupport_fastrtps_c.h
[9.746s] -- Installing: /home/zp/ros2/sim/install/champ_msgs/include/champ_msgs/champ_msgs/msg/detail/contacts_stamped__rosidl_typesupport_fastrtps_c.h
[9.747s] -- Installing: /home/zp/ros2/sim/install/champ_msgs/include/champ_msgs/champ_msgs/msg/detail/contacts__rosidl_typesupport_fastrtps_c.h
[9.747s] -- Installing: /home/zp/ros2/sim/install/champ_msgs/include/champ_msgs/champ_msgs/msg/detail/joints__rosidl_typesupport_fastrtps_c.h
[9.747s] -- Installing: /home/zp/ros2/sim/install/champ_msgs/include/champ_msgs/champ_msgs/msg/detail/pid__rosidl_typesupport_fastrtps_c.h
[9.747s] -- Installing: /home/zp/ros2/sim/install/champ_msgs/include/champ_msgs/champ_msgs/msg/detail/pose__rosidl_typesupport_fastrtps_c.h
[9.747s] -- Installing: /home/zp/ros2/sim/install/champ_msgs/include/champ_msgs/champ_msgs/msg/detail/point_array__rosidl_typesupport_fastrtps_c.h
[9.748s] -- Installing: /home/zp/ros2/sim/install/champ_msgs/lib/libchamp_msgs__rosidl_typesupport_fastrtps_c.so
[9.749s] -- Set runtime path of "/home/zp/ros2/sim/install/champ_msgs/lib/libchamp_msgs__rosidl_typesupport_fastrtps_c.so" to ""
[9.749s] -- Up-to-date: /home/zp/ros2/sim/install/champ_msgs/include/champ_msgs/champ_msgs
[9.749s] -- Up-to-date: /home/zp/ros2/sim/install/champ_msgs/include/champ_msgs/champ_msgs/msg
[9.749s] -- Installing: /home/zp/ros2/sim/install/champ_msgs/include/champ_msgs/champ_msgs/msg/rosidl_typesupport_introspection_c__visibility_control.h
[9.749s] -- Up-to-date: /home/zp/ros2/sim/install/champ_msgs/include/champ_msgs/champ_msgs/msg/detail
[9.749s] -- Installing: /home/zp/ros2/sim/install/champ_msgs/include/champ_msgs/champ_msgs/msg/detail/point_array__rosidl_typesupport_introspection_c.h
[9.750s] -- Installing: /home/zp/ros2/sim/install/champ_msgs/include/champ_msgs/champ_msgs/msg/detail/contacts__type_support.c
[9.750s] -- Installing: /home/zp/ros2/sim/install/champ_msgs/include/champ_msgs/champ_msgs/msg/detail/imu__type_support.c
[9.750s] -- Installing: /home/zp/ros2/sim/install/champ_msgs/include/champ_msgs/champ_msgs/msg/detail/pid__type_support.c
[9.750s] -- Installing: /home/zp/ros2/sim/install/champ_msgs/include/champ_msgs/champ_msgs/msg/detail/point__rosidl_typesupport_introspection_c.h
[9.750s] -- Installing: /home/zp/ros2/sim/install/champ_msgs/include/champ_msgs/champ_msgs/msg/detail/point_array__type_support.c
[9.750s] -- Installing: /home/zp/ros2/sim/install/champ_msgs/include/champ_msgs/champ_msgs/msg/detail/joints__type_support.c
[9.750s] -- Installing: /home/zp/ros2/sim/install/champ_msgs/include/champ_msgs/champ_msgs/msg/detail/pose__rosidl_typesupport_introspection_c.h
[9.750s] -- Installing: /home/zp/ros2/sim/install/champ_msgs/include/champ_msgs/champ_msgs/msg/detail/joints__rosidl_typesupport_introspection_c.h
[9.750s] -- Installing: /home/zp/ros2/sim/install/champ_msgs/include/champ_msgs/champ_msgs/msg/detail/imu__rosidl_typesupport_introspection_c.h
[9.750s] -- Installing: /home/zp/ros2/sim/install/champ_msgs/include/champ_msgs/champ_msgs/msg/detail/contacts__rosidl_typesupport_introspection_c.h
[9.751s] -- Installing: /home/zp/ros2/sim/install/champ_msgs/include/champ_msgs/champ_msgs/msg/detail/velocities__rosidl_typesupport_introspection_c.h
[9.751s] -- Installing: /home/zp/ros2/sim/install/champ_msgs/include/champ_msgs/champ_msgs/msg/detail/contacts_stamped__rosidl_typesupport_introspection_c.h
[9.751s] -- Installing: /home/zp/ros2/sim/install/champ_msgs/include/champ_msgs/champ_msgs/msg/detail/point__type_support.c
[9.751s] -- Installing: /home/zp/ros2/sim/install/champ_msgs/include/champ_msgs/champ_msgs/msg/detail/contacts_stamped__type_support.c
[9.751s] -- Installing: /home/zp/ros2/sim/install/champ_msgs/include/champ_msgs/champ_msgs/msg/detail/pose__type_support.c
[9.751s] -- Installing: /home/zp/ros2/sim/install/champ_msgs/include/champ_msgs/champ_msgs/msg/detail/velocities__type_support.c
[9.751s] -- Installing: /home/zp/ros2/sim/install/champ_msgs/include/champ_msgs/champ_msgs/msg/detail/pid__rosidl_typesupport_introspection_c.h
[9.752s] -- Installing: /home/zp/ros2/sim/install/champ_msgs/lib/libchamp_msgs__rosidl_typesupport_introspection_c.so
[9.752s] -- Set runtime path of "/home/zp/ros2/sim/install/champ_msgs/lib/libchamp_msgs__rosidl_typesupport_introspection_c.so" to ""
[9.752s] -- Installing: /home/zp/ros2/sim/install/champ_msgs/lib/libchamp_msgs__rosidl_typesupport_c.so
[9.753s] -- Set runtime path of "/home/zp/ros2/sim/install/champ_msgs/lib/libchamp_msgs__rosidl_typesupport_c.so" to ""
[9.753s] -- Up-to-date: /home/zp/ros2/sim/install/champ_msgs/include/champ_msgs/champ_msgs
[9.753s] -- Up-to-date: /home/zp/ros2/sim/install/champ_msgs/include/champ_msgs/champ_msgs/msg
[9.753s] -- Installing: /home/zp/ros2/sim/install/champ_msgs/include/champ_msgs/champ_msgs/msg/point_array.hpp
[9.753s] -- Installing: /home/zp/ros2/sim/install/champ_msgs/include/champ_msgs/champ_msgs/msg/contacts_stamped.hpp
[9.753s] -- Installing: /home/zp/ros2/sim/install/champ_msgs/include/champ_msgs/champ_msgs/msg/joints.hpp
[9.753s] -- Installing: /home/zp/ros2/sim/install/champ_msgs/include/champ_msgs/champ_msgs/msg/velocities.hpp
[9.753s] -- Installing: /home/zp/ros2/sim/install/champ_msgs/include/champ_msgs/champ_msgs/msg/rosidl_generator_cpp__visibility_control.hpp
[9.754s] -- Installing: /home/zp/ros2/sim/install/champ_msgs/include/champ_msgs/champ_msgs/msg/contacts.hpp
[9.754s] -- Installing: /home/zp/ros2/sim/install/champ_msgs/include/champ_msgs/champ_msgs/msg/imu.hpp
[9.754s] -- Installing: /home/zp/ros2/sim/install/champ_msgs/include/champ_msgs/champ_msgs/msg/point.hpp
[9.754s] -- Installing: /home/zp/ros2/sim/install/champ_msgs/include/champ_msgs/champ_msgs/msg/pid.hpp
[9.754s] -- Up-to-date: /home/zp/ros2/sim/install/champ_msgs/include/champ_msgs/champ_msgs/msg/detail
[9.754s] -- Installing: /home/zp/ros2/sim/install/champ_msgs/include/champ_msgs/champ_msgs/msg/detail/point_array__builder.hpp
[9.754s] -- Installing: /home/zp/ros2/sim/install/champ_msgs/include/champ_msgs/champ_msgs/msg/detail/point_array__type_support.hpp
[9.755s] -- Installing: /home/zp/ros2/sim/install/champ_msgs/include/champ_msgs/champ_msgs/msg/detail/contacts__struct.hpp
[9.755s] -- Installing: /home/zp/ros2/sim/install/champ_msgs/include/champ_msgs/champ_msgs/msg/detail/velocities__builder.hpp
[9.755s] -- Installing: /home/zp/ros2/sim/install/champ_msgs/include/champ_msgs/champ_msgs/msg/detail/imu__builder.hpp
[9.755s] -- Installing: /home/zp/ros2/sim/install/champ_msgs/include/champ_msgs/champ_msgs/msg/detail/contacts__traits.hpp
[9.755s] -- Installing: /home/zp/ros2/sim/install/champ_msgs/include/champ_msgs/champ_msgs/msg/detail/imu__traits.hpp
[9.755s] -- Installing: /home/zp/ros2/sim/install/champ_msgs/include/champ_msgs/champ_msgs/msg/detail/joints__struct.hpp
[9.755s] -- Installing: /home/zp/ros2/sim/install/champ_msgs/include/champ_msgs/champ_msgs/msg/detail/point__struct.hpp
[9.755s] -- Installing: /home/zp/ros2/sim/install/champ_msgs/include/champ_msgs/champ_msgs/msg/detail/joints__type_support.hpp
[9.755s] -- Installing: /home/zp/ros2/sim/install/champ_msgs/include/champ_msgs/champ_msgs/msg/detail/joints__traits.hpp
[9.755s] -- Installing: /home/zp/ros2/sim/install/champ_msgs/include/champ_msgs/champ_msgs/msg/detail/pose__type_support.hpp
[9.756s] -- Installing: /home/zp/ros2/sim/install/champ_msgs/include/champ_msgs/champ_msgs/msg/detail/joints__builder.hpp
[9.756s] -- Installing: /home/zp/ros2/sim/install/champ_msgs/include/champ_msgs/champ_msgs/msg/detail/contacts_stamped__struct.hpp
[9.756s] -- Installing: /home/zp/ros2/sim/install/champ_msgs/include/champ_msgs/champ_msgs/msg/detail/point_array__traits.hpp
[9.756s] -- Installing: /home/zp/ros2/sim/install/champ_msgs/include/champ_msgs/champ_msgs/msg/detail/pid__builder.hpp
[9.756s] -- Installing: /home/zp/ros2/sim/install/champ_msgs/include/champ_msgs/champ_msgs/msg/detail/velocities__traits.hpp
[9.756s] -- Installing: /home/zp/ros2/sim/install/champ_msgs/include/champ_msgs/champ_msgs/msg/detail/velocities__struct.hpp
[9.756s] -- Installing: /home/zp/ros2/sim/install/champ_msgs/include/champ_msgs/champ_msgs/msg/detail/point__type_support.hpp
[9.756s] -- Installing: /home/zp/ros2/sim/install/champ_msgs/include/champ_msgs/champ_msgs/msg/detail/velocities__type_support.hpp
[9.756s] -- Installing: /home/zp/ros2/sim/install/champ_msgs/include/champ_msgs/champ_msgs/msg/detail/imu__struct.hpp
[9.756s] -- Installing: /home/zp/ros2/sim/install/champ_msgs/include/champ_msgs/champ_msgs/msg/detail/point__traits.hpp
[9.756s] -- Installing: /home/zp/ros2/sim/install/champ_msgs/include/champ_msgs/champ_msgs/msg/detail/point__builder.hpp
[9.757s] -- Installing: /home/zp/ros2/sim/install/champ_msgs/include/champ_msgs/champ_msgs/msg/detail/pid__struct.hpp
[9.757s] -- Installing: /home/zp/ros2/sim/install/champ_msgs/include/champ_msgs/champ_msgs/msg/detail/contacts_stamped__builder.hpp
[9.757s] -- Installing: /home/zp/ros2/sim/install/champ_msgs/include/champ_msgs/champ_msgs/msg/detail/pid__type_support.hpp
[9.757s] -- Installing: /home/zp/ros2/sim/install/champ_msgs/include/champ_msgs/champ_msgs/msg/detail/contacts__builder.hpp
[9.757s] -- Installing: /home/zp/ros2/sim/install/champ_msgs/include/champ_msgs/champ_msgs/msg/detail/pose__traits.hpp
[9.757s] -- Installing: /home/zp/ros2/sim/install/champ_msgs/include/champ_msgs/champ_msgs/msg/detail/point_array__struct.hpp
[9.757s] -- Installing: /home/zp/ros2/sim/install/champ_msgs/include/champ_msgs/champ_msgs/msg/detail/pose__struct.hpp
[9.757s] -- Installing: /home/zp/ros2/sim/install/champ_msgs/include/champ_msgs/champ_msgs/msg/detail/contacts__type_support.hpp
[9.757s] -- Installing: /home/zp/ros2/sim/install/champ_msgs/include/champ_msgs/champ_msgs/msg/detail/imu__type_support.hpp
[9.757s] -- Installing: /home/zp/ros2/sim/install/champ_msgs/include/champ_msgs/champ_msgs/msg/detail/pose__builder.hpp
[9.757s] -- Installing: /home/zp/ros2/sim/install/champ_msgs/include/champ_msgs/champ_msgs/msg/detail/contacts_stamped__type_support.hpp
[9.757s] -- Installing: /home/zp/ros2/sim/install/champ_msgs/include/champ_msgs/champ_msgs/msg/detail/contacts_stamped__traits.hpp
[9.758s] -- Installing: /home/zp/ros2/sim/install/champ_msgs/include/champ_msgs/champ_msgs/msg/detail/pid__traits.hpp
[9.758s] -- Installing: /home/zp/ros2/sim/install/champ_msgs/include/champ_msgs/champ_msgs/msg/pose.hpp
[9.758s] -- Up-to-date: /home/zp/ros2/sim/install/champ_msgs/include/champ_msgs/champ_msgs
[9.758s] -- Up-to-date: /home/zp/ros2/sim/install/champ_msgs/include/champ_msgs/champ_msgs/msg
[9.758s] -- Installing: /home/zp/ros2/sim/install/champ_msgs/include/champ_msgs/champ_msgs/msg/rosidl_typesupport_fastrtps_cpp__visibility_control.h
[9.758s] -- Up-to-date: /home/zp/ros2/sim/install/champ_msgs/include/champ_msgs/champ_msgs/msg/detail
[9.758s] -- Installing: /home/zp/ros2/sim/install/champ_msgs/include/champ_msgs/champ_msgs/msg/detail/joints__rosidl_typesupport_fastrtps_cpp.hpp
[9.758s] -- Installing: /home/zp/ros2/sim/install/champ_msgs/include/champ_msgs/champ_msgs/msg/detail/pose__rosidl_typesupport_fastrtps_cpp.hpp
[9.758s] -- Installing: /home/zp/ros2/sim/install/champ_msgs/include/champ_msgs/champ_msgs/msg/detail/contacts__rosidl_typesupport_fastrtps_cpp.hpp
[9.759s] -- Up-to-date: /home/zp/ros2/sim/install/champ_msgs/include/champ_msgs/champ_msgs/msg/detail/dds_fastrtps
[9.759s] -- Installing: /home/zp/ros2/sim/install/champ_msgs/include/champ_msgs/champ_msgs/msg/detail/point__rosidl_typesupport_fastrtps_cpp.hpp
[9.759s] -- Installing: /home/zp/ros2/sim/install/champ_msgs/include/champ_msgs/champ_msgs/msg/detail/point_array__rosidl_typesupport_fastrtps_cpp.hpp
[9.759s] -- Installing: /home/zp/ros2/sim/install/champ_msgs/include/champ_msgs/champ_msgs/msg/detail/imu__rosidl_typesupport_fastrtps_cpp.hpp
[9.759s] -- Installing: /home/zp/ros2/sim/install/champ_msgs/include/champ_msgs/champ_msgs/msg/detail/contacts_stamped__rosidl_typesupport_fastrtps_cpp.hpp
[9.759s] -- Installing: /home/zp/ros2/sim/install/champ_msgs/include/champ_msgs/champ_msgs/msg/detail/velocities__rosidl_typesupport_fastrtps_cpp.hpp
[9.759s] -- Installing: /home/zp/ros2/sim/install/champ_msgs/include/champ_msgs/champ_msgs/msg/detail/pid__rosidl_typesupport_fastrtps_cpp.hpp
[9.759s] -- Installing: /home/zp/ros2/sim/install/champ_msgs/lib/libchamp_msgs__rosidl_typesupport_fastrtps_cpp.so
[9.759s] -- Set runtime path of "/home/zp/ros2/sim/install/champ_msgs/lib/libchamp_msgs__rosidl_typesupport_fastrtps_cpp.so" to ""
[9.760s] -- Up-to-date: /home/zp/ros2/sim/install/champ_msgs/include/champ_msgs/champ_msgs
[9.760s] -- Up-to-date: /home/zp/ros2/sim/install/champ_msgs/include/champ_msgs/champ_msgs/msg
[9.760s] -- Up-to-date: /home/zp/ros2/sim/install/champ_msgs/include/champ_msgs/champ_msgs/msg/detail
[9.760s] -- Installing: /home/zp/ros2/sim/install/champ_msgs/include/champ_msgs/champ_msgs/msg/detail/pose__rosidl_typesupport_introspection_cpp.hpp
[9.760s] -- Installing: /home/zp/ros2/sim/install/champ_msgs/include/champ_msgs/champ_msgs/msg/detail/joints__type_support.cpp
[9.760s] -- Installing: /home/zp/ros2/sim/install/champ_msgs/include/champ_msgs/champ_msgs/msg/detail/contacts__type_support.cpp
[9.760s] -- Installing: /home/zp/ros2/sim/install/champ_msgs/include/champ_msgs/champ_msgs/msg/detail/pid__type_support.cpp
[9.760s] -- Installing: /home/zp/ros2/sim/install/champ_msgs/include/champ_msgs/champ_msgs/msg/detail/pose__type_support.cpp
[9.761s] -- Installing: /home/zp/ros2/sim/install/champ_msgs/include/champ_msgs/champ_msgs/msg/detail/contacts_stamped__rosidl_typesupport_introspection_cpp.hpp
[9.761s] -- Installing: /home/zp/ros2/sim/install/champ_msgs/include/champ_msgs/champ_msgs/msg/detail/joints__rosidl_typesupport_introspection_cpp.hpp
[9.761s] -- Installing: /home/zp/ros2/sim/install/champ_msgs/include/champ_msgs/champ_msgs/msg/detail/velocities__rosidl_typesupport_introspection_cpp.hpp
[9.761s] -- Installing: /home/zp/ros2/sim/install/champ_msgs/include/champ_msgs/champ_msgs/msg/detail/point__rosidl_typesupport_introspection_cpp.hpp
[9.761s] -- Installing: /home/zp/ros2/sim/install/champ_msgs/include/champ_msgs/champ_msgs/msg/detail/pid__rosidl_typesupport_introspection_cpp.hpp
[9.761s] -- Installing: /home/zp/ros2/sim/install/champ_msgs/include/champ_msgs/champ_msgs/msg/detail/velocities__type_support.cpp
[9.761s] -- Installing: /home/zp/ros2/sim/install/champ_msgs/include/champ_msgs/champ_msgs/msg/detail/point_array__rosidl_typesupport_introspection_cpp.hpp
[9.761s] -- Installing: /home/zp/ros2/sim/install/champ_msgs/include/champ_msgs/champ_msgs/msg/detail/imu__type_support.cpp
[9.761s] -- Installing: /home/zp/ros2/sim/install/champ_msgs/include/champ_msgs/champ_msgs/msg/detail/point_array__type_support.cpp
[9.761s] -- Installing: /home/zp/ros2/sim/install/champ_msgs/include/champ_msgs/champ_msgs/msg/detail/contacts_stamped__type_support.cpp
[9.761s] -- Installing: /home/zp/ros2/sim/install/champ_msgs/include/champ_msgs/champ_msgs/msg/detail/point__type_support.cpp
[9.762s] -- Installing: /home/zp/ros2/sim/install/champ_msgs/include/champ_msgs/champ_msgs/msg/detail/contacts__rosidl_typesupport_introspection_cpp.hpp
[9.762s] -- Installing: /home/zp/ros2/sim/install/champ_msgs/include/champ_msgs/champ_msgs/msg/detail/imu__rosidl_typesupport_introspection_cpp.hpp
[9.762s] -- Installing: /home/zp/ros2/sim/install/champ_msgs/lib/libchamp_msgs__rosidl_typesupport_introspection_cpp.so
[9.763s] -- Set runtime path of "/home/zp/ros2/sim/install/champ_msgs/lib/libchamp_msgs__rosidl_typesupport_introspection_cpp.so" to ""
[9.764s] -- Installing: /home/zp/ros2/sim/install/champ_msgs/lib/libchamp_msgs__rosidl_typesupport_cpp.so
[9.764s] -- Set runtime path of "/home/zp/ros2/sim/install/champ_msgs/lib/libchamp_msgs__rosidl_typesupport_cpp.so" to ""
[9.764s] -- Installing: /home/zp/ros2/sim/install/champ_msgs/share/champ_msgs/environment/pythonpath.sh
[9.764s] -- Installing: /home/zp/ros2/sim/install/champ_msgs/share/champ_msgs/environment/pythonpath.dsv
[9.764s] -- Up-to-date: /home/zp/ros2/sim/install/champ_msgs/local/lib/python3.10/dist-packages/champ_msgs-0.1.0-py3.10.egg-info
[9.764s] -- Installing: /home/zp/ros2/sim/install/champ_msgs/local/lib/python3.10/dist-packages/champ_msgs-0.1.0-py3.10.egg-info/SOURCES.txt
[9.765s] -- Installing: /home/zp/ros2/sim/install/champ_msgs/local/lib/python3.10/dist-packages/champ_msgs-0.1.0-py3.10.egg-info/top_level.txt
[9.765s] -- Installing: /home/zp/ros2/sim/install/champ_msgs/local/lib/python3.10/dist-packages/champ_msgs-0.1.0-py3.10.egg-info/PKG-INFO
[9.765s] -- Installing: /home/zp/ros2/sim/install/champ_msgs/local/lib/python3.10/dist-packages/champ_msgs-0.1.0-py3.10.egg-info/dependency_links.txt
[9.765s] -- Up-to-date: /home/zp/ros2/sim/install/champ_msgs/local/lib/python3.10/dist-packages/champ_msgs
[9.765s] -- Installing: /home/zp/ros2/sim/install/champ_msgs/local/lib/python3.10/dist-packages/champ_msgs/champ_msgs_s__rosidl_typesupport_introspection_c.cpython-310-x86_64-linux-gnu.so
[9.765s] -- Installing: /home/zp/ros2/sim/install/champ_msgs/local/lib/python3.10/dist-packages/champ_msgs/_champ_msgs_s.ep.rosidl_typesupport_c.c
[9.765s] -- Installing: /home/zp/ros2/sim/install/champ_msgs/local/lib/python3.10/dist-packages/champ_msgs/_champ_msgs_s.ep.rosidl_typesupport_introspection_c.c
[9.765s] -- Installing: /home/zp/ros2/sim/install/champ_msgs/local/lib/python3.10/dist-packages/champ_msgs/champ_msgs_s__rosidl_typesupport_fastrtps_c.cpython-310-x86_64-linux-gnu.so
[9.765s] -- Installing: /home/zp/ros2/sim/install/champ_msgs/local/lib/python3.10/dist-packages/champ_msgs/_champ_msgs_s.ep.rosidl_typesupport_fastrtps_c.c
[9.765s] -- Installing: /home/zp/ros2/sim/install/champ_msgs/local/lib/python3.10/dist-packages/champ_msgs/__init__.py
[9.766s] -- Installing: /home/zp/ros2/sim/install/champ_msgs/local/lib/python3.10/dist-packages/champ_msgs/champ_msgs_s__rosidl_typesupport_c.cpython-310-x86_64-linux-gnu.so
[9.766s] -- Installing: /home/zp/ros2/sim/install/champ_msgs/local/lib/python3.10/dist-packages/champ_msgs/libchamp_msgs__rosidl_generator_py.so
[9.766s] -- Up-to-date: /home/zp/ros2/sim/install/champ_msgs/local/lib/python3.10/dist-packages/champ_msgs/msg
[9.766s] -- Installing: /home/zp/ros2/sim/install/champ_msgs/local/lib/python3.10/dist-packages/champ_msgs/msg/_point.py
[9.766s] -- Installing: /home/zp/ros2/sim/install/champ_msgs/local/lib/python3.10/dist-packages/champ_msgs/msg/_pose_s.c
[9.766s] -- Installing: /home/zp/ros2/sim/install/champ_msgs/local/lib/python3.10/dist-packages/champ_msgs/msg/_pid.py
[9.766s] -- Installing: /home/zp/ros2/sim/install/champ_msgs/local/lib/python3.10/dist-packages/champ_msgs/msg/_pid_s.c
[9.766s] -- Installing: /home/zp/ros2/sim/install/champ_msgs/local/lib/python3.10/dist-packages/champ_msgs/msg/_joints_s.c
[9.766s] -- Installing: /home/zp/ros2/sim/install/champ_msgs/local/lib/python3.10/dist-packages/champ_msgs/msg/_contacts_stamped_s.c
[9.766s] -- Installing: /home/zp/ros2/sim/install/champ_msgs/local/lib/python3.10/dist-packages/champ_msgs/msg/_imu_s.c
[9.767s] -- Installing: /home/zp/ros2/sim/install/champ_msgs/local/lib/python3.10/dist-packages/champ_msgs/msg/_point_s.c
[9.767s] -- Installing: /home/zp/ros2/sim/install/champ_msgs/local/lib/python3.10/dist-packages/champ_msgs/msg/_point_array.py
[9.767s] -- Installing: /home/zp/ros2/sim/install/champ_msgs/local/lib/python3.10/dist-packages/champ_msgs/msg/_velocities.py
[9.767s] -- Installing: /home/zp/ros2/sim/install/champ_msgs/local/lib/python3.10/dist-packages/champ_msgs/msg/__init__.py
[9.767s] -- Installing: /home/zp/ros2/sim/install/champ_msgs/local/lib/python3.10/dist-packages/champ_msgs/msg/_contacts.py
[9.767s] -- Installing: /home/zp/ros2/sim/install/champ_msgs/local/lib/python3.10/dist-packages/champ_msgs/msg/_contacts_stamped.py
[9.767s] -- Installing: /home/zp/ros2/sim/install/champ_msgs/local/lib/python3.10/dist-packages/champ_msgs/msg/_velocities_s.c
[9.767s] -- Installing: /home/zp/ros2/sim/install/champ_msgs/local/lib/python3.10/dist-packages/champ_msgs/msg/_point_array_s.c
[9.767s] -- Installing: /home/zp/ros2/sim/install/champ_msgs/local/lib/python3.10/dist-packages/champ_msgs/msg/_pose.py
[9.767s] -- Installing: /home/zp/ros2/sim/install/champ_msgs/local/lib/python3.10/dist-packages/champ_msgs/msg/_imu.py
[9.767s] -- Installing: /home/zp/ros2/sim/install/champ_msgs/local/lib/python3.10/dist-packages/champ_msgs/msg/_contacts_s.c
[9.768s] -- Installing: /home/zp/ros2/sim/install/champ_msgs/local/lib/python3.10/dist-packages/champ_msgs/msg/_joints.py
[9.802s] Listing '/home/zp/ros2/sim/install/champ_msgs/local/lib/python3.10/dist-packages/champ_msgs'...
[9.802s] Compiling '/home/zp/ros2/sim/install/champ_msgs/local/lib/python3.10/dist-packages/champ_msgs/__init__.py'...
[9.802s] Listing '/home/zp/ros2/sim/install/champ_msgs/local/lib/python3.10/dist-packages/champ_msgs/msg'...
[9.802s] Compiling '/home/zp/ros2/sim/install/champ_msgs/local/lib/python3.10/dist-packages/champ_msgs/msg/__init__.py'...
[9.802s] Compiling '/home/zp/ros2/sim/install/champ_msgs/local/lib/python3.10/dist-packages/champ_msgs/msg/_contacts.py'...
[9.802s] Compiling '/home/zp/ros2/sim/install/champ_msgs/local/lib/python3.10/dist-packages/champ_msgs/msg/_contacts_stamped.py'...
[9.802s] Compiling '/home/zp/ros2/sim/install/champ_msgs/local/lib/python3.10/dist-packages/champ_msgs/msg/_imu.py'...
[9.802s] Compiling '/home/zp/ros2/sim/install/champ_msgs/local/lib/python3.10/dist-packages/champ_msgs/msg/_joints.py'...
[9.802s] Compiling '/home/zp/ros2/sim/install/champ_msgs/local/lib/python3.10/dist-packages/champ_msgs/msg/_pid.py'...
[9.802s] Compiling '/home/zp/ros2/sim/install/champ_msgs/local/lib/python3.10/dist-packages/champ_msgs/msg/_point.py'...
[9.802s] Compiling '/home/zp/ros2/sim/install/champ_msgs/local/lib/python3.10/dist-packages/champ_msgs/msg/_point_array.py'...
[9.802s] Compiling '/home/zp/ros2/sim/install/champ_msgs/local/lib/python3.10/dist-packages/champ_msgs/msg/_pose.py'...
[9.802s] Compiling '/home/zp/ros2/sim/install/champ_msgs/local/lib/python3.10/dist-packages/champ_msgs/msg/_velocities.py'...
[9.806s] -- Installing: /home/zp/ros2/sim/install/champ_msgs/local/lib/python3.10/dist-packages/champ_msgs/champ_msgs_s__rosidl_typesupport_fastrtps_c.cpython-310-x86_64-linux-gnu.so
[9.806s] -- Set runtime path of "/home/zp/ros2/sim/install/champ_msgs/local/lib/python3.10/dist-packages/champ_msgs/champ_msgs_s__rosidl_typesupport_fastrtps_c.cpython-310-x86_64-linux-gnu.so" to ""
[9.806s] -- Installing: /home/zp/ros2/sim/install/champ_msgs/local/lib/python3.10/dist-packages/champ_msgs/champ_msgs_s__rosidl_typesupport_introspection_c.cpython-310-x86_64-linux-gnu.so
[9.806s] -- Set runtime path of "/home/zp/ros2/sim/install/champ_msgs/local/lib/python3.10/dist-packages/champ_msgs/champ_msgs_s__rosidl_typesupport_introspection_c.cpython-310-x86_64-linux-gnu.so" to ""
[9.806s] -- Installing: /home/zp/ros2/sim/install/champ_msgs/local/lib/python3.10/dist-packages/champ_msgs/champ_msgs_s__rosidl_typesupport_c.cpython-310-x86_64-linux-gnu.so
[9.806s] -- Set runtime path of "/home/zp/ros2/sim/install/champ_msgs/local/lib/python3.10/dist-packages/champ_msgs/champ_msgs_s__rosidl_typesupport_c.cpython-310-x86_64-linux-gnu.so" to ""
[9.807s] -- Installing: /home/zp/ros2/sim/install/champ_msgs/lib/libchamp_msgs__rosidl_generator_py.so
[9.807s] -- Set runtime path of "/home/zp/ros2/sim/install/champ_msgs/lib/libchamp_msgs__rosidl_generator_py.so" to ""
[9.808s] -- Installing: /home/zp/ros2/sim/install/champ_msgs/share/champ_msgs/msg/Velocities.idl
[9.808s] -- Installing: /home/zp/ros2/sim/install/champ_msgs/share/champ_msgs/msg/PID.idl
[9.808s] -- Installing: /home/zp/ros2/sim/install/champ_msgs/share/champ_msgs/msg/Imu.idl
[9.808s] -- Installing: /home/zp/ros2/sim/install/champ_msgs/share/champ_msgs/msg/Point.idl
[9.808s] -- Installing: /home/zp/ros2/sim/install/champ_msgs/share/champ_msgs/msg/PointArray.idl
[9.808s] -- Installing: /home/zp/ros2/sim/install/champ_msgs/share/champ_msgs/msg/Joints.idl
[9.808s] -- Installing: /home/zp/ros2/sim/install/champ_msgs/share/champ_msgs/msg/Contacts.idl
[9.808s] -- Installing: /home/zp/ros2/sim/install/champ_msgs/share/champ_msgs/msg/ContactsStamped.idl
[9.808s] -- Installing: /home/zp/ros2/sim/install/champ_msgs/share/champ_msgs/msg/Pose.idl
[9.809s] -- Up-to-date: /home/zp/ros2/sim/install/champ_msgs/share/champ_msgs/msg/Velocities.msg
[9.809s] -- Up-to-date: /home/zp/ros2/sim/install/champ_msgs/share/champ_msgs/msg/PID.msg
[9.809s] -- Up-to-date: /home/zp/ros2/sim/install/champ_msgs/share/champ_msgs/msg/Imu.msg
[9.809s] -- Up-to-date: /home/zp/ros2/sim/install/champ_msgs/share/champ_msgs/msg/Point.msg
[9.809s] -- Up-to-date: /home/zp/ros2/sim/install/champ_msgs/share/champ_msgs/msg/PointArray.msg
[9.809s] -- Up-to-date: /home/zp/ros2/sim/install/champ_msgs/share/champ_msgs/msg/Joints.msg
[9.809s] -- Up-to-date: /home/zp/ros2/sim/install/champ_msgs/share/champ_msgs/msg/Contacts.msg
[9.809s] -- Up-to-date: /home/zp/ros2/sim/install/champ_msgs/share/champ_msgs/msg/ContactsStamped.msg
[9.809s] -- Up-to-date: /home/zp/ros2/sim/install/champ_msgs/share/champ_msgs/msg/Pose.msg
[9.809s] -- Installing: /home/zp/ros2/sim/install/champ_msgs/share/ament_index/resource_index/package_run_dependencies/champ_msgs
[9.809s] -- Installing: /home/zp/ros2/sim/install/champ_msgs/share/ament_index/resource_index/parent_prefix_path/champ_msgs
[9.809s] -- Up-to-date: /home/zp/ros2/sim/install/champ_msgs/share/champ_msgs/environment/ament_prefix_path.sh
[9.809s] -- Installing: /home/zp/ros2/sim/install/champ_msgs/share/champ_msgs/environment/ament_prefix_path.dsv
[9.810s] -- Up-to-date: /home/zp/ros2/sim/install/champ_msgs/share/champ_msgs/environment/path.sh
[9.810s] -- Installing: /home/zp/ros2/sim/install/champ_msgs/share/champ_msgs/environment/path.dsv
[9.810s] -- Installing: /home/zp/ros2/sim/install/champ_msgs/share/champ_msgs/local_setup.bash
[9.810s] -- Installing: /home/zp/ros2/sim/install/champ_msgs/share/champ_msgs/local_setup.sh
[9.810s] -- Installing: /home/zp/ros2/sim/install/champ_msgs/share/champ_msgs/local_setup.zsh
[9.810s] -- Installing: /home/zp/ros2/sim/install/champ_msgs/share/champ_msgs/local_setup.dsv
[9.810s] -- Installing: /home/zp/ros2/sim/install/champ_msgs/share/champ_msgs/package.dsv
[9.810s] -- Installing: /home/zp/ros2/sim/install/champ_msgs/share/ament_index/resource_index/packages/champ_msgs
[9.810s] -- Installing: /home/zp/ros2/sim/install/champ_msgs/share/champ_msgs/cmake/export_champ_msgs__rosidl_generator_cExport.cmake
[9.811s] -- Installing: /home/zp/ros2/sim/install/champ_msgs/share/champ_msgs/cmake/export_champ_msgs__rosidl_generator_cExport-noconfig.cmake
[9.811s] -- Installing: /home/zp/ros2/sim/install/champ_msgs/share/champ_msgs/cmake/export_champ_msgs__rosidl_typesupport_fastrtps_cExport.cmake
[9.811s] -- Installing: /home/zp/ros2/sim/install/champ_msgs/share/champ_msgs/cmake/export_champ_msgs__rosidl_typesupport_fastrtps_cExport-noconfig.cmake
[9.812s] -- Installing: /home/zp/ros2/sim/install/champ_msgs/share/champ_msgs/cmake/champ_msgs__rosidl_typesupport_introspection_cExport.cmake
[9.812s] -- Installing: /home/zp/ros2/sim/install/champ_msgs/share/champ_msgs/cmake/champ_msgs__rosidl_typesupport_introspection_cExport-noconfig.cmake
[9.812s] -- Installing: /home/zp/ros2/sim/install/champ_msgs/share/champ_msgs/cmake/champ_msgs__rosidl_typesupport_cExport.cmake
[9.812s] -- Installing: /home/zp/ros2/sim/install/champ_msgs/share/champ_msgs/cmake/champ_msgs__rosidl_typesupport_cExport-noconfig.cmake
[9.812s] -- Installing: /home/zp/ros2/sim/install/champ_msgs/share/champ_msgs/cmake/export_champ_msgs__rosidl_generator_cppExport.cmake
[9.813s] -- Installing: /home/zp/ros2/sim/install/champ_msgs/share/champ_msgs/cmake/export_champ_msgs__rosidl_typesupport_fastrtps_cppExport.cmake
[9.813s] -- Installing: /home/zp/ros2/sim/install/champ_msgs/share/champ_msgs/cmake/export_champ_msgs__rosidl_typesupport_fastrtps_cppExport-noconfig.cmake
[9.813s] -- Installing: /home/zp/ros2/sim/install/champ_msgs/share/champ_msgs/cmake/champ_msgs__rosidl_typesupport_introspection_cppExport.cmake
[9.813s] -- Installing: /home/zp/ros2/sim/install/champ_msgs/share/champ_msgs/cmake/champ_msgs__rosidl_typesupport_introspection_cppExport-noconfig.cmake
[9.813s] -- Installing: /home/zp/ros2/sim/install/champ_msgs/share/champ_msgs/cmake/champ_msgs__rosidl_typesupport_cppExport.cmake
[9.814s] -- Installing: /home/zp/ros2/sim/install/champ_msgs/share/champ_msgs/cmake/champ_msgs__rosidl_typesupport_cppExport-noconfig.cmake
[9.814s] -- Installing: /home/zp/ros2/sim/install/champ_msgs/share/champ_msgs/cmake/export_champ_msgs__rosidl_generator_pyExport.cmake
[9.814s] -- Installing: /home/zp/ros2/sim/install/champ_msgs/share/champ_msgs/cmake/export_champ_msgs__rosidl_generator_pyExport-noconfig.cmake
[9.814s] -- Installing: /home/zp/ros2/sim/install/champ_msgs/share/champ_msgs/cmake/rosidl_cmake-extras.cmake
[9.814s] -- Installing: /home/zp/ros2/sim/install/champ_msgs/share/champ_msgs/cmake/ament_cmake_export_dependencies-extras.cmake
[9.814s] -- Installing: /home/zp/ros2/sim/install/champ_msgs/share/champ_msgs/cmake/ament_cmake_export_include_directories-extras.cmake
[9.814s] -- Installing: /home/zp/ros2/sim/install/champ_msgs/share/champ_msgs/cmake/ament_cmake_export_libraries-extras.cmake
[9.814s] -- Installing: /home/zp/ros2/sim/install/champ_msgs/share/champ_msgs/cmake/ament_cmake_export_targets-extras.cmake
[9.814s] -- Installing: /home/zp/ros2/sim/install/champ_msgs/share/champ_msgs/cmake/rosidl_cmake_export_typesupport_targets-extras.cmake
[9.815s] -- Installing: /home/zp/ros2/sim/install/champ_msgs/share/champ_msgs/cmake/rosidl_cmake_export_typesupport_libraries-extras.cmake
[9.815s] -- Installing: /home/zp/ros2/sim/install/champ_msgs/share/champ_msgs/cmake/champ_msgsConfig.cmake
[9.815s] -- Installing: /home/zp/ros2/sim/install/champ_msgs/share/champ_msgs/cmake/champ_msgsConfig-version.cmake
[9.815s] -- Up-to-date: /home/zp/ros2/sim/install/champ_msgs/share/champ_msgs/package.xml
[9.817s] Invoked command in '/home/zp/ros2/sim/build/champ_msgs' returned '0': CMAKE_PREFIX_PATH=${CMAKE_PREFIX_PATH}:/home/zp/ros2/sim/install/my_motion_example:/opt/ros/humble /usr/bin/cmake --install /home/zp/ros2/sim/build/champ_msgs
