[0.030s] Invoking command in '/home/zp/ros2/sim/build/champ_description': CMAKE_PREFIX_PATH=/opt/ros/humble /usr/bin/cmake /home/zp/ros2/sim/src/unitree-go2-ros2/champ/champ_description -DCMAKE_INSTALL_PREFIX=/home/zp/ros2/sim/install/champ_description
[0.334s] -- The C compiler identification is GNU 11.4.0
[1.656s] -- The CXX compiler identification is GNU 11.4.0
[2.636s] -- Detecting C compiler ABI info
[2.889s] -- Detecting C compiler ABI info - done
[2.894s] -- Check for working C compiler: /usr/bin/cc - skipped
[2.895s] -- Detecting C compile features
[2.895s] -- Detecting C compile features - done
[2.897s] -- Detecting CXX compiler ABI info
[3.192s] -- Detecting CXX compiler ABI info - done
[3.196s] -- Check for working CXX compiler: /usr/bin/c++ - skipped
[3.196s] -- Detecting CXX compile features
[3.197s] -- Detecting CXX compile features - done
[3.198s] -- Found ament_cmake: 1.3.12 (/opt/ros/humble/share/ament_cmake/cmake)
[3.296s] -- Found Python3: /usr/bin/python3 (found version "3.10.12") found components: Interpreter 
[3.354s] -- Found ament_lint_auto: 0.12.14 (/opt/ros/humble/share/ament_lint_auto/cmake)
[3.397s] -- Configuring done
[3.399s] -- Generating done
[3.400s] -- Build files have been written to: /home/zp/ros2/sim/build/champ_description
[3.403s] Invoked command in '/home/zp/ros2/sim/build/champ_description' returned '0': CMAKE_PREFIX_PATH=/opt/ros/humble /usr/bin/cmake /home/zp/ros2/sim/src/unitree-go2-ros2/champ/champ_description -DCMAKE_INSTALL_PREFIX=/home/zp/ros2/sim/install/champ_description
[3.405s] Invoking command in '/home/zp/ros2/sim/build/champ_description': CMAKE_PREFIX_PATH=/opt/ros/humble /usr/bin/cmake --build /home/zp/ros2/sim/build/champ_description -- -j20 -l20
[3.431s] Invoked command in '/home/zp/ros2/sim/build/champ_description' returned '0': CMAKE_PREFIX_PATH=/opt/ros/humble /usr/bin/cmake --build /home/zp/ros2/sim/build/champ_description -- -j20 -l20
[3.433s] Invoking command in '/home/zp/ros2/sim/build/champ_description': CMAKE_PREFIX_PATH=/opt/ros/humble /usr/bin/cmake --install /home/zp/ros2/sim/build/champ_description
[3.437s] -- Install configuration: ""
[3.437s] -- Installing: /home/zp/ros2/sim/install/champ_description/share/champ_description/launch
[3.438s] -- Installing: /home/zp/ros2/sim/install/champ_description/share/champ_description/launch/description.launch
[3.438s] -- Installing: /home/zp/ros2/sim/install/champ_description/share/champ_description/launch/description.launch.py
[3.438s] -- Installing: /home/zp/ros2/sim/install/champ_description/share/champ_description/launch/view_urdf.launch
[3.438s] -- Installing: /home/zp/ros2/sim/install/champ_description/share/champ_description/rviz
[3.439s] -- Installing: /home/zp/ros2/sim/install/champ_description/share/champ_description/rviz/urdf_viewer.rviz
[3.439s] -- Installing: /home/zp/ros2/sim/install/champ_description/share/champ_description/meshes
[3.439s] -- Installing: /home/zp/ros2/sim/install/champ_description/share/champ_description/meshes/lower_leg_simple.stl
[3.439s] -- Installing: /home/zp/ros2/sim/install/champ_description/share/champ_description/meshes/upper_leg.stl
[3.439s] -- Installing: /home/zp/ros2/sim/install/champ_description/share/champ_description/meshes/lower_leg.stl
[3.439s] -- Installing: /home/zp/ros2/sim/install/champ_description/share/champ_description/meshes/hokuyo_utm_30lx.dae
[3.439s] -- Installing: /home/zp/ros2/sim/install/champ_description/share/champ_description/meshes/arm
[3.439s] -- Installing: /home/zp/ros2/sim/install/champ_description/share/champ_description/meshes/arm/upper_arm.stl
[3.439s] -- Installing: /home/zp/ros2/sim/install/champ_description/share/champ_description/meshes/arm/lower_arm.stl
[3.439s] -- Installing: /home/zp/ros2/sim/install/champ_description/share/champ_description/meshes/arm/wrist1.stl
[3.439s] -- Installing: /home/zp/ros2/sim/install/champ_description/share/champ_description/meshes/arm/wrist2.stl
[3.440s] -- Installing: /home/zp/ros2/sim/install/champ_description/share/champ_description/meshes/arm/base.stl
[3.440s] -- Installing: /home/zp/ros2/sim/install/champ_description/share/champ_description/meshes/upper_leg_simple.stl
[3.440s] -- Installing: /home/zp/ros2/sim/install/champ_description/share/champ_description/meshes/hip.stl
[3.440s] -- Installing: /home/zp/ros2/sim/install/champ_description/share/champ_description/meshes/base_simple.stl
[3.440s] -- Installing: /home/zp/ros2/sim/install/champ_description/share/champ_description/meshes/asus_camera_simple.dae
[3.440s] -- Installing: /home/zp/ros2/sim/install/champ_description/share/champ_description/meshes/base.stl
[3.440s] -- Installing: /home/zp/ros2/sim/install/champ_description/share/champ_description/urdf
[3.441s] -- Installing: /home/zp/ros2/sim/install/champ_description/share/champ_description/urdf/gen_urdf
[3.441s] -- Installing: /home/zp/ros2/sim/install/champ_description/share/champ_description/urdf/champ.urdf
[3.441s] -- Installing: /home/zp/ros2/sim/install/champ_description/share/champ_description/urdf/champ.urdf.xacro
[3.441s] -- Installing: /home/zp/ros2/sim/install/champ_description/share/champ_description/urdf/leg.urdf.xacro
[3.441s] -- Installing: /home/zp/ros2/sim/install/champ_description/share/champ_description/urdf/hokuyo_utm30lx.urdf.xacro
[3.441s] -- Installing: /home/zp/ros2/sim/install/champ_description/share/champ_description/urdf/champ_arm.urdf
[3.441s] -- Installing: /home/zp/ros2/sim/install/champ_description/share/champ_description/urdf/champ_velodyne.urdf
[3.441s] -- Installing: /home/zp/ros2/sim/install/champ_description/share/champ_description/urdf/accessories.urdf.xacro
[3.441s] -- Installing: /home/zp/ros2/sim/install/champ_description/share/champ_description/urdf/asus_camera.urdf.xacro
[3.441s] -- Installing: /home/zp/ros2/sim/install/champ_description/share/champ_description/urdf/properties.urdf.xacro
[3.441s] -- Installing: /home/zp/ros2/sim/install/champ_description/share/ament_index/resource_index/package_run_dependencies/champ_description
[3.441s] -- Installing: /home/zp/ros2/sim/install/champ_description/share/ament_index/resource_index/parent_prefix_path/champ_description
[3.442s] -- Installing: /home/zp/ros2/sim/install/champ_description/share/champ_description/environment/ament_prefix_path.sh
[3.442s] -- Installing: /home/zp/ros2/sim/install/champ_description/share/champ_description/environment/ament_prefix_path.dsv
[3.442s] -- Installing: /home/zp/ros2/sim/install/champ_description/share/champ_description/environment/path.sh
[3.442s] -- Installing: /home/zp/ros2/sim/install/champ_description/share/champ_description/environment/path.dsv
[3.442s] -- Installing: /home/zp/ros2/sim/install/champ_description/share/champ_description/local_setup.bash
[3.442s] -- Installing: /home/zp/ros2/sim/install/champ_description/share/champ_description/local_setup.sh
[3.442s] -- Installing: /home/zp/ros2/sim/install/champ_description/share/champ_description/local_setup.zsh
[3.443s] -- Installing: /home/zp/ros2/sim/install/champ_description/share/champ_description/local_setup.dsv
[3.443s] -- Installing: /home/zp/ros2/sim/install/champ_description/share/champ_description/package.dsv
[3.443s] -- Installing: /home/zp/ros2/sim/install/champ_description/share/ament_index/resource_index/packages/champ_description
[3.443s] -- Installing: /home/zp/ros2/sim/install/champ_description/share/champ_description/cmake/champ_descriptionConfig.cmake
[3.443s] -- Installing: /home/zp/ros2/sim/install/champ_description/share/champ_description/cmake/champ_descriptionConfig-version.cmake
[3.443s] -- Installing: /home/zp/ros2/sim/install/champ_description/share/champ_description/package.xml
[3.444s] Invoked command in '/home/zp/ros2/sim/build/champ_description' returned '0': CMAKE_PREFIX_PATH=/opt/ros/humble /usr/bin/cmake --install /home/zp/ros2/sim/build/champ_description
