[0.389s] Invoking command in '/home/zp/ros2/sim/build/new_interface': CMAKE_PREFIX_PATH=${CMAKE_PREFIX_PATH}:/home/zp/ros2/sim/install/my_motion_example:/home/zp/ros2/sim/install/go2_control:/opt/ros/humble /usr/bin/cmake --build /home/zp/ros2/sim/build/new_interface -- -j20 -l20
[0.501s] [  3%] Built target new_interface__cpp
[0.501s] [ 12%] Built target new_interface__rosidl_generator_c
[0.502s] [ 12%] Built target ament_cmake_python_copy_new_interface
[0.509s] [ 22%] Built target new_interface__rosidl_typesupport_cpp
[0.509s] [ 32%] Built target new_interface__rosidl_typesupport_fastrtps_cpp
[0.509s] [ 41%] Built target new_interface__rosidl_typesupport_introspection_cpp
[0.509s] [ 51%] Built target new_interface__rosidl_typesupport_c
[0.509s] [ 61%] Built target new_interface__rosidl_typesupport_introspection_c
[0.509s] [ 70%] Built target new_interface__rosidl_typesupport_fastrtps_c
[0.510s] [ 70%] Built target new_interface
[0.510s] [ 74%] Built target new_interface__py
[0.513s] [ 80%] Built target new_interface__rosidl_generator_py
[0.533s] [ 87%] Built target new_interface__rosidl_typesupport_introspection_c__pyext
[0.534s] [ 93%] Built target new_interface__rosidl_typesupport_c__pyext
[0.534s] [100%] Built target new_interface__rosidl_typesupport_fastrtps_c__pyext
[0.634s] running egg_info
[0.635s] writing new_interface.egg-info/PKG-INFO
[0.635s] writing dependency_links to new_interface.egg-info/dependency_links.txt
[0.635s] writing top-level names to new_interface.egg-info/top_level.txt
[0.637s] reading manifest file 'new_interface.egg-info/SOURCES.txt'
[0.638s] writing manifest file 'new_interface.egg-info/SOURCES.txt'
[0.655s] [100%] Built target ament_cmake_python_build_new_interface_egg
[0.665s] Invoked command in '/home/zp/ros2/sim/build/new_interface' returned '0': CMAKE_PREFIX_PATH=${CMAKE_PREFIX_PATH}:/home/zp/ros2/sim/install/my_motion_example:/home/zp/ros2/sim/install/go2_control:/opt/ros/humble /usr/bin/cmake --build /home/zp/ros2/sim/build/new_interface -- -j20 -l20
[0.667s] Invoking command in '/home/zp/ros2/sim/build/new_interface': CMAKE_PREFIX_PATH=${CMAKE_PREFIX_PATH}:/home/zp/ros2/sim/install/my_motion_example:/home/zp/ros2/sim/install/go2_control:/opt/ros/humble /usr/bin/cmake --install /home/zp/ros2/sim/build/new_interface
[0.672s] -- Install configuration: ""
[0.673s] -- Up-to-date: /home/zp/ros2/sim/install/new_interface/share/ament_index/resource_index/rosidl_interfaces/new_interface
[0.673s] -- Up-to-date: /home/zp/ros2/sim/install/new_interface/include/new_interface/new_interface
[0.673s] -- Up-to-date: /home/zp/ros2/sim/install/new_interface/include/new_interface/new_interface/action
[0.673s] -- Up-to-date: /home/zp/ros2/sim/install/new_interface/include/new_interface/new_interface/action/move_robot.h
[0.673s] -- Up-to-date: /home/zp/ros2/sim/install/new_interface/include/new_interface/new_interface/action/detail
[0.673s] -- Up-to-date: /home/zp/ros2/sim/install/new_interface/include/new_interface/new_interface/action/detail/move_robot__type_support.h
[0.673s] -- Up-to-date: /home/zp/ros2/sim/install/new_interface/include/new_interface/new_interface/action/detail/move_robot__functions.c
[0.674s] -- Up-to-date: /home/zp/ros2/sim/install/new_interface/include/new_interface/new_interface/action/detail/move_robot__functions.h
[0.674s] -- Up-to-date: /home/zp/ros2/sim/install/new_interface/include/new_interface/new_interface/action/detail/move_robot__struct.h
[0.674s] -- Up-to-date: /home/zp/ros2/sim/install/new_interface/include/new_interface/new_interface/msg
[0.674s] -- Up-to-date: /home/zp/ros2/sim/install/new_interface/include/new_interface/new_interface/msg/rosidl_generator_c__visibility_control.h
[0.674s] -- Up-to-date: /home/zp/ros2/sim/install/new_interface/share/new_interface/environment/library_path.sh
[0.674s] -- Up-to-date: /home/zp/ros2/sim/install/new_interface/share/new_interface/environment/library_path.dsv
[0.675s] -- Up-to-date: /home/zp/ros2/sim/install/new_interface/lib/libnew_interface__rosidl_generator_c.so
[0.675s] -- Up-to-date: /home/zp/ros2/sim/install/new_interface/include/new_interface/new_interface
[0.675s] -- Up-to-date: /home/zp/ros2/sim/install/new_interface/include/new_interface/new_interface/action
[0.675s] -- Up-to-date: /home/zp/ros2/sim/install/new_interface/include/new_interface/new_interface/action/detail
[0.675s] -- Up-to-date: /home/zp/ros2/sim/install/new_interface/include/new_interface/new_interface/action/detail/move_robot__rosidl_typesupport_fastrtps_c.h
[0.675s] -- Up-to-date: /home/zp/ros2/sim/install/new_interface/include/new_interface/new_interface/msg
[0.677s] -- Up-to-date: /home/zp/ros2/sim/install/new_interface/include/new_interface/new_interface/msg/rosidl_typesupport_fastrtps_c__visibility_control.h
[0.677s] -- Up-to-date: /home/zp/ros2/sim/install/new_interface/lib/libnew_interface__rosidl_typesupport_fastrtps_c.so
[0.678s] -- Up-to-date: /home/zp/ros2/sim/install/new_interface/include/new_interface/new_interface
[0.678s] -- Up-to-date: /home/zp/ros2/sim/install/new_interface/include/new_interface/new_interface/action
[0.678s] -- Up-to-date: /home/zp/ros2/sim/install/new_interface/include/new_interface/new_interface/action/detail
[0.678s] -- Up-to-date: /home/zp/ros2/sim/install/new_interface/include/new_interface/new_interface/action/detail/move_robot__rosidl_typesupport_introspection_c.h
[0.678s] -- Up-to-date: /home/zp/ros2/sim/install/new_interface/include/new_interface/new_interface/action/detail/move_robot__type_support.c
[0.678s] -- Up-to-date: /home/zp/ros2/sim/install/new_interface/include/new_interface/new_interface/msg
[0.678s] -- Up-to-date: /home/zp/ros2/sim/install/new_interface/include/new_interface/new_interface/msg/rosidl_typesupport_introspection_c__visibility_control.h
[0.678s] -- Up-to-date: /home/zp/ros2/sim/install/new_interface/lib/libnew_interface__rosidl_typesupport_introspection_c.so
[0.678s] -- Up-to-date: /home/zp/ros2/sim/install/new_interface/lib/libnew_interface__rosidl_typesupport_c.so
[0.678s] -- Up-to-date: /home/zp/ros2/sim/install/new_interface/include/new_interface/new_interface
[0.678s] -- Up-to-date: /home/zp/ros2/sim/install/new_interface/include/new_interface/new_interface/action
[0.678s] -- Up-to-date: /home/zp/ros2/sim/install/new_interface/include/new_interface/new_interface/action/move_robot.hpp
[0.679s] -- Up-to-date: /home/zp/ros2/sim/install/new_interface/include/new_interface/new_interface/action/detail
[0.679s] -- Up-to-date: /home/zp/ros2/sim/install/new_interface/include/new_interface/new_interface/action/detail/move_robot__builder.hpp
[0.679s] -- Up-to-date: /home/zp/ros2/sim/install/new_interface/include/new_interface/new_interface/action/detail/move_robot__type_support.hpp
[0.679s] -- Up-to-date: /home/zp/ros2/sim/install/new_interface/include/new_interface/new_interface/action/detail/move_robot__traits.hpp
[0.679s] -- Up-to-date: /home/zp/ros2/sim/install/new_interface/include/new_interface/new_interface/action/detail/move_robot__struct.hpp
[0.679s] -- Up-to-date: /home/zp/ros2/sim/install/new_interface/include/new_interface/new_interface/msg
[0.679s] -- Up-to-date: /home/zp/ros2/sim/install/new_interface/include/new_interface/new_interface/msg/rosidl_generator_cpp__visibility_control.hpp
[0.679s] -- Up-to-date: /home/zp/ros2/sim/install/new_interface/include/new_interface/new_interface
[0.679s] -- Up-to-date: /home/zp/ros2/sim/install/new_interface/include/new_interface/new_interface/action
[0.679s] -- Up-to-date: /home/zp/ros2/sim/install/new_interface/include/new_interface/new_interface/action/detail
[0.679s] -- Up-to-date: /home/zp/ros2/sim/install/new_interface/include/new_interface/new_interface/action/detail/dds_fastrtps
[0.679s] -- Up-to-date: /home/zp/ros2/sim/install/new_interface/include/new_interface/new_interface/action/detail/move_robot__rosidl_typesupport_fastrtps_cpp.hpp
[0.679s] -- Up-to-date: /home/zp/ros2/sim/install/new_interface/include/new_interface/new_interface/msg
[0.679s] -- Up-to-date: /home/zp/ros2/sim/install/new_interface/include/new_interface/new_interface/msg/rosidl_typesupport_fastrtps_cpp__visibility_control.h
[0.679s] -- Up-to-date: /home/zp/ros2/sim/install/new_interface/lib/libnew_interface__rosidl_typesupport_fastrtps_cpp.so
[0.679s] -- Up-to-date: /home/zp/ros2/sim/install/new_interface/include/new_interface/new_interface
[0.679s] -- Up-to-date: /home/zp/ros2/sim/install/new_interface/include/new_interface/new_interface/action
[0.679s] -- Up-to-date: /home/zp/ros2/sim/install/new_interface/include/new_interface/new_interface/action/detail
[0.679s] -- Up-to-date: /home/zp/ros2/sim/install/new_interface/include/new_interface/new_interface/action/detail/move_robot__type_support.cpp
[0.679s] -- Up-to-date: /home/zp/ros2/sim/install/new_interface/include/new_interface/new_interface/action/detail/move_robot__rosidl_typesupport_introspection_cpp.hpp
[0.679s] -- Up-to-date: /home/zp/ros2/sim/install/new_interface/lib/libnew_interface__rosidl_typesupport_introspection_cpp.so
[0.679s] -- Up-to-date: /home/zp/ros2/sim/install/new_interface/lib/libnew_interface__rosidl_typesupport_cpp.so
[0.680s] -- Up-to-date: /home/zp/ros2/sim/install/new_interface/share/new_interface/environment/pythonpath.sh
[0.680s] -- Up-to-date: /home/zp/ros2/sim/install/new_interface/share/new_interface/environment/pythonpath.dsv
[0.680s] -- Up-to-date: /home/zp/ros2/sim/install/new_interface/local/lib/python3.10/dist-packages/new_interface-0.0.0-py3.10.egg-info
[0.680s] -- Installing: /home/zp/ros2/sim/install/new_interface/local/lib/python3.10/dist-packages/new_interface-0.0.0-py3.10.egg-info/SOURCES.txt
[0.680s] -- Installing: /home/zp/ros2/sim/install/new_interface/local/lib/python3.10/dist-packages/new_interface-0.0.0-py3.10.egg-info/top_level.txt
[0.680s] -- Installing: /home/zp/ros2/sim/install/new_interface/local/lib/python3.10/dist-packages/new_interface-0.0.0-py3.10.egg-info/PKG-INFO
[0.680s] -- Installing: /home/zp/ros2/sim/install/new_interface/local/lib/python3.10/dist-packages/new_interface-0.0.0-py3.10.egg-info/dependency_links.txt
[0.680s] -- Up-to-date: /home/zp/ros2/sim/install/new_interface/local/lib/python3.10/dist-packages/new_interface
[0.680s] -- Up-to-date: /home/zp/ros2/sim/install/new_interface/local/lib/python3.10/dist-packages/new_interface/_new_interface_s.ep.rosidl_typesupport_introspection_c.c
[0.680s] -- Up-to-date: /home/zp/ros2/sim/install/new_interface/local/lib/python3.10/dist-packages/new_interface/libnew_interface__rosidl_generator_py.so
[0.680s] -- Up-to-date: /home/zp/ros2/sim/install/new_interface/local/lib/python3.10/dist-packages/new_interface/new_interface_s__rosidl_typesupport_c.cpython-310-x86_64-linux-gnu.so
[0.680s] -- Up-to-date: /home/zp/ros2/sim/install/new_interface/local/lib/python3.10/dist-packages/new_interface/_new_interface_s.ep.rosidl_typesupport_fastrtps_c.c
[0.680s] -- Up-to-date: /home/zp/ros2/sim/install/new_interface/local/lib/python3.10/dist-packages/new_interface/new_interface_s__rosidl_typesupport_fastrtps_c.cpython-310-x86_64-linux-gnu.so
[0.680s] -- Up-to-date: /home/zp/ros2/sim/install/new_interface/local/lib/python3.10/dist-packages/new_interface/new_interface_s__rosidl_typesupport_introspection_c.cpython-310-x86_64-linux-gnu.so
[0.680s] -- Up-to-date: /home/zp/ros2/sim/install/new_interface/local/lib/python3.10/dist-packages/new_interface/__init__.py
[0.680s] -- Up-to-date: /home/zp/ros2/sim/install/new_interface/local/lib/python3.10/dist-packages/new_interface/action
[0.680s] -- Up-to-date: /home/zp/ros2/sim/install/new_interface/local/lib/python3.10/dist-packages/new_interface/action/_move_robot.py
[0.680s] -- Up-to-date: /home/zp/ros2/sim/install/new_interface/local/lib/python3.10/dist-packages/new_interface/action/__init__.py
[0.680s] -- Up-to-date: /home/zp/ros2/sim/install/new_interface/local/lib/python3.10/dist-packages/new_interface/action/_move_robot_s.c
[0.680s] -- Up-to-date: /home/zp/ros2/sim/install/new_interface/local/lib/python3.10/dist-packages/new_interface/_new_interface_s.ep.rosidl_typesupport_c.c
[0.700s] Listing '/home/zp/ros2/sim/install/new_interface/local/lib/python3.10/dist-packages/new_interface'...
[0.700s] Listing '/home/zp/ros2/sim/install/new_interface/local/lib/python3.10/dist-packages/new_interface/action'...
[0.703s] -- Up-to-date: /home/zp/ros2/sim/install/new_interface/local/lib/python3.10/dist-packages/new_interface/new_interface_s__rosidl_typesupport_fastrtps_c.cpython-310-x86_64-linux-gnu.so
[0.704s] -- Up-to-date: /home/zp/ros2/sim/install/new_interface/local/lib/python3.10/dist-packages/new_interface/new_interface_s__rosidl_typesupport_introspection_c.cpython-310-x86_64-linux-gnu.so
[0.704s] -- Up-to-date: /home/zp/ros2/sim/install/new_interface/local/lib/python3.10/dist-packages/new_interface/new_interface_s__rosidl_typesupport_c.cpython-310-x86_64-linux-gnu.so
[0.704s] -- Up-to-date: /home/zp/ros2/sim/install/new_interface/lib/libnew_interface__rosidl_generator_py.so
[0.704s] -- Up-to-date: /home/zp/ros2/sim/install/new_interface/share/new_interface/action/MoveRobot.idl
[0.704s] -- Up-to-date: /home/zp/ros2/sim/install/new_interface/share/new_interface/action/MoveRobot.action
[0.704s] -- Up-to-date: /home/zp/ros2/sim/install/new_interface/share/ament_index/resource_index/package_run_dependencies/new_interface
[0.704s] -- Up-to-date: /home/zp/ros2/sim/install/new_interface/share/ament_index/resource_index/parent_prefix_path/new_interface
[0.705s] -- Up-to-date: /home/zp/ros2/sim/install/new_interface/share/new_interface/environment/ament_prefix_path.sh
[0.705s] -- Up-to-date: /home/zp/ros2/sim/install/new_interface/share/new_interface/environment/ament_prefix_path.dsv
[0.705s] -- Up-to-date: /home/zp/ros2/sim/install/new_interface/share/new_interface/environment/path.sh
[0.705s] -- Up-to-date: /home/zp/ros2/sim/install/new_interface/share/new_interface/environment/path.dsv
[0.706s] -- Up-to-date: /home/zp/ros2/sim/install/new_interface/share/new_interface/local_setup.bash
[0.706s] -- Up-to-date: /home/zp/ros2/sim/install/new_interface/share/new_interface/local_setup.sh
[0.706s] -- Up-to-date: /home/zp/ros2/sim/install/new_interface/share/new_interface/local_setup.zsh
[0.706s] -- Up-to-date: /home/zp/ros2/sim/install/new_interface/share/new_interface/local_setup.dsv
[0.706s] -- Installing: /home/zp/ros2/sim/install/new_interface/share/new_interface/package.dsv
[0.706s] -- Up-to-date: /home/zp/ros2/sim/install/new_interface/share/ament_index/resource_index/packages/new_interface
[0.706s] -- Up-to-date: /home/zp/ros2/sim/install/new_interface/share/new_interface/cmake/export_new_interface__rosidl_generator_cExport.cmake
[0.706s] -- Up-to-date: /home/zp/ros2/sim/install/new_interface/share/new_interface/cmake/export_new_interface__rosidl_generator_cExport-noconfig.cmake
[0.706s] -- Up-to-date: /home/zp/ros2/sim/install/new_interface/share/new_interface/cmake/export_new_interface__rosidl_typesupport_fastrtps_cExport.cmake
[0.706s] -- Up-to-date: /home/zp/ros2/sim/install/new_interface/share/new_interface/cmake/export_new_interface__rosidl_typesupport_fastrtps_cExport-noconfig.cmake
[0.706s] -- Up-to-date: /home/zp/ros2/sim/install/new_interface/share/new_interface/cmake/new_interface__rosidl_typesupport_introspection_cExport.cmake
[0.706s] -- Up-to-date: /home/zp/ros2/sim/install/new_interface/share/new_interface/cmake/new_interface__rosidl_typesupport_introspection_cExport-noconfig.cmake
[0.706s] -- Up-to-date: /home/zp/ros2/sim/install/new_interface/share/new_interface/cmake/new_interface__rosidl_typesupport_cExport.cmake
[0.706s] -- Up-to-date: /home/zp/ros2/sim/install/new_interface/share/new_interface/cmake/new_interface__rosidl_typesupport_cExport-noconfig.cmake
[0.706s] -- Up-to-date: /home/zp/ros2/sim/install/new_interface/share/new_interface/cmake/export_new_interface__rosidl_generator_cppExport.cmake
[0.706s] -- Up-to-date: /home/zp/ros2/sim/install/new_interface/share/new_interface/cmake/export_new_interface__rosidl_typesupport_fastrtps_cppExport.cmake
[0.706s] -- Up-to-date: /home/zp/ros2/sim/install/new_interface/share/new_interface/cmake/export_new_interface__rosidl_typesupport_fastrtps_cppExport-noconfig.cmake
[0.706s] -- Up-to-date: /home/zp/ros2/sim/install/new_interface/share/new_interface/cmake/new_interface__rosidl_typesupport_introspection_cppExport.cmake
[0.706s] -- Up-to-date: /home/zp/ros2/sim/install/new_interface/share/new_interface/cmake/new_interface__rosidl_typesupport_introspection_cppExport-noconfig.cmake
[0.706s] -- Up-to-date: /home/zp/ros2/sim/install/new_interface/share/new_interface/cmake/new_interface__rosidl_typesupport_cppExport.cmake
[0.706s] -- Up-to-date: /home/zp/ros2/sim/install/new_interface/share/new_interface/cmake/new_interface__rosidl_typesupport_cppExport-noconfig.cmake
[0.706s] -- Up-to-date: /home/zp/ros2/sim/install/new_interface/share/new_interface/cmake/export_new_interface__rosidl_generator_pyExport.cmake
[0.706s] -- Up-to-date: /home/zp/ros2/sim/install/new_interface/share/new_interface/cmake/export_new_interface__rosidl_generator_pyExport-noconfig.cmake
[0.706s] -- Up-to-date: /home/zp/ros2/sim/install/new_interface/share/new_interface/cmake/rosidl_cmake-extras.cmake
[0.706s] -- Up-to-date: /home/zp/ros2/sim/install/new_interface/share/new_interface/cmake/ament_cmake_export_dependencies-extras.cmake
[0.706s] -- Up-to-date: /home/zp/ros2/sim/install/new_interface/share/new_interface/cmake/ament_cmake_export_include_directories-extras.cmake
[0.706s] -- Up-to-date: /home/zp/ros2/sim/install/new_interface/share/new_interface/cmake/ament_cmake_export_libraries-extras.cmake
[0.706s] -- Up-to-date: /home/zp/ros2/sim/install/new_interface/share/new_interface/cmake/ament_cmake_export_targets-extras.cmake
[0.706s] -- Up-to-date: /home/zp/ros2/sim/install/new_interface/share/new_interface/cmake/rosidl_cmake_export_typesupport_targets-extras.cmake
[0.706s] -- Up-to-date: /home/zp/ros2/sim/install/new_interface/share/new_interface/cmake/rosidl_cmake_export_typesupport_libraries-extras.cmake
[0.706s] -- Up-to-date: /home/zp/ros2/sim/install/new_interface/share/new_interface/cmake/new_interfaceConfig.cmake
[0.706s] -- Up-to-date: /home/zp/ros2/sim/install/new_interface/share/new_interface/cmake/new_interfaceConfig-version.cmake
[0.707s] -- Up-to-date: /home/zp/ros2/sim/install/new_interface/share/new_interface/package.xml
[0.707s] Invoked command in '/home/zp/ros2/sim/build/new_interface' returned '0': CMAKE_PREFIX_PATH=${CMAKE_PREFIX_PATH}:/home/zp/ros2/sim/install/my_motion_example:/home/zp/ros2/sim/install/go2_control:/opt/ros/humble /usr/bin/cmake --install /home/zp/ros2/sim/build/new_interface
