[0.029s] Invoking command in '/home/zp/ros2/sim/build/champ_msgs': CMAKE_PREFIX_PATH=/opt/ros/humble /usr/bin/cmake /home/zp/ros2/sim/src/unitree-go2-ros2/champ/champ_msgs -DCMAKE_INSTALL_PREFIX=/home/zp/ros2/sim/install/champ_msgs
[0.337s] -- The C compiler identification is GNU 11.4.0
[1.384s] -- The CXX compiler identification is GNU 11.4.0
[2.241s] -- Detecting C compiler ABI info
[2.521s] -- Detecting C compiler ABI info - done
[2.526s] -- Check for working C compiler: /usr/bin/cc - skipped
[2.527s] -- Detecting C compile features
[2.528s] -- Detecting C compile features - done
[2.531s] -- Detecting CXX compiler ABI info
[2.729s] -- Detecting CXX compiler ABI info - done
[2.733s] -- Check for working CXX compiler: /usr/bin/c++ - skipped
[2.734s] -- Detecting CXX compile features
[2.734s] -- Detecting CXX compile features - done
[2.736s] -- Found ament_cmake: 1.3.12 (/opt/ros/humble/share/ament_cmake/cmake)
[2.841s] -- Found Python3: /usr/bin/python3 (found version "3.10.12") found components: Interpreter 
[2.928s] -- Found rosidl_default_generators: 1.2.0 (/opt/ros/humble/share/rosidl_default_generators/cmake)
[2.934s] -- Using all available rosidl_typesupport_c: rosidl_typesupport_fastrtps_c;rosidl_typesupport_introspection_c
[2.943s] -- Found rosidl_adapter: 3.1.8 (/opt/ros/humble/share/rosidl_adapter/cmake)
[3.717s] -- Using all available rosidl_typesupport_cpp: rosidl_typesupport_fastrtps_cpp;rosidl_typesupport_introspection_cpp
[3.747s] -- Found std_msgs: 4.9.0 (/opt/ros/humble/share/std_msgs/cmake)
[3.769s] -- Found geometry_msgs: 4.9.0 (/opt/ros/humble/share/geometry_msgs/cmake)
[3.999s] -- Found ament_cmake_ros: 0.10.0 (/opt/ros/humble/share/ament_cmake_ros/cmake)
[4.167s] -- Using all available rosidl_typesupport_c: rosidl_typesupport_fastrtps_c;rosidl_typesupport_introspection_c
[4.391s] -- Using all available rosidl_typesupport_cpp: rosidl_typesupport_fastrtps_cpp;rosidl_typesupport_introspection_cpp
[4.561s] -- Found PythonInterp: /usr/bin/python3 (found suitable version "3.10.12", minimum required is "3.6") 
[4.563s] -- Found python_cmake_module: 0.10.0 (/opt/ros/humble/share/python_cmake_module/cmake)
[5.061s] -- Found PythonLibs: /usr/lib/x86_64-linux-gnu/libpython3.10.so (found suitable version "3.10.12", minimum required is "3.5") 
[5.061s] -- Using PYTHON_EXECUTABLE: /usr/bin/python3
[5.061s] -- Using PYTHON_INCLUDE_DIRS: /usr/include/python3.10
[5.061s] -- Using PYTHON_LIBRARIES: /usr/lib/x86_64-linux-gnu/libpython3.10.so
[5.074s] -- Found PythonExtra: .so  
[5.164s] -- Found ament_lint_auto: 0.12.14 (/opt/ros/humble/share/ament_lint_auto/cmake)
[5.177s] -- Configuring done
[5.212s] -- Generating done
[5.220s] -- Build files have been written to: /home/zp/ros2/sim/build/champ_msgs
[5.236s] Invoked command in '/home/zp/ros2/sim/build/champ_msgs' returned '0': CMAKE_PREFIX_PATH=/opt/ros/humble /usr/bin/cmake /home/zp/ros2/sim/src/unitree-go2-ros2/champ/champ_msgs -DCMAKE_INSTALL_PREFIX=/home/zp/ros2/sim/install/champ_msgs
[5.237s] Invoking command in '/home/zp/ros2/sim/build/champ_msgs': CMAKE_PREFIX_PATH=/opt/ros/humble /usr/bin/cmake --build /home/zp/ros2/sim/build/champ_msgs -- -j20 -l20
[5.263s] [  1%] [34m[1mGenerating C code for ROS interfaces[0m
[5.269s] [  2%] [34m[1mGenerating C++ code for ROS interfaces[0m
[5.275s] [  2%] Built target ament_cmake_python_copy_champ_msgs
[5.416s] running egg_info
[5.416s] creating champ_msgs.egg-info
[5.417s] writing champ_msgs.egg-info/PKG-INFO
[5.417s] writing dependency_links to champ_msgs.egg-info/dependency_links.txt
[5.417s] writing top-level names to champ_msgs.egg-info/top_level.txt
[5.417s] writing manifest file 'champ_msgs.egg-info/SOURCES.txt'
[5.419s] reading manifest file 'champ_msgs.egg-info/SOURCES.txt'
[5.419s] writing manifest file 'champ_msgs.egg-info/SOURCES.txt'
[5.437s] [  2%] Built target ament_cmake_python_build_champ_msgs_egg
[5.634s] [  2%] Built target champ_msgs__cpp
[5.643s] [  3%] [34m[1mGenerating C++ type support dispatch for ROS interfaces[0m
[5.646s] [  4%] [34m[1mGenerating C++ type support for eProsima Fast-RTPS[0m
[5.647s] [  5%] [34m[1mGenerating C++ introspection for ROS interfaces[0m
[5.670s] [  6%] [32mBuilding C object CMakeFiles/champ_msgs__rosidl_generator_c.dir/rosidl_generator_c/champ_msgs/msg/detail/velocities__functions.c.o[0m
[5.671s] [  7%] [32mBuilding C object CMakeFiles/champ_msgs__rosidl_generator_c.dir/rosidl_generator_c/champ_msgs/msg/detail/pid__functions.c.o[0m
[5.673s] [  8%] [32mBuilding C object CMakeFiles/champ_msgs__rosidl_generator_c.dir/rosidl_generator_c/champ_msgs/msg/detail/contacts__functions.c.o[0m
[5.673s] [  9%] [32mBuilding C object CMakeFiles/champ_msgs__rosidl_generator_c.dir/rosidl_generator_c/champ_msgs/msg/detail/imu__functions.c.o[0m
[5.673s] [ 10%] [32mBuilding C object CMakeFiles/champ_msgs__rosidl_generator_c.dir/rosidl_generator_c/champ_msgs/msg/detail/point_array__functions.c.o[0m
[5.673s] [ 11%] [32mBuilding C object CMakeFiles/champ_msgs__rosidl_generator_c.dir/rosidl_generator_c/champ_msgs/msg/detail/contacts_stamped__functions.c.o[0m
[5.674s] [ 12%] [32mBuilding C object CMakeFiles/champ_msgs__rosidl_generator_c.dir/rosidl_generator_c/champ_msgs/msg/detail/point__functions.c.o[0m
[5.674s] [ 14%] [32mBuilding C object CMakeFiles/champ_msgs__rosidl_generator_c.dir/rosidl_generator_c/champ_msgs/msg/detail/pose__functions.c.o[0m
[5.674s] [ 14%] [32mBuilding C object CMakeFiles/champ_msgs__rosidl_generator_c.dir/rosidl_generator_c/champ_msgs/msg/detail/joints__functions.c.o[0m
[5.730s] [ 15%] [32m[1mLinking C shared library libchamp_msgs__rosidl_generator_c.so[0m
[5.888s] [ 16%] [32mBuilding CXX object CMakeFiles/champ_msgs__rosidl_typesupport_cpp.dir/rosidl_typesupport_cpp/champ_msgs/msg/pid__type_support.cpp.o[0m
[5.888s] [ 17%] [32mBuilding CXX object CMakeFiles/champ_msgs__rosidl_typesupport_cpp.dir/rosidl_typesupport_cpp/champ_msgs/msg/imu__type_support.cpp.o[0m
[5.889s] [ 18%] [32mBuilding CXX object CMakeFiles/champ_msgs__rosidl_typesupport_cpp.dir/rosidl_typesupport_cpp/champ_msgs/msg/velocities__type_support.cpp.o[0m
[5.889s] [ 20%] [32mBuilding CXX object CMakeFiles/champ_msgs__rosidl_typesupport_cpp.dir/rosidl_typesupport_cpp/champ_msgs/msg/point_array__type_support.cpp.o[0m
[5.890s] [ 21%] [32mBuilding CXX object CMakeFiles/champ_msgs__rosidl_typesupport_cpp.dir/rosidl_typesupport_cpp/champ_msgs/msg/pose__type_support.cpp.o[0m
[5.890s] [ 22%] [32mBuilding CXX object CMakeFiles/champ_msgs__rosidl_typesupport_cpp.dir/rosidl_typesupport_cpp/champ_msgs/msg/contacts__type_support.cpp.o[0m
[5.891s] [ 23%] [32mBuilding CXX object CMakeFiles/champ_msgs__rosidl_typesupport_cpp.dir/rosidl_typesupport_cpp/champ_msgs/msg/point__type_support.cpp.o[0m
[5.891s] [ 24%] [32mBuilding CXX object CMakeFiles/champ_msgs__rosidl_typesupport_cpp.dir/rosidl_typesupport_cpp/champ_msgs/msg/joints__type_support.cpp.o[0m
[5.892s] [ 25%] [32mBuilding CXX object CMakeFiles/champ_msgs__rosidl_typesupport_cpp.dir/rosidl_typesupport_cpp/champ_msgs/msg/contacts_stamped__type_support.cpp.o[0m
[5.951s] [ 25%] Built target champ_msgs__rosidl_generator_c
[5.959s] [ 27%] [34m[1mGenerating C introspection for ROS interfaces[0m
[5.960s] [ 27%] [34m[1mGenerating C type support for eProsima Fast-RTPS[0m
[5.963s] [ 28%] [34m[1mGenerating C type support dispatch for ROS interfaces[0m
[5.969s] [ 29%] [32mBuilding CXX object CMakeFiles/champ_msgs__rosidl_typesupport_introspection_cpp.dir/rosidl_typesupport_introspection_cpp/champ_msgs/msg/detail/velocities__type_support.cpp.o[0m
[5.969s] [ 30%] [32mBuilding CXX object CMakeFiles/champ_msgs__rosidl_typesupport_introspection_cpp.dir/rosidl_typesupport_introspection_cpp/champ_msgs/msg/detail/contacts__type_support.cpp.o[0m
[5.969s] [ 31%] [32mBuilding CXX object CMakeFiles/champ_msgs__rosidl_typesupport_introspection_cpp.dir/rosidl_typesupport_introspection_cpp/champ_msgs/msg/detail/pid__type_support.cpp.o[0m
[5.969s] [ 32%] [32mBuilding CXX object CMakeFiles/champ_msgs__rosidl_typesupport_introspection_cpp.dir/rosidl_typesupport_introspection_cpp/champ_msgs/msg/detail/point__type_support.cpp.o[0m
[5.970s] [ 34%] [32mBuilding CXX object CMakeFiles/champ_msgs__rosidl_typesupport_introspection_cpp.dir/rosidl_typesupport_introspection_cpp/champ_msgs/msg/detail/imu__type_support.cpp.o[0m
[5.970s] [ 34%] [32mBuilding CXX object CMakeFiles/champ_msgs__rosidl_typesupport_introspection_cpp.dir/rosidl_typesupport_introspection_cpp/champ_msgs/msg/detail/point_array__type_support.cpp.o[0m
[5.970s] [ 35%] [32mBuilding CXX object CMakeFiles/champ_msgs__rosidl_typesupport_introspection_cpp.dir/rosidl_typesupport_introspection_cpp/champ_msgs/msg/detail/joints__type_support.cpp.o[0m
[6.275s] [ 36%] [32mBuilding CXX object CMakeFiles/champ_msgs__rosidl_typesupport_introspection_cpp.dir/rosidl_typesupport_introspection_cpp/champ_msgs/msg/detail/contacts_stamped__type_support.cpp.o[0m
[6.276s] [ 37%] [32mBuilding CXX object CMakeFiles/champ_msgs__rosidl_typesupport_introspection_cpp.dir/rosidl_typesupport_introspection_cpp/champ_msgs/msg/detail/pose__type_support.cpp.o[0m
[6.303s] [ 38%] [32mBuilding CXX object CMakeFiles/champ_msgs__rosidl_typesupport_fastrtps_cpp.dir/rosidl_typesupport_fastrtps_cpp/champ_msgs/msg/detail/dds_fastrtps/point__type_support.cpp.o[0m
[6.303s] [ 40%] [32mBuilding CXX object CMakeFiles/champ_msgs__rosidl_typesupport_fastrtps_cpp.dir/rosidl_typesupport_fastrtps_cpp/champ_msgs/msg/detail/dds_fastrtps/pid__type_support.cpp.o[0m
[6.307s] [ 41%] [32mBuilding CXX object CMakeFiles/champ_msgs__rosidl_typesupport_fastrtps_cpp.dir/rosidl_typesupport_fastrtps_cpp/champ_msgs/msg/detail/dds_fastrtps/imu__type_support.cpp.o[0m
[6.308s] [ 42%] [32mBuilding CXX object CMakeFiles/champ_msgs__rosidl_typesupport_fastrtps_cpp.dir/rosidl_typesupport_fastrtps_cpp/champ_msgs/msg/detail/dds_fastrtps/velocities__type_support.cpp.o[0m
[6.308s] [ 43%] [32mBuilding CXX object CMakeFiles/champ_msgs__rosidl_typesupport_fastrtps_cpp.dir/rosidl_typesupport_fastrtps_cpp/champ_msgs/msg/detail/dds_fastrtps/point_array__type_support.cpp.o[0m
[6.308s] [ 44%] [32mBuilding CXX object CMakeFiles/champ_msgs__rosidl_typesupport_fastrtps_cpp.dir/rosidl_typesupport_fastrtps_cpp/champ_msgs/msg/detail/dds_fastrtps/joints__type_support.cpp.o[0m
[6.310s] [ 45%] [32mBuilding CXX object CMakeFiles/champ_msgs__rosidl_typesupport_fastrtps_cpp.dir/rosidl_typesupport_fastrtps_cpp/champ_msgs/msg/detail/dds_fastrtps/contacts__type_support.cpp.o[0m
[6.316s] [ 46%] [32m[1mLinking CXX shared library libchamp_msgs__rosidl_typesupport_cpp.so[0m
[6.489s] [ 47%] [32mBuilding CXX object CMakeFiles/champ_msgs__rosidl_typesupport_fastrtps_cpp.dir/rosidl_typesupport_fastrtps_cpp/champ_msgs/msg/detail/dds_fastrtps/contacts_stamped__type_support.cpp.o[0m
[6.500s] [ 48%] [32mBuilding CXX object CMakeFiles/champ_msgs__rosidl_typesupport_fastrtps_cpp.dir/rosidl_typesupport_fastrtps_cpp/champ_msgs/msg/detail/dds_fastrtps/pose__type_support.cpp.o[0m
[6.529s] [ 49%] [32mBuilding CXX object CMakeFiles/champ_msgs__rosidl_typesupport_c.dir/rosidl_typesupport_c/champ_msgs/msg/velocities__type_support.cpp.o[0m
[6.530s] [ 50%] [32mBuilding CXX object CMakeFiles/champ_msgs__rosidl_typesupport_c.dir/rosidl_typesupport_c/champ_msgs/msg/imu__type_support.cpp.o[0m
[6.535s] [ 51%] [32mBuilding CXX object CMakeFiles/champ_msgs__rosidl_typesupport_c.dir/rosidl_typesupport_c/champ_msgs/msg/pid__type_support.cpp.o[0m
[6.543s] [ 52%] [32mBuilding CXX object CMakeFiles/champ_msgs__rosidl_typesupport_c.dir/rosidl_typesupport_c/champ_msgs/msg/point__type_support.cpp.o[0m
[6.565s] [ 53%] [32mBuilding CXX object CMakeFiles/champ_msgs__rosidl_typesupport_c.dir/rosidl_typesupport_c/champ_msgs/msg/point_array__type_support.cpp.o[0m
[6.565s] [ 54%] [32mBuilding CXX object CMakeFiles/champ_msgs__rosidl_typesupport_c.dir/rosidl_typesupport_c/champ_msgs/msg/contacts__type_support.cpp.o[0m
[6.566s] [ 55%] [32mBuilding CXX object CMakeFiles/champ_msgs__rosidl_typesupport_c.dir/rosidl_typesupport_c/champ_msgs/msg/joints__type_support.cpp.o[0m
[6.573s] [ 56%] [32mBuilding CXX object CMakeFiles/champ_msgs__rosidl_typesupport_c.dir/rosidl_typesupport_c/champ_msgs/msg/contacts_stamped__type_support.cpp.o[0m
[6.596s] [ 57%] [32mBuilding CXX object CMakeFiles/champ_msgs__rosidl_typesupport_c.dir/rosidl_typesupport_c/champ_msgs/msg/pose__type_support.cpp.o[0m
[6.634s] [ 58%] [32m[1mLinking CXX shared library libchamp_msgs__rosidl_typesupport_c.so[0m
[6.649s] [ 60%] [32mBuilding C object CMakeFiles/champ_msgs__rosidl_typesupport_introspection_c.dir/rosidl_typesupport_introspection_c/champ_msgs/msg/detail/imu__type_support.c.o[0m
[6.649s] [ 61%] [32mBuilding C object CMakeFiles/champ_msgs__rosidl_typesupport_introspection_c.dir/rosidl_typesupport_introspection_c/champ_msgs/msg/detail/point_array__type_support.c.o[0m
[6.650s] [ 62%] [32mBuilding C object CMakeFiles/champ_msgs__rosidl_typesupport_introspection_c.dir/rosidl_typesupport_introspection_c/champ_msgs/msg/detail/joints__type_support.c.o[0m
[6.650s] [ 63%] [32mBuilding C object CMakeFiles/champ_msgs__rosidl_typesupport_introspection_c.dir/rosidl_typesupport_introspection_c/champ_msgs/msg/detail/pid__type_support.c.o[0m
[6.650s] [ 64%] [32mBuilding C object CMakeFiles/champ_msgs__rosidl_typesupport_introspection_c.dir/rosidl_typesupport_introspection_c/champ_msgs/msg/detail/point__type_support.c.o[0m
[6.651s] [ 65%] [32mBuilding C object CMakeFiles/champ_msgs__rosidl_typesupport_introspection_c.dir/rosidl_typesupport_introspection_c/champ_msgs/msg/detail/velocities__type_support.c.o[0m
[6.667s] [ 66%] [32mBuilding CXX object CMakeFiles/champ_msgs__rosidl_typesupport_fastrtps_c.dir/rosidl_typesupport_fastrtps_c/champ_msgs/msg/detail/velocities__type_support_c.cpp.o[0m
[6.694s] [ 67%] [32mBuilding C object CMakeFiles/champ_msgs__rosidl_typesupport_introspection_c.dir/rosidl_typesupport_introspection_c/champ_msgs/msg/detail/contacts__type_support.c.o[0m
[6.695s] [ 68%] [32mBuilding C object CMakeFiles/champ_msgs__rosidl_typesupport_introspection_c.dir/rosidl_typesupport_introspection_c/champ_msgs/msg/detail/contacts_stamped__type_support.c.o[0m
[6.700s] [ 69%] [32mBuilding C object CMakeFiles/champ_msgs__rosidl_typesupport_introspection_c.dir/rosidl_typesupport_introspection_c/champ_msgs/msg/detail/pose__type_support.c.o[0m
[6.700s] [ 70%] [32mBuilding CXX object CMakeFiles/champ_msgs__rosidl_typesupport_fastrtps_c.dir/rosidl_typesupport_fastrtps_c/champ_msgs/msg/detail/imu__type_support_c.cpp.o[0m
[6.703s] [ 71%] [32mBuilding CXX object CMakeFiles/champ_msgs__rosidl_typesupport_fastrtps_c.dir/rosidl_typesupport_fastrtps_c/champ_msgs/msg/detail/point__type_support_c.cpp.o[0m
[6.703s] [ 72%] [32mBuilding CXX object CMakeFiles/champ_msgs__rosidl_typesupport_fastrtps_c.dir/rosidl_typesupport_fastrtps_c/champ_msgs/msg/detail/pid__type_support_c.cpp.o[0m
[6.736s] [ 74%] [32mBuilding CXX object CMakeFiles/champ_msgs__rosidl_typesupport_fastrtps_c.dir/rosidl_typesupport_fastrtps_c/champ_msgs/msg/detail/point_array__type_support_c.cpp.o[0m
[6.736s] [ 74%] [32mBuilding CXX object CMakeFiles/champ_msgs__rosidl_typesupport_fastrtps_c.dir/rosidl_typesupport_fastrtps_c/champ_msgs/msg/detail/contacts__type_support_c.cpp.o[0m
[6.736s] [ 75%] [32mBuilding CXX object CMakeFiles/champ_msgs__rosidl_typesupport_fastrtps_c.dir/rosidl_typesupport_fastrtps_c/champ_msgs/msg/detail/joints__type_support_c.cpp.o[0m
[6.748s] [ 76%] [32m[1mLinking C shared library libchamp_msgs__rosidl_typesupport_introspection_c.so[0m
[6.754s] [ 77%] [32mBuilding CXX object CMakeFiles/champ_msgs__rosidl_typesupport_fastrtps_c.dir/rosidl_typesupport_fastrtps_c/champ_msgs/msg/detail/contacts_stamped__type_support_c.cpp.o[0m
[6.762s] [ 78%] [32mBuilding CXX object CMakeFiles/champ_msgs__rosidl_typesupport_fastrtps_c.dir/rosidl_typesupport_fastrtps_c/champ_msgs/msg/detail/pose__type_support_c.cpp.o[0m
[6.862s] [ 80%] [32m[1mLinking CXX shared library libchamp_msgs__rosidl_typesupport_introspection_cpp.so[0m
[6.872s] [ 80%] Built target champ_msgs__rosidl_typesupport_cpp
[6.942s] [ 81%] [32m[1mLinking CXX shared library libchamp_msgs__rosidl_typesupport_fastrtps_cpp.so[0m
[7.000s] [ 81%] Built target champ_msgs__rosidl_typesupport_c
[7.065s] [ 81%] Built target champ_msgs__rosidl_typesupport_introspection_c
[7.071s] [ 82%] [32m[1mLinking CXX shared library libchamp_msgs__rosidl_typesupport_fastrtps_c.so[0m
[7.121s] [ 82%] Built target champ_msgs__rosidl_typesupport_introspection_cpp
[7.193s] [ 82%] Built target champ_msgs__rosidl_typesupport_fastrtps_cpp
[7.274s] [ 82%] Built target champ_msgs__rosidl_typesupport_fastrtps_c
[7.287s] [ 82%] Built target champ_msgs
[7.300s] [ 83%] [34m[1mGenerating Python code for ROS interfaces[0m
[7.867s] [ 83%] Built target champ_msgs__py
[7.883s] [ 86%] [32mBuilding C object CMakeFiles/champ_msgs__rosidl_generator_py.dir/rosidl_generator_py/champ_msgs/msg/_velocities_s.c.o[0m
[7.883s] [ 86%] [32mBuilding C object CMakeFiles/champ_msgs__rosidl_generator_py.dir/rosidl_generator_py/champ_msgs/msg/_pid_s.c.o[0m
[7.883s] [ 86%] [32mBuilding C object CMakeFiles/champ_msgs__rosidl_generator_py.dir/rosidl_generator_py/champ_msgs/msg/_point_s.c.o[0m
[7.883s] [ 87%] [32mBuilding C object CMakeFiles/champ_msgs__rosidl_generator_py.dir/rosidl_generator_py/champ_msgs/msg/_point_array_s.c.o[0m
[7.884s] [ 88%] [32mBuilding C object CMakeFiles/champ_msgs__rosidl_generator_py.dir/rosidl_generator_py/champ_msgs/msg/_joints_s.c.o[0m
[7.884s] [ 89%] [32mBuilding C object CMakeFiles/champ_msgs__rosidl_generator_py.dir/rosidl_generator_py/champ_msgs/msg/_imu_s.c.o[0m
[7.886s] [ 90%] [32mBuilding C object CMakeFiles/champ_msgs__rosidl_generator_py.dir/rosidl_generator_py/champ_msgs/msg/_contacts_s.c.o[0m
[7.887s] [ 91%] [32mBuilding C object CMakeFiles/champ_msgs__rosidl_generator_py.dir/rosidl_generator_py/champ_msgs/msg/_pose_s.c.o[0m
[7.887s] [ 92%] [32mBuilding C object CMakeFiles/champ_msgs__rosidl_generator_py.dir/rosidl_generator_py/champ_msgs/msg/_contacts_stamped_s.c.o[0m
[8.012s] [ 93%] [32m[1mLinking C shared library rosidl_generator_py/champ_msgs/libchamp_msgs__rosidl_generator_py.so[0m
[8.287s] [ 93%] Built target champ_msgs__rosidl_generator_py
[8.303s] [ 94%] [32mBuilding C object CMakeFiles/champ_msgs__rosidl_typesupport_c__pyext.dir/rosidl_generator_py/champ_msgs/_champ_msgs_s.ep.rosidl_typesupport_c.c.o[0m
[8.303s] [ 96%] [32mBuilding C object CMakeFiles/champ_msgs__rosidl_typesupport_introspection_c__pyext.dir/rosidl_generator_py/champ_msgs/_champ_msgs_s.ep.rosidl_typesupport_introspection_c.c.o[0m
[8.303s] [ 96%] [32mBuilding C object CMakeFiles/champ_msgs__rosidl_typesupport_fastrtps_c__pyext.dir/rosidl_generator_py/champ_msgs/_champ_msgs_s.ep.rosidl_typesupport_fastrtps_c.c.o[0m
[8.388s] [ 97%] [32m[1mLinking C shared library rosidl_generator_py/champ_msgs/champ_msgs_s__rosidl_typesupport_introspection_c.cpython-310-x86_64-linux-gnu.so[0m
[8.388s] [ 98%] [32m[1mLinking C shared library rosidl_generator_py/champ_msgs/champ_msgs_s__rosidl_typesupport_c.cpython-310-x86_64-linux-gnu.so[0m
[8.393s] [100%] [32m[1mLinking C shared library rosidl_generator_py/champ_msgs/champ_msgs_s__rosidl_typesupport_fastrtps_c.cpython-310-x86_64-linux-gnu.so[0m
[8.545s] [100%] Built target champ_msgs__rosidl_typesupport_c__pyext
[8.545s] [100%] Built target champ_msgs__rosidl_typesupport_introspection_c__pyext
[8.601s] [100%] Built target champ_msgs__rosidl_typesupport_fastrtps_c__pyext
[8.611s] Invoked command in '/home/zp/ros2/sim/build/champ_msgs' returned '0': CMAKE_PREFIX_PATH=/opt/ros/humble /usr/bin/cmake --build /home/zp/ros2/sim/build/champ_msgs -- -j20 -l20
[8.613s] Invoking command in '/home/zp/ros2/sim/build/champ_msgs': CMAKE_PREFIX_PATH=/opt/ros/humble /usr/bin/cmake --install /home/zp/ros2/sim/build/champ_msgs
[8.618s] -- Install configuration: ""
[8.618s] -- Installing: /home/zp/ros2/sim/install/champ_msgs/share/ament_index/resource_index/rosidl_interfaces/champ_msgs
[8.619s] -- Installing: /home/zp/ros2/sim/install/champ_msgs/include/champ_msgs/champ_msgs
[8.619s] -- Installing: /home/zp/ros2/sim/install/champ_msgs/include/champ_msgs/champ_msgs/msg
[8.619s] -- Installing: /home/zp/ros2/sim/install/champ_msgs/include/champ_msgs/champ_msgs/msg/velocities.h
[8.619s] -- Installing: /home/zp/ros2/sim/install/champ_msgs/include/champ_msgs/champ_msgs/msg/point_array.h
[8.619s] -- Installing: /home/zp/ros2/sim/install/champ_msgs/include/champ_msgs/champ_msgs/msg/pose.h
[8.619s] -- Installing: /home/zp/ros2/sim/install/champ_msgs/include/champ_msgs/champ_msgs/msg/imu.h
[8.619s] -- Installing: /home/zp/ros2/sim/install/champ_msgs/include/champ_msgs/champ_msgs/msg/pid.h
[8.620s] -- Installing: /home/zp/ros2/sim/install/champ_msgs/include/champ_msgs/champ_msgs/msg/contacts_stamped.h
[8.620s] -- Installing: /home/zp/ros2/sim/install/champ_msgs/include/champ_msgs/champ_msgs/msg/joints.h
[8.620s] -- Installing: /home/zp/ros2/sim/install/champ_msgs/include/champ_msgs/champ_msgs/msg/contacts.h
[8.620s] -- Installing: /home/zp/ros2/sim/install/champ_msgs/include/champ_msgs/champ_msgs/msg/detail
[8.620s] -- Installing: /home/zp/ros2/sim/install/champ_msgs/include/champ_msgs/champ_msgs/msg/detail/point_array__functions.h
[8.620s] -- Installing: /home/zp/ros2/sim/install/champ_msgs/include/champ_msgs/champ_msgs/msg/detail/point__struct.h
[8.620s] -- Installing: /home/zp/ros2/sim/install/champ_msgs/include/champ_msgs/champ_msgs/msg/detail/pose__functions.h
[8.620s] -- Installing: /home/zp/ros2/sim/install/champ_msgs/include/champ_msgs/champ_msgs/msg/detail/point_array__struct.h
[8.620s] -- Installing: /home/zp/ros2/sim/install/champ_msgs/include/champ_msgs/champ_msgs/msg/detail/point_array__type_support.h
[8.620s] -- Installing: /home/zp/ros2/sim/install/champ_msgs/include/champ_msgs/champ_msgs/msg/detail/joints__functions.h
[8.620s] -- Installing: /home/zp/ros2/sim/install/champ_msgs/include/champ_msgs/champ_msgs/msg/detail/velocities__type_support.h
[8.620s] -- Installing: /home/zp/ros2/sim/install/champ_msgs/include/champ_msgs/champ_msgs/msg/detail/imu__functions.c
[8.621s] -- Installing: /home/zp/ros2/sim/install/champ_msgs/include/champ_msgs/champ_msgs/msg/detail/imu__functions.h
[8.621s] -- Installing: /home/zp/ros2/sim/install/champ_msgs/include/champ_msgs/champ_msgs/msg/detail/contacts_stamped__struct.h
[8.621s] -- Installing: /home/zp/ros2/sim/install/champ_msgs/include/champ_msgs/champ_msgs/msg/detail/pose__type_support.h
[8.621s] -- Installing: /home/zp/ros2/sim/install/champ_msgs/include/champ_msgs/champ_msgs/msg/detail/contacts_stamped__type_support.h
[8.621s] -- Installing: /home/zp/ros2/sim/install/champ_msgs/include/champ_msgs/champ_msgs/msg/detail/contacts__functions.h
[8.621s] -- Installing: /home/zp/ros2/sim/install/champ_msgs/include/champ_msgs/champ_msgs/msg/detail/pid__functions.c
[8.621s] -- Installing: /home/zp/ros2/sim/install/champ_msgs/include/champ_msgs/champ_msgs/msg/detail/imu__type_support.h
[8.621s] -- Installing: /home/zp/ros2/sim/install/champ_msgs/include/champ_msgs/champ_msgs/msg/detail/velocities__functions.c
[8.621s] -- Installing: /home/zp/ros2/sim/install/champ_msgs/include/champ_msgs/champ_msgs/msg/detail/pid__type_support.h
[8.621s] -- Installing: /home/zp/ros2/sim/install/champ_msgs/include/champ_msgs/champ_msgs/msg/detail/pid__struct.h
[8.621s] -- Installing: /home/zp/ros2/sim/install/champ_msgs/include/champ_msgs/champ_msgs/msg/detail/joints__struct.h
[8.621s] -- Installing: /home/zp/ros2/sim/install/champ_msgs/include/champ_msgs/champ_msgs/msg/detail/joints__type_support.h
[8.621s] -- Installing: /home/zp/ros2/sim/install/champ_msgs/include/champ_msgs/champ_msgs/msg/detail/imu__struct.h
[8.621s] -- Installing: /home/zp/ros2/sim/install/champ_msgs/include/champ_msgs/champ_msgs/msg/detail/pose__struct.h
[8.621s] -- Installing: /home/zp/ros2/sim/install/champ_msgs/include/champ_msgs/champ_msgs/msg/detail/point__functions.c
[8.622s] -- Installing: /home/zp/ros2/sim/install/champ_msgs/include/champ_msgs/champ_msgs/msg/detail/velocities__struct.h
[8.622s] -- Installing: /home/zp/ros2/sim/install/champ_msgs/include/champ_msgs/champ_msgs/msg/detail/contacts_stamped__functions.h
[8.622s] -- Installing: /home/zp/ros2/sim/install/champ_msgs/include/champ_msgs/champ_msgs/msg/detail/velocities__functions.h
[8.622s] -- Installing: /home/zp/ros2/sim/install/champ_msgs/include/champ_msgs/champ_msgs/msg/detail/pose__functions.c
[8.622s] -- Installing: /home/zp/ros2/sim/install/champ_msgs/include/champ_msgs/champ_msgs/msg/detail/pid__functions.h
[8.622s] -- Installing: /home/zp/ros2/sim/install/champ_msgs/include/champ_msgs/champ_msgs/msg/detail/contacts_stamped__functions.c
[8.622s] -- Installing: /home/zp/ros2/sim/install/champ_msgs/include/champ_msgs/champ_msgs/msg/detail/point__functions.h
[8.623s] -- Installing: /home/zp/ros2/sim/install/champ_msgs/include/champ_msgs/champ_msgs/msg/detail/point__type_support.h
[8.623s] -- Installing: /home/zp/ros2/sim/install/champ_msgs/include/champ_msgs/champ_msgs/msg/detail/contacts__struct.h
[8.623s] -- Installing: /home/zp/ros2/sim/install/champ_msgs/include/champ_msgs/champ_msgs/msg/detail/contacts__type_support.h
[8.623s] -- Installing: /home/zp/ros2/sim/install/champ_msgs/include/champ_msgs/champ_msgs/msg/detail/contacts__functions.c
[8.623s] -- Installing: /home/zp/ros2/sim/install/champ_msgs/include/champ_msgs/champ_msgs/msg/detail/joints__functions.c
[8.623s] -- Installing: /home/zp/ros2/sim/install/champ_msgs/include/champ_msgs/champ_msgs/msg/detail/point_array__functions.c
[8.623s] -- Installing: /home/zp/ros2/sim/install/champ_msgs/include/champ_msgs/champ_msgs/msg/point.h
[8.623s] -- Installing: /home/zp/ros2/sim/install/champ_msgs/include/champ_msgs/champ_msgs/msg/rosidl_generator_c__visibility_control.h
[8.623s] -- Installing: /home/zp/ros2/sim/install/champ_msgs/share/champ_msgs/environment/library_path.sh
[8.623s] -- Installing: /home/zp/ros2/sim/install/champ_msgs/share/champ_msgs/environment/library_path.dsv
[8.623s] -- Installing: /home/zp/ros2/sim/install/champ_msgs/lib/libchamp_msgs__rosidl_generator_c.so
[8.624s] -- Set runtime path of "/home/zp/ros2/sim/install/champ_msgs/lib/libchamp_msgs__rosidl_generator_c.so" to ""
[8.624s] -- Up-to-date: /home/zp/ros2/sim/install/champ_msgs/include/champ_msgs/champ_msgs
[8.624s] -- Up-to-date: /home/zp/ros2/sim/install/champ_msgs/include/champ_msgs/champ_msgs/msg
[8.624s] -- Installing: /home/zp/ros2/sim/install/champ_msgs/include/champ_msgs/champ_msgs/msg/rosidl_typesupport_fastrtps_c__visibility_control.h
[8.624s] -- Up-to-date: /home/zp/ros2/sim/install/champ_msgs/include/champ_msgs/champ_msgs/msg/detail
[8.624s] -- Installing: /home/zp/ros2/sim/install/champ_msgs/include/champ_msgs/champ_msgs/msg/detail/velocities__rosidl_typesupport_fastrtps_c.h
[8.624s] -- Installing: /home/zp/ros2/sim/install/champ_msgs/include/champ_msgs/champ_msgs/msg/detail/point__rosidl_typesupport_fastrtps_c.h
[8.624s] -- Installing: /home/zp/ros2/sim/install/champ_msgs/include/champ_msgs/champ_msgs/msg/detail/imu__rosidl_typesupport_fastrtps_c.h
[8.624s] -- Installing: /home/zp/ros2/sim/install/champ_msgs/include/champ_msgs/champ_msgs/msg/detail/contacts_stamped__rosidl_typesupport_fastrtps_c.h
[8.624s] -- Installing: /home/zp/ros2/sim/install/champ_msgs/include/champ_msgs/champ_msgs/msg/detail/contacts__rosidl_typesupport_fastrtps_c.h
[8.624s] -- Installing: /home/zp/ros2/sim/install/champ_msgs/include/champ_msgs/champ_msgs/msg/detail/joints__rosidl_typesupport_fastrtps_c.h
[8.625s] -- Installing: /home/zp/ros2/sim/install/champ_msgs/include/champ_msgs/champ_msgs/msg/detail/pid__rosidl_typesupport_fastrtps_c.h
[8.625s] -- Installing: /home/zp/ros2/sim/install/champ_msgs/include/champ_msgs/champ_msgs/msg/detail/pose__rosidl_typesupport_fastrtps_c.h
[8.625s] -- Installing: /home/zp/ros2/sim/install/champ_msgs/include/champ_msgs/champ_msgs/msg/detail/point_array__rosidl_typesupport_fastrtps_c.h
[8.625s] -- Installing: /home/zp/ros2/sim/install/champ_msgs/lib/libchamp_msgs__rosidl_typesupport_fastrtps_c.so
[8.625s] -- Set runtime path of "/home/zp/ros2/sim/install/champ_msgs/lib/libchamp_msgs__rosidl_typesupport_fastrtps_c.so" to ""
[8.625s] -- Up-to-date: /home/zp/ros2/sim/install/champ_msgs/include/champ_msgs/champ_msgs
[8.625s] -- Up-to-date: /home/zp/ros2/sim/install/champ_msgs/include/champ_msgs/champ_msgs/msg
[8.625s] -- Installing: /home/zp/ros2/sim/install/champ_msgs/include/champ_msgs/champ_msgs/msg/rosidl_typesupport_introspection_c__visibility_control.h
[8.626s] -- Up-to-date: /home/zp/ros2/sim/install/champ_msgs/include/champ_msgs/champ_msgs/msg/detail
[8.626s] -- Installing: /home/zp/ros2/sim/install/champ_msgs/include/champ_msgs/champ_msgs/msg/detail/point_array__rosidl_typesupport_introspection_c.h
[8.626s] -- Installing: /home/zp/ros2/sim/install/champ_msgs/include/champ_msgs/champ_msgs/msg/detail/contacts__type_support.c
[8.626s] -- Installing: /home/zp/ros2/sim/install/champ_msgs/include/champ_msgs/champ_msgs/msg/detail/imu__type_support.c
[8.626s] -- Installing: /home/zp/ros2/sim/install/champ_msgs/include/champ_msgs/champ_msgs/msg/detail/pid__type_support.c
[8.626s] -- Installing: /home/zp/ros2/sim/install/champ_msgs/include/champ_msgs/champ_msgs/msg/detail/point__rosidl_typesupport_introspection_c.h
[8.626s] -- Installing: /home/zp/ros2/sim/install/champ_msgs/include/champ_msgs/champ_msgs/msg/detail/point_array__type_support.c
[8.626s] -- Installing: /home/zp/ros2/sim/install/champ_msgs/include/champ_msgs/champ_msgs/msg/detail/joints__type_support.c
[8.626s] -- Installing: /home/zp/ros2/sim/install/champ_msgs/include/champ_msgs/champ_msgs/msg/detail/pose__rosidl_typesupport_introspection_c.h
[8.626s] -- Installing: /home/zp/ros2/sim/install/champ_msgs/include/champ_msgs/champ_msgs/msg/detail/joints__rosidl_typesupport_introspection_c.h
[8.626s] -- Installing: /home/zp/ros2/sim/install/champ_msgs/include/champ_msgs/champ_msgs/msg/detail/imu__rosidl_typesupport_introspection_c.h
[8.627s] -- Installing: /home/zp/ros2/sim/install/champ_msgs/include/champ_msgs/champ_msgs/msg/detail/contacts__rosidl_typesupport_introspection_c.h
[8.627s] -- Installing: /home/zp/ros2/sim/install/champ_msgs/include/champ_msgs/champ_msgs/msg/detail/velocities__rosidl_typesupport_introspection_c.h
[8.627s] -- Installing: /home/zp/ros2/sim/install/champ_msgs/include/champ_msgs/champ_msgs/msg/detail/contacts_stamped__rosidl_typesupport_introspection_c.h
[8.628s] -- Installing: /home/zp/ros2/sim/install/champ_msgs/include/champ_msgs/champ_msgs/msg/detail/point__type_support.c
[8.628s] -- Installing: /home/zp/ros2/sim/install/champ_msgs/include/champ_msgs/champ_msgs/msg/detail/contacts_stamped__type_support.c
[8.628s] -- Installing: /home/zp/ros2/sim/install/champ_msgs/include/champ_msgs/champ_msgs/msg/detail/pose__type_support.c
[8.628s] -- Installing: /home/zp/ros2/sim/install/champ_msgs/include/champ_msgs/champ_msgs/msg/detail/velocities__type_support.c
[8.628s] -- Installing: /home/zp/ros2/sim/install/champ_msgs/include/champ_msgs/champ_msgs/msg/detail/pid__rosidl_typesupport_introspection_c.h
[8.628s] -- Installing: /home/zp/ros2/sim/install/champ_msgs/lib/libchamp_msgs__rosidl_typesupport_introspection_c.so
[8.628s] -- Set runtime path of "/home/zp/ros2/sim/install/champ_msgs/lib/libchamp_msgs__rosidl_typesupport_introspection_c.so" to ""
[8.628s] -- Installing: /home/zp/ros2/sim/install/champ_msgs/lib/libchamp_msgs__rosidl_typesupport_c.so
[8.628s] -- Set runtime path of "/home/zp/ros2/sim/install/champ_msgs/lib/libchamp_msgs__rosidl_typesupport_c.so" to ""
[8.628s] -- Up-to-date: /home/zp/ros2/sim/install/champ_msgs/include/champ_msgs/champ_msgs
[8.628s] -- Up-to-date: /home/zp/ros2/sim/install/champ_msgs/include/champ_msgs/champ_msgs/msg
[8.628s] -- Installing: /home/zp/ros2/sim/install/champ_msgs/include/champ_msgs/champ_msgs/msg/point_array.hpp
[8.628s] -- Installing: /home/zp/ros2/sim/install/champ_msgs/include/champ_msgs/champ_msgs/msg/contacts_stamped.hpp
[8.628s] -- Installing: /home/zp/ros2/sim/install/champ_msgs/include/champ_msgs/champ_msgs/msg/joints.hpp
[8.628s] -- Installing: /home/zp/ros2/sim/install/champ_msgs/include/champ_msgs/champ_msgs/msg/velocities.hpp
[8.628s] -- Installing: /home/zp/ros2/sim/install/champ_msgs/include/champ_msgs/champ_msgs/msg/rosidl_generator_cpp__visibility_control.hpp
[8.628s] -- Installing: /home/zp/ros2/sim/install/champ_msgs/include/champ_msgs/champ_msgs/msg/contacts.hpp
[8.629s] -- Installing: /home/zp/ros2/sim/install/champ_msgs/include/champ_msgs/champ_msgs/msg/imu.hpp
[8.629s] -- Installing: /home/zp/ros2/sim/install/champ_msgs/include/champ_msgs/champ_msgs/msg/point.hpp
[8.629s] -- Installing: /home/zp/ros2/sim/install/champ_msgs/include/champ_msgs/champ_msgs/msg/pid.hpp
[8.629s] -- Up-to-date: /home/zp/ros2/sim/install/champ_msgs/include/champ_msgs/champ_msgs/msg/detail
[8.629s] -- Installing: /home/zp/ros2/sim/install/champ_msgs/include/champ_msgs/champ_msgs/msg/detail/point_array__builder.hpp
[8.629s] -- Installing: /home/zp/ros2/sim/install/champ_msgs/include/champ_msgs/champ_msgs/msg/detail/point_array__type_support.hpp
[8.629s] -- Installing: /home/zp/ros2/sim/install/champ_msgs/include/champ_msgs/champ_msgs/msg/detail/contacts__struct.hpp
[8.629s] -- Installing: /home/zp/ros2/sim/install/champ_msgs/include/champ_msgs/champ_msgs/msg/detail/velocities__builder.hpp
[8.629s] -- Installing: /home/zp/ros2/sim/install/champ_msgs/include/champ_msgs/champ_msgs/msg/detail/imu__builder.hpp
[8.629s] -- Installing: /home/zp/ros2/sim/install/champ_msgs/include/champ_msgs/champ_msgs/msg/detail/contacts__traits.hpp
[8.630s] -- Installing: /home/zp/ros2/sim/install/champ_msgs/include/champ_msgs/champ_msgs/msg/detail/imu__traits.hpp
[8.630s] -- Installing: /home/zp/ros2/sim/install/champ_msgs/include/champ_msgs/champ_msgs/msg/detail/joints__struct.hpp
[8.630s] -- Installing: /home/zp/ros2/sim/install/champ_msgs/include/champ_msgs/champ_msgs/msg/detail/point__struct.hpp
[8.630s] -- Installing: /home/zp/ros2/sim/install/champ_msgs/include/champ_msgs/champ_msgs/msg/detail/joints__type_support.hpp
[8.630s] -- Installing: /home/zp/ros2/sim/install/champ_msgs/include/champ_msgs/champ_msgs/msg/detail/joints__traits.hpp
[8.630s] -- Installing: /home/zp/ros2/sim/install/champ_msgs/include/champ_msgs/champ_msgs/msg/detail/pose__type_support.hpp
[8.630s] -- Installing: /home/zp/ros2/sim/install/champ_msgs/include/champ_msgs/champ_msgs/msg/detail/joints__builder.hpp
[8.630s] -- Installing: /home/zp/ros2/sim/install/champ_msgs/include/champ_msgs/champ_msgs/msg/detail/contacts_stamped__struct.hpp
[8.630s] -- Installing: /home/zp/ros2/sim/install/champ_msgs/include/champ_msgs/champ_msgs/msg/detail/point_array__traits.hpp
[8.630s] -- Installing: /home/zp/ros2/sim/install/champ_msgs/include/champ_msgs/champ_msgs/msg/detail/pid__builder.hpp
[8.630s] -- Installing: /home/zp/ros2/sim/install/champ_msgs/include/champ_msgs/champ_msgs/msg/detail/velocities__traits.hpp
[8.630s] -- Installing: /home/zp/ros2/sim/install/champ_msgs/include/champ_msgs/champ_msgs/msg/detail/velocities__struct.hpp
[8.630s] -- Installing: /home/zp/ros2/sim/install/champ_msgs/include/champ_msgs/champ_msgs/msg/detail/point__type_support.hpp
[8.631s] -- Installing: /home/zp/ros2/sim/install/champ_msgs/include/champ_msgs/champ_msgs/msg/detail/velocities__type_support.hpp
[8.631s] -- Installing: /home/zp/ros2/sim/install/champ_msgs/include/champ_msgs/champ_msgs/msg/detail/imu__struct.hpp
[8.631s] -- Installing: /home/zp/ros2/sim/install/champ_msgs/include/champ_msgs/champ_msgs/msg/detail/point__traits.hpp
[8.631s] -- Installing: /home/zp/ros2/sim/install/champ_msgs/include/champ_msgs/champ_msgs/msg/detail/point__builder.hpp
[8.631s] -- Installing: /home/zp/ros2/sim/install/champ_msgs/include/champ_msgs/champ_msgs/msg/detail/pid__struct.hpp
[8.631s] -- Installing: /home/zp/ros2/sim/install/champ_msgs/include/champ_msgs/champ_msgs/msg/detail/contacts_stamped__builder.hpp
[8.631s] -- Installing: /home/zp/ros2/sim/install/champ_msgs/include/champ_msgs/champ_msgs/msg/detail/pid__type_support.hpp
[8.631s] -- Installing: /home/zp/ros2/sim/install/champ_msgs/include/champ_msgs/champ_msgs/msg/detail/contacts__builder.hpp
[8.631s] -- Installing: /home/zp/ros2/sim/install/champ_msgs/include/champ_msgs/champ_msgs/msg/detail/pose__traits.hpp
[8.632s] -- Installing: /home/zp/ros2/sim/install/champ_msgs/include/champ_msgs/champ_msgs/msg/detail/point_array__struct.hpp
[8.632s] -- Installing: /home/zp/ros2/sim/install/champ_msgs/include/champ_msgs/champ_msgs/msg/detail/pose__struct.hpp
[8.632s] -- Installing: /home/zp/ros2/sim/install/champ_msgs/include/champ_msgs/champ_msgs/msg/detail/contacts__type_support.hpp
[8.632s] -- Installing: /home/zp/ros2/sim/install/champ_msgs/include/champ_msgs/champ_msgs/msg/detail/imu__type_support.hpp
[8.632s] -- Installing: /home/zp/ros2/sim/install/champ_msgs/include/champ_msgs/champ_msgs/msg/detail/pose__builder.hpp
[8.632s] -- Installing: /home/zp/ros2/sim/install/champ_msgs/include/champ_msgs/champ_msgs/msg/detail/contacts_stamped__type_support.hpp
[8.632s] -- Installing: /home/zp/ros2/sim/install/champ_msgs/include/champ_msgs/champ_msgs/msg/detail/contacts_stamped__traits.hpp
[8.632s] -- Installing: /home/zp/ros2/sim/install/champ_msgs/include/champ_msgs/champ_msgs/msg/detail/pid__traits.hpp
[8.632s] -- Installing: /home/zp/ros2/sim/install/champ_msgs/include/champ_msgs/champ_msgs/msg/pose.hpp
[8.633s] -- Up-to-date: /home/zp/ros2/sim/install/champ_msgs/include/champ_msgs/champ_msgs
[8.633s] -- Up-to-date: /home/zp/ros2/sim/install/champ_msgs/include/champ_msgs/champ_msgs/msg
[8.633s] -- Installing: /home/zp/ros2/sim/install/champ_msgs/include/champ_msgs/champ_msgs/msg/rosidl_typesupport_fastrtps_cpp__visibility_control.h
[8.633s] -- Up-to-date: /home/zp/ros2/sim/install/champ_msgs/include/champ_msgs/champ_msgs/msg/detail
[8.633s] -- Installing: /home/zp/ros2/sim/install/champ_msgs/include/champ_msgs/champ_msgs/msg/detail/joints__rosidl_typesupport_fastrtps_cpp.hpp
[8.633s] -- Installing: /home/zp/ros2/sim/install/champ_msgs/include/champ_msgs/champ_msgs/msg/detail/pose__rosidl_typesupport_fastrtps_cpp.hpp
[8.633s] -- Installing: /home/zp/ros2/sim/install/champ_msgs/include/champ_msgs/champ_msgs/msg/detail/contacts__rosidl_typesupport_fastrtps_cpp.hpp
[8.633s] -- Installing: /home/zp/ros2/sim/install/champ_msgs/include/champ_msgs/champ_msgs/msg/detail/dds_fastrtps
[8.633s] -- Installing: /home/zp/ros2/sim/install/champ_msgs/include/champ_msgs/champ_msgs/msg/detail/point__rosidl_typesupport_fastrtps_cpp.hpp
[8.633s] -- Installing: /home/zp/ros2/sim/install/champ_msgs/include/champ_msgs/champ_msgs/msg/detail/point_array__rosidl_typesupport_fastrtps_cpp.hpp
[8.633s] -- Installing: /home/zp/ros2/sim/install/champ_msgs/include/champ_msgs/champ_msgs/msg/detail/imu__rosidl_typesupport_fastrtps_cpp.hpp
[8.633s] -- Installing: /home/zp/ros2/sim/install/champ_msgs/include/champ_msgs/champ_msgs/msg/detail/contacts_stamped__rosidl_typesupport_fastrtps_cpp.hpp
[8.633s] -- Installing: /home/zp/ros2/sim/install/champ_msgs/include/champ_msgs/champ_msgs/msg/detail/velocities__rosidl_typesupport_fastrtps_cpp.hpp
[8.633s] -- Installing: /home/zp/ros2/sim/install/champ_msgs/include/champ_msgs/champ_msgs/msg/detail/pid__rosidl_typesupport_fastrtps_cpp.hpp
[8.633s] -- Installing: /home/zp/ros2/sim/install/champ_msgs/lib/libchamp_msgs__rosidl_typesupport_fastrtps_cpp.so
[8.633s] -- Set runtime path of "/home/zp/ros2/sim/install/champ_msgs/lib/libchamp_msgs__rosidl_typesupport_fastrtps_cpp.so" to ""
[8.633s] -- Up-to-date: /home/zp/ros2/sim/install/champ_msgs/include/champ_msgs/champ_msgs
[8.634s] -- Up-to-date: /home/zp/ros2/sim/install/champ_msgs/include/champ_msgs/champ_msgs/msg
[8.634s] -- Up-to-date: /home/zp/ros2/sim/install/champ_msgs/include/champ_msgs/champ_msgs/msg/detail
[8.634s] -- Installing: /home/zp/ros2/sim/install/champ_msgs/include/champ_msgs/champ_msgs/msg/detail/pose__rosidl_typesupport_introspection_cpp.hpp
[8.634s] -- Installing: /home/zp/ros2/sim/install/champ_msgs/include/champ_msgs/champ_msgs/msg/detail/joints__type_support.cpp
[8.634s] -- Installing: /home/zp/ros2/sim/install/champ_msgs/include/champ_msgs/champ_msgs/msg/detail/contacts__type_support.cpp
[8.634s] -- Installing: /home/zp/ros2/sim/install/champ_msgs/include/champ_msgs/champ_msgs/msg/detail/pid__type_support.cpp
[8.635s] -- Installing: /home/zp/ros2/sim/install/champ_msgs/include/champ_msgs/champ_msgs/msg/detail/pose__type_support.cpp
[8.635s] -- Installing: /home/zp/ros2/sim/install/champ_msgs/include/champ_msgs/champ_msgs/msg/detail/contacts_stamped__rosidl_typesupport_introspection_cpp.hpp
[8.635s] -- Installing: /home/zp/ros2/sim/install/champ_msgs/include/champ_msgs/champ_msgs/msg/detail/joints__rosidl_typesupport_introspection_cpp.hpp
[8.635s] -- Installing: /home/zp/ros2/sim/install/champ_msgs/include/champ_msgs/champ_msgs/msg/detail/velocities__rosidl_typesupport_introspection_cpp.hpp
[8.635s] -- Installing: /home/zp/ros2/sim/install/champ_msgs/include/champ_msgs/champ_msgs/msg/detail/point__rosidl_typesupport_introspection_cpp.hpp
[8.635s] -- Installing: /home/zp/ros2/sim/install/champ_msgs/include/champ_msgs/champ_msgs/msg/detail/pid__rosidl_typesupport_introspection_cpp.hpp
[8.636s] -- Installing: /home/zp/ros2/sim/install/champ_msgs/include/champ_msgs/champ_msgs/msg/detail/velocities__type_support.cpp
[8.636s] -- Installing: /home/zp/ros2/sim/install/champ_msgs/include/champ_msgs/champ_msgs/msg/detail/point_array__rosidl_typesupport_introspection_cpp.hpp
[8.636s] -- Installing: /home/zp/ros2/sim/install/champ_msgs/include/champ_msgs/champ_msgs/msg/detail/imu__type_support.cpp
[8.636s] -- Installing: /home/zp/ros2/sim/install/champ_msgs/include/champ_msgs/champ_msgs/msg/detail/point_array__type_support.cpp
[8.636s] -- Installing: /home/zp/ros2/sim/install/champ_msgs/include/champ_msgs/champ_msgs/msg/detail/contacts_stamped__type_support.cpp
[8.636s] -- Installing: /home/zp/ros2/sim/install/champ_msgs/include/champ_msgs/champ_msgs/msg/detail/point__type_support.cpp
[8.636s] -- Installing: /home/zp/ros2/sim/install/champ_msgs/include/champ_msgs/champ_msgs/msg/detail/contacts__rosidl_typesupport_introspection_cpp.hpp
[8.636s] -- Installing: /home/zp/ros2/sim/install/champ_msgs/include/champ_msgs/champ_msgs/msg/detail/imu__rosidl_typesupport_introspection_cpp.hpp
[8.636s] -- Installing: /home/zp/ros2/sim/install/champ_msgs/lib/libchamp_msgs__rosidl_typesupport_introspection_cpp.so
[8.636s] -- Set runtime path of "/home/zp/ros2/sim/install/champ_msgs/lib/libchamp_msgs__rosidl_typesupport_introspection_cpp.so" to ""
[8.636s] -- Installing: /home/zp/ros2/sim/install/champ_msgs/lib/libchamp_msgs__rosidl_typesupport_cpp.so
[8.636s] -- Set runtime path of "/home/zp/ros2/sim/install/champ_msgs/lib/libchamp_msgs__rosidl_typesupport_cpp.so" to ""
[8.636s] -- Installing: /home/zp/ros2/sim/install/champ_msgs/share/champ_msgs/environment/pythonpath.sh
[8.637s] -- Installing: /home/zp/ros2/sim/install/champ_msgs/share/champ_msgs/environment/pythonpath.dsv
[8.637s] -- Installing: /home/zp/ros2/sim/install/champ_msgs/local/lib/python3.10/dist-packages/champ_msgs-0.1.0-py3.10.egg-info
[8.637s] -- Installing: /home/zp/ros2/sim/install/champ_msgs/local/lib/python3.10/dist-packages/champ_msgs-0.1.0-py3.10.egg-info/SOURCES.txt
[8.637s] -- Installing: /home/zp/ros2/sim/install/champ_msgs/local/lib/python3.10/dist-packages/champ_msgs-0.1.0-py3.10.egg-info/top_level.txt
[8.637s] -- Installing: /home/zp/ros2/sim/install/champ_msgs/local/lib/python3.10/dist-packages/champ_msgs-0.1.0-py3.10.egg-info/PKG-INFO
[8.637s] -- Installing: /home/zp/ros2/sim/install/champ_msgs/local/lib/python3.10/dist-packages/champ_msgs-0.1.0-py3.10.egg-info/dependency_links.txt
[8.637s] -- Installing: /home/zp/ros2/sim/install/champ_msgs/local/lib/python3.10/dist-packages/champ_msgs
[8.638s] -- Installing: /home/zp/ros2/sim/install/champ_msgs/local/lib/python3.10/dist-packages/champ_msgs/champ_msgs_s__rosidl_typesupport_introspection_c.cpython-310-x86_64-linux-gnu.so
[8.639s] -- Installing: /home/zp/ros2/sim/install/champ_msgs/local/lib/python3.10/dist-packages/champ_msgs/_champ_msgs_s.ep.rosidl_typesupport_c.c
[8.639s] -- Installing: /home/zp/ros2/sim/install/champ_msgs/local/lib/python3.10/dist-packages/champ_msgs/_champ_msgs_s.ep.rosidl_typesupport_introspection_c.c
[8.639s] -- Installing: /home/zp/ros2/sim/install/champ_msgs/local/lib/python3.10/dist-packages/champ_msgs/champ_msgs_s__rosidl_typesupport_fastrtps_c.cpython-310-x86_64-linux-gnu.so
[8.639s] -- Installing: /home/zp/ros2/sim/install/champ_msgs/local/lib/python3.10/dist-packages/champ_msgs/_champ_msgs_s.ep.rosidl_typesupport_fastrtps_c.c
[8.639s] -- Installing: /home/zp/ros2/sim/install/champ_msgs/local/lib/python3.10/dist-packages/champ_msgs/__init__.py
[8.639s] -- Installing: /home/zp/ros2/sim/install/champ_msgs/local/lib/python3.10/dist-packages/champ_msgs/champ_msgs_s__rosidl_typesupport_c.cpython-310-x86_64-linux-gnu.so
[8.639s] -- Installing: /home/zp/ros2/sim/install/champ_msgs/local/lib/python3.10/dist-packages/champ_msgs/libchamp_msgs__rosidl_generator_py.so
[8.640s] -- Installing: /home/zp/ros2/sim/install/champ_msgs/local/lib/python3.10/dist-packages/champ_msgs/msg
[8.640s] -- Installing: /home/zp/ros2/sim/install/champ_msgs/local/lib/python3.10/dist-packages/champ_msgs/msg/_point.py
[8.640s] -- Installing: /home/zp/ros2/sim/install/champ_msgs/local/lib/python3.10/dist-packages/champ_msgs/msg/_pose_s.c
[8.640s] -- Installing: /home/zp/ros2/sim/install/champ_msgs/local/lib/python3.10/dist-packages/champ_msgs/msg/_pid.py
[8.640s] -- Installing: /home/zp/ros2/sim/install/champ_msgs/local/lib/python3.10/dist-packages/champ_msgs/msg/_pid_s.c
[8.640s] -- Installing: /home/zp/ros2/sim/install/champ_msgs/local/lib/python3.10/dist-packages/champ_msgs/msg/_joints_s.c
[8.640s] -- Installing: /home/zp/ros2/sim/install/champ_msgs/local/lib/python3.10/dist-packages/champ_msgs/msg/_contacts_stamped_s.c
[8.640s] -- Installing: /home/zp/ros2/sim/install/champ_msgs/local/lib/python3.10/dist-packages/champ_msgs/msg/_imu_s.c
[8.640s] -- Installing: /home/zp/ros2/sim/install/champ_msgs/local/lib/python3.10/dist-packages/champ_msgs/msg/_point_s.c
[8.640s] -- Installing: /home/zp/ros2/sim/install/champ_msgs/local/lib/python3.10/dist-packages/champ_msgs/msg/_point_array.py
[8.640s] -- Installing: /home/zp/ros2/sim/install/champ_msgs/local/lib/python3.10/dist-packages/champ_msgs/msg/_velocities.py
[8.640s] -- Installing: /home/zp/ros2/sim/install/champ_msgs/local/lib/python3.10/dist-packages/champ_msgs/msg/__init__.py
[8.640s] -- Installing: /home/zp/ros2/sim/install/champ_msgs/local/lib/python3.10/dist-packages/champ_msgs/msg/_contacts.py
[8.641s] -- Installing: /home/zp/ros2/sim/install/champ_msgs/local/lib/python3.10/dist-packages/champ_msgs/msg/_contacts_stamped.py
[8.641s] -- Installing: /home/zp/ros2/sim/install/champ_msgs/local/lib/python3.10/dist-packages/champ_msgs/msg/_velocities_s.c
[8.641s] -- Installing: /home/zp/ros2/sim/install/champ_msgs/local/lib/python3.10/dist-packages/champ_msgs/msg/_point_array_s.c
[8.641s] -- Installing: /home/zp/ros2/sim/install/champ_msgs/local/lib/python3.10/dist-packages/champ_msgs/msg/_pose.py
[8.641s] -- Installing: /home/zp/ros2/sim/install/champ_msgs/local/lib/python3.10/dist-packages/champ_msgs/msg/_imu.py
[8.641s] -- Installing: /home/zp/ros2/sim/install/champ_msgs/local/lib/python3.10/dist-packages/champ_msgs/msg/_contacts_s.c
[8.641s] -- Installing: /home/zp/ros2/sim/install/champ_msgs/local/lib/python3.10/dist-packages/champ_msgs/msg/_joints.py
[8.670s] Listing '/home/zp/ros2/sim/install/champ_msgs/local/lib/python3.10/dist-packages/champ_msgs'...
[8.670s] Compiling '/home/zp/ros2/sim/install/champ_msgs/local/lib/python3.10/dist-packages/champ_msgs/__init__.py'...
[8.670s] Listing '/home/zp/ros2/sim/install/champ_msgs/local/lib/python3.10/dist-packages/champ_msgs/msg'...
[8.670s] Compiling '/home/zp/ros2/sim/install/champ_msgs/local/lib/python3.10/dist-packages/champ_msgs/msg/__init__.py'...
[8.670s] Compiling '/home/zp/ros2/sim/install/champ_msgs/local/lib/python3.10/dist-packages/champ_msgs/msg/_contacts.py'...
[8.670s] Compiling '/home/zp/ros2/sim/install/champ_msgs/local/lib/python3.10/dist-packages/champ_msgs/msg/_contacts_stamped.py'...
[8.670s] Compiling '/home/zp/ros2/sim/install/champ_msgs/local/lib/python3.10/dist-packages/champ_msgs/msg/_imu.py'...
[8.670s] Compiling '/home/zp/ros2/sim/install/champ_msgs/local/lib/python3.10/dist-packages/champ_msgs/msg/_joints.py'...
[8.670s] Compiling '/home/zp/ros2/sim/install/champ_msgs/local/lib/python3.10/dist-packages/champ_msgs/msg/_pid.py'...
[8.670s] Compiling '/home/zp/ros2/sim/install/champ_msgs/local/lib/python3.10/dist-packages/champ_msgs/msg/_point.py'...
[8.670s] Compiling '/home/zp/ros2/sim/install/champ_msgs/local/lib/python3.10/dist-packages/champ_msgs/msg/_point_array.py'...
[8.670s] Compiling '/home/zp/ros2/sim/install/champ_msgs/local/lib/python3.10/dist-packages/champ_msgs/msg/_pose.py'...
[8.670s] Compiling '/home/zp/ros2/sim/install/champ_msgs/local/lib/python3.10/dist-packages/champ_msgs/msg/_velocities.py'...
[8.674s] -- Installing: /home/zp/ros2/sim/install/champ_msgs/local/lib/python3.10/dist-packages/champ_msgs/champ_msgs_s__rosidl_typesupport_fastrtps_c.cpython-310-x86_64-linux-gnu.so
[8.674s] -- Set runtime path of "/home/zp/ros2/sim/install/champ_msgs/local/lib/python3.10/dist-packages/champ_msgs/champ_msgs_s__rosidl_typesupport_fastrtps_c.cpython-310-x86_64-linux-gnu.so" to ""
[8.674s] -- Installing: /home/zp/ros2/sim/install/champ_msgs/local/lib/python3.10/dist-packages/champ_msgs/champ_msgs_s__rosidl_typesupport_introspection_c.cpython-310-x86_64-linux-gnu.so
[8.674s] -- Set runtime path of "/home/zp/ros2/sim/install/champ_msgs/local/lib/python3.10/dist-packages/champ_msgs/champ_msgs_s__rosidl_typesupport_introspection_c.cpython-310-x86_64-linux-gnu.so" to ""
[8.674s] -- Installing: /home/zp/ros2/sim/install/champ_msgs/local/lib/python3.10/dist-packages/champ_msgs/champ_msgs_s__rosidl_typesupport_c.cpython-310-x86_64-linux-gnu.so
[8.674s] -- Set runtime path of "/home/zp/ros2/sim/install/champ_msgs/local/lib/python3.10/dist-packages/champ_msgs/champ_msgs_s__rosidl_typesupport_c.cpython-310-x86_64-linux-gnu.so" to ""
[8.674s] -- Installing: /home/zp/ros2/sim/install/champ_msgs/lib/libchamp_msgs__rosidl_generator_py.so
[8.674s] -- Set runtime path of "/home/zp/ros2/sim/install/champ_msgs/lib/libchamp_msgs__rosidl_generator_py.so" to ""
[8.675s] -- Installing: /home/zp/ros2/sim/install/champ_msgs/share/champ_msgs/msg/Velocities.idl
[8.675s] -- Installing: /home/zp/ros2/sim/install/champ_msgs/share/champ_msgs/msg/PID.idl
[8.675s] -- Installing: /home/zp/ros2/sim/install/champ_msgs/share/champ_msgs/msg/Imu.idl
[8.675s] -- Installing: /home/zp/ros2/sim/install/champ_msgs/share/champ_msgs/msg/Point.idl
[8.675s] -- Installing: /home/zp/ros2/sim/install/champ_msgs/share/champ_msgs/msg/PointArray.idl
[8.675s] -- Installing: /home/zp/ros2/sim/install/champ_msgs/share/champ_msgs/msg/Joints.idl
[8.675s] -- Installing: /home/zp/ros2/sim/install/champ_msgs/share/champ_msgs/msg/Contacts.idl
[8.676s] -- Installing: /home/zp/ros2/sim/install/champ_msgs/share/champ_msgs/msg/ContactsStamped.idl
[8.676s] -- Installing: /home/zp/ros2/sim/install/champ_msgs/share/champ_msgs/msg/Pose.idl
[8.676s] -- Installing: /home/zp/ros2/sim/install/champ_msgs/share/champ_msgs/msg/Velocities.msg
[8.676s] -- Installing: /home/zp/ros2/sim/install/champ_msgs/share/champ_msgs/msg/PID.msg
[8.676s] -- Installing: /home/zp/ros2/sim/install/champ_msgs/share/champ_msgs/msg/Imu.msg
[8.676s] -- Installing: /home/zp/ros2/sim/install/champ_msgs/share/champ_msgs/msg/Point.msg
[8.676s] -- Installing: /home/zp/ros2/sim/install/champ_msgs/share/champ_msgs/msg/PointArray.msg
[8.676s] -- Installing: /home/zp/ros2/sim/install/champ_msgs/share/champ_msgs/msg/Joints.msg
[8.676s] -- Installing: /home/zp/ros2/sim/install/champ_msgs/share/champ_msgs/msg/Contacts.msg
[8.676s] -- Installing: /home/zp/ros2/sim/install/champ_msgs/share/champ_msgs/msg/ContactsStamped.msg
[8.676s] -- Installing: /home/zp/ros2/sim/install/champ_msgs/share/champ_msgs/msg/Pose.msg
[8.676s] -- Installing: /home/zp/ros2/sim/install/champ_msgs/share/ament_index/resource_index/package_run_dependencies/champ_msgs
[8.677s] -- Installing: /home/zp/ros2/sim/install/champ_msgs/share/ament_index/resource_index/parent_prefix_path/champ_msgs
[8.677s] -- Installing: /home/zp/ros2/sim/install/champ_msgs/share/champ_msgs/environment/ament_prefix_path.sh
[8.677s] -- Installing: /home/zp/ros2/sim/install/champ_msgs/share/champ_msgs/environment/ament_prefix_path.dsv
[8.677s] -- Installing: /home/zp/ros2/sim/install/champ_msgs/share/champ_msgs/environment/path.sh
[8.677s] -- Installing: /home/zp/ros2/sim/install/champ_msgs/share/champ_msgs/environment/path.dsv
[8.677s] -- Installing: /home/zp/ros2/sim/install/champ_msgs/share/champ_msgs/local_setup.bash
[8.677s] -- Installing: /home/zp/ros2/sim/install/champ_msgs/share/champ_msgs/local_setup.sh
[8.678s] -- Installing: /home/zp/ros2/sim/install/champ_msgs/share/champ_msgs/local_setup.zsh
[8.678s] -- Installing: /home/zp/ros2/sim/install/champ_msgs/share/champ_msgs/local_setup.dsv
[8.678s] -- Installing: /home/zp/ros2/sim/install/champ_msgs/share/champ_msgs/package.dsv
[8.678s] -- Installing: /home/zp/ros2/sim/install/champ_msgs/share/ament_index/resource_index/packages/champ_msgs
[8.678s] -- Installing: /home/zp/ros2/sim/install/champ_msgs/share/champ_msgs/cmake/export_champ_msgs__rosidl_generator_cExport.cmake
[8.678s] -- Installing: /home/zp/ros2/sim/install/champ_msgs/share/champ_msgs/cmake/export_champ_msgs__rosidl_generator_cExport-noconfig.cmake
[8.678s] -- Installing: /home/zp/ros2/sim/install/champ_msgs/share/champ_msgs/cmake/export_champ_msgs__rosidl_typesupport_fastrtps_cExport.cmake
[8.679s] -- Installing: /home/zp/ros2/sim/install/champ_msgs/share/champ_msgs/cmake/export_champ_msgs__rosidl_typesupport_fastrtps_cExport-noconfig.cmake
[8.679s] -- Installing: /home/zp/ros2/sim/install/champ_msgs/share/champ_msgs/cmake/champ_msgs__rosidl_typesupport_introspection_cExport.cmake
[8.679s] -- Installing: /home/zp/ros2/sim/install/champ_msgs/share/champ_msgs/cmake/champ_msgs__rosidl_typesupport_introspection_cExport-noconfig.cmake
[8.679s] -- Installing: /home/zp/ros2/sim/install/champ_msgs/share/champ_msgs/cmake/champ_msgs__rosidl_typesupport_cExport.cmake
[8.679s] -- Installing: /home/zp/ros2/sim/install/champ_msgs/share/champ_msgs/cmake/champ_msgs__rosidl_typesupport_cExport-noconfig.cmake
[8.679s] -- Installing: /home/zp/ros2/sim/install/champ_msgs/share/champ_msgs/cmake/export_champ_msgs__rosidl_generator_cppExport.cmake
[8.679s] -- Installing: /home/zp/ros2/sim/install/champ_msgs/share/champ_msgs/cmake/export_champ_msgs__rosidl_typesupport_fastrtps_cppExport.cmake
[8.679s] -- Installing: /home/zp/ros2/sim/install/champ_msgs/share/champ_msgs/cmake/export_champ_msgs__rosidl_typesupport_fastrtps_cppExport-noconfig.cmake
[8.679s] -- Installing: /home/zp/ros2/sim/install/champ_msgs/share/champ_msgs/cmake/champ_msgs__rosidl_typesupport_introspection_cppExport.cmake
[8.679s] -- Installing: /home/zp/ros2/sim/install/champ_msgs/share/champ_msgs/cmake/champ_msgs__rosidl_typesupport_introspection_cppExport-noconfig.cmake
[8.679s] -- Installing: /home/zp/ros2/sim/install/champ_msgs/share/champ_msgs/cmake/champ_msgs__rosidl_typesupport_cppExport.cmake
[8.679s] -- Installing: /home/zp/ros2/sim/install/champ_msgs/share/champ_msgs/cmake/champ_msgs__rosidl_typesupport_cppExport-noconfig.cmake
[8.680s] -- Installing: /home/zp/ros2/sim/install/champ_msgs/share/champ_msgs/cmake/export_champ_msgs__rosidl_generator_pyExport.cmake
[8.680s] -- Installing: /home/zp/ros2/sim/install/champ_msgs/share/champ_msgs/cmake/export_champ_msgs__rosidl_generator_pyExport-noconfig.cmake
[8.680s] -- Installing: /home/zp/ros2/sim/install/champ_msgs/share/champ_msgs/cmake/rosidl_cmake-extras.cmake
[8.680s] -- Installing: /home/zp/ros2/sim/install/champ_msgs/share/champ_msgs/cmake/ament_cmake_export_dependencies-extras.cmake
[8.680s] -- Installing: /home/zp/ros2/sim/install/champ_msgs/share/champ_msgs/cmake/ament_cmake_export_include_directories-extras.cmake
[8.680s] -- Installing: /home/zp/ros2/sim/install/champ_msgs/share/champ_msgs/cmake/ament_cmake_export_libraries-extras.cmake
[8.680s] -- Installing: /home/zp/ros2/sim/install/champ_msgs/share/champ_msgs/cmake/ament_cmake_export_targets-extras.cmake
[8.680s] -- Installing: /home/zp/ros2/sim/install/champ_msgs/share/champ_msgs/cmake/rosidl_cmake_export_typesupport_targets-extras.cmake
[8.680s] -- Installing: /home/zp/ros2/sim/install/champ_msgs/share/champ_msgs/cmake/rosidl_cmake_export_typesupport_libraries-extras.cmake
[8.680s] -- Installing: /home/zp/ros2/sim/install/champ_msgs/share/champ_msgs/cmake/champ_msgsConfig.cmake
[8.680s] -- Installing: /home/zp/ros2/sim/install/champ_msgs/share/champ_msgs/cmake/champ_msgsConfig-version.cmake
[8.680s] -- Installing: /home/zp/ros2/sim/install/champ_msgs/share/champ_msgs/package.xml
[8.682s] Invoked command in '/home/zp/ros2/sim/build/champ_msgs' returned '0': CMAKE_PREFIX_PATH=/opt/ros/humble /usr/bin/cmake --install /home/zp/ros2/sim/build/champ_msgs
