[0.564s] Invoking command in '/home/zp/ros2/sim/build/new_interface': CMAKE_PREFIX_PATH=${CMAKE_PREFIX_PATH}:/home/zp/ros2/sim/install/my_motion_example:/home/zp/ros2/sim/install/go2_control:/opt/ros/humble /usr/bin/cmake --build /home/zp/ros2/sim/build/new_interface -- -j20 -l20
[0.630s] [  9%] Built target new_interface__rosidl_generator_c
[0.633s] [ 12%] Built target new_interface__cpp
[0.732s] [ 12%] Built target ament_cmake_python_copy_new_interface
[0.747s] [ 22%] Built target new_interface__rosidl_typesupport_introspection_cpp
[0.747s] [ 32%] Built target new_interface__rosidl_typesupport_c
[0.747s] [ 41%] Built target new_interface__rosidl_typesupport_introspection_c
[0.747s] [ 51%] Built target new_interface__rosidl_typesupport_cpp
[0.747s] [ 61%] Built target new_interface__rosidl_typesupport_fastrtps_cpp
[0.747s] [ 70%] Built target new_interface__rosidl_typesupport_fastrtps_c
[0.749s] [ 70%] Built target new_interface
[0.759s] [ 74%] Built target new_interface__py
[0.759s] [ 80%] Built target new_interface__rosidl_generator_py
[0.761s] [ 87%] Built target new_interface__rosidl_typesupport_introspection_c__pyext
[0.761s] [ 93%] Built target new_interface__rosidl_typesupport_fastrtps_c__pyext
[0.761s] [100%] Built target new_interface__rosidl_typesupport_c__pyext
[0.925s] running egg_info
[0.927s] writing new_interface.egg-info/PKG-INFO
[0.927s] writing dependency_links to new_interface.egg-info/dependency_links.txt
[0.927s] writing top-level names to new_interface.egg-info/top_level.txt
[0.934s] reading manifest file 'new_interface.egg-info/SOURCES.txt'
[0.934s] writing manifest file 'new_interface.egg-info/SOURCES.txt'
[1.021s] [100%] Built target ament_cmake_python_build_new_interface_egg
[1.050s] Invoked command in '/home/zp/ros2/sim/build/new_interface' returned '0': CMAKE_PREFIX_PATH=${CMAKE_PREFIX_PATH}:/home/zp/ros2/sim/install/my_motion_example:/home/zp/ros2/sim/install/go2_control:/opt/ros/humble /usr/bin/cmake --build /home/zp/ros2/sim/build/new_interface -- -j20 -l20
[1.051s] Invoking command in '/home/zp/ros2/sim/build/new_interface': CMAKE_PREFIX_PATH=${CMAKE_PREFIX_PATH}:/home/zp/ros2/sim/install/my_motion_example:/home/zp/ros2/sim/install/go2_control:/opt/ros/humble /usr/bin/cmake --install /home/zp/ros2/sim/build/new_interface
[1.065s] -- Install configuration: ""
[1.065s] -- Up-to-date: /home/zp/ros2/sim/install/new_interface/share/ament_index/resource_index/rosidl_interfaces/new_interface
[1.065s] -- Up-to-date: /home/zp/ros2/sim/install/new_interface/include/new_interface/new_interface
[1.066s] -- Up-to-date: /home/zp/ros2/sim/install/new_interface/include/new_interface/new_interface/action
[1.066s] -- Up-to-date: /home/zp/ros2/sim/install/new_interface/include/new_interface/new_interface/action/move_robot.h
[1.066s] -- Up-to-date: /home/zp/ros2/sim/install/new_interface/include/new_interface/new_interface/action/detail
[1.067s] -- Up-to-date: /home/zp/ros2/sim/install/new_interface/include/new_interface/new_interface/action/detail/move_robot__type_support.h
[1.067s] -- Up-to-date: /home/zp/ros2/sim/install/new_interface/include/new_interface/new_interface/action/detail/move_robot__functions.c
[1.067s] -- Up-to-date: /home/zp/ros2/sim/install/new_interface/include/new_interface/new_interface/action/detail/move_robot__functions.h
[1.067s] -- Up-to-date: /home/zp/ros2/sim/install/new_interface/include/new_interface/new_interface/action/detail/move_robot__struct.h
[1.067s] -- Up-to-date: /home/zp/ros2/sim/install/new_interface/include/new_interface/new_interface/msg
[1.067s] -- Up-to-date: /home/zp/ros2/sim/install/new_interface/include/new_interface/new_interface/msg/rosidl_generator_c__visibility_control.h
[1.067s] -- Up-to-date: /home/zp/ros2/sim/install/new_interface/share/new_interface/environment/library_path.sh
[1.067s] -- Up-to-date: /home/zp/ros2/sim/install/new_interface/share/new_interface/environment/library_path.dsv
[1.068s] -- Up-to-date: /home/zp/ros2/sim/install/new_interface/lib/libnew_interface__rosidl_generator_c.so
[1.069s] -- Up-to-date: /home/zp/ros2/sim/install/new_interface/include/new_interface/new_interface
[1.069s] -- Up-to-date: /home/zp/ros2/sim/install/new_interface/include/new_interface/new_interface/action
[1.069s] -- Up-to-date: /home/zp/ros2/sim/install/new_interface/include/new_interface/new_interface/action/detail
[1.069s] -- Up-to-date: /home/zp/ros2/sim/install/new_interface/include/new_interface/new_interface/action/detail/move_robot__rosidl_typesupport_fastrtps_c.h
[1.069s] -- Up-to-date: /home/zp/ros2/sim/install/new_interface/include/new_interface/new_interface/msg
[1.069s] -- Up-to-date: /home/zp/ros2/sim/install/new_interface/include/new_interface/new_interface/msg/rosidl_typesupport_fastrtps_c__visibility_control.h
[1.069s] -- Up-to-date: /home/zp/ros2/sim/install/new_interface/lib/libnew_interface__rosidl_typesupport_fastrtps_c.so
[1.070s] -- Up-to-date: /home/zp/ros2/sim/install/new_interface/include/new_interface/new_interface
[1.070s] -- Up-to-date: /home/zp/ros2/sim/install/new_interface/include/new_interface/new_interface/action
[1.070s] -- Up-to-date: /home/zp/ros2/sim/install/new_interface/include/new_interface/new_interface/action/detail
[1.070s] -- Up-to-date: /home/zp/ros2/sim/install/new_interface/include/new_interface/new_interface/action/detail/move_robot__rosidl_typesupport_introspection_c.h
[1.070s] -- Up-to-date: /home/zp/ros2/sim/install/new_interface/include/new_interface/new_interface/action/detail/move_robot__type_support.c
[1.070s] -- Up-to-date: /home/zp/ros2/sim/install/new_interface/include/new_interface/new_interface/msg
[1.070s] -- Up-to-date: /home/zp/ros2/sim/install/new_interface/include/new_interface/new_interface/msg/rosidl_typesupport_introspection_c__visibility_control.h
[1.070s] -- Up-to-date: /home/zp/ros2/sim/install/new_interface/lib/libnew_interface__rosidl_typesupport_introspection_c.so
[1.070s] -- Up-to-date: /home/zp/ros2/sim/install/new_interface/lib/libnew_interface__rosidl_typesupport_c.so
[1.070s] -- Up-to-date: /home/zp/ros2/sim/install/new_interface/include/new_interface/new_interface
[1.070s] -- Up-to-date: /home/zp/ros2/sim/install/new_interface/include/new_interface/new_interface/action
[1.071s] -- Up-to-date: /home/zp/ros2/sim/install/new_interface/include/new_interface/new_interface/action/move_robot.hpp
[1.071s] -- Up-to-date: /home/zp/ros2/sim/install/new_interface/include/new_interface/new_interface/action/detail
[1.071s] -- Up-to-date: /home/zp/ros2/sim/install/new_interface/include/new_interface/new_interface/action/detail/move_robot__builder.hpp
[1.071s] -- Up-to-date: /home/zp/ros2/sim/install/new_interface/include/new_interface/new_interface/action/detail/move_robot__type_support.hpp
[1.071s] -- Up-to-date: /home/zp/ros2/sim/install/new_interface/include/new_interface/new_interface/action/detail/move_robot__traits.hpp
[1.071s] -- Up-to-date: /home/zp/ros2/sim/install/new_interface/include/new_interface/new_interface/action/detail/move_robot__struct.hpp
[1.071s] -- Up-to-date: /home/zp/ros2/sim/install/new_interface/include/new_interface/new_interface/msg
[1.071s] -- Up-to-date: /home/zp/ros2/sim/install/new_interface/include/new_interface/new_interface/msg/rosidl_generator_cpp__visibility_control.hpp
[1.071s] -- Up-to-date: /home/zp/ros2/sim/install/new_interface/include/new_interface/new_interface
[1.071s] -- Up-to-date: /home/zp/ros2/sim/install/new_interface/include/new_interface/new_interface/action
[1.071s] -- Up-to-date: /home/zp/ros2/sim/install/new_interface/include/new_interface/new_interface/action/detail
[1.071s] -- Up-to-date: /home/zp/ros2/sim/install/new_interface/include/new_interface/new_interface/action/detail/dds_fastrtps
[1.071s] -- Up-to-date: /home/zp/ros2/sim/install/new_interface/include/new_interface/new_interface/action/detail/move_robot__rosidl_typesupport_fastrtps_cpp.hpp
[1.071s] -- Up-to-date: /home/zp/ros2/sim/install/new_interface/include/new_interface/new_interface/msg
[1.071s] -- Up-to-date: /home/zp/ros2/sim/install/new_interface/include/new_interface/new_interface/msg/rosidl_typesupport_fastrtps_cpp__visibility_control.h
[1.072s] -- Up-to-date: /home/zp/ros2/sim/install/new_interface/lib/libnew_interface__rosidl_typesupport_fastrtps_cpp.so
[1.072s] -- Up-to-date: /home/zp/ros2/sim/install/new_interface/include/new_interface/new_interface
[1.072s] -- Up-to-date: /home/zp/ros2/sim/install/new_interface/include/new_interface/new_interface/action
[1.072s] -- Up-to-date: /home/zp/ros2/sim/install/new_interface/include/new_interface/new_interface/action/detail
[1.072s] -- Up-to-date: /home/zp/ros2/sim/install/new_interface/include/new_interface/new_interface/action/detail/move_robot__type_support.cpp
[1.072s] -- Up-to-date: /home/zp/ros2/sim/install/new_interface/include/new_interface/new_interface/action/detail/move_robot__rosidl_typesupport_introspection_cpp.hpp
[1.072s] -- Up-to-date: /home/zp/ros2/sim/install/new_interface/lib/libnew_interface__rosidl_typesupport_introspection_cpp.so
[1.072s] -- Up-to-date: /home/zp/ros2/sim/install/new_interface/lib/libnew_interface__rosidl_typesupport_cpp.so
[1.072s] -- Up-to-date: /home/zp/ros2/sim/install/new_interface/share/new_interface/environment/pythonpath.sh
[1.072s] -- Up-to-date: /home/zp/ros2/sim/install/new_interface/share/new_interface/environment/pythonpath.dsv
[1.072s] -- Up-to-date: /home/zp/ros2/sim/install/new_interface/local/lib/python3.10/dist-packages/new_interface-0.0.0-py3.10.egg-info
[1.072s] -- Installing: /home/zp/ros2/sim/install/new_interface/local/lib/python3.10/dist-packages/new_interface-0.0.0-py3.10.egg-info/SOURCES.txt
[1.072s] -- Installing: /home/zp/ros2/sim/install/new_interface/local/lib/python3.10/dist-packages/new_interface-0.0.0-py3.10.egg-info/top_level.txt
[1.072s] -- Installing: /home/zp/ros2/sim/install/new_interface/local/lib/python3.10/dist-packages/new_interface-0.0.0-py3.10.egg-info/PKG-INFO
[1.072s] -- Installing: /home/zp/ros2/sim/install/new_interface/local/lib/python3.10/dist-packages/new_interface-0.0.0-py3.10.egg-info/dependency_links.txt
[1.073s] -- Up-to-date: /home/zp/ros2/sim/install/new_interface/local/lib/python3.10/dist-packages/new_interface
[1.073s] -- Up-to-date: /home/zp/ros2/sim/install/new_interface/local/lib/python3.10/dist-packages/new_interface/_new_interface_s.ep.rosidl_typesupport_introspection_c.c
[1.073s] -- Up-to-date: /home/zp/ros2/sim/install/new_interface/local/lib/python3.10/dist-packages/new_interface/libnew_interface__rosidl_generator_py.so
[1.073s] -- Up-to-date: /home/zp/ros2/sim/install/new_interface/local/lib/python3.10/dist-packages/new_interface/new_interface_s__rosidl_typesupport_c.cpython-310-x86_64-linux-gnu.so
[1.073s] -- Up-to-date: /home/zp/ros2/sim/install/new_interface/local/lib/python3.10/dist-packages/new_interface/_new_interface_s.ep.rosidl_typesupport_fastrtps_c.c
[1.073s] -- Up-to-date: /home/zp/ros2/sim/install/new_interface/local/lib/python3.10/dist-packages/new_interface/new_interface_s__rosidl_typesupport_fastrtps_c.cpython-310-x86_64-linux-gnu.so
[1.073s] -- Up-to-date: /home/zp/ros2/sim/install/new_interface/local/lib/python3.10/dist-packages/new_interface/new_interface_s__rosidl_typesupport_introspection_c.cpython-310-x86_64-linux-gnu.so
[1.073s] -- Up-to-date: /home/zp/ros2/sim/install/new_interface/local/lib/python3.10/dist-packages/new_interface/__init__.py
[1.075s] -- Up-to-date: /home/zp/ros2/sim/install/new_interface/local/lib/python3.10/dist-packages/new_interface/action
[1.075s] -- Up-to-date: /home/zp/ros2/sim/install/new_interface/local/lib/python3.10/dist-packages/new_interface/action/_move_robot.py
[1.075s] -- Up-to-date: /home/zp/ros2/sim/install/new_interface/local/lib/python3.10/dist-packages/new_interface/action/__init__.py
[1.076s] -- Up-to-date: /home/zp/ros2/sim/install/new_interface/local/lib/python3.10/dist-packages/new_interface/action/_move_robot_s.c
[1.076s] -- Up-to-date: /home/zp/ros2/sim/install/new_interface/local/lib/python3.10/dist-packages/new_interface/_new_interface_s.ep.rosidl_typesupport_c.c
[1.132s] Listing '/home/zp/ros2/sim/install/new_interface/local/lib/python3.10/dist-packages/new_interface'...
[1.132s] Listing '/home/zp/ros2/sim/install/new_interface/local/lib/python3.10/dist-packages/new_interface/action'...
[1.141s] -- Up-to-date: /home/zp/ros2/sim/install/new_interface/local/lib/python3.10/dist-packages/new_interface/new_interface_s__rosidl_typesupport_fastrtps_c.cpython-310-x86_64-linux-gnu.so
[1.141s] -- Up-to-date: /home/zp/ros2/sim/install/new_interface/local/lib/python3.10/dist-packages/new_interface/new_interface_s__rosidl_typesupport_introspection_c.cpython-310-x86_64-linux-gnu.so
[1.141s] -- Up-to-date: /home/zp/ros2/sim/install/new_interface/local/lib/python3.10/dist-packages/new_interface/new_interface_s__rosidl_typesupport_c.cpython-310-x86_64-linux-gnu.so
[1.141s] -- Up-to-date: /home/zp/ros2/sim/install/new_interface/lib/libnew_interface__rosidl_generator_py.so
[1.142s] -- Up-to-date: /home/zp/ros2/sim/install/new_interface/share/new_interface/action/MoveRobot.idl
[1.142s] -- Up-to-date: /home/zp/ros2/sim/install/new_interface/share/new_interface/action/MoveRobot.action
[1.142s] -- Up-to-date: /home/zp/ros2/sim/install/new_interface/share/ament_index/resource_index/package_run_dependencies/new_interface
[1.142s] -- Up-to-date: /home/zp/ros2/sim/install/new_interface/share/ament_index/resource_index/parent_prefix_path/new_interface
[1.142s] -- Up-to-date: /home/zp/ros2/sim/install/new_interface/share/new_interface/environment/ament_prefix_path.sh
[1.142s] -- Up-to-date: /home/zp/ros2/sim/install/new_interface/share/new_interface/environment/ament_prefix_path.dsv
[1.142s] -- Up-to-date: /home/zp/ros2/sim/install/new_interface/share/new_interface/environment/path.sh
[1.142s] -- Up-to-date: /home/zp/ros2/sim/install/new_interface/share/new_interface/environment/path.dsv
[1.142s] -- Up-to-date: /home/zp/ros2/sim/install/new_interface/share/new_interface/local_setup.bash
[1.143s] -- Up-to-date: /home/zp/ros2/sim/install/new_interface/share/new_interface/local_setup.sh
[1.143s] -- Up-to-date: /home/zp/ros2/sim/install/new_interface/share/new_interface/local_setup.zsh
[1.143s] -- Up-to-date: /home/zp/ros2/sim/install/new_interface/share/new_interface/local_setup.dsv
[1.143s] -- Installing: /home/zp/ros2/sim/install/new_interface/share/new_interface/package.dsv
[1.143s] -- Up-to-date: /home/zp/ros2/sim/install/new_interface/share/ament_index/resource_index/packages/new_interface
[1.143s] -- Up-to-date: /home/zp/ros2/sim/install/new_interface/share/new_interface/cmake/export_new_interface__rosidl_generator_cExport.cmake
[1.143s] -- Up-to-date: /home/zp/ros2/sim/install/new_interface/share/new_interface/cmake/export_new_interface__rosidl_generator_cExport-noconfig.cmake
[1.143s] -- Up-to-date: /home/zp/ros2/sim/install/new_interface/share/new_interface/cmake/export_new_interface__rosidl_typesupport_fastrtps_cExport.cmake
[1.144s] -- Up-to-date: /home/zp/ros2/sim/install/new_interface/share/new_interface/cmake/export_new_interface__rosidl_typesupport_fastrtps_cExport-noconfig.cmake
[1.144s] -- Up-to-date: /home/zp/ros2/sim/install/new_interface/share/new_interface/cmake/new_interface__rosidl_typesupport_introspection_cExport.cmake
[1.144s] -- Up-to-date: /home/zp/ros2/sim/install/new_interface/share/new_interface/cmake/new_interface__rosidl_typesupport_introspection_cExport-noconfig.cmake
[1.144s] -- Up-to-date: /home/zp/ros2/sim/install/new_interface/share/new_interface/cmake/new_interface__rosidl_typesupport_cExport.cmake
[1.144s] -- Up-to-date: /home/zp/ros2/sim/install/new_interface/share/new_interface/cmake/new_interface__rosidl_typesupport_cExport-noconfig.cmake
[1.144s] -- Up-to-date: /home/zp/ros2/sim/install/new_interface/share/new_interface/cmake/export_new_interface__rosidl_generator_cppExport.cmake
[1.145s] -- Up-to-date: /home/zp/ros2/sim/install/new_interface/share/new_interface/cmake/export_new_interface__rosidl_typesupport_fastrtps_cppExport.cmake
[1.145s] -- Up-to-date: /home/zp/ros2/sim/install/new_interface/share/new_interface/cmake/export_new_interface__rosidl_typesupport_fastrtps_cppExport-noconfig.cmake
[1.145s] -- Up-to-date: /home/zp/ros2/sim/install/new_interface/share/new_interface/cmake/new_interface__rosidl_typesupport_introspection_cppExport.cmake
[1.145s] -- Up-to-date: /home/zp/ros2/sim/install/new_interface/share/new_interface/cmake/new_interface__rosidl_typesupport_introspection_cppExport-noconfig.cmake
[1.145s] -- Up-to-date: /home/zp/ros2/sim/install/new_interface/share/new_interface/cmake/new_interface__rosidl_typesupport_cppExport.cmake
[1.145s] -- Up-to-date: /home/zp/ros2/sim/install/new_interface/share/new_interface/cmake/new_interface__rosidl_typesupport_cppExport-noconfig.cmake
[1.145s] -- Up-to-date: /home/zp/ros2/sim/install/new_interface/share/new_interface/cmake/export_new_interface__rosidl_generator_pyExport.cmake
[1.145s] -- Up-to-date: /home/zp/ros2/sim/install/new_interface/share/new_interface/cmake/export_new_interface__rosidl_generator_pyExport-noconfig.cmake
[1.145s] -- Up-to-date: /home/zp/ros2/sim/install/new_interface/share/new_interface/cmake/rosidl_cmake-extras.cmake
[1.145s] -- Up-to-date: /home/zp/ros2/sim/install/new_interface/share/new_interface/cmake/ament_cmake_export_dependencies-extras.cmake
[1.145s] -- Up-to-date: /home/zp/ros2/sim/install/new_interface/share/new_interface/cmake/ament_cmake_export_include_directories-extras.cmake
[1.145s] -- Up-to-date: /home/zp/ros2/sim/install/new_interface/share/new_interface/cmake/ament_cmake_export_libraries-extras.cmake
[1.145s] -- Up-to-date: /home/zp/ros2/sim/install/new_interface/share/new_interface/cmake/ament_cmake_export_targets-extras.cmake
[1.145s] -- Up-to-date: /home/zp/ros2/sim/install/new_interface/share/new_interface/cmake/rosidl_cmake_export_typesupport_targets-extras.cmake
[1.145s] -- Up-to-date: /home/zp/ros2/sim/install/new_interface/share/new_interface/cmake/rosidl_cmake_export_typesupport_libraries-extras.cmake
[1.146s] -- Up-to-date: /home/zp/ros2/sim/install/new_interface/share/new_interface/cmake/new_interfaceConfig.cmake
[1.146s] -- Up-to-date: /home/zp/ros2/sim/install/new_interface/share/new_interface/cmake/new_interfaceConfig-version.cmake
[1.146s] -- Up-to-date: /home/zp/ros2/sim/install/new_interface/share/new_interface/package.xml
[1.149s] Invoked command in '/home/zp/ros2/sim/build/new_interface' returned '0': CMAKE_PREFIX_PATH=${CMAKE_PREFIX_PATH}:/home/zp/ros2/sim/install/my_motion_example:/home/zp/ros2/sim/install/go2_control:/opt/ros/humble /usr/bin/cmake --install /home/zp/ros2/sim/build/new_interface
