[0.046s] Invoking command in '/home/zp/ros2/sim/build/champ_description': CMAKE_PREFIX_PATH=${CMAKE_PREFIX_PATH}:/home/zp/ros2/sim/install/my_motion_example:/opt/ros/humble /usr/bin/cmake /home/zp/ros2/sim/src/unitree-go2-ros2/champ/champ_description -DCMAKE_INSTALL_PREFIX=/home/zp/ros2/sim/install/champ_description
[0.401s] -- The C compiler identification is GNU 11.4.0
[1.761s] -- The CXX compiler identification is GNU 11.4.0
[2.936s] -- Detecting C compiler ABI info
[3.209s] -- Detecting C compiler ABI info - done
[3.214s] -- Check for working C compiler: /usr/bin/cc - skipped
[3.214s] -- Detecting C compile features
[3.214s] -- Detecting C compile features - done
[3.216s] -- Detecting CXX compiler ABI info
[3.460s] -- Detecting CXX compiler ABI info - done
[3.464s] -- Check for working CXX compiler: /usr/bin/c++ - skipped
[3.465s] -- Detecting CXX compile features
[3.465s] -- Detecting CXX compile features - done
[3.467s] -- Found ament_cmake: 1.3.12 (/opt/ros/humble/share/ament_cmake/cmake)
[3.583s] -- Found Python3: /usr/bin/python3 (found version "3.10.12") found components: Interpreter 
[3.672s] -- Found ament_lint_auto: 0.12.14 (/opt/ros/humble/share/ament_lint_auto/cmake)
[3.731s] -- Configuring done
[3.733s] -- Generating done
[3.735s] -- Build files have been written to: /home/zp/ros2/sim/build/champ_description
[3.739s] Invoked command in '/home/zp/ros2/sim/build/champ_description' returned '0': CMAKE_PREFIX_PATH=${CMAKE_PREFIX_PATH}:/home/zp/ros2/sim/install/my_motion_example:/opt/ros/humble /usr/bin/cmake /home/zp/ros2/sim/src/unitree-go2-ros2/champ/champ_description -DCMAKE_INSTALL_PREFIX=/home/zp/ros2/sim/install/champ_description
[3.742s] Invoking command in '/home/zp/ros2/sim/build/champ_description': CMAKE_PREFIX_PATH=${CMAKE_PREFIX_PATH}:/home/zp/ros2/sim/install/my_motion_example:/opt/ros/humble /usr/bin/cmake --build /home/zp/ros2/sim/build/champ_description -- -j20 -l20
[3.771s] Invoked command in '/home/zp/ros2/sim/build/champ_description' returned '0': CMAKE_PREFIX_PATH=${CMAKE_PREFIX_PATH}:/home/zp/ros2/sim/install/my_motion_example:/opt/ros/humble /usr/bin/cmake --build /home/zp/ros2/sim/build/champ_description -- -j20 -l20
[3.781s] Invoking command in '/home/zp/ros2/sim/build/champ_description': CMAKE_PREFIX_PATH=${CMAKE_PREFIX_PATH}:/home/zp/ros2/sim/install/my_motion_example:/opt/ros/humble /usr/bin/cmake --install /home/zp/ros2/sim/build/champ_description
[3.787s] -- Install configuration: ""
[3.787s] -- Up-to-date: /home/zp/ros2/sim/install/champ_description/share/champ_description/launch
[3.788s] -- Up-to-date: /home/zp/ros2/sim/install/champ_description/share/champ_description/launch/description.launch
[3.788s] -- Up-to-date: /home/zp/ros2/sim/install/champ_description/share/champ_description/launch/description.launch.py
[3.788s] -- Up-to-date: /home/zp/ros2/sim/install/champ_description/share/champ_description/launch/view_urdf.launch
[3.788s] -- Up-to-date: /home/zp/ros2/sim/install/champ_description/share/champ_description/rviz
[3.788s] -- Up-to-date: /home/zp/ros2/sim/install/champ_description/share/champ_description/rviz/urdf_viewer.rviz
[3.788s] -- Up-to-date: /home/zp/ros2/sim/install/champ_description/share/champ_description/meshes
[3.788s] -- Up-to-date: /home/zp/ros2/sim/install/champ_description/share/champ_description/meshes/lower_leg_simple.stl
[3.788s] -- Up-to-date: /home/zp/ros2/sim/install/champ_description/share/champ_description/meshes/upper_leg.stl
[3.788s] -- Up-to-date: /home/zp/ros2/sim/install/champ_description/share/champ_description/meshes/lower_leg.stl
[3.789s] -- Up-to-date: /home/zp/ros2/sim/install/champ_description/share/champ_description/meshes/hokuyo_utm_30lx.dae
[3.789s] -- Up-to-date: /home/zp/ros2/sim/install/champ_description/share/champ_description/meshes/arm
[3.789s] -- Up-to-date: /home/zp/ros2/sim/install/champ_description/share/champ_description/meshes/arm/upper_arm.stl
[3.789s] -- Up-to-date: /home/zp/ros2/sim/install/champ_description/share/champ_description/meshes/arm/lower_arm.stl
[3.790s] -- Up-to-date: /home/zp/ros2/sim/install/champ_description/share/champ_description/meshes/arm/wrist1.stl
[3.790s] -- Up-to-date: /home/zp/ros2/sim/install/champ_description/share/champ_description/meshes/arm/wrist2.stl
[3.790s] -- Up-to-date: /home/zp/ros2/sim/install/champ_description/share/champ_description/meshes/arm/base.stl
[3.790s] -- Up-to-date: /home/zp/ros2/sim/install/champ_description/share/champ_description/meshes/upper_leg_simple.stl
[3.790s] -- Up-to-date: /home/zp/ros2/sim/install/champ_description/share/champ_description/meshes/hip.stl
[3.790s] -- Up-to-date: /home/zp/ros2/sim/install/champ_description/share/champ_description/meshes/base_simple.stl
[3.791s] -- Up-to-date: /home/zp/ros2/sim/install/champ_description/share/champ_description/meshes/asus_camera_simple.dae
[3.791s] -- Up-to-date: /home/zp/ros2/sim/install/champ_description/share/champ_description/meshes/base.stl
[3.791s] -- Up-to-date: /home/zp/ros2/sim/install/champ_description/share/champ_description/urdf
[3.791s] -- Up-to-date: /home/zp/ros2/sim/install/champ_description/share/champ_description/urdf/gen_urdf
[3.791s] -- Up-to-date: /home/zp/ros2/sim/install/champ_description/share/champ_description/urdf/champ.urdf
[3.791s] -- Up-to-date: /home/zp/ros2/sim/install/champ_description/share/champ_description/urdf/champ.urdf.xacro
[3.791s] -- Up-to-date: /home/zp/ros2/sim/install/champ_description/share/champ_description/urdf/leg.urdf.xacro
[3.792s] -- Up-to-date: /home/zp/ros2/sim/install/champ_description/share/champ_description/urdf/hokuyo_utm30lx.urdf.xacro
[3.792s] -- Up-to-date: /home/zp/ros2/sim/install/champ_description/share/champ_description/urdf/champ_arm.urdf
[3.792s] -- Up-to-date: /home/zp/ros2/sim/install/champ_description/share/champ_description/urdf/champ_velodyne.urdf
[3.792s] -- Up-to-date: /home/zp/ros2/sim/install/champ_description/share/champ_description/urdf/accessories.urdf.xacro
[3.792s] -- Up-to-date: /home/zp/ros2/sim/install/champ_description/share/champ_description/urdf/asus_camera.urdf.xacro
[3.792s] -- Up-to-date: /home/zp/ros2/sim/install/champ_description/share/champ_description/urdf/properties.urdf.xacro
[3.793s] -- Installing: /home/zp/ros2/sim/install/champ_description/share/ament_index/resource_index/package_run_dependencies/champ_description
[3.793s] -- Installing: /home/zp/ros2/sim/install/champ_description/share/ament_index/resource_index/parent_prefix_path/champ_description
[3.794s] -- Up-to-date: /home/zp/ros2/sim/install/champ_description/share/champ_description/environment/ament_prefix_path.sh
[3.794s] -- Installing: /home/zp/ros2/sim/install/champ_description/share/champ_description/environment/ament_prefix_path.dsv
[3.795s] -- Up-to-date: /home/zp/ros2/sim/install/champ_description/share/champ_description/environment/path.sh
[3.796s] -- Installing: /home/zp/ros2/sim/install/champ_description/share/champ_description/environment/path.dsv
[3.796s] -- Installing: /home/zp/ros2/sim/install/champ_description/share/champ_description/local_setup.bash
[3.796s] -- Installing: /home/zp/ros2/sim/install/champ_description/share/champ_description/local_setup.sh
[3.796s] -- Installing: /home/zp/ros2/sim/install/champ_description/share/champ_description/local_setup.zsh
[3.797s] -- Installing: /home/zp/ros2/sim/install/champ_description/share/champ_description/local_setup.dsv
[3.797s] -- Installing: /home/zp/ros2/sim/install/champ_description/share/champ_description/package.dsv
[3.797s] -- Installing: /home/zp/ros2/sim/install/champ_description/share/ament_index/resource_index/packages/champ_description
[3.798s] -- Installing: /home/zp/ros2/sim/install/champ_description/share/champ_description/cmake/champ_descriptionConfig.cmake
[3.798s] -- Installing: /home/zp/ros2/sim/install/champ_description/share/champ_description/cmake/champ_descriptionConfig-version.cmake
[3.799s] -- Up-to-date: /home/zp/ros2/sim/install/champ_description/share/champ_description/package.xml
[3.821s] Invoked command in '/home/zp/ros2/sim/build/champ_description' returned '0': CMAKE_PREFIX_PATH=${CMAKE_PREFIX_PATH}:/home/zp/ros2/sim/install/my_motion_example:/opt/ros/humble /usr/bin/cmake --install /home/zp/ros2/sim/build/champ_description
