[0.040s] Invoking command in '/home/zp/ros2/sim/build/champ_navigation': CMAKE_PREFIX_PATH=${CMAKE_PREFIX_PATH}:/home/zp/ros2/sim/install/my_motion_example:/opt/ros/humble /usr/bin/cmake /home/zp/ros2/sim/src/unitree-go2-ros2/champ/champ_navigation -DCMAKE_INSTALL_PREFIX=/home/zp/ros2/sim/install/champ_navigation
[0.392s] -- The C compiler identification is GNU 11.4.0
[1.931s] -- The CXX compiler identification is GNU 11.4.0
[3.260s] -- Detecting C compiler ABI info
[3.521s] -- Detecting C compiler ABI info - done
[3.526s] -- Check for working C compiler: /usr/bin/cc - skipped
[3.526s] -- Detecting C compile features
[3.526s] -- Detecting C compile features - done
[3.528s] -- Detecting CXX compiler ABI info
[3.828s] -- Detecting CXX compiler ABI info - done
[3.835s] -- Check for working CXX compiler: /usr/bin/c++ - skipped
[3.835s] -- Detecting CXX compile features
[3.835s] -- Detecting CXX compile features - done
[3.838s] -- Found ament_cmake: 1.3.12 (/opt/ros/humble/share/ament_cmake/cmake)
[3.955s] -- Found Python3: /usr/bin/python3 (found version "3.10.12") found components: Interpreter 
[4.081s] -- Configuring done
[4.083s] -- Generating done
[4.084s] -- Build files have been written to: /home/zp/ros2/sim/build/champ_navigation
[4.087s] Invoked command in '/home/zp/ros2/sim/build/champ_navigation' returned '0': CMAKE_PREFIX_PATH=${CMAKE_PREFIX_PATH}:/home/zp/ros2/sim/install/my_motion_example:/opt/ros/humble /usr/bin/cmake /home/zp/ros2/sim/src/unitree-go2-ros2/champ/champ_navigation -DCMAKE_INSTALL_PREFIX=/home/zp/ros2/sim/install/champ_navigation
[4.089s] Invoking command in '/home/zp/ros2/sim/build/champ_navigation': CMAKE_PREFIX_PATH=${CMAKE_PREFIX_PATH}:/home/zp/ros2/sim/install/my_motion_example:/opt/ros/humble /usr/bin/cmake --build /home/zp/ros2/sim/build/champ_navigation -- -j20 -l20
[4.115s] Invoked command in '/home/zp/ros2/sim/build/champ_navigation' returned '0': CMAKE_PREFIX_PATH=${CMAKE_PREFIX_PATH}:/home/zp/ros2/sim/install/my_motion_example:/opt/ros/humble /usr/bin/cmake --build /home/zp/ros2/sim/build/champ_navigation -- -j20 -l20
[4.117s] Invoking command in '/home/zp/ros2/sim/build/champ_navigation': CMAKE_PREFIX_PATH=${CMAKE_PREFIX_PATH}:/home/zp/ros2/sim/install/my_motion_example:/opt/ros/humble /usr/bin/cmake --install /home/zp/ros2/sim/build/champ_navigation
[4.121s] -- Install configuration: ""
[4.121s] -- Up-to-date: /home/zp/ros2/sim/install/champ_navigation/share/champ_navigation/launch
[4.121s] -- Up-to-date: /home/zp/ros2/sim/install/champ_navigation/share/champ_navigation/launch/navigate.launch.py
[4.122s] -- Up-to-date: /home/zp/ros2/sim/install/champ_navigation/share/champ_navigation/launch/slam.launch.py
[4.122s] -- Up-to-date: /home/zp/ros2/sim/install/champ_navigation/share/champ_navigation/rviz
[4.122s] -- Up-to-date: /home/zp/ros2/sim/install/champ_navigation/share/champ_navigation/rviz/navigation.rviz
[4.122s] -- Up-to-date: /home/zp/ros2/sim/install/champ_navigation/share/champ_navigation/rviz/navigation_minimal.rviz
[4.122s] -- Up-to-date: /home/zp/ros2/sim/install/champ_navigation/share/champ_navigation/rviz/slam.rviz
[4.122s] -- Installing: /home/zp/ros2/sim/install/champ_navigation/share/ament_index/resource_index/package_run_dependencies/champ_navigation
[4.122s] -- Installing: /home/zp/ros2/sim/install/champ_navigation/share/ament_index/resource_index/parent_prefix_path/champ_navigation
[4.122s] -- Up-to-date: /home/zp/ros2/sim/install/champ_navigation/share/champ_navigation/environment/ament_prefix_path.sh
[4.122s] -- Installing: /home/zp/ros2/sim/install/champ_navigation/share/champ_navigation/environment/ament_prefix_path.dsv
[4.122s] -- Up-to-date: /home/zp/ros2/sim/install/champ_navigation/share/champ_navigation/environment/path.sh
[4.122s] -- Installing: /home/zp/ros2/sim/install/champ_navigation/share/champ_navigation/environment/path.dsv
[4.123s] -- Installing: /home/zp/ros2/sim/install/champ_navigation/share/champ_navigation/local_setup.bash
[4.123s] -- Installing: /home/zp/ros2/sim/install/champ_navigation/share/champ_navigation/local_setup.sh
[4.123s] -- Installing: /home/zp/ros2/sim/install/champ_navigation/share/champ_navigation/local_setup.zsh
[4.123s] -- Installing: /home/zp/ros2/sim/install/champ_navigation/share/champ_navigation/local_setup.dsv
[4.123s] -- Installing: /home/zp/ros2/sim/install/champ_navigation/share/champ_navigation/package.dsv
[4.123s] -- Installing: /home/zp/ros2/sim/install/champ_navigation/share/ament_index/resource_index/packages/champ_navigation
[4.123s] -- Installing: /home/zp/ros2/sim/install/champ_navigation/share/champ_navigation/cmake/champ_navigationConfig.cmake
[4.123s] -- Installing: /home/zp/ros2/sim/install/champ_navigation/share/champ_navigation/cmake/champ_navigationConfig-version.cmake
[4.123s] -- Up-to-date: /home/zp/ros2/sim/install/champ_navigation/share/champ_navigation/package.xml
[4.124s] Invoked command in '/home/zp/ros2/sim/build/champ_navigation' returned '0': CMAKE_PREFIX_PATH=${CMAKE_PREFIX_PATH}:/home/zp/ros2/sim/install/my_motion_example:/opt/ros/humble /usr/bin/cmake --install /home/zp/ros2/sim/build/champ_navigation
