[0.043s] Invoking command in '/home/zp/ros2/sim/build/champ_config': CMAKE_PREFIX_PATH=${CMAKE_PREFIX_PATH}:/home/zp/ros2/sim/install/my_motion_example:/opt/ros/humble /usr/bin/cmake /home/zp/ros2/sim/src/unitree-go2-ros2/champ/champ_config -DCMAKE_INSTALL_PREFIX=/home/zp/ros2/sim/install/champ_config
[0.398s] -- The C compiler identification is GNU 11.4.0
[1.788s] -- The CXX compiler identification is GNU 11.4.0
[2.973s] -- Detecting C compiler ABI info
[3.304s] -- Detecting C compiler ABI info - done
[3.310s] -- Check for working C compiler: /usr/bin/cc - skipped
[3.310s] -- Detecting C compile features
[3.310s] -- Detecting C compile features - done
[3.312s] -- Detecting CXX compiler ABI info
[3.552s] -- Detecting CXX compiler ABI info - done
[3.558s] -- Check for working CXX compiler: /usr/bin/c++ - skipped
[3.559s] -- Detecting CXX compile features
[3.559s] -- Detecting CXX compile features - done
[3.561s] -- Found ament_cmake: 1.3.12 (/opt/ros/humble/share/ament_cmake/cmake)
[3.678s] -- Found Python3: /usr/bin/python3 (found version "3.10.12") found components: Interpreter 
[3.824s] -- Configuring done
[3.825s] -- Generating done
[3.827s] -- Build files have been written to: /home/zp/ros2/sim/build/champ_config
[3.837s] Invoked command in '/home/zp/ros2/sim/build/champ_config' returned '0': CMAKE_PREFIX_PATH=${CMAKE_PREFIX_PATH}:/home/zp/ros2/sim/install/my_motion_example:/opt/ros/humble /usr/bin/cmake /home/zp/ros2/sim/src/unitree-go2-ros2/champ/champ_config -DCMAKE_INSTALL_PREFIX=/home/zp/ros2/sim/install/champ_config
[3.838s] Invoking command in '/home/zp/ros2/sim/build/champ_config': CMAKE_PREFIX_PATH=${CMAKE_PREFIX_PATH}:/home/zp/ros2/sim/install/my_motion_example:/opt/ros/humble /usr/bin/cmake --build /home/zp/ros2/sim/build/champ_config -- -j20 -l20
[3.869s] Invoked command in '/home/zp/ros2/sim/build/champ_config' returned '0': CMAKE_PREFIX_PATH=${CMAKE_PREFIX_PATH}:/home/zp/ros2/sim/install/my_motion_example:/opt/ros/humble /usr/bin/cmake --build /home/zp/ros2/sim/build/champ_config -- -j20 -l20
[3.870s] Invoking command in '/home/zp/ros2/sim/build/champ_config': CMAKE_PREFIX_PATH=${CMAKE_PREFIX_PATH}:/home/zp/ros2/sim/install/my_motion_example:/opt/ros/humble /usr/bin/cmake --install /home/zp/ros2/sim/build/champ_config
[3.876s] -- Install configuration: ""
[3.876s] -- Up-to-date: /home/zp/ros2/sim/install/champ_config/share/champ_config/launch
[3.877s] -- Up-to-date: /home/zp/ros2/sim/install/champ_config/share/champ_config/launch/navigate.launch.py
[3.877s] -- Up-to-date: /home/zp/ros2/sim/install/champ_config/share/champ_config/launch/gazebo.launch.py
[3.877s] -- Up-to-date: /home/zp/ros2/sim/install/champ_config/share/champ_config/launch/bringup.launch.py
[3.877s] -- Up-to-date: /home/zp/ros2/sim/install/champ_config/share/champ_config/launch/slam.launch.py
[3.877s] -- Up-to-date: /home/zp/ros2/sim/install/champ_config/share/champ_config/config
[3.877s] -- Up-to-date: /home/zp/ros2/sim/install/champ_config/share/champ_config/config/autonomy
[3.877s] -- Up-to-date: /home/zp/ros2/sim/install/champ_config/share/champ_config/config/autonomy/navigation.yaml
[3.878s] -- Up-to-date: /home/zp/ros2/sim/install/champ_config/share/champ_config/config/autonomy/slam.yaml
[3.878s] -- Up-to-date: /home/zp/ros2/sim/install/champ_config/share/champ_config/config/gait
[3.878s] -- Up-to-date: /home/zp/ros2/sim/install/champ_config/share/champ_config/config/gait/gait.yaml
[3.878s] -- Up-to-date: /home/zp/ros2/sim/install/champ_config/share/champ_config/config/joints
[3.878s] -- Up-to-date: /home/zp/ros2/sim/install/champ_config/share/champ_config/config/joints/joints.yaml
[3.878s] -- Up-to-date: /home/zp/ros2/sim/install/champ_config/share/champ_config/config/links
[3.878s] -- Up-to-date: /home/zp/ros2/sim/install/champ_config/share/champ_config/config/links/links.yaml
[3.878s] -- Up-to-date: /home/zp/ros2/sim/install/champ_config/share/champ_config/maps
[3.878s] -- Up-to-date: /home/zp/ros2/sim/install/champ_config/share/champ_config/maps/playground.pgm
[3.878s] -- Up-to-date: /home/zp/ros2/sim/install/champ_config/share/champ_config/maps/playground.yaml
[3.878s] -- Up-to-date: /home/zp/ros2/sim/install/champ_config/share/champ_config/maps/map.yaml
[3.878s] -- Up-to-date: /home/zp/ros2/sim/install/champ_config/share/champ_config/maps/map.pgm
[3.878s] -- Up-to-date: /home/zp/ros2/sim/install/champ_config/share/champ_config/worlds
[3.878s] -- Up-to-date: /home/zp/ros2/sim/install/champ_config/share/champ_config/worlds/outdoor.world
[3.878s] -- Up-to-date: /home/zp/ros2/sim/install/champ_config/share/champ_config/worlds/playground.world
[3.878s] -- Up-to-date: /home/zp/ros2/sim/install/champ_config/share/champ_config/worlds/default.world
[3.878s] -- Installing: /home/zp/ros2/sim/install/champ_config/share/ament_index/resource_index/package_run_dependencies/champ_config
[3.878s] -- Installing: /home/zp/ros2/sim/install/champ_config/share/ament_index/resource_index/parent_prefix_path/champ_config
[3.878s] -- Up-to-date: /home/zp/ros2/sim/install/champ_config/share/champ_config/environment/ament_prefix_path.sh
[3.878s] -- Installing: /home/zp/ros2/sim/install/champ_config/share/champ_config/environment/ament_prefix_path.dsv
[3.878s] -- Up-to-date: /home/zp/ros2/sim/install/champ_config/share/champ_config/environment/path.sh
[3.878s] -- Installing: /home/zp/ros2/sim/install/champ_config/share/champ_config/environment/path.dsv
[3.878s] -- Installing: /home/zp/ros2/sim/install/champ_config/share/champ_config/local_setup.bash
[3.878s] -- Installing: /home/zp/ros2/sim/install/champ_config/share/champ_config/local_setup.sh
[3.878s] -- Installing: /home/zp/ros2/sim/install/champ_config/share/champ_config/local_setup.zsh
[3.879s] -- Installing: /home/zp/ros2/sim/install/champ_config/share/champ_config/local_setup.dsv
[3.879s] -- Installing: /home/zp/ros2/sim/install/champ_config/share/champ_config/package.dsv
[3.879s] -- Installing: /home/zp/ros2/sim/install/champ_config/share/ament_index/resource_index/packages/champ_config
[3.879s] -- Installing: /home/zp/ros2/sim/install/champ_config/share/champ_config/cmake/champ_configConfig.cmake
[3.879s] -- Installing: /home/zp/ros2/sim/install/champ_config/share/champ_config/cmake/champ_configConfig-version.cmake
[3.879s] -- Up-to-date: /home/zp/ros2/sim/install/champ_config/share/champ_config/package.xml
[3.881s] Invoked command in '/home/zp/ros2/sim/build/champ_config' returned '0': CMAKE_PREFIX_PATH=${CMAKE_PREFIX_PATH}:/home/zp/ros2/sim/install/my_motion_example:/opt/ros/humble /usr/bin/cmake --install /home/zp/ros2/sim/build/champ_config
