[0.183s] Invoking command in '/home/zp/ros2/sim/build/champ_gazebo': AMENT_PREFIX_PATH=/home/zp/ros2/sim/install/champ_msgs:/home/zp/ros2/sim/install/champ:${AMENT_PREFIX_PATH} CMAKE_PREFIX_PATH=/home/zp/ros2/sim/install/champ_msgs:/home/zp/ros2/sim/install/champ:/opt/ros/humble LD_LIBRARY_PATH=/home/zp/ros2/sim/install/champ_msgs/lib:${LD_LIBRARY_PATH} PYTHONPATH=/home/zp/ros2/sim/install/champ_msgs/local/lib/python3.10/dist-packages:${PYTHONPATH} /usr/bin/cmake /home/zp/ros2/sim/src/unitree-go2-ros2/champ/champ_gazebo -DCMAKE_INSTALL_PREFIX=/home/zp/ros2/sim/install/champ_gazebo
[0.348s] -- The C compiler identification is GNU 11.4.0
[1.164s] -- The CXX compiler identification is GNU 11.4.0
[1.615s] -- Detecting C compiler ABI info
[1.777s] -- Detecting C compiler ABI info - done
[1.781s] -- Check for working C compiler: /usr/bin/cc - skipped
[1.782s] -- Detecting C compile features
[1.782s] -- Detecting C compile features - done
[1.783s] -- Detecting CXX compiler ABI info
[1.944s] -- Detecting CXX compiler ABI info - done
[1.949s] -- Check for working CXX compiler: /usr/bin/c++ - skipped
[1.949s] -- Detecting CXX compile features
[1.949s] -- Detecting CXX compile features - done
[1.951s] -- Found ament_cmake: 1.3.12 (/opt/ros/humble/share/ament_cmake/cmake)
[2.053s] -- Found Python3: /usr/bin/python3 (found version "3.10.12") found components: Interpreter 
[2.116s] -- Found rclcpp: 16.0.17 (/opt/ros/humble/share/rclcpp/cmake)
[2.814s] -- Found rosidl_generator_c: 3.1.8 (/opt/ros/humble/share/rosidl_generator_c/cmake)
[2.818s] -- Found rosidl_adapter: 3.1.8 (/opt/ros/humble/share/rosidl_adapter/cmake)
[2.823s] -- Found rosidl_generator_cpp: 3.1.8 (/opt/ros/humble/share/rosidl_generator_cpp/cmake)
[2.830s] -- Using all available rosidl_typesupport_c: rosidl_typesupport_fastrtps_c;rosidl_typesupport_introspection_c
[2.840s] -- Using all available rosidl_typesupport_cpp: rosidl_typesupport_fastrtps_cpp;rosidl_typesupport_introspection_cpp
[2.869s] -- Found rmw_implementation_cmake: 6.1.2 (/opt/ros/humble/share/rmw_implementation_cmake/cmake)
[2.871s] -- Found rmw_cyclonedds_cpp: 1.3.4 (/opt/ros/humble/share/rmw_cyclonedds_cpp/cmake)
[2.884s] -- Using RMW implementation 'rmw_cyclonedds_cpp' as default
[2.889s] -- Looking for pthread.h
[3.026s] -- Looking for pthread.h - found
[3.027s] -- Performing Test CMAKE_HAVE_LIBC_PTHREAD
[3.168s] -- Performing Test CMAKE_HAVE_LIBC_PTHREAD - Success
[3.168s] -- Found Threads: TRUE  
[3.206s] -- Found urdf: 2.6.1 (/opt/ros/humble/share/urdf/cmake)
[8.521s] -- Found champ: 0.1.0 (/home/zp/ros2/sim/install/champ/share/champ/cmake)
[8.521s] -- Found champ_msgs: 0.1.0 (/home/zp/ros2/sim/install/champ_msgs/share/champ_msgs/cmake)
[8.542s] -- Found gazebo_ros2_control: 0.4.10 (/opt/ros/humble/share/gazebo_ros2_control/cmake)
[8.688s] -- Found PkgConfig: /usr/bin/pkg-config (found version "0.29.2") 
[8.689s] -- Checking for module 'bullet>=2.82'
[8.700s] --   Found bullet, version 3.05
[8.891s] -- Found fcl: /usr/include (found suitable version "0.7.0", minimum required is "0.5.0") 
[8.931s] -- Found assimp: /usr/include (found version "5.2.0") 
[8.954s] -- Found DART: /usr/include (Required is at least version "6.6") found components: dart 
[8.983s] -- Found Boost: /usr/lib/x86_64-linux-gnu/cmake/Boost-1.74.0/BoostConfig.cmake (found suitable version "1.74.0", minimum required is "1.40.0") found components: thread system filesystem program_options regex iostreams date_time 
[9.923s] -- Found Protobuf: /usr/lib/x86_64-linux-gnu/libprotobuf.so (found version "3.12.4") 
[9.930s] -- Looking for ignition-math6 -- found version 6.15.1
[9.942s] -- Searching for dependencies of ignition-math6
[9.944s] -- Looking for OGRE...
[9.944s] -- OGRE_PREFIX_WATCH changed.
[9.951s] -- Checking for module 'OGRE'
[9.972s] --   Found OGRE, version 1.9.0
[10.022s] -- Found Ogre Ghadamon (1.9.0)
[10.995s] -- Found OGRE: optimized;/usr/lib/x86_64-linux-gnu/libOgreMain.so;debug;/usr/lib/x86_64-linux-gnu/libOgreMain.so
[11.005s] -- Looking for OGRE_Paging...
[11.927s] -- Found OGRE_Paging: optimized;/usr/lib/x86_64-linux-gnu/libOgrePaging.so;debug;/usr/lib/x86_64-linux-gnu/libOgrePaging.so
[11.927s] -- Looking for OGRE_Terrain...
[13.013s] -- Found OGRE_Terrain: optimized;/usr/lib/x86_64-linux-gnu/libOgreTerrain.so;debug;/usr/lib/x86_64-linux-gnu/libOgreTerrain.so
[13.014s] -- Looking for OGRE_Property...
[13.970s] -- Found OGRE_Property: optimized;/usr/lib/x86_64-linux-gnu/libOgreProperty.so;debug;/usr/lib/x86_64-linux-gnu/libOgreProperty.so
[13.971s] -- Looking for OGRE_RTShaderSystem...
[14.974s] -- Found OGRE_RTShaderSystem: optimized;/usr/lib/x86_64-linux-gnu/libOgreRTShaderSystem.so;debug;/usr/lib/x86_64-linux-gnu/libOgreRTShaderSystem.so
[14.974s] -- Looking for OGRE_Volume...
[16.000s] -- Found OGRE_Volume: optimized;/usr/lib/x86_64-linux-gnu/libOgreVolume.so;debug;/usr/lib/x86_64-linux-gnu/libOgreVolume.so
[16.001s] -- Looking for OGRE_Overlay...
[16.990s] -- Found OGRE_Overlay: optimized;/usr/lib/x86_64-linux-gnu/libOgreOverlay.so;debug;/usr/lib/x86_64-linux-gnu/libOgreOverlay.so
[49.128s] -- Looking for ignition-math6 -- found version 6.15.1
[49.131s] -- Looking for ignition-transport8 -- found version 8.2.1
[49.131s] -- Searching for dependencies of ignition-transport8
[52.379s] -- Found Protobuf: /usr/lib/x86_64-linux-gnu/libprotobuf.so (found suitable version "3.12.4", minimum required is "3") 
[55.662s] -- Config-file not installed for ZeroMQ -- checking for pkg-config
[55.666s] -- Checking for module 'libzmq >= 4'
[55.681s] --   Found libzmq , version 4.3.4
[55.702s] -- Found ZeroMQ: TRUE (Required is at least version "4") 
[55.754s] -- Checking for module 'uuid'
[55.762s] --   Found uuid, version 2.37.2
[55.782s] -- Found UUID: TRUE  
[55.784s] -- Looking for ignition-msgs5 -- found version 5.8.1
[55.785s] -- Searching for dependencies of ignition-msgs5
[59.273s] -- Looking for ignition-math6 -- found version 6.15.1
[59.282s] -- Checking for module 'tinyxml2'
[59.291s] --   Found tinyxml2, version 9.0.0
[59.316s] -- Looking for ignition-msgs5 -- found version 5.8.1
[59.319s] -- Looking for ignition-common3 -- found version 3.14.0
[59.319s] -- Searching for dependencies of ignition-common3
[59.373s] -- Looking for dlfcn.h - found
[59.438s] -- Looking for libdl - found
[59.439s] -- Found DL: TRUE  
[59.569s] -- Found tinyobjloader: /usr/lib/x86_64-linux-gnu/cmake/tinyobjloader/tinyobjloader-config.cmake (found version "2.0.0") 
[59.571s] -- Searching for <ignition-common3> component [graphics]
[59.573s] -- Looking for ignition-common3-graphics -- found version 3.14.0
[59.573s] -- Searching for dependencies of ignition-common3-graphics
[59.574s] -- Looking for ignition-math6 -- found version 6.15.1
[59.577s] -- Looking for ignition-fuel_tools4 -- found version 4.4.0
[59.577s] -- Searching for dependencies of ignition-fuel_tools4
[65.062s] -- Found CURL: /usr/lib/x86_64-linux-gnu/libcurl.so (found version "7.81.0")  
[65.078s] -- Checking for module 'jsoncpp'
[65.088s] --   Found jsoncpp, version 1.9.5
[65.112s] -- Found JSONCPP: TRUE  
[65.117s] -- Checking for module 'libzip'
[65.130s] --   Found libzip, version 1.7.3
[65.157s] -- Found ZIP: TRUE  
[65.157s] -- Looking for ignition-common3 -- found version 3.14.0
[65.158s] -- Looking for ignition-math6 -- found version 6.15.1
[65.158s] -- Looking for ignition-msgs5 -- found version 5.8.1
[65.164s] -- Gazebo version: 11.10
[65.164s] -- Checking for module 'tbb'
[65.177s] --   Found tbb, version 2021.5.0
[65.281s] -- Configuring done
[65.348s] -- Generating done
[65.354s] -- Build files have been written to: /home/zp/ros2/sim/build/champ_gazebo
[65.376s] Invoked command in '/home/zp/ros2/sim/build/champ_gazebo' returned '0': AMENT_PREFIX_PATH=/home/zp/ros2/sim/install/champ_msgs:/home/zp/ros2/sim/install/champ:${AMENT_PREFIX_PATH} CMAKE_PREFIX_PATH=/home/zp/ros2/sim/install/champ_msgs:/home/zp/ros2/sim/install/champ:/opt/ros/humble LD_LIBRARY_PATH=/home/zp/ros2/sim/install/champ_msgs/lib:${LD_LIBRARY_PATH} PYTHONPATH=/home/zp/ros2/sim/install/champ_msgs/local/lib/python3.10/dist-packages:${PYTHONPATH} /usr/bin/cmake /home/zp/ros2/sim/src/unitree-go2-ros2/champ/champ_gazebo -DCMAKE_INSTALL_PREFIX=/home/zp/ros2/sim/install/champ_gazebo
[65.378s] Invoking command in '/home/zp/ros2/sim/build/champ_gazebo': AMENT_PREFIX_PATH=/home/zp/ros2/sim/install/champ_msgs:/home/zp/ros2/sim/install/champ:${AMENT_PREFIX_PATH} CMAKE_PREFIX_PATH=/home/zp/ros2/sim/install/champ_msgs:/home/zp/ros2/sim/install/champ:/opt/ros/humble LD_LIBRARY_PATH=/home/zp/ros2/sim/install/champ_msgs/lib:${LD_LIBRARY_PATH} PYTHONPATH=/home/zp/ros2/sim/install/champ_msgs/local/lib/python3.10/dist-packages:${PYTHONPATH} /usr/bin/cmake --build /home/zp/ros2/sim/build/champ_gazebo -- -j20 -l20
[65.417s] [ 50%] [32mBuilding CXX object CMakeFiles/contact_sensor.dir/src/contact_sensor.cpp.o[0m
[76.919s] [100%] [32m[1mLinking CXX executable contact_sensor[0m
[78.438s] [100%] Built target contact_sensor
[78.448s] Invoked command in '/home/zp/ros2/sim/build/champ_gazebo' returned '0': AMENT_PREFIX_PATH=/home/zp/ros2/sim/install/champ_msgs:/home/zp/ros2/sim/install/champ:${AMENT_PREFIX_PATH} CMAKE_PREFIX_PATH=/home/zp/ros2/sim/install/champ_msgs:/home/zp/ros2/sim/install/champ:/opt/ros/humble LD_LIBRARY_PATH=/home/zp/ros2/sim/install/champ_msgs/lib:${LD_LIBRARY_PATH} PYTHONPATH=/home/zp/ros2/sim/install/champ_msgs/local/lib/python3.10/dist-packages:${PYTHONPATH} /usr/bin/cmake --build /home/zp/ros2/sim/build/champ_gazebo -- -j20 -l20
[78.450s] Invoking command in '/home/zp/ros2/sim/build/champ_gazebo': AMENT_PREFIX_PATH=/home/zp/ros2/sim/install/champ_msgs:/home/zp/ros2/sim/install/champ:${AMENT_PREFIX_PATH} CMAKE_PREFIX_PATH=/home/zp/ros2/sim/install/champ_msgs:/home/zp/ros2/sim/install/champ:/opt/ros/humble LD_LIBRARY_PATH=/home/zp/ros2/sim/install/champ_msgs/lib:${LD_LIBRARY_PATH} PYTHONPATH=/home/zp/ros2/sim/install/champ_msgs/local/lib/python3.10/dist-packages:${PYTHONPATH} /usr/bin/cmake --install /home/zp/ros2/sim/build/champ_gazebo
[78.455s] -- Install configuration: ""
[78.455s] -- Installing: /home/zp/ros2/sim/install/champ_gazebo/bin/imu_sensor.py
[78.456s] -- Installing: /home/zp/ros2/sim/install/champ_gazebo/bin/odometry_tf.py
[78.456s] -- Installing: /home/zp/ros2/sim/install/champ_gazebo/bin/odometry.py
[78.457s] -- Installing: /home/zp/ros2/sim/install/champ_gazebo/lib/champ_gazebo/contact_sensor
[78.459s] -- Set runtime path of "/home/zp/ros2/sim/install/champ_gazebo/lib/champ_gazebo/contact_sensor" to ""
[78.459s] -- Installing: /home/zp/ros2/sim/install/champ_gazebo/share/champ_gazebo/launch
[78.459s] -- Installing: /home/zp/ros2/sim/install/champ_gazebo/share/champ_gazebo/launch/spawn_robot.launch
[78.459s] -- Installing: /home/zp/ros2/sim/install/champ_gazebo/share/champ_gazebo/launch/gazebo.launch
[78.459s] -- Installing: /home/zp/ros2/sim/install/champ_gazebo/share/champ_gazebo/launch/spawn_world.launch
[78.459s] -- Installing: /home/zp/ros2/sim/install/champ_gazebo/share/champ_gazebo/launch/gazebo.launch.py
[78.460s] -- Installing: /home/zp/ros2/sim/install/champ_gazebo/share/champ_gazebo/config
[78.460s] -- Installing: /home/zp/ros2/sim/install/champ_gazebo/share/champ_gazebo/config/gazebo.yaml
[78.460s] -- Installing: /home/zp/ros2/sim/install/champ_gazebo/share/champ_gazebo/config/ros_control.yaml
[78.460s] -- Installing: /home/zp/ros2/sim/install/champ_gazebo/share/champ_gazebo/worlds
[78.460s] -- Installing: /home/zp/ros2/sim/install/champ_gazebo/share/champ_gazebo/worlds/outdoor.world
[78.460s] -- Installing: /home/zp/ros2/sim/install/champ_gazebo/share/champ_gazebo/worlds/playground.world
[78.460s] -- Installing: /home/zp/ros2/sim/install/champ_gazebo/share/champ_gazebo/worlds/default.world
[78.460s] -- Installing: /home/zp/ros2/sim/install/champ_gazebo/share/ament_index/resource_index/package_run_dependencies/champ_gazebo
[78.461s] -- Installing: /home/zp/ros2/sim/install/champ_gazebo/share/ament_index/resource_index/parent_prefix_path/champ_gazebo
[78.461s] -- Installing: /home/zp/ros2/sim/install/champ_gazebo/share/champ_gazebo/environment/ament_prefix_path.sh
[78.461s] -- Installing: /home/zp/ros2/sim/install/champ_gazebo/share/champ_gazebo/environment/ament_prefix_path.dsv
[78.461s] -- Installing: /home/zp/ros2/sim/install/champ_gazebo/share/champ_gazebo/environment/path.sh
[78.462s] -- Installing: /home/zp/ros2/sim/install/champ_gazebo/share/champ_gazebo/environment/path.dsv
[78.462s] -- Installing: /home/zp/ros2/sim/install/champ_gazebo/share/champ_gazebo/local_setup.bash
[78.462s] -- Installing: /home/zp/ros2/sim/install/champ_gazebo/share/champ_gazebo/local_setup.sh
[78.462s] -- Installing: /home/zp/ros2/sim/install/champ_gazebo/share/champ_gazebo/local_setup.zsh
[78.462s] -- Installing: /home/zp/ros2/sim/install/champ_gazebo/share/champ_gazebo/local_setup.dsv
[78.462s] -- Installing: /home/zp/ros2/sim/install/champ_gazebo/share/champ_gazebo/package.dsv
[78.462s] -- Installing: /home/zp/ros2/sim/install/champ_gazebo/share/ament_index/resource_index/packages/champ_gazebo
[78.463s] -- Installing: /home/zp/ros2/sim/install/champ_gazebo/share/champ_gazebo/cmake/ament_cmake_export_include_directories-extras.cmake
[78.463s] -- Installing: /home/zp/ros2/sim/install/champ_gazebo/share/champ_gazebo/cmake/ament_cmake_export_dependencies-extras.cmake
[78.463s] -- Installing: /home/zp/ros2/sim/install/champ_gazebo/share/champ_gazebo/cmake/champ_gazeboConfig.cmake
[78.463s] -- Installing: /home/zp/ros2/sim/install/champ_gazebo/share/champ_gazebo/cmake/champ_gazeboConfig-version.cmake
[78.464s] -- Installing: /home/zp/ros2/sim/install/champ_gazebo/share/champ_gazebo/package.xml
[78.467s] Invoked command in '/home/zp/ros2/sim/build/champ_gazebo' returned '0': AMENT_PREFIX_PATH=/home/zp/ros2/sim/install/champ_msgs:/home/zp/ros2/sim/install/champ:${AMENT_PREFIX_PATH} CMAKE_PREFIX_PATH=/home/zp/ros2/sim/install/champ_msgs:/home/zp/ros2/sim/install/champ:/opt/ros/humble LD_LIBRARY_PATH=/home/zp/ros2/sim/install/champ_msgs/lib:${LD_LIBRARY_PATH} PYTHONPATH=/home/zp/ros2/sim/install/champ_msgs/local/lib/python3.10/dist-packages:${PYTHONPATH} /usr/bin/cmake --install /home/zp/ros2/sim/build/champ_gazebo
