[0.060s] Invoking command in '/home/zp/ros2/sim/build/champ_teleop': CMAKE_PREFIX_PATH=${CMAKE_PREFIX_PATH}:/home/zp/ros2/sim/install/my_motion_example:/home/zp/ros2/sim/install/go2_control:/opt/ros/humble /usr/bin/cmake --build /home/zp/ros2/sim/build/champ_teleop -- -j20 -l20
[0.574s] Invoked command in '/home/zp/ros2/sim/build/champ_teleop' returned '0': CMAKE_PREFIX_PATH=${CMAKE_PREFIX_PATH}:/home/zp/ros2/sim/install/my_motion_example:/home/zp/ros2/sim/install/go2_control:/opt/ros/humble /usr/bin/cmake --build /home/zp/ros2/sim/build/champ_teleop -- -j20 -l20
[0.574s] Invoking command in '/home/zp/ros2/sim/build/champ_teleop': CMAKE_PREFIX_PATH=${CMAKE_PREFIX_PATH}:/home/zp/ros2/sim/install/my_motion_example:/home/zp/ros2/sim/install/go2_control:/opt/ros/humble /usr/bin/cmake --install /home/zp/ros2/sim/build/champ_teleop
[0.644s] -- Install configuration: ""
[0.644s] -- Up-to-date: /home/zp/ros2/sim/install/champ_teleop/share/champ_teleop/launch
[0.645s] -- Up-to-date: /home/zp/ros2/sim/install/champ_teleop/share/champ_teleop/launch/teleop.launch.py
[0.645s] -- Up-to-date: /home/zp/ros2/sim/install/champ_teleop/lib/champ_teleop/champ_teleop.py
[0.645s] -- Up-to-date: /home/zp/ros2/sim/install/champ_teleop/share/ament_index/resource_index/package_run_dependencies/champ_teleop
[0.646s] -- Up-to-date: /home/zp/ros2/sim/install/champ_teleop/share/ament_index/resource_index/parent_prefix_path/champ_teleop
[0.646s] -- Up-to-date: /home/zp/ros2/sim/install/champ_teleop/share/champ_teleop/environment/ament_prefix_path.sh
[0.647s] -- Up-to-date: /home/zp/ros2/sim/install/champ_teleop/share/champ_teleop/environment/ament_prefix_path.dsv
[0.647s] -- Up-to-date: /home/zp/ros2/sim/install/champ_teleop/share/champ_teleop/environment/path.sh
[0.650s] -- Up-to-date: /home/zp/ros2/sim/install/champ_teleop/share/champ_teleop/environment/path.dsv
[0.650s] -- Up-to-date: /home/zp/ros2/sim/install/champ_teleop/share/champ_teleop/local_setup.bash
[0.651s] -- Up-to-date: /home/zp/ros2/sim/install/champ_teleop/share/champ_teleop/local_setup.sh
[0.651s] -- Up-to-date: /home/zp/ros2/sim/install/champ_teleop/share/champ_teleop/local_setup.zsh
[0.651s] -- Up-to-date: /home/zp/ros2/sim/install/champ_teleop/share/champ_teleop/local_setup.dsv
[0.651s] -- Installing: /home/zp/ros2/sim/install/champ_teleop/share/champ_teleop/package.dsv
[0.651s] -- Up-to-date: /home/zp/ros2/sim/install/champ_teleop/share/ament_index/resource_index/packages/champ_teleop
[0.651s] -- Up-to-date: /home/zp/ros2/sim/install/champ_teleop/share/champ_teleop/cmake/champ_teleopConfig.cmake
[0.651s] -- Up-to-date: /home/zp/ros2/sim/install/champ_teleop/share/champ_teleop/cmake/champ_teleopConfig-version.cmake
[0.651s] -- Up-to-date: /home/zp/ros2/sim/install/champ_teleop/share/champ_teleop/package.xml
[0.775s] Invoked command in '/home/zp/ros2/sim/build/champ_teleop' returned '0': CMAKE_PREFIX_PATH=${CMAKE_PREFIX_PATH}:/home/zp/ros2/sim/install/my_motion_example:/home/zp/ros2/sim/install/go2_control:/opt/ros/humble /usr/bin/cmake --install /home/zp/ros2/sim/build/champ_teleop
