running egg_info
creating ../../../build/go2_control/go2_control.egg-info
writing ../../../build/go2_control/go2_control.egg-info/PKG-INFO
writing dependency_links to ../../../build/go2_control/go2_control.egg-info/dependency_links.txt
writing entry points to ../../../build/go2_control/go2_control.egg-info/entry_points.txt
writing requirements to ../../../build/go2_control/go2_control.egg-info/requires.txt
writing top-level names to ../../../build/go2_control/go2_control.egg-info/top_level.txt
writing manifest file '../../../build/go2_control/go2_control.egg-info/SOURCES.txt'
reading manifest file '../../../build/go2_control/go2_control.egg-info/SOURCES.txt'
writing manifest file '../../../build/go2_control/go2_control.egg-info/SOURCES.txt'
running build
running build_py
creating /home/zp/ros2/sim/build/go2_control/build
creating /home/zp/ros2/sim/build/go2_control/build/lib
creating /home/zp/ros2/sim/build/go2_control/build/lib/go2_control
copying go2_control/__init__.py -> /home/zp/ros2/sim/build/go2_control/build/lib/go2_control
running install
running install_lib
creating /home/zp/ros2/sim/install/go2_control/lib/python3.10/site-packages/go2_control
copying /home/zp/ros2/sim/build/go2_control/build/lib/go2_control/__init__.py -> /home/zp/ros2/sim/install/go2_control/lib/python3.10/site-packages/go2_control
byte-compiling /home/zp/ros2/sim/install/go2_control/lib/python3.10/site-packages/go2_control/__init__.py to __init__.cpython-310.pyc
running install_data
creating /home/zp/ros2/sim/install/go2_control/share/ament_index
creating /home/zp/ros2/sim/install/go2_control/share/ament_index/resource_index
creating /home/zp/ros2/sim/install/go2_control/share/ament_index/resource_index/packages
copying resource/go2_control -> /home/zp/ros2/sim/install/go2_control/share/ament_index/resource_index/packages
copying package.xml -> /home/zp/ros2/sim/install/go2_control/share/go2_control
running install_egg_info
Copying ../../../build/go2_control/go2_control.egg-info to /home/zp/ros2/sim/install/go2_control/lib/python3.10/site-packages/go2_control-0.0.0-py3.10.egg-info
running install_scripts
writing list of installed files to '/home/zp/ros2/sim/build/go2_control/install.log'
