[1.289s] Invoking command in '/home/zp/ros2/sim/src/unitree-go2-ros2/go2_control': PYTHONPATH=/home/zp/ros2/sim/build/go2_control/prefix_override:/usr/lib/python3/dist-packages/colcon_core/task/python/colcon_distutils_commands:/home/zp/ros2/sim/install/go2_control/lib/python3.10/site-packages:${PYTHONPATH} /usr/bin/python3 -W ignore:setup.py install is deprecated -W ignore:easy_install command is deprecated setup.py egg_info --egg-base ../../../build/go2_control build --build-base /home/zp/ros2/sim/build/go2_control/build install --record /home/zp/ros2/sim/build/go2_control/install.log --single-version-externally-managed install_data
[1.507s] running egg_info
[1.508s] creating ../../../build/go2_control/go2_control.egg-info
[1.509s] writing ../../../build/go2_control/go2_control.egg-info/PKG-INFO
[1.510s] writing dependency_links to ../../../build/go2_control/go2_control.egg-info/dependency_links.txt
[1.510s] writing entry points to ../../../build/go2_control/go2_control.egg-info/entry_points.txt
[1.510s] writing requirements to ../../../build/go2_control/go2_control.egg-info/requires.txt
[1.510s] writing top-level names to ../../../build/go2_control/go2_control.egg-info/top_level.txt
[1.510s] writing manifest file '../../../build/go2_control/go2_control.egg-info/SOURCES.txt'
[1.511s] reading manifest file '../../../build/go2_control/go2_control.egg-info/SOURCES.txt'
[1.511s] writing manifest file '../../../build/go2_control/go2_control.egg-info/SOURCES.txt'
[1.512s] running build
[1.512s] running build_py
[1.512s] creating /home/zp/ros2/sim/build/go2_control/build
[1.512s] creating /home/zp/ros2/sim/build/go2_control/build/lib
[1.513s] creating /home/zp/ros2/sim/build/go2_control/build/lib/go2_control
[1.513s] copying go2_control/__init__.py -> /home/zp/ros2/sim/build/go2_control/build/lib/go2_control
[1.514s] running install
[1.514s] running install_lib
[1.515s] creating /home/zp/ros2/sim/install/go2_control/lib/python3.10/site-packages/go2_control
[1.515s] copying /home/zp/ros2/sim/build/go2_control/build/lib/go2_control/__init__.py -> /home/zp/ros2/sim/install/go2_control/lib/python3.10/site-packages/go2_control
[1.516s] byte-compiling /home/zp/ros2/sim/install/go2_control/lib/python3.10/site-packages/go2_control/__init__.py to __init__.cpython-310.pyc
[1.516s] running install_data
[1.517s] creating /home/zp/ros2/sim/install/go2_control/share/ament_index
[1.517s] creating /home/zp/ros2/sim/install/go2_control/share/ament_index/resource_index
[1.517s] creating /home/zp/ros2/sim/install/go2_control/share/ament_index/resource_index/packages
[1.518s] copying resource/go2_control -> /home/zp/ros2/sim/install/go2_control/share/ament_index/resource_index/packages
[1.518s] copying package.xml -> /home/zp/ros2/sim/install/go2_control/share/go2_control
[1.518s] running install_egg_info
[1.520s] Copying ../../../build/go2_control/go2_control.egg-info to /home/zp/ros2/sim/install/go2_control/lib/python3.10/site-packages/go2_control-0.0.0-py3.10.egg-info
[1.521s] running install_scripts
[1.544s] writing list of installed files to '/home/zp/ros2/sim/build/go2_control/install.log'
[1.592s] Invoked command in '/home/zp/ros2/sim/src/unitree-go2-ros2/go2_control' returned '0': PYTHONPATH=/home/zp/ros2/sim/build/go2_control/prefix_override:/usr/lib/python3/dist-packages/colcon_core/task/python/colcon_distutils_commands:/home/zp/ros2/sim/install/go2_control/lib/python3.10/site-packages:${PYTHONPATH} /usr/bin/python3 -W ignore:setup.py install is deprecated -W ignore:easy_install command is deprecated setup.py egg_info --egg-base ../../../build/go2_control build --build-base /home/zp/ros2/sim/build/go2_control/build install --record /home/zp/ros2/sim/build/go2_control/install.log --single-version-externally-managed install_data
