[0.061s] Invoking command in '/home/zp/ros2/sim/build/champ_navigation': CMAKE_PREFIX_PATH=${CMAKE_PREFIX_PATH}:/home/zp/ros2/sim/install/my_motion_example:/home/zp/ros2/sim/install/go2_control:/opt/ros/humble /usr/bin/cmake --build /home/zp/ros2/sim/build/champ_navigation -- -j20 -l20
[0.544s] Invoked command in '/home/zp/ros2/sim/build/champ_navigation' returned '0': CMAKE_PREFIX_PATH=${CMAKE_PREFIX_PATH}:/home/zp/ros2/sim/install/my_motion_example:/home/zp/ros2/sim/install/go2_control:/opt/ros/humble /usr/bin/cmake --build /home/zp/ros2/sim/build/champ_navigation -- -j20 -l20
[0.546s] Invoking command in '/home/zp/ros2/sim/build/champ_navigation': CMAKE_PREFIX_PATH=${CMAKE_PREFIX_PATH}:/home/zp/ros2/sim/install/my_motion_example:/home/zp/ros2/sim/install/go2_control:/opt/ros/humble /usr/bin/cmake --install /home/zp/ros2/sim/build/champ_navigation
[0.601s] -- Install configuration: ""
[0.601s] -- Up-to-date: /home/zp/ros2/sim/install/champ_navigation/share/champ_navigation/launch
[0.601s] -- Up-to-date: /home/zp/ros2/sim/install/champ_navigation/share/champ_navigation/launch/navigate.launch.py
[0.602s] -- Up-to-date: /home/zp/ros2/sim/install/champ_navigation/share/champ_navigation/launch/slam.launch.py
[0.602s] -- Up-to-date: /home/zp/ros2/sim/install/champ_navigation/share/champ_navigation/rviz
[0.602s] -- Up-to-date: /home/zp/ros2/sim/install/champ_navigation/share/champ_navigation/rviz/navigation.rviz
[0.602s] -- Up-to-date: /home/zp/ros2/sim/install/champ_navigation/share/champ_navigation/rviz/navigation_minimal.rviz
[0.603s] -- Up-to-date: /home/zp/ros2/sim/install/champ_navigation/share/champ_navigation/rviz/slam.rviz
[0.604s] -- Up-to-date: /home/zp/ros2/sim/install/champ_navigation/share/ament_index/resource_index/package_run_dependencies/champ_navigation
[0.604s] -- Up-to-date: /home/zp/ros2/sim/install/champ_navigation/share/ament_index/resource_index/parent_prefix_path/champ_navigation
[0.604s] -- Up-to-date: /home/zp/ros2/sim/install/champ_navigation/share/champ_navigation/environment/ament_prefix_path.sh
[0.604s] -- Up-to-date: /home/zp/ros2/sim/install/champ_navigation/share/champ_navigation/environment/ament_prefix_path.dsv
[0.606s] -- Up-to-date: /home/zp/ros2/sim/install/champ_navigation/share/champ_navigation/environment/path.sh
[0.606s] -- Up-to-date: /home/zp/ros2/sim/install/champ_navigation/share/champ_navigation/environment/path.dsv
[0.606s] -- Up-to-date: /home/zp/ros2/sim/install/champ_navigation/share/champ_navigation/local_setup.bash
[0.606s] -- Up-to-date: /home/zp/ros2/sim/install/champ_navigation/share/champ_navigation/local_setup.sh
[0.606s] -- Up-to-date: /home/zp/ros2/sim/install/champ_navigation/share/champ_navigation/local_setup.zsh
[0.607s] -- Up-to-date: /home/zp/ros2/sim/install/champ_navigation/share/champ_navigation/local_setup.dsv
[0.607s] -- Installing: /home/zp/ros2/sim/install/champ_navigation/share/champ_navigation/package.dsv
[0.607s] -- Up-to-date: /home/zp/ros2/sim/install/champ_navigation/share/ament_index/resource_index/packages/champ_navigation
[0.608s] -- Up-to-date: /home/zp/ros2/sim/install/champ_navigation/share/champ_navigation/cmake/champ_navigationConfig.cmake
[0.608s] -- Up-to-date: /home/zp/ros2/sim/install/champ_navigation/share/champ_navigation/cmake/champ_navigationConfig-version.cmake
[0.608s] -- Up-to-date: /home/zp/ros2/sim/install/champ_navigation/share/champ_navigation/package.xml
[0.724s] Invoked command in '/home/zp/ros2/sim/build/champ_navigation' returned '0': CMAKE_PREFIX_PATH=${CMAKE_PREFIX_PATH}:/home/zp/ros2/sim/install/my_motion_example:/home/zp/ros2/sim/install/go2_control:/opt/ros/humble /usr/bin/cmake --install /home/zp/ros2/sim/build/champ_navigation
