[0.189s] Invoking command in '/home/zp/ros2/sim/build/champ_base': CMAKE_PREFIX_PATH=/home/zp/ros2/sim/install/champ_msgs:/home/zp/ros2/sim/install/champ:/home/zp/ros2/sim/install/go2_description:/home/zp/ros2/sim/install/go2_config:/home/zp/ros2/sim/install/example_ros2_interfaces:/home/zp/ros2/sim/install/champ_teleop:/home/zp/ros2/sim/install/champ_navigation:/home/zp/ros2/sim/install/champ_gazebo:/home/zp/ros2/sim/install/champ_bringup:/home/zp/ros2/sim/install/champ_base:/home/zp/ros2/sim/install/champ_description:/home/zp/ros2/sim/install/champ_config:/home/zp/ros2/sim/install/my_motion_example:/opt/ros/humble LD_LIBRARY_PATH=/home/zp/ros2/sim/install/champ_msgs/lib:/home/zp/ros2/sim/install/example_ros2_interfaces/lib:/home/zp/ros2/sim/install/champ_base/lib:/usr/lib/x86_64-linux-gnu/gazebo-11/plugins:/opt/ros/humble/opt/rviz_ogre_vendor/lib:/opt/ros/humble/lib/x86_64-linux-gnu:/opt/ros/humble/lib /usr/bin/cmake /home/zp/ros2/sim/src/unitree-go2-ros2/champ/champ_base -DCMAKE_INSTALL_PREFIX=/home/zp/ros2/sim/install/champ_base
[0.334s] -- The C compiler identification is GNU 11.4.0
[0.950s] -- The CXX compiler identification is GNU 11.4.0
[1.355s] -- Detecting C compiler ABI info
[1.491s] -- Detecting C compiler ABI info - done
[1.495s] -- Check for working C compiler: /usr/bin/cc - skipped
[1.496s] -- Detecting C compile features
[1.496s] -- Detecting C compile features - done
[1.498s] -- Detecting CXX compiler ABI info
[1.646s] -- Detecting CXX compiler ABI info - done
[1.651s] -- Check for working CXX compiler: /usr/bin/c++ - skipped
[1.651s] -- Detecting CXX compile features
[1.652s] -- Detecting CXX compile features - done
[1.654s] -- Found ament_cmake: 1.3.12 (/opt/ros/humble/share/ament_cmake/cmake)
[1.765s] -- Found Python3: /usr/bin/python3 (found version "3.10.12") found components: Interpreter 
[1.835s] -- Found rclcpp: 16.0.17 (/opt/ros/humble/share/rclcpp/cmake)
[2.406s] -- Found rosidl_generator_c: 3.1.8 (/opt/ros/humble/share/rosidl_generator_c/cmake)
[2.411s] -- Found rosidl_adapter: 3.1.8 (/opt/ros/humble/share/rosidl_adapter/cmake)
[2.417s] -- Found rosidl_generator_cpp: 3.1.8 (/opt/ros/humble/share/rosidl_generator_cpp/cmake)
[2.427s] -- Using all available rosidl_typesupport_c: rosidl_typesupport_fastrtps_c;rosidl_typesupport_introspection_c
[2.440s] -- Using all available rosidl_typesupport_cpp: rosidl_typesupport_fastrtps_cpp;rosidl_typesupport_introspection_cpp
[2.475s] -- Found rmw_implementation_cmake: 6.1.2 (/opt/ros/humble/share/rmw_implementation_cmake/cmake)
[2.478s] -- Found rmw_cyclonedds_cpp: 1.3.4 (/opt/ros/humble/share/rmw_cyclonedds_cpp/cmake)
[2.496s] -- Using RMW implementation 'rmw_cyclonedds_cpp' as default
[2.504s] -- Looking for pthread.h
[2.663s] -- Looking for pthread.h - found
[2.664s] -- Performing Test CMAKE_HAVE_LIBC_PTHREAD
[2.823s] -- Performing Test CMAKE_HAVE_LIBC_PTHREAD - Success
[2.824s] -- Found Threads: TRUE  
[2.863s] -- Found rclpy: 3.3.19 (/opt/ros/humble/share/rclpy/cmake)
[2.863s] -- Found champ_msgs: 0.1.0 (/home/zp/ros2/sim/install/champ_msgs/share/champ_msgs/cmake)
[2.884s] -- Found visualization_msgs: 4.9.0 (/opt/ros/humble/share/visualization_msgs/cmake)
[2.927s] -- Found trajectory_msgs: 4.9.0 (/opt/ros/humble/share/trajectory_msgs/cmake)
[2.946s] -- Found nav_msgs: 4.9.0 (/opt/ros/humble/share/nav_msgs/cmake)
[2.965s] -- Found tf2_ros: 0.25.18 (/opt/ros/humble/share/tf2_ros/cmake)
[3.081s] -- Found urdf: 2.6.1 (/opt/ros/humble/share/urdf/cmake)
[8.957s] -- Found champ: 0.1.0 (/home/zp/ros2/sim/install/champ/share/champ/cmake)
[9.030s] -- Configuring done
[9.065s] -- Generating done
[9.076s] -- Build files have been written to: /home/zp/ros2/sim/build/champ_base
[9.094s] Invoked command in '/home/zp/ros2/sim/build/champ_base' returned '0': CMAKE_PREFIX_PATH=/home/zp/ros2/sim/install/champ_msgs:/home/zp/ros2/sim/install/champ:/home/zp/ros2/sim/install/go2_description:/home/zp/ros2/sim/install/go2_config:/home/zp/ros2/sim/install/example_ros2_interfaces:/home/zp/ros2/sim/install/champ_teleop:/home/zp/ros2/sim/install/champ_navigation:/home/zp/ros2/sim/install/champ_gazebo:/home/zp/ros2/sim/install/champ_bringup:/home/zp/ros2/sim/install/champ_base:/home/zp/ros2/sim/install/champ_description:/home/zp/ros2/sim/install/champ_config:/home/zp/ros2/sim/install/my_motion_example:/opt/ros/humble LD_LIBRARY_PATH=/home/zp/ros2/sim/install/champ_msgs/lib:/home/zp/ros2/sim/install/example_ros2_interfaces/lib:/home/zp/ros2/sim/install/champ_base/lib:/usr/lib/x86_64-linux-gnu/gazebo-11/plugins:/opt/ros/humble/opt/rviz_ogre_vendor/lib:/opt/ros/humble/lib/x86_64-linux-gnu:/opt/ros/humble/lib /usr/bin/cmake /home/zp/ros2/sim/src/unitree-go2-ros2/champ/champ_base -DCMAKE_INSTALL_PREFIX=/home/zp/ros2/sim/install/champ_base
[9.095s] Invoking command in '/home/zp/ros2/sim/build/champ_base': CMAKE_PREFIX_PATH=/home/zp/ros2/sim/install/champ_msgs:/home/zp/ros2/sim/install/champ:/home/zp/ros2/sim/install/go2_description:/home/zp/ros2/sim/install/go2_config:/home/zp/ros2/sim/install/example_ros2_interfaces:/home/zp/ros2/sim/install/champ_teleop:/home/zp/ros2/sim/install/champ_navigation:/home/zp/ros2/sim/install/champ_gazebo:/home/zp/ros2/sim/install/champ_bringup:/home/zp/ros2/sim/install/champ_base:/home/zp/ros2/sim/install/champ_description:/home/zp/ros2/sim/install/champ_config:/home/zp/ros2/sim/install/my_motion_example:/opt/ros/humble LD_LIBRARY_PATH=/home/zp/ros2/sim/install/champ_msgs/lib:/home/zp/ros2/sim/install/example_ros2_interfaces/lib:/home/zp/ros2/sim/install/champ_base/lib:/usr/lib/x86_64-linux-gnu/gazebo-11/plugins:/opt/ros/humble/opt/rviz_ogre_vendor/lib:/opt/ros/humble/lib/x86_64-linux-gnu:/opt/ros/humble/lib /usr/bin/cmake --build /home/zp/ros2/sim/build/champ_base -- -j20 -l20
[9.133s] [ 16%] [32mBuilding CXX object CMakeFiles/quadruped_controller.dir/src/quadruped_controller.cpp.o[0m
[9.133s] [ 16%] [32mBuilding CXX object CMakeFiles/state_estimation.dir/src/state_estimation.cpp.o[0m
[9.133s] [ 25%] [32mBuilding CXX object CMakeFiles/message_relay.dir/src/message_relay.cpp.o[0m
[19.151s] [ 33%] [32m[1mLinking CXX shared library libquadruped_controller.so[0m
[19.950s] [ 33%] Built target quadruped_controller
[19.965s] [ 41%] [32mBuilding CXX object CMakeFiles/quadruped_controller_node.dir/src/quadruped_controller_node.cpp.o[0m
[21.479s] [ 50%] [32m[1mLinking CXX shared library libmessage_relay.so[0m
[22.400s] [ 50%] Built target message_relay
[22.418s] [ 58%] [32mBuilding CXX object CMakeFiles/message_relay_node.dir/src/message_relay_node.cpp.o[0m
[22.570s] [ 66%] [32m[1mLinking CXX executable quadruped_controller_node[0m
[23.029s] [ 66%] Built target quadruped_controller_node
[23.371s] [ 75%] [32m[1mLinking CXX shared library libstate_estimation.so[0m
[24.368s] [ 75%] Built target state_estimation
[24.382s] [ 83%] [32mBuilding CXX object CMakeFiles/state_estimation_node.dir/src/state_estimation_node.cpp.o[0m
[25.097s] [ 91%] [32m[1mLinking CXX executable message_relay_node[0m
[25.572s] [ 91%] Built target message_relay_node
[28.949s] [100%] [32m[1mLinking CXX executable state_estimation_node[0m
[29.443s] [100%] Built target state_estimation_node
[29.452s] Invoked command in '/home/zp/ros2/sim/build/champ_base' returned '0': CMAKE_PREFIX_PATH=/home/zp/ros2/sim/install/champ_msgs:/home/zp/ros2/sim/install/champ:/home/zp/ros2/sim/install/go2_description:/home/zp/ros2/sim/install/go2_config:/home/zp/ros2/sim/install/example_ros2_interfaces:/home/zp/ros2/sim/install/champ_teleop:/home/zp/ros2/sim/install/champ_navigation:/home/zp/ros2/sim/install/champ_gazebo:/home/zp/ros2/sim/install/champ_bringup:/home/zp/ros2/sim/install/champ_base:/home/zp/ros2/sim/install/champ_description:/home/zp/ros2/sim/install/champ_config:/home/zp/ros2/sim/install/my_motion_example:/opt/ros/humble LD_LIBRARY_PATH=/home/zp/ros2/sim/install/champ_msgs/lib:/home/zp/ros2/sim/install/example_ros2_interfaces/lib:/home/zp/ros2/sim/install/champ_base/lib:/usr/lib/x86_64-linux-gnu/gazebo-11/plugins:/opt/ros/humble/opt/rviz_ogre_vendor/lib:/opt/ros/humble/lib/x86_64-linux-gnu:/opt/ros/humble/lib /usr/bin/cmake --build /home/zp/ros2/sim/build/champ_base -- -j20 -l20
[29.453s] Invoking command in '/home/zp/ros2/sim/build/champ_base': CMAKE_PREFIX_PATH=/home/zp/ros2/sim/install/champ_msgs:/home/zp/ros2/sim/install/champ:/home/zp/ros2/sim/install/go2_description:/home/zp/ros2/sim/install/go2_config:/home/zp/ros2/sim/install/example_ros2_interfaces:/home/zp/ros2/sim/install/champ_teleop:/home/zp/ros2/sim/install/champ_navigation:/home/zp/ros2/sim/install/champ_gazebo:/home/zp/ros2/sim/install/champ_bringup:/home/zp/ros2/sim/install/champ_base:/home/zp/ros2/sim/install/champ_description:/home/zp/ros2/sim/install/champ_config:/home/zp/ros2/sim/install/my_motion_example:/opt/ros/humble LD_LIBRARY_PATH=/home/zp/ros2/sim/install/champ_msgs/lib:/home/zp/ros2/sim/install/example_ros2_interfaces/lib:/home/zp/ros2/sim/install/champ_base/lib:/usr/lib/x86_64-linux-gnu/gazebo-11/plugins:/opt/ros/humble/opt/rviz_ogre_vendor/lib:/opt/ros/humble/lib/x86_64-linux-gnu:/opt/ros/humble/lib /usr/bin/cmake --install /home/zp/ros2/sim/build/champ_base
[29.458s] -- Install configuration: ""
[29.459s] -- Up-to-date: /home/zp/ros2/sim/install/champ_base/share/champ_base/config
[29.459s] -- Up-to-date: /home/zp/ros2/sim/install/champ_base/share/champ_base/config/ekf
[29.459s] -- Up-to-date: /home/zp/ros2/sim/install/champ_base/share/champ_base/config/ekf/footprint_to_odom.yaml
[29.459s] -- Up-to-date: /home/zp/ros2/sim/install/champ_base/share/champ_base/config/ekf/base_to_footprint.yaml
[29.459s] -- Up-to-date: /home/zp/ros2/sim/install/champ_base/share/champ_base/config/velocity_smoother
[29.459s] -- Up-to-date: /home/zp/ros2/sim/install/champ_base/share/champ_base/config/velocity_smoother/velocity_smoother.yaml
[29.460s] -- Installing: /home/zp/ros2/sim/install/champ_base/lib/libquadruped_controller.so
[29.466s] -- Set runtime path of "/home/zp/ros2/sim/install/champ_base/lib/libquadruped_controller.so" to ""
[29.467s] -- Installing: /home/zp/ros2/sim/install/champ_base/bin/quadruped_controller_node
[29.467s] -- Set runtime path of "/home/zp/ros2/sim/install/champ_base/bin/quadruped_controller_node" to ""
[29.468s] -- Installing: /home/zp/ros2/sim/install/champ_base/lib/libmessage_relay.so
[29.477s] -- Set runtime path of "/home/zp/ros2/sim/install/champ_base/lib/libmessage_relay.so" to ""
[29.478s] -- Installing: /home/zp/ros2/sim/install/champ_base/bin/message_relay_node
[29.478s] -- Set runtime path of "/home/zp/ros2/sim/install/champ_base/bin/message_relay_node" to ""
[29.479s] -- Installing: /home/zp/ros2/sim/install/champ_base/lib/libstate_estimation.so
[29.488s] -- Set runtime path of "/home/zp/ros2/sim/install/champ_base/lib/libstate_estimation.so" to ""
[29.489s] -- Installing: /home/zp/ros2/sim/install/champ_base/bin/state_estimation_node
[29.489s] -- Set runtime path of "/home/zp/ros2/sim/install/champ_base/bin/state_estimation_node" to ""
[29.490s] -- Installing: /home/zp/ros2/sim/install/champ_base/lib/champ_base/quadruped_controller_node
[29.491s] -- Set runtime path of "/home/zp/ros2/sim/install/champ_base/lib/champ_base/quadruped_controller_node" to ""
[29.491s] -- Installing: /home/zp/ros2/sim/install/champ_base/lib/champ_base/message_relay_node
[29.492s] -- Set runtime path of "/home/zp/ros2/sim/install/champ_base/lib/champ_base/message_relay_node" to ""
[29.492s] -- Installing: /home/zp/ros2/sim/install/champ_base/lib/champ_base/state_estimation_node
[29.493s] -- Set runtime path of "/home/zp/ros2/sim/install/champ_base/lib/champ_base/state_estimation_node" to ""
[29.493s] -- Installing: /home/zp/ros2/sim/install/champ_base/share/ament_index/resource_index/package_run_dependencies/champ_base
[29.493s] -- Installing: /home/zp/ros2/sim/install/champ_base/share/ament_index/resource_index/parent_prefix_path/champ_base
[29.493s] -- Up-to-date: /home/zp/ros2/sim/install/champ_base/share/champ_base/environment/ament_prefix_path.sh
[29.493s] -- Installing: /home/zp/ros2/sim/install/champ_base/share/champ_base/environment/ament_prefix_path.dsv
[29.493s] -- Up-to-date: /home/zp/ros2/sim/install/champ_base/share/champ_base/environment/path.sh
[29.493s] -- Installing: /home/zp/ros2/sim/install/champ_base/share/champ_base/environment/path.dsv
[29.493s] -- Installing: /home/zp/ros2/sim/install/champ_base/share/champ_base/local_setup.bash
[29.493s] -- Installing: /home/zp/ros2/sim/install/champ_base/share/champ_base/local_setup.sh
[29.494s] -- Installing: /home/zp/ros2/sim/install/champ_base/share/champ_base/local_setup.zsh
[29.494s] -- Installing: /home/zp/ros2/sim/install/champ_base/share/champ_base/local_setup.dsv
[29.494s] -- Installing: /home/zp/ros2/sim/install/champ_base/share/champ_base/package.dsv
[29.494s] -- Installing: /home/zp/ros2/sim/install/champ_base/share/ament_index/resource_index/packages/champ_base
[29.494s] -- Installing: /home/zp/ros2/sim/install/champ_base/share/champ_base/cmake/ament_cmake_export_include_directories-extras.cmake
[29.494s] -- Installing: /home/zp/ros2/sim/install/champ_base/share/champ_base/cmake/ament_cmake_export_dependencies-extras.cmake
[29.494s] -- Installing: /home/zp/ros2/sim/install/champ_base/share/champ_base/cmake/champ_baseConfig.cmake
[29.494s] -- Installing: /home/zp/ros2/sim/install/champ_base/share/champ_base/cmake/champ_baseConfig-version.cmake
[29.494s] -- Up-to-date: /home/zp/ros2/sim/install/champ_base/share/champ_base/package.xml
[29.496s] Invoked command in '/home/zp/ros2/sim/build/champ_base' returned '0': CMAKE_PREFIX_PATH=/home/zp/ros2/sim/install/champ_msgs:/home/zp/ros2/sim/install/champ:/home/zp/ros2/sim/install/go2_description:/home/zp/ros2/sim/install/go2_config:/home/zp/ros2/sim/install/example_ros2_interfaces:/home/zp/ros2/sim/install/champ_teleop:/home/zp/ros2/sim/install/champ_navigation:/home/zp/ros2/sim/install/champ_gazebo:/home/zp/ros2/sim/install/champ_bringup:/home/zp/ros2/sim/install/champ_base:/home/zp/ros2/sim/install/champ_description:/home/zp/ros2/sim/install/champ_config:/home/zp/ros2/sim/install/my_motion_example:/opt/ros/humble LD_LIBRARY_PATH=/home/zp/ros2/sim/install/champ_msgs/lib:/home/zp/ros2/sim/install/example_ros2_interfaces/lib:/home/zp/ros2/sim/install/champ_base/lib:/usr/lib/x86_64-linux-gnu/gazebo-11/plugins:/opt/ros/humble/opt/rviz_ogre_vendor/lib:/opt/ros/humble/lib/x86_64-linux-gnu:/opt/ros/humble/lib /usr/bin/cmake --install /home/zp/ros2/sim/build/champ_base
