[0.043s] Invoking command in '/home/zp/ros2/sim/build/champ_config': CMAKE_PREFIX_PATH=/opt/ros/humble /usr/bin/cmake --build /home/zp/ros2/sim/build/champ_config -- -j20 -l20
[0.421s] Invoked command in '/home/zp/ros2/sim/build/champ_config' returned '0': CMAKE_PREFIX_PATH=/opt/ros/humble /usr/bin/cmake --build /home/zp/ros2/sim/build/champ_config -- -j20 -l20
[0.428s] Invoking command in '/home/zp/ros2/sim/build/champ_config': CMAKE_PREFIX_PATH=/opt/ros/humble /usr/bin/cmake --install /home/zp/ros2/sim/build/champ_config
[0.459s] -- Install configuration: ""
[0.459s] -- Up-to-date: /home/zp/ros2/sim/install/champ_config/share/champ_config/launch
[0.459s] -- Up-to-date: /home/zp/ros2/sim/install/champ_config/share/champ_config/launch/navigate.launch.py
[0.459s] -- Up-to-date: /home/zp/ros2/sim/install/champ_config/share/champ_config/launch/gazebo.launch.py
[0.459s] -- Up-to-date: /home/zp/ros2/sim/install/champ_config/share/champ_config/launch/bringup.launch.py
[0.459s] -- Up-to-date: /home/zp/ros2/sim/install/champ_config/share/champ_config/launch/slam.launch.py
[0.459s] -- Up-to-date: /home/zp/ros2/sim/install/champ_config/share/champ_config/config
[0.459s] -- Up-to-date: /home/zp/ros2/sim/install/champ_config/share/champ_config/config/autonomy
[0.459s] -- Up-to-date: /home/zp/ros2/sim/install/champ_config/share/champ_config/config/autonomy/navigation.yaml
[0.460s] -- Up-to-date: /home/zp/ros2/sim/install/champ_config/share/champ_config/config/autonomy/slam.yaml
[0.460s] -- Up-to-date: /home/zp/ros2/sim/install/champ_config/share/champ_config/config/gait
[0.460s] -- Up-to-date: /home/zp/ros2/sim/install/champ_config/share/champ_config/config/gait/gait.yaml
[0.460s] -- Up-to-date: /home/zp/ros2/sim/install/champ_config/share/champ_config/config/joints
[0.460s] -- Up-to-date: /home/zp/ros2/sim/install/champ_config/share/champ_config/config/joints/joints.yaml
[0.460s] -- Up-to-date: /home/zp/ros2/sim/install/champ_config/share/champ_config/config/links
[0.460s] -- Up-to-date: /home/zp/ros2/sim/install/champ_config/share/champ_config/config/links/links.yaml
[0.460s] -- Up-to-date: /home/zp/ros2/sim/install/champ_config/share/champ_config/maps
[0.460s] -- Up-to-date: /home/zp/ros2/sim/install/champ_config/share/champ_config/maps/playground.pgm
[0.461s] -- Up-to-date: /home/zp/ros2/sim/install/champ_config/share/champ_config/maps/playground.yaml
[0.461s] -- Up-to-date: /home/zp/ros2/sim/install/champ_config/share/champ_config/maps/map.yaml
[0.461s] -- Up-to-date: /home/zp/ros2/sim/install/champ_config/share/champ_config/maps/map.pgm
[0.462s] -- Up-to-date: /home/zp/ros2/sim/install/champ_config/share/champ_config/worlds
[0.462s] -- Up-to-date: /home/zp/ros2/sim/install/champ_config/share/champ_config/worlds/outdoor.world
[0.463s] -- Up-to-date: /home/zp/ros2/sim/install/champ_config/share/champ_config/worlds/playground.world
[0.463s] -- Up-to-date: /home/zp/ros2/sim/install/champ_config/share/champ_config/worlds/default.world
[0.463s] -- Up-to-date: /home/zp/ros2/sim/install/champ_config/share/ament_index/resource_index/package_run_dependencies/champ_config
[0.463s] -- Up-to-date: /home/zp/ros2/sim/install/champ_config/share/ament_index/resource_index/parent_prefix_path/champ_config
[0.463s] -- Up-to-date: /home/zp/ros2/sim/install/champ_config/share/champ_config/environment/ament_prefix_path.sh
[0.463s] -- Up-to-date: /home/zp/ros2/sim/install/champ_config/share/champ_config/environment/ament_prefix_path.dsv
[0.463s] -- Up-to-date: /home/zp/ros2/sim/install/champ_config/share/champ_config/environment/path.sh
[0.463s] -- Up-to-date: /home/zp/ros2/sim/install/champ_config/share/champ_config/environment/path.dsv
[0.463s] -- Up-to-date: /home/zp/ros2/sim/install/champ_config/share/champ_config/local_setup.bash
[0.463s] -- Up-to-date: /home/zp/ros2/sim/install/champ_config/share/champ_config/local_setup.sh
[0.464s] -- Up-to-date: /home/zp/ros2/sim/install/champ_config/share/champ_config/local_setup.zsh
[0.464s] -- Up-to-date: /home/zp/ros2/sim/install/champ_config/share/champ_config/local_setup.dsv
[0.464s] -- Installing: /home/zp/ros2/sim/install/champ_config/share/champ_config/package.dsv
[0.464s] -- Up-to-date: /home/zp/ros2/sim/install/champ_config/share/ament_index/resource_index/packages/champ_config
[0.465s] -- Up-to-date: /home/zp/ros2/sim/install/champ_config/share/champ_config/cmake/champ_configConfig.cmake
[0.465s] -- Up-to-date: /home/zp/ros2/sim/install/champ_config/share/champ_config/cmake/champ_configConfig-version.cmake
[0.465s] -- Up-to-date: /home/zp/ros2/sim/install/champ_config/share/champ_config/package.xml
[0.522s] Invoked command in '/home/zp/ros2/sim/build/champ_config' returned '0': CMAKE_PREFIX_PATH=/opt/ros/humble /usr/bin/cmake --install /home/zp/ros2/sim/build/champ_config
