[0.047s] Invoking command in '/home/zp/ros2/sim/build/champ': CMAKE_PREFIX_PATH=${CMAKE_PREFIX_PATH}:/home/zp/ros2/sim/install/my_motion_example:/opt/ros/humble /usr/bin/cmake /home/zp/ros2/sim/src/unitree-go2-ros2/champ/champ -DCMAKE_INSTALL_PREFIX=/home/zp/ros2/sim/install/champ
[0.413s] -- The C compiler identification is GNU 11.4.0
[1.818s] -- The CXX compiler identification is GNU 11.4.0
[3.026s] -- Detecting C compiler ABI info
[3.339s] -- Detecting C compiler ABI info - done
[3.344s] -- Check for working C compiler: /usr/bin/cc - skipped
[3.344s] -- Detecting C compile features
[3.344s] -- Detecting C compile features - done
[3.347s] -- Detecting CXX compiler ABI info
[3.603s] -- Detecting CXX compiler ABI info - done
[3.609s] -- Check for working CXX compiler: /usr/bin/c++ - skipped
[3.610s] -- Detecting CXX compile features
[3.610s] -- Detecting CXX compile features - done
[3.614s] -- Found ament_cmake: 1.3.12 (/opt/ros/humble/share/ament_cmake/cmake)
[3.738s] -- Found Python3: /usr/bin/python3 (found version "3.10.12") found components: Interpreter 
[3.833s] -- Found rclcpp: 16.0.17 (/opt/ros/humble/share/rclcpp/cmake)
[4.525s] -- Found rosidl_generator_c: 3.1.8 (/opt/ros/humble/share/rosidl_generator_c/cmake)
[4.531s] -- Found rosidl_adapter: 3.1.8 (/opt/ros/humble/share/rosidl_adapter/cmake)
[4.540s] -- Found rosidl_generator_cpp: 3.1.8 (/opt/ros/humble/share/rosidl_generator_cpp/cmake)
[4.549s] -- Using all available rosidl_typesupport_c: rosidl_typesupport_fastrtps_c;rosidl_typesupport_introspection_c
[4.562s] -- Using all available rosidl_typesupport_cpp: rosidl_typesupport_fastrtps_cpp;rosidl_typesupport_introspection_cpp
[4.619s] -- Found rmw_implementation_cmake: 6.1.2 (/opt/ros/humble/share/rmw_implementation_cmake/cmake)
[4.624s] -- Found rmw_cyclonedds_cpp: 1.3.4 (/opt/ros/humble/share/rmw_cyclonedds_cpp/cmake)
[4.661s] -- Using RMW implementation 'rmw_cyclonedds_cpp' as default
[4.680s] -- Looking for pthread.h
[4.884s] -- Looking for pthread.h - found
[4.884s] -- Performing Test CMAKE_HAVE_LIBC_PTHREAD
[5.081s] -- Performing Test CMAKE_HAVE_LIBC_PTHREAD - Success
[5.082s] -- Found Threads: TRUE  
[5.140s] -- Found ament_lint_auto: 0.12.14 (/opt/ros/humble/share/ament_lint_auto/cmake)
[5.191s] -- Configuring done
[5.195s] -- Generating done
[5.197s] -- Build files have been written to: /home/zp/ros2/sim/build/champ
[5.215s] Invoked command in '/home/zp/ros2/sim/build/champ' returned '0': CMAKE_PREFIX_PATH=${CMAKE_PREFIX_PATH}:/home/zp/ros2/sim/install/my_motion_example:/opt/ros/humble /usr/bin/cmake /home/zp/ros2/sim/src/unitree-go2-ros2/champ/champ -DCMAKE_INSTALL_PREFIX=/home/zp/ros2/sim/install/champ
[5.217s] Invoking command in '/home/zp/ros2/sim/build/champ': CMAKE_PREFIX_PATH=${CMAKE_PREFIX_PATH}:/home/zp/ros2/sim/install/my_motion_example:/opt/ros/humble /usr/bin/cmake --build /home/zp/ros2/sim/build/champ -- -j20 -l20
[5.244s] Invoked command in '/home/zp/ros2/sim/build/champ' returned '0': CMAKE_PREFIX_PATH=${CMAKE_PREFIX_PATH}:/home/zp/ros2/sim/install/my_motion_example:/opt/ros/humble /usr/bin/cmake --build /home/zp/ros2/sim/build/champ -- -j20 -l20
[5.246s] Invoking command in '/home/zp/ros2/sim/build/champ': CMAKE_PREFIX_PATH=${CMAKE_PREFIX_PATH}:/home/zp/ros2/sim/install/my_motion_example:/opt/ros/humble /usr/bin/cmake --install /home/zp/ros2/sim/build/champ
[5.251s] -- Install configuration: ""
[5.251s] -- Up-to-date: /home/zp/ros2/sim/install/champ/include
[5.251s] -- Up-to-date: /home/zp/ros2/sim/install/champ/include/champ
[5.251s] -- Up-to-date: /home/zp/ros2/sim/install/champ/include/champ/leg_controller
[5.251s] -- Up-to-date: /home/zp/ros2/sim/install/champ/include/champ/leg_controller/phase_generator.h
[5.252s] -- Up-to-date: /home/zp/ros2/sim/install/champ/include/champ/leg_controller/trajectory_planner.h
[5.252s] -- Up-to-date: /home/zp/ros2/sim/install/champ/include/champ/leg_controller/leg_controller.h
[5.252s] -- Up-to-date: /home/zp/ros2/sim/install/champ/include/champ/utils
[5.252s] -- Up-to-date: /home/zp/ros2/sim/install/champ/include/champ/utils/xmlrpc_helpers.h
[5.252s] -- Up-to-date: /home/zp/ros2/sim/install/champ/include/champ/utils/urdf_loader.h
[5.252s] -- Up-to-date: /home/zp/ros2/sim/install/champ/include/champ/macros
[5.252s] -- Up-to-date: /home/zp/ros2/sim/install/champ/include/champ/macros/macros.h
[5.252s] -- Up-to-date: /home/zp/ros2/sim/install/champ/include/champ/body_controller
[5.252s] -- Up-to-date: /home/zp/ros2/sim/install/champ/include/champ/body_controller/body_controller.h
[5.253s] -- Up-to-date: /home/zp/ros2/sim/install/champ/include/champ/odometry
[5.253s] -- Up-to-date: /home/zp/ros2/sim/install/champ/include/champ/odometry/odometry.h
[5.253s] -- Up-to-date: /home/zp/ros2/sim/install/champ/include/champ/kinematics
[5.253s] -- Up-to-date: /home/zp/ros2/sim/install/champ/include/champ/kinematics/kinematics.h
[5.253s] -- Up-to-date: /home/zp/ros2/sim/install/champ/include/champ/bla
[5.253s] -- Up-to-date: /home/zp/ros2/sim/install/champ/include/champ/bla/memory_delegate.h
[5.253s] -- Up-to-date: /home/zp/ros2/sim/install/champ/include/champ/bla/basic_linear_algebra.h
[5.253s] -- Up-to-date: /home/zp/ros2/sim/install/champ/include/champ/README.md
[5.253s] -- Up-to-date: /home/zp/ros2/sim/install/champ/include/champ/quadruped_base
[5.253s] -- Up-to-date: /home/zp/ros2/sim/install/champ/include/champ/quadruped_base/quadruped_leg.h
[5.253s] -- Up-to-date: /home/zp/ros2/sim/install/champ/include/champ/quadruped_base/quadruped_base.h
[5.253s] -- Up-to-date: /home/zp/ros2/sim/install/champ/include/champ/quadruped_base/quadruped_joint.h
[5.253s] -- Up-to-date: /home/zp/ros2/sim/install/champ/include/champ/quadruped_base/quadruped_components.h
[5.253s] -- Up-to-date: /home/zp/ros2/sim/install/champ/include/champ/LICENSE
[5.254s] -- Up-to-date: /home/zp/ros2/sim/install/champ/include/champ/geometry
[5.254s] -- Up-to-date: /home/zp/ros2/sim/install/champ/include/champ/geometry/geometry.h
[5.254s] -- Installing: /home/zp/ros2/sim/install/champ/share/ament_index/resource_index/package_run_dependencies/champ
[5.254s] -- Installing: /home/zp/ros2/sim/install/champ/share/ament_index/resource_index/parent_prefix_path/champ
[5.254s] -- Up-to-date: /home/zp/ros2/sim/install/champ/share/champ/environment/ament_prefix_path.sh
[5.255s] -- Installing: /home/zp/ros2/sim/install/champ/share/champ/environment/ament_prefix_path.dsv
[5.255s] -- Up-to-date: /home/zp/ros2/sim/install/champ/share/champ/environment/path.sh
[5.255s] -- Installing: /home/zp/ros2/sim/install/champ/share/champ/environment/path.dsv
[5.255s] -- Installing: /home/zp/ros2/sim/install/champ/share/champ/local_setup.bash
[5.255s] -- Installing: /home/zp/ros2/sim/install/champ/share/champ/local_setup.sh
[5.255s] -- Installing: /home/zp/ros2/sim/install/champ/share/champ/local_setup.zsh
[5.255s] -- Installing: /home/zp/ros2/sim/install/champ/share/champ/local_setup.dsv
[5.255s] -- Installing: /home/zp/ros2/sim/install/champ/share/champ/package.dsv
[5.255s] -- Installing: /home/zp/ros2/sim/install/champ/share/ament_index/resource_index/packages/champ
[5.255s] -- Installing: /home/zp/ros2/sim/install/champ/share/champ/cmake/ament_cmake_export_include_directories-extras.cmake
[5.255s] -- Installing: /home/zp/ros2/sim/install/champ/share/champ/cmake/champConfig.cmake
[5.255s] -- Installing: /home/zp/ros2/sim/install/champ/share/champ/cmake/champConfig-version.cmake
[5.256s] -- Up-to-date: /home/zp/ros2/sim/install/champ/share/champ/package.xml
[5.257s] Invoked command in '/home/zp/ros2/sim/build/champ' returned '0': CMAKE_PREFIX_PATH=${CMAKE_PREFIX_PATH}:/home/zp/ros2/sim/install/my_motion_example:/opt/ros/humble /usr/bin/cmake --install /home/zp/ros2/sim/build/champ
