[1.312s] Invoking command in '/home/zp/ros2/sim/src/unitree-go2-ros2/go2_control': PYTHONPATH=/home/zp/ros2/sim/build/go2_control/prefix_override:/usr/lib/python3/dist-packages/colcon_core/task/python/colcon_distutils_commands:/home/zp/ros2/sim/install/go2_control/lib/python3.10/site-packages:${PYTHONPATH} /usr/bin/python3 -W ignore:setup.py install is deprecated -W ignore:easy_install command is deprecated setup.py egg_info --egg-base ../../../build/go2_control build --build-base /home/zp/ros2/sim/build/go2_control/build install --record /home/zp/ros2/sim/build/go2_control/install.log --single-version-externally-managed install_data
[1.538s] running egg_info
[1.538s] writing ../../../build/go2_control/go2_control.egg-info/PKG-INFO
[1.541s] writing dependency_links to ../../../build/go2_control/go2_control.egg-info/dependency_links.txt
[1.541s] writing entry points to ../../../build/go2_control/go2_control.egg-info/entry_points.txt
[1.541s] writing requirements to ../../../build/go2_control/go2_control.egg-info/requires.txt
[1.541s] writing top-level names to ../../../build/go2_control/go2_control.egg-info/top_level.txt
[1.542s] reading manifest file '../../../build/go2_control/go2_control.egg-info/SOURCES.txt'
[1.543s] writing manifest file '../../../build/go2_control/go2_control.egg-info/SOURCES.txt'
[1.544s] running build
[1.544s] running build_py
[1.544s] copying go2_control/move_distance_client.py -> /home/zp/ros2/sim/build/go2_control/build/lib/go2_control
[1.545s] copying go2_control/move_distance_server.py -> /home/zp/ros2/sim/build/go2_control/build/lib/go2_control
[1.545s] running install
[1.545s] running install_lib
[1.546s] copying /home/zp/ros2/sim/build/go2_control/build/lib/go2_control/move_distance_client.py -> /home/zp/ros2/sim/install/go2_control/lib/python3.10/site-packages/go2_control
[1.546s] copying /home/zp/ros2/sim/build/go2_control/build/lib/go2_control/move_distance_server.py -> /home/zp/ros2/sim/install/go2_control/lib/python3.10/site-packages/go2_control
[1.546s] byte-compiling /home/zp/ros2/sim/install/go2_control/lib/python3.10/site-packages/go2_control/move_distance_client.py to move_distance_client.cpython-310.pyc
[1.548s] byte-compiling /home/zp/ros2/sim/install/go2_control/lib/python3.10/site-packages/go2_control/move_distance_server.py to move_distance_server.cpython-310.pyc
[1.548s] running install_data
[1.552s] running install_egg_info
[1.552s] removing '/home/zp/ros2/sim/install/go2_control/lib/python3.10/site-packages/go2_control-0.0.0-py3.10.egg-info' (and everything under it)
[1.553s] Copying ../../../build/go2_control/go2_control.egg-info to /home/zp/ros2/sim/install/go2_control/lib/python3.10/site-packages/go2_control-0.0.0-py3.10.egg-info
[1.554s] running install_scripts
[1.578s] Installing keyboard_control_node script to /home/zp/ros2/sim/install/go2_control/lib/go2_control
[1.579s] writing list of installed files to '/home/zp/ros2/sim/build/go2_control/install.log'
[1.620s] Invoked command in '/home/zp/ros2/sim/src/unitree-go2-ros2/go2_control' returned '0': PYTHONPATH=/home/zp/ros2/sim/build/go2_control/prefix_override:/usr/lib/python3/dist-packages/colcon_core/task/python/colcon_distutils_commands:/home/zp/ros2/sim/install/go2_control/lib/python3.10/site-packages:${PYTHONPATH} /usr/bin/python3 -W ignore:setup.py install is deprecated -W ignore:easy_install command is deprecated setup.py egg_info --egg-base ../../../build/go2_control build --build-base /home/zp/ros2/sim/build/go2_control/build install --record /home/zp/ros2/sim/build/go2_control/install.log --single-version-externally-managed install_data
