[0.726s] Invoking command in '/home/zp/ros2/sim/src/unitree-go2-ros2/my_motion_example': PYTHONPATH=/home/zp/ros2/sim/build/my_motion_example/prefix_override:/usr/lib/python3/dist-packages/colcon_core/task/python/colcon_distutils_commands:/home/zp/ros2/sim/install/my_motion_example/lib/python3.10/site-packages:${PYTHONPATH} /usr/bin/python3 -W ignore:setup.py install is deprecated -W ignore:easy_install command is deprecated setup.py egg_info --egg-base ../../../build/my_motion_example build --build-base /home/zp/ros2/sim/build/my_motion_example/build install --record /home/zp/ros2/sim/build/my_motion_example/install.log --single-version-externally-managed install_data
[0.868s] running egg_info
[0.868s] writing ../../../build/my_motion_example/my_motion_example.egg-info/PKG-INFO
[0.869s] writing dependency_links to ../../../build/my_motion_example/my_motion_example.egg-info/dependency_links.txt
[0.870s] writing entry points to ../../../build/my_motion_example/my_motion_example.egg-info/entry_points.txt
[0.870s] writing requirements to ../../../build/my_motion_example/my_motion_example.egg-info/requires.txt
[0.870s] writing top-level names to ../../../build/my_motion_example/my_motion_example.egg-info/top_level.txt
[0.871s] reading manifest file '../../../build/my_motion_example/my_motion_example.egg-info/SOURCES.txt'
[0.872s] writing manifest file '../../../build/my_motion_example/my_motion_example.egg-info/SOURCES.txt'
[0.872s] running build
[0.872s] running build_py
[0.872s] running install
[0.873s] running install_lib
[0.875s] running install_data
[0.875s] running install_egg_info
[0.879s] removing '/home/zp/ros2/sim/install/my_motion_example/lib/python3.10/site-packages/my_motion_example-0.0.0-py3.10.egg-info' (and everything under it)
[0.880s] Copying ../../../build/my_motion_example/my_motion_example.egg-info to /home/zp/ros2/sim/install/my_motion_example/lib/python3.10/site-packages/my_motion_example-0.0.0-py3.10.egg-info
[0.882s] running install_scripts
[0.897s] Installing square_node script to /home/zp/ros2/sim/install/my_motion_example/lib/my_motion_example
[0.897s] writing list of installed files to '/home/zp/ros2/sim/build/my_motion_example/install.log'
[0.922s] Invoked command in '/home/zp/ros2/sim/src/unitree-go2-ros2/my_motion_example' returned '0': PYTHONPATH=/home/zp/ros2/sim/build/my_motion_example/prefix_override:/usr/lib/python3/dist-packages/colcon_core/task/python/colcon_distutils_commands:/home/zp/ros2/sim/install/my_motion_example/lib/python3.10/site-packages:${PYTHONPATH} /usr/bin/python3 -W ignore:setup.py install is deprecated -W ignore:easy_install command is deprecated setup.py egg_info --egg-base ../../../build/my_motion_example build --build-base /home/zp/ros2/sim/build/my_motion_example/build install --record /home/zp/ros2/sim/build/my_motion_example/install.log --single-version-externally-managed install_data
