[0.060s] Invoking command in '/home/zp/ros2/sim/build/champ_config': CMAKE_PREFIX_PATH=${CMAKE_PREFIX_PATH}:/home/zp/ros2/sim/install/my_motion_example:/home/zp/ros2/sim/install/go2_control:/opt/ros/humble /usr/bin/cmake --build /home/zp/ros2/sim/build/champ_config -- -j20 -l20
[0.592s] Invoked command in '/home/zp/ros2/sim/build/champ_config' returned '0': CMAKE_PREFIX_PATH=${CMAKE_PREFIX_PATH}:/home/zp/ros2/sim/install/my_motion_example:/home/zp/ros2/sim/install/go2_control:/opt/ros/humble /usr/bin/cmake --build /home/zp/ros2/sim/build/champ_config -- -j20 -l20
[0.594s] Invoking command in '/home/zp/ros2/sim/build/champ_config': CMAKE_PREFIX_PATH=${CMAKE_PREFIX_PATH}:/home/zp/ros2/sim/install/my_motion_example:/home/zp/ros2/sim/install/go2_control:/opt/ros/humble /usr/bin/cmake --install /home/zp/ros2/sim/build/champ_config
[0.639s] -- Install configuration: ""
[0.639s] -- Up-to-date: /home/zp/ros2/sim/install/champ_config/share/champ_config/launch
[0.639s] -- Up-to-date: /home/zp/ros2/sim/install/champ_config/share/champ_config/launch/navigate.launch.py
[0.639s] -- Up-to-date: /home/zp/ros2/sim/install/champ_config/share/champ_config/launch/gazebo.launch.py
[0.639s] -- Up-to-date: /home/zp/ros2/sim/install/champ_config/share/champ_config/launch/bringup.launch.py
[0.639s] -- Up-to-date: /home/zp/ros2/sim/install/champ_config/share/champ_config/launch/slam.launch.py
[0.639s] -- Up-to-date: /home/zp/ros2/sim/install/champ_config/share/champ_config/config
[0.640s] -- Up-to-date: /home/zp/ros2/sim/install/champ_config/share/champ_config/config/autonomy
[0.641s] -- Up-to-date: /home/zp/ros2/sim/install/champ_config/share/champ_config/config/autonomy/navigation.yaml
[0.641s] -- Up-to-date: /home/zp/ros2/sim/install/champ_config/share/champ_config/config/autonomy/slam.yaml
[0.642s] -- Up-to-date: /home/zp/ros2/sim/install/champ_config/share/champ_config/config/gait
[0.642s] -- Up-to-date: /home/zp/ros2/sim/install/champ_config/share/champ_config/config/gait/gait.yaml
[0.642s] -- Up-to-date: /home/zp/ros2/sim/install/champ_config/share/champ_config/config/joints
[0.643s] -- Up-to-date: /home/zp/ros2/sim/install/champ_config/share/champ_config/config/joints/joints.yaml
[0.643s] -- Up-to-date: /home/zp/ros2/sim/install/champ_config/share/champ_config/config/links
[0.643s] -- Up-to-date: /home/zp/ros2/sim/install/champ_config/share/champ_config/config/links/links.yaml
[0.643s] -- Up-to-date: /home/zp/ros2/sim/install/champ_config/share/champ_config/maps
[0.643s] -- Up-to-date: /home/zp/ros2/sim/install/champ_config/share/champ_config/maps/playground.pgm
[0.643s] -- Up-to-date: /home/zp/ros2/sim/install/champ_config/share/champ_config/maps/playground.yaml
[0.644s] -- Up-to-date: /home/zp/ros2/sim/install/champ_config/share/champ_config/maps/map.yaml
[0.644s] -- Up-to-date: /home/zp/ros2/sim/install/champ_config/share/champ_config/maps/map.pgm
[0.644s] -- Up-to-date: /home/zp/ros2/sim/install/champ_config/share/champ_config/worlds
[0.644s] -- Up-to-date: /home/zp/ros2/sim/install/champ_config/share/champ_config/worlds/outdoor.world
[0.645s] -- Up-to-date: /home/zp/ros2/sim/install/champ_config/share/champ_config/worlds/playground.world
[0.645s] -- Up-to-date: /home/zp/ros2/sim/install/champ_config/share/champ_config/worlds/default.world
[0.645s] -- Up-to-date: /home/zp/ros2/sim/install/champ_config/share/ament_index/resource_index/package_run_dependencies/champ_config
[0.646s] -- Up-to-date: /home/zp/ros2/sim/install/champ_config/share/ament_index/resource_index/parent_prefix_path/champ_config
[0.646s] -- Up-to-date: /home/zp/ros2/sim/install/champ_config/share/champ_config/environment/ament_prefix_path.sh
[0.646s] -- Up-to-date: /home/zp/ros2/sim/install/champ_config/share/champ_config/environment/ament_prefix_path.dsv
[0.646s] -- Up-to-date: /home/zp/ros2/sim/install/champ_config/share/champ_config/environment/path.sh
[0.647s] -- Up-to-date: /home/zp/ros2/sim/install/champ_config/share/champ_config/environment/path.dsv
[0.647s] -- Up-to-date: /home/zp/ros2/sim/install/champ_config/share/champ_config/local_setup.bash
[0.647s] -- Up-to-date: /home/zp/ros2/sim/install/champ_config/share/champ_config/local_setup.sh
[0.647s] -- Up-to-date: /home/zp/ros2/sim/install/champ_config/share/champ_config/local_setup.zsh
[0.647s] -- Up-to-date: /home/zp/ros2/sim/install/champ_config/share/champ_config/local_setup.dsv
[0.647s] -- Installing: /home/zp/ros2/sim/install/champ_config/share/champ_config/package.dsv
[0.647s] -- Up-to-date: /home/zp/ros2/sim/install/champ_config/share/ament_index/resource_index/packages/champ_config
[0.648s] -- Up-to-date: /home/zp/ros2/sim/install/champ_config/share/champ_config/cmake/champ_configConfig.cmake
[0.648s] -- Up-to-date: /home/zp/ros2/sim/install/champ_config/share/champ_config/cmake/champ_configConfig-version.cmake
[0.648s] -- Up-to-date: /home/zp/ros2/sim/install/champ_config/share/champ_config/package.xml
[0.749s] Invoked command in '/home/zp/ros2/sim/build/champ_config' returned '0': CMAKE_PREFIX_PATH=${CMAKE_PREFIX_PATH}:/home/zp/ros2/sim/install/my_motion_example:/home/zp/ros2/sim/install/go2_control:/opt/ros/humble /usr/bin/cmake --install /home/zp/ros2/sim/build/champ_config
