[0.042s] Invoking command in '/home/zp/ros2/sim/build/example_ros2_interfaces': CMAKE_PREFIX_PATH=${CMAKE_PREFIX_PATH}:/home/zp/ros2/sim/install/my_motion_example:/opt/ros/humble /usr/bin/cmake /home/zp/ros2/sim/src/unitree-go2-ros2/example_ros2_interfaces -DCMAKE_INSTALL_PREFIX=/home/zp/ros2/sim/install/example_ros2_interfaces
[0.233s] -- Found ament_cmake: 1.3.12 (/opt/ros/humble/share/ament_cmake/cmake)
[0.233s] -- Found rosidl_default_generators: 1.2.0 (/opt/ros/humble/share/rosidl_default_generators/cmake)
[0.233s] -- Using all available rosidl_typesupport_c: rosidl_typesupport_fastrtps_c;rosidl_typesupport_introspection_c
[0.233s] -- Found rosidl_adapter: 3.1.8 (/opt/ros/humble/share/rosidl_adapter/cmake)
[1.018s] -- Using all available rosidl_typesupport_cpp: rosidl_typesupport_fastrtps_cpp;rosidl_typesupport_introspection_cpp
[1.045s] -- Found geometry_msgs: 4.9.0 (/opt/ros/humble/share/geometry_msgs/cmake)
[1.289s] -- Found ament_cmake_ros: 0.10.0 (/opt/ros/humble/share/ament_cmake_ros/cmake)
[1.466s] -- Using all available rosidl_typesupport_c: rosidl_typesupport_fastrtps_c;rosidl_typesupport_introspection_c
[1.687s] -- Using all available rosidl_typesupport_cpp: rosidl_typesupport_fastrtps_cpp;rosidl_typesupport_introspection_cpp
[1.867s] -- Found PythonInterp: /usr/bin/python3 (found suitable version "3.10.12", minimum required is "3.6") 
[1.869s] -- Found python_cmake_module: 0.10.0 (/opt/ros/humble/share/python_cmake_module/cmake)
[2.404s] -- Found PythonLibs: /usr/lib/x86_64-linux-gnu/libpython3.10.so (found suitable version "3.10.12", minimum required is "3.5") 
[2.404s] -- Using PYTHON_EXECUTABLE: /usr/bin/python3
[2.405s] -- Using PYTHON_INCLUDE_DIRS: /usr/include/python3.10
[2.405s] -- Using PYTHON_LIBRARIES: /usr/lib/x86_64-linux-gnu/libpython3.10.so
[2.420s] -- Found PythonExtra: .so  
[2.509s] -- Found ament_lint_auto: 0.12.14 (/opt/ros/humble/share/ament_lint_auto/cmake)
[2.540s] -- Added test 'lint_cmake' to check CMake code style
[2.542s] -- Added test 'xmllint' to check XML markup files
[2.545s] -- Configuring done
[2.572s] -- Generating done
[2.580s] -- Build files have been written to: /home/zp/ros2/sim/build/example_ros2_interfaces
[2.594s] Invoked command in '/home/zp/ros2/sim/build/example_ros2_interfaces' returned '0': CMAKE_PREFIX_PATH=${CMAKE_PREFIX_PATH}:/home/zp/ros2/sim/install/my_motion_example:/opt/ros/humble /usr/bin/cmake /home/zp/ros2/sim/src/unitree-go2-ros2/example_ros2_interfaces -DCMAKE_INSTALL_PREFIX=/home/zp/ros2/sim/install/example_ros2_interfaces
[2.596s] Invoking command in '/home/zp/ros2/sim/build/example_ros2_interfaces': CMAKE_PREFIX_PATH=${CMAKE_PREFIX_PATH}:/home/zp/ros2/sim/install/my_motion_example:/opt/ros/humble /usr/bin/cmake --build /home/zp/ros2/sim/build/example_ros2_interfaces -- -j20 -l20
[2.621s] [  3%] [34m[1mGenerating C code for ROS interfaces[0m
[2.628s] [  6%] [34m[1mGenerating C++ code for ROS interfaces[0m
[2.633s] [  6%] Built target ament_cmake_python_copy_example_ros2_interfaces
[2.783s] running egg_info
[2.783s] creating example_ros2_interfaces.egg-info
[2.784s] writing example_ros2_interfaces.egg-info/PKG-INFO
[2.784s] writing dependency_links to example_ros2_interfaces.egg-info/dependency_links.txt
[2.784s] writing top-level names to example_ros2_interfaces.egg-info/top_level.txt
[2.784s] writing manifest file 'example_ros2_interfaces.egg-info/SOURCES.txt'
[2.786s] reading manifest file 'example_ros2_interfaces.egg-info/SOURCES.txt'
[2.786s] writing manifest file 'example_ros2_interfaces.egg-info/SOURCES.txt'
[2.795s] [  6%] Built target example_ros2_interfaces__cpp
[2.803s] [ 12%] [34m[1mGenerating C++ type support for eProsima Fast-RTPS[0m
[2.803s] [ 12%] [34m[1mGenerating C++ type support dispatch for ROS interfaces[0m
[2.803s] [ 16%] [32mBuilding C object CMakeFiles/example_ros2_interfaces__rosidl_generator_c.dir/rosidl_generator_c/example_ros2_interfaces/msg/detail/robot_pose__functions.c.o[0m
[2.804s] [ 19%] [34m[1mGenerating C++ introspection for ROS interfaces[0m
[2.805s] [ 19%] Built target ament_cmake_python_build_example_ros2_interfaces_egg
[2.933s] [ 22%] [32m[1mLinking C shared library libexample_ros2_interfaces__rosidl_generator_c.so[0m
[2.946s] [ 25%] [32mBuilding CXX object CMakeFiles/example_ros2_interfaces__rosidl_typesupport_cpp.dir/rosidl_typesupport_cpp/example_ros2_interfaces/msg/robot_pose__type_support.cpp.o[0m
[2.956s] [ 29%] [32mBuilding CXX object CMakeFiles/example_ros2_interfaces__rosidl_typesupport_introspection_cpp.dir/rosidl_typesupport_introspection_cpp/example_ros2_interfaces/msg/detail/robot_pose__type_support.cpp.o[0m
[2.957s] [ 32%] [32mBuilding CXX object CMakeFiles/example_ros2_interfaces__rosidl_typesupport_fastrtps_cpp.dir/rosidl_typesupport_fastrtps_cpp/example_ros2_interfaces/msg/detail/dds_fastrtps/robot_pose__type_support.cpp.o[0m
[3.148s] [ 32%] Built target example_ros2_interfaces__rosidl_generator_c
[3.155s] [ 35%] [34m[1mGenerating C type support dispatch for ROS interfaces[0m
[3.156s] [ 38%] [34m[1mGenerating C type support for eProsima Fast-RTPS[0m
[3.156s] [ 41%] [34m[1mGenerating C introspection for ROS interfaces[0m
[3.194s] [ 45%] [32m[1mLinking CXX shared library libexample_ros2_interfaces__rosidl_typesupport_cpp.so[0m
[3.254s] [ 48%] [32m[1mLinking CXX shared library libexample_ros2_interfaces__rosidl_typesupport_fastrtps_cpp.so[0m
[3.255s] [ 51%] [32m[1mLinking CXX shared library libexample_ros2_interfaces__rosidl_typesupport_introspection_cpp.so[0m
[3.303s] [ 54%] [32mBuilding CXX object CMakeFiles/example_ros2_interfaces__rosidl_typesupport_c.dir/rosidl_typesupport_c/example_ros2_interfaces/msg/robot_pose__type_support.cpp.o[0m
[3.316s] [ 58%] [32mBuilding CXX object CMakeFiles/example_ros2_interfaces__rosidl_typesupport_fastrtps_c.dir/rosidl_typesupport_fastrtps_c/example_ros2_interfaces/msg/detail/robot_pose__type_support_c.cpp.o[0m
[3.317s] [ 61%] [32mBuilding C object CMakeFiles/example_ros2_interfaces__rosidl_typesupport_introspection_c.dir/rosidl_typesupport_introspection_c/example_ros2_interfaces/msg/detail/robot_pose__type_support.c.o[0m
[3.323s] [ 64%] [32m[1mLinking CXX shared library libexample_ros2_interfaces__rosidl_typesupport_c.so[0m
[3.340s] [ 67%] [32m[1mLinking C shared library libexample_ros2_interfaces__rosidl_typesupport_introspection_c.so[0m
[3.405s] [ 67%] Built target example_ros2_interfaces__rosidl_typesupport_cpp
[3.420s] [ 67%] Built target example_ros2_interfaces__rosidl_typesupport_introspection_cpp
[3.428s] [ 67%] Built target example_ros2_interfaces__rosidl_typesupport_fastrtps_cpp
[3.513s] [ 70%] [32m[1mLinking CXX shared library libexample_ros2_interfaces__rosidl_typesupport_fastrtps_c.so[0m
[3.526s] [ 70%] Built target example_ros2_interfaces__rosidl_typesupport_c
[3.528s] [ 70%] Built target example_ros2_interfaces__rosidl_typesupport_introspection_c
[3.690s] [ 70%] Built target example_ros2_interfaces__rosidl_typesupport_fastrtps_c
[3.704s] [ 70%] Built target example_ros2_interfaces
[3.717s] [ 74%] [34m[1mGenerating Python code for ROS interfaces[0m
[3.887s] [ 74%] Built target example_ros2_interfaces__py
[3.901s] [ 77%] [32mBuilding C object CMakeFiles/example_ros2_interfaces__rosidl_generator_py.dir/rosidl_generator_py/example_ros2_interfaces/msg/_robot_pose_s.c.o[0m
[3.994s] [ 80%] [32m[1mLinking C shared library rosidl_generator_py/example_ros2_interfaces/libexample_ros2_interfaces__rosidl_generator_py.so[0m
[4.130s] [ 80%] Built target example_ros2_interfaces__rosidl_generator_py
[4.143s] [ 87%] [32mBuilding C object CMakeFiles/example_ros2_interfaces__rosidl_typesupport_introspection_c__pyext.dir/rosidl_generator_py/example_ros2_interfaces/_example_ros2_interfaces_s.ep.rosidl_typesupport_introspection_c.c.o[0m
[4.143s] [ 87%] [32mBuilding C object CMakeFiles/example_ros2_interfaces__rosidl_typesupport_fastrtps_c__pyext.dir/rosidl_generator_py/example_ros2_interfaces/_example_ros2_interfaces_s.ep.rosidl_typesupport_fastrtps_c.c.o[0m
[4.143s] [ 90%] [32mBuilding C object CMakeFiles/example_ros2_interfaces__rosidl_typesupport_c__pyext.dir/rosidl_generator_py/example_ros2_interfaces/_example_ros2_interfaces_s.ep.rosidl_typesupport_c.c.o[0m
[4.199s] [ 93%] [32m[1mLinking C shared library rosidl_generator_py/example_ros2_interfaces/example_ros2_interfaces_s__rosidl_typesupport_introspection_c.cpython-310-x86_64-linux-gnu.so[0m
[4.199s] [ 96%] [32m[1mLinking C shared library rosidl_generator_py/example_ros2_interfaces/example_ros2_interfaces_s__rosidl_typesupport_fastrtps_c.cpython-310-x86_64-linux-gnu.so[0m
[4.199s] [100%] [32m[1mLinking C shared library rosidl_generator_py/example_ros2_interfaces/example_ros2_interfaces_s__rosidl_typesupport_c.cpython-310-x86_64-linux-gnu.so[0m
[4.311s] [100%] Built target example_ros2_interfaces__rosidl_typesupport_introspection_c__pyext
[4.311s] [100%] Built target example_ros2_interfaces__rosidl_typesupport_c__pyext
[4.311s] [100%] Built target example_ros2_interfaces__rosidl_typesupport_fastrtps_c__pyext
[4.319s] Invoked command in '/home/zp/ros2/sim/build/example_ros2_interfaces' returned '0': CMAKE_PREFIX_PATH=${CMAKE_PREFIX_PATH}:/home/zp/ros2/sim/install/my_motion_example:/opt/ros/humble /usr/bin/cmake --build /home/zp/ros2/sim/build/example_ros2_interfaces -- -j20 -l20
[4.321s] Invoking command in '/home/zp/ros2/sim/build/example_ros2_interfaces': CMAKE_PREFIX_PATH=${CMAKE_PREFIX_PATH}:/home/zp/ros2/sim/install/my_motion_example:/opt/ros/humble /usr/bin/cmake --install /home/zp/ros2/sim/build/example_ros2_interfaces
[4.326s] -- Install configuration: ""
[4.326s] -- Installing: /home/zp/ros2/sim/install/example_ros2_interfaces/share/ament_index/resource_index/rosidl_interfaces/example_ros2_interfaces
[4.326s] -- Installing: /home/zp/ros2/sim/install/example_ros2_interfaces/include/example_ros2_interfaces/example_ros2_interfaces
[4.327s] -- Installing: /home/zp/ros2/sim/install/example_ros2_interfaces/include/example_ros2_interfaces/example_ros2_interfaces/msg
[4.327s] -- Installing: /home/zp/ros2/sim/install/example_ros2_interfaces/include/example_ros2_interfaces/example_ros2_interfaces/msg/robot_pose.h
[4.327s] -- Installing: /home/zp/ros2/sim/install/example_ros2_interfaces/include/example_ros2_interfaces/example_ros2_interfaces/msg/detail
[4.327s] -- Installing: /home/zp/ros2/sim/install/example_ros2_interfaces/include/example_ros2_interfaces/example_ros2_interfaces/msg/detail/robot_pose__type_support.h
[4.327s] -- Installing: /home/zp/ros2/sim/install/example_ros2_interfaces/include/example_ros2_interfaces/example_ros2_interfaces/msg/detail/robot_pose__functions.c
[4.327s] -- Installing: /home/zp/ros2/sim/install/example_ros2_interfaces/include/example_ros2_interfaces/example_ros2_interfaces/msg/detail/robot_pose__functions.h
[4.327s] -- Installing: /home/zp/ros2/sim/install/example_ros2_interfaces/include/example_ros2_interfaces/example_ros2_interfaces/msg/detail/robot_pose__struct.h
[4.327s] -- Installing: /home/zp/ros2/sim/install/example_ros2_interfaces/include/example_ros2_interfaces/example_ros2_interfaces/msg/rosidl_generator_c__visibility_control.h
[4.328s] -- Installing: /home/zp/ros2/sim/install/example_ros2_interfaces/share/example_ros2_interfaces/environment/library_path.sh
[4.328s] -- Installing: /home/zp/ros2/sim/install/example_ros2_interfaces/share/example_ros2_interfaces/environment/library_path.dsv
[4.328s] -- Installing: /home/zp/ros2/sim/install/example_ros2_interfaces/lib/libexample_ros2_interfaces__rosidl_generator_c.so
[4.329s] -- Set runtime path of "/home/zp/ros2/sim/install/example_ros2_interfaces/lib/libexample_ros2_interfaces__rosidl_generator_c.so" to ""
[4.329s] -- Up-to-date: /home/zp/ros2/sim/install/example_ros2_interfaces/include/example_ros2_interfaces/example_ros2_interfaces
[4.329s] -- Up-to-date: /home/zp/ros2/sim/install/example_ros2_interfaces/include/example_ros2_interfaces/example_ros2_interfaces/msg
[4.329s] -- Installing: /home/zp/ros2/sim/install/example_ros2_interfaces/include/example_ros2_interfaces/example_ros2_interfaces/msg/rosidl_typesupport_fastrtps_c__visibility_control.h
[4.329s] -- Up-to-date: /home/zp/ros2/sim/install/example_ros2_interfaces/include/example_ros2_interfaces/example_ros2_interfaces/msg/detail
[4.330s] -- Installing: /home/zp/ros2/sim/install/example_ros2_interfaces/include/example_ros2_interfaces/example_ros2_interfaces/msg/detail/robot_pose__rosidl_typesupport_fastrtps_c.h
[4.330s] -- Installing: /home/zp/ros2/sim/install/example_ros2_interfaces/lib/libexample_ros2_interfaces__rosidl_typesupport_fastrtps_c.so
[4.330s] -- Set runtime path of "/home/zp/ros2/sim/install/example_ros2_interfaces/lib/libexample_ros2_interfaces__rosidl_typesupport_fastrtps_c.so" to ""
[4.330s] -- Up-to-date: /home/zp/ros2/sim/install/example_ros2_interfaces/include/example_ros2_interfaces/example_ros2_interfaces
[4.330s] -- Up-to-date: /home/zp/ros2/sim/install/example_ros2_interfaces/include/example_ros2_interfaces/example_ros2_interfaces/msg
[4.330s] -- Installing: /home/zp/ros2/sim/install/example_ros2_interfaces/include/example_ros2_interfaces/example_ros2_interfaces/msg/rosidl_typesupport_introspection_c__visibility_control.h
[4.330s] -- Up-to-date: /home/zp/ros2/sim/install/example_ros2_interfaces/include/example_ros2_interfaces/example_ros2_interfaces/msg/detail
[4.330s] -- Installing: /home/zp/ros2/sim/install/example_ros2_interfaces/include/example_ros2_interfaces/example_ros2_interfaces/msg/detail/robot_pose__rosidl_typesupport_introspection_c.h
[4.330s] -- Installing: /home/zp/ros2/sim/install/example_ros2_interfaces/include/example_ros2_interfaces/example_ros2_interfaces/msg/detail/robot_pose__type_support.c
[4.330s] -- Installing: /home/zp/ros2/sim/install/example_ros2_interfaces/lib/libexample_ros2_interfaces__rosidl_typesupport_introspection_c.so
[4.330s] -- Set runtime path of "/home/zp/ros2/sim/install/example_ros2_interfaces/lib/libexample_ros2_interfaces__rosidl_typesupport_introspection_c.so" to ""
[4.330s] -- Installing: /home/zp/ros2/sim/install/example_ros2_interfaces/lib/libexample_ros2_interfaces__rosidl_typesupport_c.so
[4.330s] -- Set runtime path of "/home/zp/ros2/sim/install/example_ros2_interfaces/lib/libexample_ros2_interfaces__rosidl_typesupport_c.so" to ""
[4.331s] -- Up-to-date: /home/zp/ros2/sim/install/example_ros2_interfaces/include/example_ros2_interfaces/example_ros2_interfaces
[4.331s] -- Up-to-date: /home/zp/ros2/sim/install/example_ros2_interfaces/include/example_ros2_interfaces/example_ros2_interfaces/msg
[4.331s] -- Installing: /home/zp/ros2/sim/install/example_ros2_interfaces/include/example_ros2_interfaces/example_ros2_interfaces/msg/rosidl_generator_cpp__visibility_control.hpp
[4.331s] -- Installing: /home/zp/ros2/sim/install/example_ros2_interfaces/include/example_ros2_interfaces/example_ros2_interfaces/msg/robot_pose.hpp
[4.331s] -- Up-to-date: /home/zp/ros2/sim/install/example_ros2_interfaces/include/example_ros2_interfaces/example_ros2_interfaces/msg/detail
[4.331s] -- Installing: /home/zp/ros2/sim/install/example_ros2_interfaces/include/example_ros2_interfaces/example_ros2_interfaces/msg/detail/robot_pose__traits.hpp
[4.331s] -- Installing: /home/zp/ros2/sim/install/example_ros2_interfaces/include/example_ros2_interfaces/example_ros2_interfaces/msg/detail/robot_pose__builder.hpp
[4.331s] -- Installing: /home/zp/ros2/sim/install/example_ros2_interfaces/include/example_ros2_interfaces/example_ros2_interfaces/msg/detail/robot_pose__type_support.hpp
[4.331s] -- Installing: /home/zp/ros2/sim/install/example_ros2_interfaces/include/example_ros2_interfaces/example_ros2_interfaces/msg/detail/robot_pose__struct.hpp
[4.331s] -- Up-to-date: /home/zp/ros2/sim/install/example_ros2_interfaces/include/example_ros2_interfaces/example_ros2_interfaces
[4.331s] -- Up-to-date: /home/zp/ros2/sim/install/example_ros2_interfaces/include/example_ros2_interfaces/example_ros2_interfaces/msg
[4.331s] -- Installing: /home/zp/ros2/sim/install/example_ros2_interfaces/include/example_ros2_interfaces/example_ros2_interfaces/msg/rosidl_typesupport_fastrtps_cpp__visibility_control.h
[4.331s] -- Up-to-date: /home/zp/ros2/sim/install/example_ros2_interfaces/include/example_ros2_interfaces/example_ros2_interfaces/msg/detail
[4.331s] -- Installing: /home/zp/ros2/sim/install/example_ros2_interfaces/include/example_ros2_interfaces/example_ros2_interfaces/msg/detail/dds_fastrtps
[4.331s] -- Installing: /home/zp/ros2/sim/install/example_ros2_interfaces/include/example_ros2_interfaces/example_ros2_interfaces/msg/detail/robot_pose__rosidl_typesupport_fastrtps_cpp.hpp
[4.331s] -- Installing: /home/zp/ros2/sim/install/example_ros2_interfaces/lib/libexample_ros2_interfaces__rosidl_typesupport_fastrtps_cpp.so
[4.332s] -- Set runtime path of "/home/zp/ros2/sim/install/example_ros2_interfaces/lib/libexample_ros2_interfaces__rosidl_typesupport_fastrtps_cpp.so" to ""
[4.332s] -- Up-to-date: /home/zp/ros2/sim/install/example_ros2_interfaces/include/example_ros2_interfaces/example_ros2_interfaces
[4.332s] -- Up-to-date: /home/zp/ros2/sim/install/example_ros2_interfaces/include/example_ros2_interfaces/example_ros2_interfaces/msg
[4.332s] -- Up-to-date: /home/zp/ros2/sim/install/example_ros2_interfaces/include/example_ros2_interfaces/example_ros2_interfaces/msg/detail
[4.332s] -- Installing: /home/zp/ros2/sim/install/example_ros2_interfaces/include/example_ros2_interfaces/example_ros2_interfaces/msg/detail/robot_pose__type_support.cpp
[4.332s] -- Installing: /home/zp/ros2/sim/install/example_ros2_interfaces/include/example_ros2_interfaces/example_ros2_interfaces/msg/detail/robot_pose__rosidl_typesupport_introspection_cpp.hpp
[4.332s] -- Installing: /home/zp/ros2/sim/install/example_ros2_interfaces/lib/libexample_ros2_interfaces__rosidl_typesupport_introspection_cpp.so
[4.332s] -- Set runtime path of "/home/zp/ros2/sim/install/example_ros2_interfaces/lib/libexample_ros2_interfaces__rosidl_typesupport_introspection_cpp.so" to ""
[4.332s] -- Installing: /home/zp/ros2/sim/install/example_ros2_interfaces/lib/libexample_ros2_interfaces__rosidl_typesupport_cpp.so
[4.332s] -- Set runtime path of "/home/zp/ros2/sim/install/example_ros2_interfaces/lib/libexample_ros2_interfaces__rosidl_typesupport_cpp.so" to ""
[4.332s] -- Installing: /home/zp/ros2/sim/install/example_ros2_interfaces/share/example_ros2_interfaces/environment/pythonpath.sh
[4.332s] -- Installing: /home/zp/ros2/sim/install/example_ros2_interfaces/share/example_ros2_interfaces/environment/pythonpath.dsv
[4.332s] -- Installing: /home/zp/ros2/sim/install/example_ros2_interfaces/local/lib/python3.10/dist-packages/example_ros2_interfaces-0.0.0-py3.10.egg-info
[4.333s] -- Installing: /home/zp/ros2/sim/install/example_ros2_interfaces/local/lib/python3.10/dist-packages/example_ros2_interfaces-0.0.0-py3.10.egg-info/SOURCES.txt
[4.333s] -- Installing: /home/zp/ros2/sim/install/example_ros2_interfaces/local/lib/python3.10/dist-packages/example_ros2_interfaces-0.0.0-py3.10.egg-info/top_level.txt
[4.333s] -- Installing: /home/zp/ros2/sim/install/example_ros2_interfaces/local/lib/python3.10/dist-packages/example_ros2_interfaces-0.0.0-py3.10.egg-info/PKG-INFO
[4.333s] -- Installing: /home/zp/ros2/sim/install/example_ros2_interfaces/local/lib/python3.10/dist-packages/example_ros2_interfaces-0.0.0-py3.10.egg-info/dependency_links.txt
[4.333s] -- Installing: /home/zp/ros2/sim/install/example_ros2_interfaces/local/lib/python3.10/dist-packages/example_ros2_interfaces
[4.333s] -- Installing: /home/zp/ros2/sim/install/example_ros2_interfaces/local/lib/python3.10/dist-packages/example_ros2_interfaces/example_ros2_interfaces_s__rosidl_typesupport_c.cpython-310-x86_64-linux-gnu.so
[4.333s] -- Installing: /home/zp/ros2/sim/install/example_ros2_interfaces/local/lib/python3.10/dist-packages/example_ros2_interfaces/example_ros2_interfaces_s__rosidl_typesupport_fastrtps_c.cpython-310-x86_64-linux-gnu.so
[4.333s] -- Installing: /home/zp/ros2/sim/install/example_ros2_interfaces/local/lib/python3.10/dist-packages/example_ros2_interfaces/_example_ros2_interfaces_s.ep.rosidl_typesupport_introspection_c.c
[4.334s] -- Installing: /home/zp/ros2/sim/install/example_ros2_interfaces/local/lib/python3.10/dist-packages/example_ros2_interfaces/libexample_ros2_interfaces__rosidl_generator_py.so
[4.334s] -- Installing: /home/zp/ros2/sim/install/example_ros2_interfaces/local/lib/python3.10/dist-packages/example_ros2_interfaces/example_ros2_interfaces_s__rosidl_typesupport_introspection_c.cpython-310-x86_64-linux-gnu.so
[4.334s] -- Installing: /home/zp/ros2/sim/install/example_ros2_interfaces/local/lib/python3.10/dist-packages/example_ros2_interfaces/__init__.py
[4.334s] -- Installing: /home/zp/ros2/sim/install/example_ros2_interfaces/local/lib/python3.10/dist-packages/example_ros2_interfaces/msg
[4.334s] -- Installing: /home/zp/ros2/sim/install/example_ros2_interfaces/local/lib/python3.10/dist-packages/example_ros2_interfaces/msg/_robot_pose_s.c
[4.334s] -- Installing: /home/zp/ros2/sim/install/example_ros2_interfaces/local/lib/python3.10/dist-packages/example_ros2_interfaces/msg/__init__.py
[4.335s] -- Installing: /home/zp/ros2/sim/install/example_ros2_interfaces/local/lib/python3.10/dist-packages/example_ros2_interfaces/msg/_robot_pose.py
[4.335s] -- Installing: /home/zp/ros2/sim/install/example_ros2_interfaces/local/lib/python3.10/dist-packages/example_ros2_interfaces/_example_ros2_interfaces_s.ep.rosidl_typesupport_c.c
[4.335s] -- Installing: /home/zp/ros2/sim/install/example_ros2_interfaces/local/lib/python3.10/dist-packages/example_ros2_interfaces/_example_ros2_interfaces_s.ep.rosidl_typesupport_fastrtps_c.c
[4.356s] Listing '/home/zp/ros2/sim/install/example_ros2_interfaces/local/lib/python3.10/dist-packages/example_ros2_interfaces'...
[4.357s] Compiling '/home/zp/ros2/sim/install/example_ros2_interfaces/local/lib/python3.10/dist-packages/example_ros2_interfaces/__init__.py'...
[4.357s] Listing '/home/zp/ros2/sim/install/example_ros2_interfaces/local/lib/python3.10/dist-packages/example_ros2_interfaces/msg'...
[4.357s] Compiling '/home/zp/ros2/sim/install/example_ros2_interfaces/local/lib/python3.10/dist-packages/example_ros2_interfaces/msg/__init__.py'...
[4.357s] Compiling '/home/zp/ros2/sim/install/example_ros2_interfaces/local/lib/python3.10/dist-packages/example_ros2_interfaces/msg/_robot_pose.py'...
[4.359s] -- Installing: /home/zp/ros2/sim/install/example_ros2_interfaces/local/lib/python3.10/dist-packages/example_ros2_interfaces/example_ros2_interfaces_s__rosidl_typesupport_fastrtps_c.cpython-310-x86_64-linux-gnu.so
[4.359s] -- Set runtime path of "/home/zp/ros2/sim/install/example_ros2_interfaces/local/lib/python3.10/dist-packages/example_ros2_interfaces/example_ros2_interfaces_s__rosidl_typesupport_fastrtps_c.cpython-310-x86_64-linux-gnu.so" to ""
[4.359s] -- Installing: /home/zp/ros2/sim/install/example_ros2_interfaces/local/lib/python3.10/dist-packages/example_ros2_interfaces/example_ros2_interfaces_s__rosidl_typesupport_introspection_c.cpython-310-x86_64-linux-gnu.so
[4.360s] -- Set runtime path of "/home/zp/ros2/sim/install/example_ros2_interfaces/local/lib/python3.10/dist-packages/example_ros2_interfaces/example_ros2_interfaces_s__rosidl_typesupport_introspection_c.cpython-310-x86_64-linux-gnu.so" to ""
[4.360s] -- Installing: /home/zp/ros2/sim/install/example_ros2_interfaces/local/lib/python3.10/dist-packages/example_ros2_interfaces/example_ros2_interfaces_s__rosidl_typesupport_c.cpython-310-x86_64-linux-gnu.so
[4.360s] -- Set runtime path of "/home/zp/ros2/sim/install/example_ros2_interfaces/local/lib/python3.10/dist-packages/example_ros2_interfaces/example_ros2_interfaces_s__rosidl_typesupport_c.cpython-310-x86_64-linux-gnu.so" to ""
[4.360s] -- Installing: /home/zp/ros2/sim/install/example_ros2_interfaces/lib/libexample_ros2_interfaces__rosidl_generator_py.so
[4.360s] -- Set runtime path of "/home/zp/ros2/sim/install/example_ros2_interfaces/lib/libexample_ros2_interfaces__rosidl_generator_py.so" to ""
[4.360s] -- Installing: /home/zp/ros2/sim/install/example_ros2_interfaces/share/example_ros2_interfaces/msg/RobotPose.idl
[4.360s] -- Installing: /home/zp/ros2/sim/install/example_ros2_interfaces/share/example_ros2_interfaces/msg/RobotPose.msg
[4.360s] -- Installing: /home/zp/ros2/sim/install/example_ros2_interfaces/share/ament_index/resource_index/package_run_dependencies/example_ros2_interfaces
[4.361s] -- Installing: /home/zp/ros2/sim/install/example_ros2_interfaces/share/ament_index/resource_index/parent_prefix_path/example_ros2_interfaces
[4.361s] -- Installing: /home/zp/ros2/sim/install/example_ros2_interfaces/share/example_ros2_interfaces/environment/ament_prefix_path.sh
[4.361s] -- Installing: /home/zp/ros2/sim/install/example_ros2_interfaces/share/example_ros2_interfaces/environment/ament_prefix_path.dsv
[4.361s] -- Installing: /home/zp/ros2/sim/install/example_ros2_interfaces/share/example_ros2_interfaces/environment/path.sh
[4.361s] -- Installing: /home/zp/ros2/sim/install/example_ros2_interfaces/share/example_ros2_interfaces/environment/path.dsv
[4.361s] -- Installing: /home/zp/ros2/sim/install/example_ros2_interfaces/share/example_ros2_interfaces/local_setup.bash
[4.361s] -- Installing: /home/zp/ros2/sim/install/example_ros2_interfaces/share/example_ros2_interfaces/local_setup.sh
[4.362s] -- Installing: /home/zp/ros2/sim/install/example_ros2_interfaces/share/example_ros2_interfaces/local_setup.zsh
[4.362s] -- Installing: /home/zp/ros2/sim/install/example_ros2_interfaces/share/example_ros2_interfaces/local_setup.dsv
[4.362s] -- Installing: /home/zp/ros2/sim/install/example_ros2_interfaces/share/example_ros2_interfaces/package.dsv
[4.362s] -- Installing: /home/zp/ros2/sim/install/example_ros2_interfaces/share/ament_index/resource_index/packages/example_ros2_interfaces
[4.362s] -- Installing: /home/zp/ros2/sim/install/example_ros2_interfaces/share/example_ros2_interfaces/cmake/export_example_ros2_interfaces__rosidl_generator_cExport.cmake
[4.362s] -- Installing: /home/zp/ros2/sim/install/example_ros2_interfaces/share/example_ros2_interfaces/cmake/export_example_ros2_interfaces__rosidl_generator_cExport-noconfig.cmake
[4.362s] -- Installing: /home/zp/ros2/sim/install/example_ros2_interfaces/share/example_ros2_interfaces/cmake/export_example_ros2_interfaces__rosidl_typesupport_fastrtps_cExport.cmake
[4.362s] -- Installing: /home/zp/ros2/sim/install/example_ros2_interfaces/share/example_ros2_interfaces/cmake/export_example_ros2_interfaces__rosidl_typesupport_fastrtps_cExport-noconfig.cmake
[4.363s] -- Installing: /home/zp/ros2/sim/install/example_ros2_interfaces/share/example_ros2_interfaces/cmake/example_ros2_interfaces__rosidl_typesupport_introspection_cExport.cmake
[4.363s] -- Installing: /home/zp/ros2/sim/install/example_ros2_interfaces/share/example_ros2_interfaces/cmake/example_ros2_interfaces__rosidl_typesupport_introspection_cExport-noconfig.cmake
[4.363s] -- Installing: /home/zp/ros2/sim/install/example_ros2_interfaces/share/example_ros2_interfaces/cmake/example_ros2_interfaces__rosidl_typesupport_cExport.cmake
[4.363s] -- Installing: /home/zp/ros2/sim/install/example_ros2_interfaces/share/example_ros2_interfaces/cmake/example_ros2_interfaces__rosidl_typesupport_cExport-noconfig.cmake
[4.363s] -- Installing: /home/zp/ros2/sim/install/example_ros2_interfaces/share/example_ros2_interfaces/cmake/export_example_ros2_interfaces__rosidl_generator_cppExport.cmake
[4.363s] -- Installing: /home/zp/ros2/sim/install/example_ros2_interfaces/share/example_ros2_interfaces/cmake/export_example_ros2_interfaces__rosidl_typesupport_fastrtps_cppExport.cmake
[4.363s] -- Installing: /home/zp/ros2/sim/install/example_ros2_interfaces/share/example_ros2_interfaces/cmake/export_example_ros2_interfaces__rosidl_typesupport_fastrtps_cppExport-noconfig.cmake
[4.363s] -- Installing: /home/zp/ros2/sim/install/example_ros2_interfaces/share/example_ros2_interfaces/cmake/example_ros2_interfaces__rosidl_typesupport_introspection_cppExport.cmake
[4.363s] -- Installing: /home/zp/ros2/sim/install/example_ros2_interfaces/share/example_ros2_interfaces/cmake/example_ros2_interfaces__rosidl_typesupport_introspection_cppExport-noconfig.cmake
[4.363s] -- Installing: /home/zp/ros2/sim/install/example_ros2_interfaces/share/example_ros2_interfaces/cmake/example_ros2_interfaces__rosidl_typesupport_cppExport.cmake
[4.363s] -- Installing: /home/zp/ros2/sim/install/example_ros2_interfaces/share/example_ros2_interfaces/cmake/example_ros2_interfaces__rosidl_typesupport_cppExport-noconfig.cmake
[4.363s] -- Installing: /home/zp/ros2/sim/install/example_ros2_interfaces/share/example_ros2_interfaces/cmake/export_example_ros2_interfaces__rosidl_generator_pyExport.cmake
[4.364s] -- Installing: /home/zp/ros2/sim/install/example_ros2_interfaces/share/example_ros2_interfaces/cmake/export_example_ros2_interfaces__rosidl_generator_pyExport-noconfig.cmake
[4.364s] -- Installing: /home/zp/ros2/sim/install/example_ros2_interfaces/share/example_ros2_interfaces/cmake/rosidl_cmake-extras.cmake
[4.364s] -- Installing: /home/zp/ros2/sim/install/example_ros2_interfaces/share/example_ros2_interfaces/cmake/ament_cmake_export_dependencies-extras.cmake
[4.364s] -- Installing: /home/zp/ros2/sim/install/example_ros2_interfaces/share/example_ros2_interfaces/cmake/ament_cmake_export_include_directories-extras.cmake
[4.364s] -- Installing: /home/zp/ros2/sim/install/example_ros2_interfaces/share/example_ros2_interfaces/cmake/ament_cmake_export_libraries-extras.cmake
[4.364s] -- Installing: /home/zp/ros2/sim/install/example_ros2_interfaces/share/example_ros2_interfaces/cmake/ament_cmake_export_targets-extras.cmake
[4.364s] -- Installing: /home/zp/ros2/sim/install/example_ros2_interfaces/share/example_ros2_interfaces/cmake/rosidl_cmake_export_typesupport_targets-extras.cmake
[4.364s] -- Installing: /home/zp/ros2/sim/install/example_ros2_interfaces/share/example_ros2_interfaces/cmake/rosidl_cmake_export_typesupport_libraries-extras.cmake
[4.364s] -- Installing: /home/zp/ros2/sim/install/example_ros2_interfaces/share/example_ros2_interfaces/cmake/example_ros2_interfacesConfig.cmake
[4.364s] -- Installing: /home/zp/ros2/sim/install/example_ros2_interfaces/share/example_ros2_interfaces/cmake/example_ros2_interfacesConfig-version.cmake
[4.364s] -- Installing: /home/zp/ros2/sim/install/example_ros2_interfaces/share/example_ros2_interfaces/package.xml
[4.366s] Invoked command in '/home/zp/ros2/sim/build/example_ros2_interfaces' returned '0': CMAKE_PREFIX_PATH=${CMAKE_PREFIX_PATH}:/home/zp/ros2/sim/install/my_motion_example:/opt/ros/humble /usr/bin/cmake --install /home/zp/ros2/sim/build/example_ros2_interfaces
