[  9%] Built target new_interface__rosidl_generator_c
[ 12%] Built target new_interface__cpp
[ 12%] Built target ament_cmake_python_copy_new_interface
[ 22%] Built target new_interface__rosidl_typesupport_c
[ 32%] Built target new_interface__rosidl_typesupport_introspection_c
[ 41%] Built target new_interface__rosidl_typesupport_fastrtps_c
[ 58%] Built target new_interface__rosidl_typesupport_introspection_cpp
[ 61%] Built target new_interface__rosidl_typesupport_cpp
[ 70%] Built target new_interface__rosidl_typesupport_fastrtps_cpp
[ 70%] Built target new_interface
[ 74%] Built target new_interface__py
[ 80%] Built target new_interface__rosidl_generator_py
[ 87%] Built target new_interface__rosidl_typesupport_fastrtps_c__pyext
[ 93%] Built target new_interface__rosidl_typesupport_introspection_c__pyext
[100%] Built target new_interface__rosidl_typesupport_c__pyext
running egg_info
writing new_interface.egg-info/PKG-INFO
writing dependency_links to new_interface.egg-info/dependency_links.txt
writing top-level names to new_interface.egg-info/top_level.txt
reading manifest file 'new_interface.egg-info/SOURCES.txt'
writing manifest file 'new_interface.egg-info/SOURCES.txt'
[100%] Built target ament_cmake_python_build_new_interface_egg
-- Install configuration: ""
-- Up-to-date: /home/zp/ros2/sim/install/new_interface/share/ament_index/resource_index/rosidl_interfaces/new_interface
-- Up-to-date: /home/zp/ros2/sim/install/new_interface/include/new_interface/new_interface
-- Up-to-date: /home/zp/ros2/sim/install/new_interface/include/new_interface/new_interface/action
-- Up-to-date: /home/zp/ros2/sim/install/new_interface/include/new_interface/new_interface/action/move_robot.h
-- Up-to-date: /home/zp/ros2/sim/install/new_interface/include/new_interface/new_interface/action/detail
-- Up-to-date: /home/zp/ros2/sim/install/new_interface/include/new_interface/new_interface/action/detail/move_robot__type_support.h
-- Up-to-date: /home/zp/ros2/sim/install/new_interface/include/new_interface/new_interface/action/detail/move_robot__functions.c
-- Up-to-date: /home/zp/ros2/sim/install/new_interface/include/new_interface/new_interface/action/detail/move_robot__functions.h
-- Up-to-date: /home/zp/ros2/sim/install/new_interface/include/new_interface/new_interface/action/detail/move_robot__struct.h
-- Up-to-date: /home/zp/ros2/sim/install/new_interface/include/new_interface/new_interface/msg
-- Up-to-date: /home/zp/ros2/sim/install/new_interface/include/new_interface/new_interface/msg/rosidl_generator_c__visibility_control.h
-- Up-to-date: /home/zp/ros2/sim/install/new_interface/share/new_interface/environment/library_path.sh
-- Up-to-date: /home/zp/ros2/sim/install/new_interface/share/new_interface/environment/library_path.dsv
-- Up-to-date: /home/zp/ros2/sim/install/new_interface/lib/libnew_interface__rosidl_generator_c.so
-- Up-to-date: /home/zp/ros2/sim/install/new_interface/include/new_interface/new_interface
-- Up-to-date: /home/zp/ros2/sim/install/new_interface/include/new_interface/new_interface/action
-- Up-to-date: /home/zp/ros2/sim/install/new_interface/include/new_interface/new_interface/action/detail
-- Up-to-date: /home/zp/ros2/sim/install/new_interface/include/new_interface/new_interface/action/detail/move_robot__rosidl_typesupport_fastrtps_c.h
-- Up-to-date: /home/zp/ros2/sim/install/new_interface/include/new_interface/new_interface/msg
-- Up-to-date: /home/zp/ros2/sim/install/new_interface/include/new_interface/new_interface/msg/rosidl_typesupport_fastrtps_c__visibility_control.h
-- Up-to-date: /home/zp/ros2/sim/install/new_interface/lib/libnew_interface__rosidl_typesupport_fastrtps_c.so
-- Up-to-date: /home/zp/ros2/sim/install/new_interface/include/new_interface/new_interface
-- Up-to-date: /home/zp/ros2/sim/install/new_interface/include/new_interface/new_interface/action
-- Up-to-date: /home/zp/ros2/sim/install/new_interface/include/new_interface/new_interface/action/detail
-- Up-to-date: /home/zp/ros2/sim/install/new_interface/include/new_interface/new_interface/action/detail/move_robot__rosidl_typesupport_introspection_c.h
-- Up-to-date: /home/zp/ros2/sim/install/new_interface/include/new_interface/new_interface/action/detail/move_robot__type_support.c
-- Up-to-date: /home/zp/ros2/sim/install/new_interface/include/new_interface/new_interface/msg
-- Up-to-date: /home/zp/ros2/sim/install/new_interface/include/new_interface/new_interface/msg/rosidl_typesupport_introspection_c__visibility_control.h
-- Up-to-date: /home/zp/ros2/sim/install/new_interface/lib/libnew_interface__rosidl_typesupport_introspection_c.so
-- Up-to-date: /home/zp/ros2/sim/install/new_interface/lib/libnew_interface__rosidl_typesupport_c.so
-- Up-to-date: /home/zp/ros2/sim/install/new_interface/include/new_interface/new_interface
-- Up-to-date: /home/zp/ros2/sim/install/new_interface/include/new_interface/new_interface/action
-- Up-to-date: /home/zp/ros2/sim/install/new_interface/include/new_interface/new_interface/action/move_robot.hpp
-- Up-to-date: /home/zp/ros2/sim/install/new_interface/include/new_interface/new_interface/action/detail
-- Up-to-date: /home/zp/ros2/sim/install/new_interface/include/new_interface/new_interface/action/detail/move_robot__builder.hpp
-- Up-to-date: /home/zp/ros2/sim/install/new_interface/include/new_interface/new_interface/action/detail/move_robot__type_support.hpp
-- Up-to-date: /home/zp/ros2/sim/install/new_interface/include/new_interface/new_interface/action/detail/move_robot__traits.hpp
-- Up-to-date: /home/zp/ros2/sim/install/new_interface/include/new_interface/new_interface/action/detail/move_robot__struct.hpp
-- Up-to-date: /home/zp/ros2/sim/install/new_interface/include/new_interface/new_interface/msg
-- Up-to-date: /home/zp/ros2/sim/install/new_interface/include/new_interface/new_interface/msg/rosidl_generator_cpp__visibility_control.hpp
-- Up-to-date: /home/zp/ros2/sim/install/new_interface/include/new_interface/new_interface
-- Up-to-date: /home/zp/ros2/sim/install/new_interface/include/new_interface/new_interface/action
-- Up-to-date: /home/zp/ros2/sim/install/new_interface/include/new_interface/new_interface/action/detail
-- Up-to-date: /home/zp/ros2/sim/install/new_interface/include/new_interface/new_interface/action/detail/dds_fastrtps
-- Up-to-date: /home/zp/ros2/sim/install/new_interface/include/new_interface/new_interface/action/detail/move_robot__rosidl_typesupport_fastrtps_cpp.hpp
-- Up-to-date: /home/zp/ros2/sim/install/new_interface/include/new_interface/new_interface/msg
-- Up-to-date: /home/zp/ros2/sim/install/new_interface/include/new_interface/new_interface/msg/rosidl_typesupport_fastrtps_cpp__visibility_control.h
-- Up-to-date: /home/zp/ros2/sim/install/new_interface/lib/libnew_interface__rosidl_typesupport_fastrtps_cpp.so
-- Up-to-date: /home/zp/ros2/sim/install/new_interface/include/new_interface/new_interface
-- Up-to-date: /home/zp/ros2/sim/install/new_interface/include/new_interface/new_interface/action
-- Up-to-date: /home/zp/ros2/sim/install/new_interface/include/new_interface/new_interface/action/detail
-- Up-to-date: /home/zp/ros2/sim/install/new_interface/include/new_interface/new_interface/action/detail/move_robot__type_support.cpp
-- Up-to-date: /home/zp/ros2/sim/install/new_interface/include/new_interface/new_interface/action/detail/move_robot__rosidl_typesupport_introspection_cpp.hpp
-- Up-to-date: /home/zp/ros2/sim/install/new_interface/lib/libnew_interface__rosidl_typesupport_introspection_cpp.so
-- Up-to-date: /home/zp/ros2/sim/install/new_interface/lib/libnew_interface__rosidl_typesupport_cpp.so
-- Up-to-date: /home/zp/ros2/sim/install/new_interface/share/new_interface/environment/pythonpath.sh
-- Up-to-date: /home/zp/ros2/sim/install/new_interface/share/new_interface/environment/pythonpath.dsv
-- Up-to-date: /home/zp/ros2/sim/install/new_interface/local/lib/python3.10/dist-packages/new_interface-0.0.0-py3.10.egg-info
-- Installing: /home/zp/ros2/sim/install/new_interface/local/lib/python3.10/dist-packages/new_interface-0.0.0-py3.10.egg-info/SOURCES.txt
-- Installing: /home/zp/ros2/sim/install/new_interface/local/lib/python3.10/dist-packages/new_interface-0.0.0-py3.10.egg-info/top_level.txt
-- Installing: /home/zp/ros2/sim/install/new_interface/local/lib/python3.10/dist-packages/new_interface-0.0.0-py3.10.egg-info/PKG-INFO
-- Installing: /home/zp/ros2/sim/install/new_interface/local/lib/python3.10/dist-packages/new_interface-0.0.0-py3.10.egg-info/dependency_links.txt
-- Up-to-date: /home/zp/ros2/sim/install/new_interface/local/lib/python3.10/dist-packages/new_interface
-- Up-to-date: /home/zp/ros2/sim/install/new_interface/local/lib/python3.10/dist-packages/new_interface/_new_interface_s.ep.rosidl_typesupport_introspection_c.c
-- Up-to-date: /home/zp/ros2/sim/install/new_interface/local/lib/python3.10/dist-packages/new_interface/libnew_interface__rosidl_generator_py.so
-- Up-to-date: /home/zp/ros2/sim/install/new_interface/local/lib/python3.10/dist-packages/new_interface/new_interface_s__rosidl_typesupport_c.cpython-310-x86_64-linux-gnu.so
-- Up-to-date: /home/zp/ros2/sim/install/new_interface/local/lib/python3.10/dist-packages/new_interface/_new_interface_s.ep.rosidl_typesupport_fastrtps_c.c
-- Up-to-date: /home/zp/ros2/sim/install/new_interface/local/lib/python3.10/dist-packages/new_interface/new_interface_s__rosidl_typesupport_fastrtps_c.cpython-310-x86_64-linux-gnu.so
-- Up-to-date: /home/zp/ros2/sim/install/new_interface/local/lib/python3.10/dist-packages/new_interface/new_interface_s__rosidl_typesupport_introspection_c.cpython-310-x86_64-linux-gnu.so
-- Up-to-date: /home/zp/ros2/sim/install/new_interface/local/lib/python3.10/dist-packages/new_interface/__init__.py
-- Up-to-date: /home/zp/ros2/sim/install/new_interface/local/lib/python3.10/dist-packages/new_interface/action
-- Up-to-date: /home/zp/ros2/sim/install/new_interface/local/lib/python3.10/dist-packages/new_interface/action/_move_robot.py
-- Up-to-date: /home/zp/ros2/sim/install/new_interface/local/lib/python3.10/dist-packages/new_interface/action/__init__.py
-- Up-to-date: /home/zp/ros2/sim/install/new_interface/local/lib/python3.10/dist-packages/new_interface/action/_move_robot_s.c
-- Up-to-date: /home/zp/ros2/sim/install/new_interface/local/lib/python3.10/dist-packages/new_interface/_new_interface_s.ep.rosidl_typesupport_c.c
Listing '/home/zp/ros2/sim/install/new_interface/local/lib/python3.10/dist-packages/new_interface'...
Listing '/home/zp/ros2/sim/install/new_interface/local/lib/python3.10/dist-packages/new_interface/action'...
-- Up-to-date: /home/zp/ros2/sim/install/new_interface/local/lib/python3.10/dist-packages/new_interface/new_interface_s__rosidl_typesupport_fastrtps_c.cpython-310-x86_64-linux-gnu.so
-- Up-to-date: /home/zp/ros2/sim/install/new_interface/local/lib/python3.10/dist-packages/new_interface/new_interface_s__rosidl_typesupport_introspection_c.cpython-310-x86_64-linux-gnu.so
-- Up-to-date: /home/zp/ros2/sim/install/new_interface/local/lib/python3.10/dist-packages/new_interface/new_interface_s__rosidl_typesupport_c.cpython-310-x86_64-linux-gnu.so
-- Up-to-date: /home/zp/ros2/sim/install/new_interface/lib/libnew_interface__rosidl_generator_py.so
-- Up-to-date: /home/zp/ros2/sim/install/new_interface/share/new_interface/action/MoveRobot.idl
-- Up-to-date: /home/zp/ros2/sim/install/new_interface/share/new_interface/action/MoveRobot.action
-- Up-to-date: /home/zp/ros2/sim/install/new_interface/share/ament_index/resource_index/package_run_dependencies/new_interface
-- Up-to-date: /home/zp/ros2/sim/install/new_interface/share/ament_index/resource_index/parent_prefix_path/new_interface
-- Up-to-date: /home/zp/ros2/sim/install/new_interface/share/new_interface/environment/ament_prefix_path.sh
-- Up-to-date: /home/zp/ros2/sim/install/new_interface/share/new_interface/environment/ament_prefix_path.dsv
-- Up-to-date: /home/zp/ros2/sim/install/new_interface/share/new_interface/environment/path.sh
-- Up-to-date: /home/zp/ros2/sim/install/new_interface/share/new_interface/environment/path.dsv
-- Up-to-date: /home/zp/ros2/sim/install/new_interface/share/new_interface/local_setup.bash
-- Up-to-date: /home/zp/ros2/sim/install/new_interface/share/new_interface/local_setup.sh
-- Up-to-date: /home/zp/ros2/sim/install/new_interface/share/new_interface/local_setup.zsh
-- Up-to-date: /home/zp/ros2/sim/install/new_interface/share/new_interface/local_setup.dsv
-- Installing: /home/zp/ros2/sim/install/new_interface/share/new_interface/package.dsv
-- Up-to-date: /home/zp/ros2/sim/install/new_interface/share/ament_index/resource_index/packages/new_interface
-- Up-to-date: /home/zp/ros2/sim/install/new_interface/share/new_interface/cmake/export_new_interface__rosidl_generator_cExport.cmake
-- Up-to-date: /home/zp/ros2/sim/install/new_interface/share/new_interface/cmake/export_new_interface__rosidl_generator_cExport-noconfig.cmake
-- Up-to-date: /home/zp/ros2/sim/install/new_interface/share/new_interface/cmake/export_new_interface__rosidl_typesupport_fastrtps_cExport.cmake
-- Up-to-date: /home/zp/ros2/sim/install/new_interface/share/new_interface/cmake/export_new_interface__rosidl_typesupport_fastrtps_cExport-noconfig.cmake
-- Up-to-date: /home/zp/ros2/sim/install/new_interface/share/new_interface/cmake/new_interface__rosidl_typesupport_introspection_cExport.cmake
-- Up-to-date: /home/zp/ros2/sim/install/new_interface/share/new_interface/cmake/new_interface__rosidl_typesupport_introspection_cExport-noconfig.cmake
-- Up-to-date: /home/zp/ros2/sim/install/new_interface/share/new_interface/cmake/new_interface__rosidl_typesupport_cExport.cmake
-- Up-to-date: /home/zp/ros2/sim/install/new_interface/share/new_interface/cmake/new_interface__rosidl_typesupport_cExport-noconfig.cmake
-- Up-to-date: /home/zp/ros2/sim/install/new_interface/share/new_interface/cmake/export_new_interface__rosidl_generator_cppExport.cmake
-- Up-to-date: /home/zp/ros2/sim/install/new_interface/share/new_interface/cmake/export_new_interface__rosidl_typesupport_fastrtps_cppExport.cmake
-- Up-to-date: /home/zp/ros2/sim/install/new_interface/share/new_interface/cmake/export_new_interface__rosidl_typesupport_fastrtps_cppExport-noconfig.cmake
-- Up-to-date: /home/zp/ros2/sim/install/new_interface/share/new_interface/cmake/new_interface__rosidl_typesupport_introspection_cppExport.cmake
-- Up-to-date: /home/zp/ros2/sim/install/new_interface/share/new_interface/cmake/new_interface__rosidl_typesupport_introspection_cppExport-noconfig.cmake
-- Up-to-date: /home/zp/ros2/sim/install/new_interface/share/new_interface/cmake/new_interface__rosidl_typesupport_cppExport.cmake
-- Up-to-date: /home/zp/ros2/sim/install/new_interface/share/new_interface/cmake/new_interface__rosidl_typesupport_cppExport-noconfig.cmake
-- Up-to-date: /home/zp/ros2/sim/install/new_interface/share/new_interface/cmake/export_new_interface__rosidl_generator_pyExport.cmake
-- Up-to-date: /home/zp/ros2/sim/install/new_interface/share/new_interface/cmake/export_new_interface__rosidl_generator_pyExport-noconfig.cmake
-- Up-to-date: /home/zp/ros2/sim/install/new_interface/share/new_interface/cmake/rosidl_cmake-extras.cmake
-- Up-to-date: /home/zp/ros2/sim/install/new_interface/share/new_interface/cmake/ament_cmake_export_dependencies-extras.cmake
-- Up-to-date: /home/zp/ros2/sim/install/new_interface/share/new_interface/cmake/ament_cmake_export_include_directories-extras.cmake
-- Up-to-date: /home/zp/ros2/sim/install/new_interface/share/new_interface/cmake/ament_cmake_export_libraries-extras.cmake
-- Up-to-date: /home/zp/ros2/sim/install/new_interface/share/new_interface/cmake/ament_cmake_export_targets-extras.cmake
-- Up-to-date: /home/zp/ros2/sim/install/new_interface/share/new_interface/cmake/rosidl_cmake_export_typesupport_targets-extras.cmake
-- Up-to-date: /home/zp/ros2/sim/install/new_interface/share/new_interface/cmake/rosidl_cmake_export_typesupport_libraries-extras.cmake
-- Up-to-date: /home/zp/ros2/sim/install/new_interface/share/new_interface/cmake/new_interfaceConfig.cmake
-- Up-to-date: /home/zp/ros2/sim/install/new_interface/share/new_interface/cmake/new_interfaceConfig-version.cmake
-- Up-to-date: /home/zp/ros2/sim/install/new_interface/share/new_interface/package.xml
