[0.586s] Invoking command in '/home/zp/ros2/sim/build/new_interface': CMAKE_PREFIX_PATH=${CMAKE_PREFIX_PATH}:/home/zp/ros2/sim/install/my_motion_example:/home/zp/ros2/sim/install/go2_control:/opt/ros/humble /usr/bin/cmake --build /home/zp/ros2/sim/build/new_interface -- -j20 -l20
[0.629s] [35m[1mConsolidate compiler generated dependencies of target new_interface__rosidl_generator_c[0m
[0.678s] [  3%] Built target new_interface__cpp
[0.730s] [ 12%] Built target new_interface__rosidl_generator_c
[0.737s] [35m[1mConsolidate compiler generated dependencies of target new_interface__rosidl_typesupport_introspection_cpp[0m
[0.737s] [35m[1mConsolidate compiler generated dependencies of target new_interface__rosidl_typesupport_fastrtps_cpp[0m
[0.737s] [35m[1mConsolidate compiler generated dependencies of target new_interface__rosidl_typesupport_cpp[0m
[0.747s] [ 12%] Built target ament_cmake_python_copy_new_interface
[0.747s] [35m[1mConsolidate compiler generated dependencies of target new_interface__rosidl_typesupport_c[0m
[0.748s] [35m[1mConsolidate compiler generated dependencies of target new_interface__rosidl_typesupport_fastrtps_c[0m
[0.757s] [35m[1mConsolidate compiler generated dependencies of target new_interface__rosidl_typesupport_introspection_c[0m
[0.764s] [ 25%] Built target new_interface__rosidl_typesupport_introspection_cpp
[0.764s] [ 32%] Built target new_interface__rosidl_typesupport_cpp
[0.765s] [ 41%] Built target new_interface__rosidl_typesupport_fastrtps_cpp
[0.765s] [ 51%] Built target new_interface__rosidl_typesupport_c
[0.765s] [ 61%] Built target new_interface__rosidl_typesupport_introspection_c
[0.765s] [ 70%] Built target new_interface__rosidl_typesupport_fastrtps_c
[0.765s] [ 70%] Built target new_interface
[0.776s] [ 74%] Built target new_interface__py
[0.782s] [35m[1mConsolidate compiler generated dependencies of target new_interface__rosidl_generator_py[0m
[0.782s] [ 80%] Built target new_interface__rosidl_generator_py
[0.786s] [35m[1mConsolidate compiler generated dependencies of target new_interface__rosidl_typesupport_introspection_c__pyext[0m
[0.786s] [35m[1mConsolidate compiler generated dependencies of target new_interface__rosidl_typesupport_c__pyext[0m
[0.786s] [35m[1mConsolidate compiler generated dependencies of target new_interface__rosidl_typesupport_fastrtps_c__pyext[0m
[0.787s] [ 87%] Built target new_interface__rosidl_typesupport_introspection_c__pyext
[0.790s] [100%] Built target new_interface__rosidl_typesupport_fastrtps_c__pyext
[0.791s] [100%] Built target new_interface__rosidl_typesupport_c__pyext
[0.944s] running egg_info
[0.945s] writing new_interface.egg-info/PKG-INFO
[0.947s] writing dependency_links to new_interface.egg-info/dependency_links.txt
[0.947s] writing top-level names to new_interface.egg-info/top_level.txt
[0.951s] reading manifest file 'new_interface.egg-info/SOURCES.txt'
[0.953s] writing manifest file 'new_interface.egg-info/SOURCES.txt'
[1.009s] [100%] Built target ament_cmake_python_build_new_interface_egg
[1.022s] Invoked command in '/home/zp/ros2/sim/build/new_interface' returned '0': CMAKE_PREFIX_PATH=${CMAKE_PREFIX_PATH}:/home/zp/ros2/sim/install/my_motion_example:/home/zp/ros2/sim/install/go2_control:/opt/ros/humble /usr/bin/cmake --build /home/zp/ros2/sim/build/new_interface -- -j20 -l20
[1.024s] Invoking command in '/home/zp/ros2/sim/build/new_interface': CMAKE_PREFIX_PATH=${CMAKE_PREFIX_PATH}:/home/zp/ros2/sim/install/my_motion_example:/home/zp/ros2/sim/install/go2_control:/opt/ros/humble /usr/bin/cmake --install /home/zp/ros2/sim/build/new_interface
[1.031s] -- Install configuration: ""
[1.031s] -- Up-to-date: /home/zp/ros2/sim/install/new_interface/share/ament_index/resource_index/rosidl_interfaces/new_interface
[1.031s] -- Up-to-date: /home/zp/ros2/sim/install/new_interface/include/new_interface/new_interface
[1.032s] -- Up-to-date: /home/zp/ros2/sim/install/new_interface/include/new_interface/new_interface/action
[1.032s] -- Up-to-date: /home/zp/ros2/sim/install/new_interface/include/new_interface/new_interface/action/move_robot.h
[1.032s] -- Up-to-date: /home/zp/ros2/sim/install/new_interface/include/new_interface/new_interface/action/detail
[1.032s] -- Up-to-date: /home/zp/ros2/sim/install/new_interface/include/new_interface/new_interface/action/detail/move_robot__type_support.h
[1.033s] -- Up-to-date: /home/zp/ros2/sim/install/new_interface/include/new_interface/new_interface/action/detail/move_robot__functions.c
[1.033s] -- Up-to-date: /home/zp/ros2/sim/install/new_interface/include/new_interface/new_interface/action/detail/move_robot__functions.h
[1.033s] -- Up-to-date: /home/zp/ros2/sim/install/new_interface/include/new_interface/new_interface/action/detail/move_robot__struct.h
[1.033s] -- Up-to-date: /home/zp/ros2/sim/install/new_interface/include/new_interface/new_interface/msg
[1.034s] -- Up-to-date: /home/zp/ros2/sim/install/new_interface/include/new_interface/new_interface/msg/rosidl_generator_c__visibility_control.h
[1.034s] -- Up-to-date: /home/zp/ros2/sim/install/new_interface/share/new_interface/environment/library_path.sh
[1.034s] -- Up-to-date: /home/zp/ros2/sim/install/new_interface/share/new_interface/environment/library_path.dsv
[1.035s] -- Up-to-date: /home/zp/ros2/sim/install/new_interface/lib/libnew_interface__rosidl_generator_c.so
[1.036s] -- Up-to-date: /home/zp/ros2/sim/install/new_interface/include/new_interface/new_interface
[1.036s] -- Up-to-date: /home/zp/ros2/sim/install/new_interface/include/new_interface/new_interface/action
[1.036s] -- Up-to-date: /home/zp/ros2/sim/install/new_interface/include/new_interface/new_interface/action/detail
[1.037s] -- Up-to-date: /home/zp/ros2/sim/install/new_interface/include/new_interface/new_interface/action/detail/move_robot__rosidl_typesupport_fastrtps_c.h
[1.037s] -- Up-to-date: /home/zp/ros2/sim/install/new_interface/include/new_interface/new_interface/msg
[1.037s] -- Up-to-date: /home/zp/ros2/sim/install/new_interface/include/new_interface/new_interface/msg/rosidl_typesupport_fastrtps_c__visibility_control.h
[1.038s] -- Up-to-date: /home/zp/ros2/sim/install/new_interface/lib/libnew_interface__rosidl_typesupport_fastrtps_c.so
[1.038s] -- Up-to-date: /home/zp/ros2/sim/install/new_interface/include/new_interface/new_interface
[1.038s] -- Up-to-date: /home/zp/ros2/sim/install/new_interface/include/new_interface/new_interface/action
[1.039s] -- Up-to-date: /home/zp/ros2/sim/install/new_interface/include/new_interface/new_interface/action/detail
[1.039s] -- Up-to-date: /home/zp/ros2/sim/install/new_interface/include/new_interface/new_interface/action/detail/move_robot__rosidl_typesupport_introspection_c.h
[1.039s] -- Up-to-date: /home/zp/ros2/sim/install/new_interface/include/new_interface/new_interface/action/detail/move_robot__type_support.c
[1.039s] -- Up-to-date: /home/zp/ros2/sim/install/new_interface/include/new_interface/new_interface/msg
[1.039s] -- Up-to-date: /home/zp/ros2/sim/install/new_interface/include/new_interface/new_interface/msg/rosidl_typesupport_introspection_c__visibility_control.h
[1.040s] -- Up-to-date: /home/zp/ros2/sim/install/new_interface/lib/libnew_interface__rosidl_typesupport_introspection_c.so
[1.041s] -- Up-to-date: /home/zp/ros2/sim/install/new_interface/lib/libnew_interface__rosidl_typesupport_c.so
[1.041s] -- Up-to-date: /home/zp/ros2/sim/install/new_interface/include/new_interface/new_interface
[1.041s] -- Up-to-date: /home/zp/ros2/sim/install/new_interface/include/new_interface/new_interface/action
[1.041s] -- Up-to-date: /home/zp/ros2/sim/install/new_interface/include/new_interface/new_interface/action/move_robot.hpp
[1.042s] -- Up-to-date: /home/zp/ros2/sim/install/new_interface/include/new_interface/new_interface/action/detail
[1.042s] -- Up-to-date: /home/zp/ros2/sim/install/new_interface/include/new_interface/new_interface/action/detail/move_robot__builder.hpp
[1.042s] -- Up-to-date: /home/zp/ros2/sim/install/new_interface/include/new_interface/new_interface/action/detail/move_robot__type_support.hpp
[1.042s] -- Up-to-date: /home/zp/ros2/sim/install/new_interface/include/new_interface/new_interface/action/detail/move_robot__traits.hpp
[1.042s] -- Up-to-date: /home/zp/ros2/sim/install/new_interface/include/new_interface/new_interface/action/detail/move_robot__struct.hpp
[1.042s] -- Up-to-date: /home/zp/ros2/sim/install/new_interface/include/new_interface/new_interface/msg
[1.042s] -- Up-to-date: /home/zp/ros2/sim/install/new_interface/include/new_interface/new_interface/msg/rosidl_generator_cpp__visibility_control.hpp
[1.042s] -- Up-to-date: /home/zp/ros2/sim/install/new_interface/include/new_interface/new_interface
[1.043s] -- Up-to-date: /home/zp/ros2/sim/install/new_interface/include/new_interface/new_interface/action
[1.043s] -- Up-to-date: /home/zp/ros2/sim/install/new_interface/include/new_interface/new_interface/action/detail
[1.043s] -- Up-to-date: /home/zp/ros2/sim/install/new_interface/include/new_interface/new_interface/action/detail/dds_fastrtps
[1.043s] -- Up-to-date: /home/zp/ros2/sim/install/new_interface/include/new_interface/new_interface/action/detail/move_robot__rosidl_typesupport_fastrtps_cpp.hpp
[1.043s] -- Up-to-date: /home/zp/ros2/sim/install/new_interface/include/new_interface/new_interface/msg
[1.044s] -- Up-to-date: /home/zp/ros2/sim/install/new_interface/include/new_interface/new_interface/msg/rosidl_typesupport_fastrtps_cpp__visibility_control.h
[1.045s] -- Up-to-date: /home/zp/ros2/sim/install/new_interface/lib/libnew_interface__rosidl_typesupport_fastrtps_cpp.so
[1.045s] -- Up-to-date: /home/zp/ros2/sim/install/new_interface/include/new_interface/new_interface
[1.045s] -- Up-to-date: /home/zp/ros2/sim/install/new_interface/include/new_interface/new_interface/action
[1.045s] -- Up-to-date: /home/zp/ros2/sim/install/new_interface/include/new_interface/new_interface/action/detail
[1.046s] -- Up-to-date: /home/zp/ros2/sim/install/new_interface/include/new_interface/new_interface/action/detail/move_robot__type_support.cpp
[1.046s] -- Up-to-date: /home/zp/ros2/sim/install/new_interface/include/new_interface/new_interface/action/detail/move_robot__rosidl_typesupport_introspection_cpp.hpp
[1.046s] -- Up-to-date: /home/zp/ros2/sim/install/new_interface/lib/libnew_interface__rosidl_typesupport_introspection_cpp.so
[1.048s] -- Up-to-date: /home/zp/ros2/sim/install/new_interface/lib/libnew_interface__rosidl_typesupport_cpp.so
[1.048s] -- Up-to-date: /home/zp/ros2/sim/install/new_interface/share/new_interface/environment/pythonpath.sh
[1.048s] -- Up-to-date: /home/zp/ros2/sim/install/new_interface/share/new_interface/environment/pythonpath.dsv
[1.048s] -- Up-to-date: /home/zp/ros2/sim/install/new_interface/local/lib/python3.10/dist-packages/new_interface-0.0.0-py3.10.egg-info
[1.049s] -- Installing: /home/zp/ros2/sim/install/new_interface/local/lib/python3.10/dist-packages/new_interface-0.0.0-py3.10.egg-info/SOURCES.txt
[1.049s] -- Installing: /home/zp/ros2/sim/install/new_interface/local/lib/python3.10/dist-packages/new_interface-0.0.0-py3.10.egg-info/top_level.txt
[1.050s] -- Installing: /home/zp/ros2/sim/install/new_interface/local/lib/python3.10/dist-packages/new_interface-0.0.0-py3.10.egg-info/PKG-INFO
[1.050s] -- Installing: /home/zp/ros2/sim/install/new_interface/local/lib/python3.10/dist-packages/new_interface-0.0.0-py3.10.egg-info/dependency_links.txt
[1.050s] -- Up-to-date: /home/zp/ros2/sim/install/new_interface/local/lib/python3.10/dist-packages/new_interface
[1.050s] -- Up-to-date: /home/zp/ros2/sim/install/new_interface/local/lib/python3.10/dist-packages/new_interface/_new_interface_s.ep.rosidl_typesupport_introspection_c.c
[1.051s] -- Up-to-date: /home/zp/ros2/sim/install/new_interface/local/lib/python3.10/dist-packages/new_interface/libnew_interface__rosidl_generator_py.so
[1.051s] -- Up-to-date: /home/zp/ros2/sim/install/new_interface/local/lib/python3.10/dist-packages/new_interface/new_interface_s__rosidl_typesupport_c.cpython-310-x86_64-linux-gnu.so
[1.051s] -- Up-to-date: /home/zp/ros2/sim/install/new_interface/local/lib/python3.10/dist-packages/new_interface/_new_interface_s.ep.rosidl_typesupport_fastrtps_c.c
[1.051s] -- Up-to-date: /home/zp/ros2/sim/install/new_interface/local/lib/python3.10/dist-packages/new_interface/new_interface_s__rosidl_typesupport_fastrtps_c.cpython-310-x86_64-linux-gnu.so
[1.051s] -- Up-to-date: /home/zp/ros2/sim/install/new_interface/local/lib/python3.10/dist-packages/new_interface/new_interface_s__rosidl_typesupport_introspection_c.cpython-310-x86_64-linux-gnu.so
[1.051s] -- Up-to-date: /home/zp/ros2/sim/install/new_interface/local/lib/python3.10/dist-packages/new_interface/__init__.py
[1.051s] -- Up-to-date: /home/zp/ros2/sim/install/new_interface/local/lib/python3.10/dist-packages/new_interface/action
[1.051s] -- Up-to-date: /home/zp/ros2/sim/install/new_interface/local/lib/python3.10/dist-packages/new_interface/action/_move_robot.py
[1.051s] -- Up-to-date: /home/zp/ros2/sim/install/new_interface/local/lib/python3.10/dist-packages/new_interface/action/__init__.py
[1.051s] -- Up-to-date: /home/zp/ros2/sim/install/new_interface/local/lib/python3.10/dist-packages/new_interface/action/_move_robot_s.c
[1.051s] -- Up-to-date: /home/zp/ros2/sim/install/new_interface/local/lib/python3.10/dist-packages/new_interface/_new_interface_s.ep.rosidl_typesupport_c.c
[1.088s] Listing '/home/zp/ros2/sim/install/new_interface/local/lib/python3.10/dist-packages/new_interface'...
[1.088s] Listing '/home/zp/ros2/sim/install/new_interface/local/lib/python3.10/dist-packages/new_interface/action'...
[1.094s] -- Up-to-date: /home/zp/ros2/sim/install/new_interface/local/lib/python3.10/dist-packages/new_interface/new_interface_s__rosidl_typesupport_fastrtps_c.cpython-310-x86_64-linux-gnu.so
[1.095s] -- Up-to-date: /home/zp/ros2/sim/install/new_interface/local/lib/python3.10/dist-packages/new_interface/new_interface_s__rosidl_typesupport_introspection_c.cpython-310-x86_64-linux-gnu.so
[1.096s] -- Up-to-date: /home/zp/ros2/sim/install/new_interface/local/lib/python3.10/dist-packages/new_interface/new_interface_s__rosidl_typesupport_c.cpython-310-x86_64-linux-gnu.so
[1.097s] -- Up-to-date: /home/zp/ros2/sim/install/new_interface/lib/libnew_interface__rosidl_generator_py.so
[1.097s] -- Up-to-date: /home/zp/ros2/sim/install/new_interface/share/new_interface/action/MoveRobot.idl
[1.098s] -- Up-to-date: /home/zp/ros2/sim/install/new_interface/share/new_interface/action/MoveRobot.action
[1.098s] -- Up-to-date: /home/zp/ros2/sim/install/new_interface/share/ament_index/resource_index/package_run_dependencies/new_interface
[1.098s] -- Up-to-date: /home/zp/ros2/sim/install/new_interface/share/ament_index/resource_index/parent_prefix_path/new_interface
[1.098s] -- Up-to-date: /home/zp/ros2/sim/install/new_interface/share/new_interface/environment/ament_prefix_path.sh
[1.098s] -- Up-to-date: /home/zp/ros2/sim/install/new_interface/share/new_interface/environment/ament_prefix_path.dsv
[1.098s] -- Up-to-date: /home/zp/ros2/sim/install/new_interface/share/new_interface/environment/path.sh
[1.098s] -- Up-to-date: /home/zp/ros2/sim/install/new_interface/share/new_interface/environment/path.dsv
[1.098s] -- Up-to-date: /home/zp/ros2/sim/install/new_interface/share/new_interface/local_setup.bash
[1.098s] -- Up-to-date: /home/zp/ros2/sim/install/new_interface/share/new_interface/local_setup.sh
[1.098s] -- Up-to-date: /home/zp/ros2/sim/install/new_interface/share/new_interface/local_setup.zsh
[1.098s] -- Up-to-date: /home/zp/ros2/sim/install/new_interface/share/new_interface/local_setup.dsv
[1.098s] -- Installing: /home/zp/ros2/sim/install/new_interface/share/new_interface/package.dsv
[1.099s] -- Up-to-date: /home/zp/ros2/sim/install/new_interface/share/ament_index/resource_index/packages/new_interface
[1.100s] -- Up-to-date: /home/zp/ros2/sim/install/new_interface/share/new_interface/cmake/export_new_interface__rosidl_generator_cExport.cmake
[1.100s] -- Up-to-date: /home/zp/ros2/sim/install/new_interface/share/new_interface/cmake/export_new_interface__rosidl_generator_cExport-noconfig.cmake
[1.101s] -- Up-to-date: /home/zp/ros2/sim/install/new_interface/share/new_interface/cmake/export_new_interface__rosidl_typesupport_fastrtps_cExport.cmake
[1.101s] -- Up-to-date: /home/zp/ros2/sim/install/new_interface/share/new_interface/cmake/export_new_interface__rosidl_typesupport_fastrtps_cExport-noconfig.cmake
[1.102s] -- Up-to-date: /home/zp/ros2/sim/install/new_interface/share/new_interface/cmake/new_interface__rosidl_typesupport_introspection_cExport.cmake
[1.102s] -- Up-to-date: /home/zp/ros2/sim/install/new_interface/share/new_interface/cmake/new_interface__rosidl_typesupport_introspection_cExport-noconfig.cmake
[1.102s] -- Up-to-date: /home/zp/ros2/sim/install/new_interface/share/new_interface/cmake/new_interface__rosidl_typesupport_cExport.cmake
[1.102s] -- Up-to-date: /home/zp/ros2/sim/install/new_interface/share/new_interface/cmake/new_interface__rosidl_typesupport_cExport-noconfig.cmake
[1.103s] -- Up-to-date: /home/zp/ros2/sim/install/new_interface/share/new_interface/cmake/export_new_interface__rosidl_generator_cppExport.cmake
[1.103s] -- Up-to-date: /home/zp/ros2/sim/install/new_interface/share/new_interface/cmake/export_new_interface__rosidl_typesupport_fastrtps_cppExport.cmake
[1.103s] -- Up-to-date: /home/zp/ros2/sim/install/new_interface/share/new_interface/cmake/export_new_interface__rosidl_typesupport_fastrtps_cppExport-noconfig.cmake
[1.104s] -- Up-to-date: /home/zp/ros2/sim/install/new_interface/share/new_interface/cmake/new_interface__rosidl_typesupport_introspection_cppExport.cmake
[1.104s] -- Up-to-date: /home/zp/ros2/sim/install/new_interface/share/new_interface/cmake/new_interface__rosidl_typesupport_introspection_cppExport-noconfig.cmake
[1.105s] -- Up-to-date: /home/zp/ros2/sim/install/new_interface/share/new_interface/cmake/new_interface__rosidl_typesupport_cppExport.cmake
[1.105s] -- Up-to-date: /home/zp/ros2/sim/install/new_interface/share/new_interface/cmake/new_interface__rosidl_typesupport_cppExport-noconfig.cmake
[1.106s] -- Up-to-date: /home/zp/ros2/sim/install/new_interface/share/new_interface/cmake/export_new_interface__rosidl_generator_pyExport.cmake
[1.106s] -- Up-to-date: /home/zp/ros2/sim/install/new_interface/share/new_interface/cmake/export_new_interface__rosidl_generator_pyExport-noconfig.cmake
[1.106s] -- Up-to-date: /home/zp/ros2/sim/install/new_interface/share/new_interface/cmake/rosidl_cmake-extras.cmake
[1.106s] -- Up-to-date: /home/zp/ros2/sim/install/new_interface/share/new_interface/cmake/ament_cmake_export_dependencies-extras.cmake
[1.107s] -- Up-to-date: /home/zp/ros2/sim/install/new_interface/share/new_interface/cmake/ament_cmake_export_include_directories-extras.cmake
[1.107s] -- Up-to-date: /home/zp/ros2/sim/install/new_interface/share/new_interface/cmake/ament_cmake_export_libraries-extras.cmake
[1.107s] -- Up-to-date: /home/zp/ros2/sim/install/new_interface/share/new_interface/cmake/ament_cmake_export_targets-extras.cmake
[1.107s] -- Up-to-date: /home/zp/ros2/sim/install/new_interface/share/new_interface/cmake/rosidl_cmake_export_typesupport_targets-extras.cmake
[1.107s] -- Up-to-date: /home/zp/ros2/sim/install/new_interface/share/new_interface/cmake/rosidl_cmake_export_typesupport_libraries-extras.cmake
[1.107s] -- Up-to-date: /home/zp/ros2/sim/install/new_interface/share/new_interface/cmake/new_interfaceConfig.cmake
[1.107s] -- Up-to-date: /home/zp/ros2/sim/install/new_interface/share/new_interface/cmake/new_interfaceConfig-version.cmake
[1.107s] -- Up-to-date: /home/zp/ros2/sim/install/new_interface/share/new_interface/package.xml
[1.110s] Invoked command in '/home/zp/ros2/sim/build/new_interface' returned '0': CMAKE_PREFIX_PATH=${CMAKE_PREFIX_PATH}:/home/zp/ros2/sim/install/my_motion_example:/home/zp/ros2/sim/install/go2_control:/opt/ros/humble /usr/bin/cmake --install /home/zp/ros2/sim/build/new_interface
