[0.819s] Invoking command in '/home/zp/ros2/sim/src/unitree-go2-ros2/go2_control': PYTHONPATH=/home/zp/ros2/sim/build/go2_control/prefix_override:/usr/lib/python3/dist-packages/colcon_core/task/python/colcon_distutils_commands:/home/zp/ros2/sim/install/go2_control/lib/python3.10/site-packages:${PYTHONPATH} /usr/bin/python3 -W ignore:setup.py install is deprecated -W ignore:easy_install command is deprecated setup.py egg_info --egg-base ../../../build/go2_control build --build-base /home/zp/ros2/sim/build/go2_control/build install --record /home/zp/ros2/sim/build/go2_control/install.log --single-version-externally-managed install_data
[0.970s] running egg_info
[0.970s] writing ../../../build/go2_control/go2_control.egg-info/PKG-INFO
[0.971s] writing dependency_links to ../../../build/go2_control/go2_control.egg-info/dependency_links.txt
[0.971s] writing entry points to ../../../build/go2_control/go2_control.egg-info/entry_points.txt
[0.971s] writing requirements to ../../../build/go2_control/go2_control.egg-info/requires.txt
[0.971s] writing top-level names to ../../../build/go2_control/go2_control.egg-info/top_level.txt
[0.972s] reading manifest file '../../../build/go2_control/go2_control.egg-info/SOURCES.txt'
[0.972s] writing manifest file '../../../build/go2_control/go2_control.egg-info/SOURCES.txt'
[0.973s] running build
[0.973s] running build_py
[0.973s] copying go2_control/keyboard_control.py -> /home/zp/ros2/sim/build/go2_control/build/lib/go2_control
[0.973s] copying go2_control/move_distance.py -> /home/zp/ros2/sim/build/go2_control/build/lib/go2_control
[0.974s] running install
[0.974s] running install_lib
[0.975s] copying /home/zp/ros2/sim/build/go2_control/build/lib/go2_control/keyboard_control.py -> /home/zp/ros2/sim/install/go2_control/lib/python3.10/site-packages/go2_control
[0.975s] copying /home/zp/ros2/sim/build/go2_control/build/lib/go2_control/move_distance.py -> /home/zp/ros2/sim/install/go2_control/lib/python3.10/site-packages/go2_control
[0.976s] byte-compiling /home/zp/ros2/sim/install/go2_control/lib/python3.10/site-packages/go2_control/keyboard_control.py to keyboard_control.cpython-310.pyc
[0.977s] byte-compiling /home/zp/ros2/sim/install/go2_control/lib/python3.10/site-packages/go2_control/move_distance.py to move_distance.cpython-310.pyc
[0.977s] running install_data
[0.977s] running install_egg_info
[0.979s] removing '/home/zp/ros2/sim/install/go2_control/lib/python3.10/site-packages/go2_control-0.0.0-py3.10.egg-info' (and everything under it)
[0.979s] Copying ../../../build/go2_control/go2_control.egg-info to /home/zp/ros2/sim/install/go2_control/lib/python3.10/site-packages/go2_control-0.0.0-py3.10.egg-info
[0.980s] running install_scripts
[0.995s] Installing keyboard_control_node script to /home/zp/ros2/sim/install/go2_control/lib/go2_control
[0.996s] writing list of installed files to '/home/zp/ros2/sim/build/go2_control/install.log'
[1.016s] Invoked command in '/home/zp/ros2/sim/src/unitree-go2-ros2/go2_control' returned '0': PYTHONPATH=/home/zp/ros2/sim/build/go2_control/prefix_override:/usr/lib/python3/dist-packages/colcon_core/task/python/colcon_distutils_commands:/home/zp/ros2/sim/install/go2_control/lib/python3.10/site-packages:${PYTHONPATH} /usr/bin/python3 -W ignore:setup.py install is deprecated -W ignore:easy_install command is deprecated setup.py egg_info --egg-base ../../../build/go2_control build --build-base /home/zp/ros2/sim/build/go2_control/build install --record /home/zp/ros2/sim/build/go2_control/install.log --single-version-externally-managed install_data
