[0.183s] Invoking command in '/home/zp/ros2/sim/build/champ_gazebo': CMAKE_PREFIX_PATH=/home/zp/ros2/sim/install/champ_msgs:/home/zp/ros2/sim/install/champ:/home/zp/ros2/sim/install/go2_description:/home/zp/ros2/sim/install/go2_config:/home/zp/ros2/sim/install/example_ros2_interfaces:/home/zp/ros2/sim/install/champ_teleop:/home/zp/ros2/sim/install/champ_navigation:/home/zp/ros2/sim/install/champ_gazebo:/home/zp/ros2/sim/install/champ_bringup:/home/zp/ros2/sim/install/champ_base:/home/zp/ros2/sim/install/champ_description:/home/zp/ros2/sim/install/champ_config:/home/zp/ros2/sim/install/my_motion_example:/opt/ros/humble LD_LIBRARY_PATH=/home/zp/ros2/sim/install/champ_msgs/lib:/home/zp/ros2/sim/install/example_ros2_interfaces/lib:/home/zp/ros2/sim/install/champ_base/lib:/usr/lib/x86_64-linux-gnu/gazebo-11/plugins:/opt/ros/humble/opt/rviz_ogre_vendor/lib:/opt/ros/humble/lib/x86_64-linux-gnu:/opt/ros/humble/lib /usr/bin/cmake /home/zp/ros2/sim/src/unitree-go2-ros2/champ/champ_gazebo -DCMAKE_INSTALL_PREFIX=/home/zp/ros2/sim/install/champ_gazebo
[0.331s] -- The C compiler identification is GNU 11.4.0
[0.946s] -- The CXX compiler identification is GNU 11.4.0
[1.357s] -- Detecting C compiler ABI info
[1.488s] -- Detecting C compiler ABI info - done
[1.492s] -- Check for working C compiler: /usr/bin/cc - skipped
[1.493s] -- Detecting C compile features
[1.493s] -- Detecting C compile features - done
[1.495s] -- Detecting CXX compiler ABI info
[1.644s] -- Detecting CXX compiler ABI info - done
[1.649s] -- Check for working CXX compiler: /usr/bin/c++ - skipped
[1.649s] -- Detecting CXX compile features
[1.649s] -- Detecting CXX compile features - done
[1.651s] -- Found ament_cmake: 1.3.12 (/opt/ros/humble/share/ament_cmake/cmake)
[1.760s] -- Found Python3: /usr/bin/python3 (found version "3.10.12") found components: Interpreter 
[1.832s] -- Found rclcpp: 16.0.17 (/opt/ros/humble/share/rclcpp/cmake)
[2.403s] -- Found rosidl_generator_c: 3.1.8 (/opt/ros/humble/share/rosidl_generator_c/cmake)
[2.408s] -- Found rosidl_adapter: 3.1.8 (/opt/ros/humble/share/rosidl_adapter/cmake)
[2.414s] -- Found rosidl_generator_cpp: 3.1.8 (/opt/ros/humble/share/rosidl_generator_cpp/cmake)
[2.425s] -- Using all available rosidl_typesupport_c: rosidl_typesupport_fastrtps_c;rosidl_typesupport_introspection_c
[2.438s] -- Using all available rosidl_typesupport_cpp: rosidl_typesupport_fastrtps_cpp;rosidl_typesupport_introspection_cpp
[2.473s] -- Found rmw_implementation_cmake: 6.1.2 (/opt/ros/humble/share/rmw_implementation_cmake/cmake)
[2.475s] -- Found rmw_cyclonedds_cpp: 1.3.4 (/opt/ros/humble/share/rmw_cyclonedds_cpp/cmake)
[2.494s] -- Using RMW implementation 'rmw_cyclonedds_cpp' as default
[2.501s] -- Looking for pthread.h
[2.660s] -- Looking for pthread.h - found
[2.660s] -- Performing Test CMAKE_HAVE_LIBC_PTHREAD
[2.820s] -- Performing Test CMAKE_HAVE_LIBC_PTHREAD - Success
[2.820s] -- Found Threads: TRUE  
[2.862s] -- Found urdf: 2.6.1 (/opt/ros/humble/share/urdf/cmake)
[8.694s] -- Found champ: 0.1.0 (/home/zp/ros2/sim/install/champ/share/champ/cmake)
[8.695s] -- Found champ_msgs: 0.1.0 (/home/zp/ros2/sim/install/champ_msgs/share/champ_msgs/cmake)
[8.717s] -- Found gazebo_ros2_control: 0.4.10 (/opt/ros/humble/share/gazebo_ros2_control/cmake)
[8.895s] -- Found PkgConfig: /usr/bin/pkg-config (found version "0.29.2") 
[8.896s] -- Checking for module 'bullet>=2.82'
[8.913s] --   Found bullet, version 3.05
[9.094s] -- Found fcl: /usr/include (found suitable version "0.7.0", minimum required is "0.5.0") 
[9.143s] -- Found assimp: /usr/include (found version "5.2.0") 
[9.174s] -- Found DART: /usr/include (Required is at least version "6.6") found components: dart 
[9.206s] -- Found Boost: /usr/lib/x86_64-linux-gnu/cmake/Boost-1.74.0/BoostConfig.cmake (found suitable version "1.74.0", minimum required is "1.40.0") found components: thread system filesystem program_options regex iostreams date_time 
[10.188s] -- Found Protobuf: /usr/lib/x86_64-linux-gnu/libprotobuf.so (found version "3.12.4") 
[10.195s] -- Looking for ignition-math6 -- found version 6.15.1
[10.210s] -- Searching for dependencies of ignition-math6
[10.213s] -- Looking for OGRE...
[10.213s] -- OGRE_PREFIX_WATCH changed.
[10.219s] -- Checking for module 'OGRE'
[10.234s] --   Found OGRE, version 1.9.0
[10.273s] -- Found Ogre Ghadamon (1.9.0)
[11.217s] -- Found OGRE: optimized;/usr/lib/x86_64-linux-gnu/libOgreMain.so;debug;/usr/lib/x86_64-linux-gnu/libOgreMain.so
[11.225s] -- Looking for OGRE_Paging...
[12.074s] -- Found OGRE_Paging: optimized;/usr/lib/x86_64-linux-gnu/libOgrePaging.so;debug;/usr/lib/x86_64-linux-gnu/libOgrePaging.so
[12.074s] -- Looking for OGRE_Terrain...
[12.910s] -- Found OGRE_Terrain: optimized;/usr/lib/x86_64-linux-gnu/libOgreTerrain.so;debug;/usr/lib/x86_64-linux-gnu/libOgreTerrain.so
[12.910s] -- Looking for OGRE_Property...
[13.740s] -- Found OGRE_Property: optimized;/usr/lib/x86_64-linux-gnu/libOgreProperty.so;debug;/usr/lib/x86_64-linux-gnu/libOgreProperty.so
[13.740s] -- Looking for OGRE_RTShaderSystem...
[14.674s] -- Found OGRE_RTShaderSystem: optimized;/usr/lib/x86_64-linux-gnu/libOgreRTShaderSystem.so;debug;/usr/lib/x86_64-linux-gnu/libOgreRTShaderSystem.so
[14.675s] -- Looking for OGRE_Volume...
[15.483s] -- Found OGRE_Volume: optimized;/usr/lib/x86_64-linux-gnu/libOgreVolume.so;debug;/usr/lib/x86_64-linux-gnu/libOgreVolume.so
[15.483s] -- Looking for OGRE_Overlay...
[16.367s] -- Found OGRE_Overlay: optimized;/usr/lib/x86_64-linux-gnu/libOgreOverlay.so;debug;/usr/lib/x86_64-linux-gnu/libOgreOverlay.so
[62.401s] -- Looking for ignition-math6 -- found version 6.15.1
[62.411s] -- Looking for ignition-transport8 -- found version 8.2.1
[62.411s] -- Searching for dependencies of ignition-transport8
[68.834s] -- Found Protobuf: /usr/lib/x86_64-linux-gnu/libprotobuf.so (found suitable version "3.12.4", minimum required is "3") 
[75.147s] -- Config-file not installed for ZeroMQ -- checking for pkg-config
[75.151s] -- Checking for module 'libzmq >= 4'
[75.169s] --   Found libzmq , version 4.3.4
[75.193s] -- Found ZeroMQ: TRUE (Required is at least version "4") 
[75.260s] -- Checking for module 'uuid'
[75.271s] --   Found uuid, version 2.37.2
[75.294s] -- Found UUID: TRUE  
[75.297s] -- Looking for ignition-msgs5 -- found version 5.8.1
[75.298s] -- Searching for dependencies of ignition-msgs5
[84.160s] -- Looking for ignition-math6 -- found version 6.15.1
[84.170s] -- Checking for module 'tinyxml2'
[84.182s] --   Found tinyxml2, version 9.0.0
[84.212s] -- Looking for ignition-msgs5 -- found version 5.8.1
[84.215s] -- Looking for ignition-common3 -- found version 3.14.0
[84.216s] -- Searching for dependencies of ignition-common3
[84.302s] -- Looking for dlfcn.h - found
[84.409s] -- Looking for libdl - found
[84.410s] -- Found DL: TRUE  
[84.584s] -- Found tinyobjloader: /usr/lib/x86_64-linux-gnu/cmake/tinyobjloader/tinyobjloader-config.cmake (found version "2.0.0") 
[84.585s] -- Searching for <ignition-common3> component [graphics]
[84.588s] -- Looking for ignition-common3-graphics -- found version 3.14.0
[84.588s] -- Searching for dependencies of ignition-common3-graphics
[84.589s] -- Looking for ignition-math6 -- found version 6.15.1
[84.594s] -- Looking for ignition-fuel_tools4 -- found version 4.4.0
[84.594s] -- Searching for dependencies of ignition-fuel_tools4
[90.285s] -- Found CURL: /usr/lib/x86_64-linux-gnu/libcurl.so (found version "7.81.0")  
[90.301s] -- Checking for module 'jsoncpp'
[90.312s] --   Found jsoncpp, version 1.9.5
[90.339s] -- Found JSONCPP: TRUE  
[90.345s] -- Checking for module 'libzip'
[90.357s] --   Found libzip, version 1.7.3
[90.384s] -- Found ZIP: TRUE  
[90.385s] -- Looking for ignition-common3 -- found version 3.14.0
[90.385s] -- Looking for ignition-math6 -- found version 6.15.1
[90.385s] -- Looking for ignition-msgs5 -- found version 5.8.1
[90.392s] -- Gazebo version: 11.10
[90.392s] -- Checking for module 'tbb'
[90.405s] --   Found tbb, version 2021.5.0
[90.510s] -- Configuring done
[90.581s] -- Generating done
[90.586s] -- Build files have been written to: /home/zp/ros2/sim/build/champ_gazebo
[90.607s] Invoked command in '/home/zp/ros2/sim/build/champ_gazebo' returned '0': CMAKE_PREFIX_PATH=/home/zp/ros2/sim/install/champ_msgs:/home/zp/ros2/sim/install/champ:/home/zp/ros2/sim/install/go2_description:/home/zp/ros2/sim/install/go2_config:/home/zp/ros2/sim/install/example_ros2_interfaces:/home/zp/ros2/sim/install/champ_teleop:/home/zp/ros2/sim/install/champ_navigation:/home/zp/ros2/sim/install/champ_gazebo:/home/zp/ros2/sim/install/champ_bringup:/home/zp/ros2/sim/install/champ_base:/home/zp/ros2/sim/install/champ_description:/home/zp/ros2/sim/install/champ_config:/home/zp/ros2/sim/install/my_motion_example:/opt/ros/humble LD_LIBRARY_PATH=/home/zp/ros2/sim/install/champ_msgs/lib:/home/zp/ros2/sim/install/example_ros2_interfaces/lib:/home/zp/ros2/sim/install/champ_base/lib:/usr/lib/x86_64-linux-gnu/gazebo-11/plugins:/opt/ros/humble/opt/rviz_ogre_vendor/lib:/opt/ros/humble/lib/x86_64-linux-gnu:/opt/ros/humble/lib /usr/bin/cmake /home/zp/ros2/sim/src/unitree-go2-ros2/champ/champ_gazebo -DCMAKE_INSTALL_PREFIX=/home/zp/ros2/sim/install/champ_gazebo
[90.610s] Invoking command in '/home/zp/ros2/sim/build/champ_gazebo': CMAKE_PREFIX_PATH=/home/zp/ros2/sim/install/champ_msgs:/home/zp/ros2/sim/install/champ:/home/zp/ros2/sim/install/go2_description:/home/zp/ros2/sim/install/go2_config:/home/zp/ros2/sim/install/example_ros2_interfaces:/home/zp/ros2/sim/install/champ_teleop:/home/zp/ros2/sim/install/champ_navigation:/home/zp/ros2/sim/install/champ_gazebo:/home/zp/ros2/sim/install/champ_bringup:/home/zp/ros2/sim/install/champ_base:/home/zp/ros2/sim/install/champ_description:/home/zp/ros2/sim/install/champ_config:/home/zp/ros2/sim/install/my_motion_example:/opt/ros/humble LD_LIBRARY_PATH=/home/zp/ros2/sim/install/champ_msgs/lib:/home/zp/ros2/sim/install/example_ros2_interfaces/lib:/home/zp/ros2/sim/install/champ_base/lib:/usr/lib/x86_64-linux-gnu/gazebo-11/plugins:/opt/ros/humble/opt/rviz_ogre_vendor/lib:/opt/ros/humble/lib/x86_64-linux-gnu:/opt/ros/humble/lib /usr/bin/cmake --build /home/zp/ros2/sim/build/champ_gazebo -- -j20 -l20
[90.648s] [ 50%] [32mBuilding CXX object CMakeFiles/contact_sensor.dir/src/contact_sensor.cpp.o[0m
[102.903s] [100%] [32m[1mLinking CXX executable contact_sensor[0m
[104.275s] [100%] Built target contact_sensor
[104.283s] Invoked command in '/home/zp/ros2/sim/build/champ_gazebo' returned '0': CMAKE_PREFIX_PATH=/home/zp/ros2/sim/install/champ_msgs:/home/zp/ros2/sim/install/champ:/home/zp/ros2/sim/install/go2_description:/home/zp/ros2/sim/install/go2_config:/home/zp/ros2/sim/install/example_ros2_interfaces:/home/zp/ros2/sim/install/champ_teleop:/home/zp/ros2/sim/install/champ_navigation:/home/zp/ros2/sim/install/champ_gazebo:/home/zp/ros2/sim/install/champ_bringup:/home/zp/ros2/sim/install/champ_base:/home/zp/ros2/sim/install/champ_description:/home/zp/ros2/sim/install/champ_config:/home/zp/ros2/sim/install/my_motion_example:/opt/ros/humble LD_LIBRARY_PATH=/home/zp/ros2/sim/install/champ_msgs/lib:/home/zp/ros2/sim/install/example_ros2_interfaces/lib:/home/zp/ros2/sim/install/champ_base/lib:/usr/lib/x86_64-linux-gnu/gazebo-11/plugins:/opt/ros/humble/opt/rviz_ogre_vendor/lib:/opt/ros/humble/lib/x86_64-linux-gnu:/opt/ros/humble/lib /usr/bin/cmake --build /home/zp/ros2/sim/build/champ_gazebo -- -j20 -l20
[104.285s] Invoking command in '/home/zp/ros2/sim/build/champ_gazebo': CMAKE_PREFIX_PATH=/home/zp/ros2/sim/install/champ_msgs:/home/zp/ros2/sim/install/champ:/home/zp/ros2/sim/install/go2_description:/home/zp/ros2/sim/install/go2_config:/home/zp/ros2/sim/install/example_ros2_interfaces:/home/zp/ros2/sim/install/champ_teleop:/home/zp/ros2/sim/install/champ_navigation:/home/zp/ros2/sim/install/champ_gazebo:/home/zp/ros2/sim/install/champ_bringup:/home/zp/ros2/sim/install/champ_base:/home/zp/ros2/sim/install/champ_description:/home/zp/ros2/sim/install/champ_config:/home/zp/ros2/sim/install/my_motion_example:/opt/ros/humble LD_LIBRARY_PATH=/home/zp/ros2/sim/install/champ_msgs/lib:/home/zp/ros2/sim/install/example_ros2_interfaces/lib:/home/zp/ros2/sim/install/champ_base/lib:/usr/lib/x86_64-linux-gnu/gazebo-11/plugins:/opt/ros/humble/opt/rviz_ogre_vendor/lib:/opt/ros/humble/lib/x86_64-linux-gnu:/opt/ros/humble/lib /usr/bin/cmake --install /home/zp/ros2/sim/build/champ_gazebo
[104.290s] -- Install configuration: ""
[104.290s] -- Up-to-date: /home/zp/ros2/sim/install/champ_gazebo/bin/imu_sensor.py
[104.290s] -- Up-to-date: /home/zp/ros2/sim/install/champ_gazebo/bin/odometry_tf.py
[104.290s] -- Up-to-date: /home/zp/ros2/sim/install/champ_gazebo/bin/odometry.py
[104.291s] -- Installing: /home/zp/ros2/sim/install/champ_gazebo/lib/champ_gazebo/contact_sensor
[104.293s] -- Set runtime path of "/home/zp/ros2/sim/install/champ_gazebo/lib/champ_gazebo/contact_sensor" to ""
[104.293s] -- Up-to-date: /home/zp/ros2/sim/install/champ_gazebo/share/champ_gazebo/launch
[104.293s] -- Up-to-date: /home/zp/ros2/sim/install/champ_gazebo/share/champ_gazebo/launch/spawn_robot.launch
[104.293s] -- Up-to-date: /home/zp/ros2/sim/install/champ_gazebo/share/champ_gazebo/launch/gazebo.launch
[104.293s] -- Up-to-date: /home/zp/ros2/sim/install/champ_gazebo/share/champ_gazebo/launch/spawn_world.launch
[104.293s] -- Up-to-date: /home/zp/ros2/sim/install/champ_gazebo/share/champ_gazebo/launch/gazebo.launch.py
[104.293s] -- Up-to-date: /home/zp/ros2/sim/install/champ_gazebo/share/champ_gazebo/config
[104.293s] -- Up-to-date: /home/zp/ros2/sim/install/champ_gazebo/share/champ_gazebo/config/gazebo.yaml
[104.293s] -- Up-to-date: /home/zp/ros2/sim/install/champ_gazebo/share/champ_gazebo/config/ros_control.yaml
[104.294s] -- Up-to-date: /home/zp/ros2/sim/install/champ_gazebo/share/champ_gazebo/worlds
[104.294s] -- Up-to-date: /home/zp/ros2/sim/install/champ_gazebo/share/champ_gazebo/worlds/outdoor.world
[104.294s] -- Up-to-date: /home/zp/ros2/sim/install/champ_gazebo/share/champ_gazebo/worlds/playground.world
[104.294s] -- Up-to-date: /home/zp/ros2/sim/install/champ_gazebo/share/champ_gazebo/worlds/default.world
[104.294s] -- Installing: /home/zp/ros2/sim/install/champ_gazebo/share/ament_index/resource_index/package_run_dependencies/champ_gazebo
[104.294s] -- Installing: /home/zp/ros2/sim/install/champ_gazebo/share/ament_index/resource_index/parent_prefix_path/champ_gazebo
[104.294s] -- Up-to-date: /home/zp/ros2/sim/install/champ_gazebo/share/champ_gazebo/environment/ament_prefix_path.sh
[104.294s] -- Installing: /home/zp/ros2/sim/install/champ_gazebo/share/champ_gazebo/environment/ament_prefix_path.dsv
[104.295s] -- Up-to-date: /home/zp/ros2/sim/install/champ_gazebo/share/champ_gazebo/environment/path.sh
[104.295s] -- Installing: /home/zp/ros2/sim/install/champ_gazebo/share/champ_gazebo/environment/path.dsv
[104.295s] -- Installing: /home/zp/ros2/sim/install/champ_gazebo/share/champ_gazebo/local_setup.bash
[104.295s] -- Installing: /home/zp/ros2/sim/install/champ_gazebo/share/champ_gazebo/local_setup.sh
[104.295s] -- Installing: /home/zp/ros2/sim/install/champ_gazebo/share/champ_gazebo/local_setup.zsh
[104.295s] -- Installing: /home/zp/ros2/sim/install/champ_gazebo/share/champ_gazebo/local_setup.dsv
[104.295s] -- Installing: /home/zp/ros2/sim/install/champ_gazebo/share/champ_gazebo/package.dsv
[104.295s] -- Installing: /home/zp/ros2/sim/install/champ_gazebo/share/ament_index/resource_index/packages/champ_gazebo
[104.295s] -- Installing: /home/zp/ros2/sim/install/champ_gazebo/share/champ_gazebo/cmake/ament_cmake_export_include_directories-extras.cmake
[104.296s] -- Installing: /home/zp/ros2/sim/install/champ_gazebo/share/champ_gazebo/cmake/ament_cmake_export_dependencies-extras.cmake
[104.296s] -- Installing: /home/zp/ros2/sim/install/champ_gazebo/share/champ_gazebo/cmake/champ_gazeboConfig.cmake
[104.296s] -- Installing: /home/zp/ros2/sim/install/champ_gazebo/share/champ_gazebo/cmake/champ_gazeboConfig-version.cmake
[104.296s] -- Up-to-date: /home/zp/ros2/sim/install/champ_gazebo/share/champ_gazebo/package.xml
[104.297s] Invoked command in '/home/zp/ros2/sim/build/champ_gazebo' returned '0': CMAKE_PREFIX_PATH=/home/zp/ros2/sim/install/champ_msgs:/home/zp/ros2/sim/install/champ:/home/zp/ros2/sim/install/go2_description:/home/zp/ros2/sim/install/go2_config:/home/zp/ros2/sim/install/example_ros2_interfaces:/home/zp/ros2/sim/install/champ_teleop:/home/zp/ros2/sim/install/champ_navigation:/home/zp/ros2/sim/install/champ_gazebo:/home/zp/ros2/sim/install/champ_bringup:/home/zp/ros2/sim/install/champ_base:/home/zp/ros2/sim/install/champ_description:/home/zp/ros2/sim/install/champ_config:/home/zp/ros2/sim/install/my_motion_example:/opt/ros/humble LD_LIBRARY_PATH=/home/zp/ros2/sim/install/champ_msgs/lib:/home/zp/ros2/sim/install/example_ros2_interfaces/lib:/home/zp/ros2/sim/install/champ_base/lib:/usr/lib/x86_64-linux-gnu/gazebo-11/plugins:/opt/ros/humble/opt/rviz_ogre_vendor/lib:/opt/ros/humble/lib/x86_64-linux-gnu:/opt/ros/humble/lib /usr/bin/cmake --install /home/zp/ros2/sim/build/champ_gazebo
