[0.030s] Invoking command in '/home/zp/ros2/sim/build/champ': CMAKE_PREFIX_PATH=/opt/ros/humble /usr/bin/cmake /home/zp/ros2/sim/src/unitree-go2-ros2/champ/champ -DCMAKE_INSTALL_PREFIX=/home/zp/ros2/sim/install/champ
[0.343s] -- The C compiler identification is GNU 11.4.0
[1.390s] -- The CXX compiler identification is GNU 11.4.0
[2.287s] -- Detecting C compiler ABI info
[2.531s] -- Detecting C compiler ABI info - done
[2.537s] -- Check for working C compiler: /usr/bin/cc - skipped
[2.537s] -- Detecting C compile features
[2.537s] -- Detecting C compile features - done
[2.539s] -- Detecting CXX compiler ABI info
[2.728s] -- Detecting CXX compiler ABI info - done
[2.734s] -- Check for working CXX compiler: /usr/bin/c++ - skipped
[2.734s] -- Detecting CXX compile features
[2.734s] -- Detecting CXX compile features - done
[2.741s] -- Found ament_cmake: 1.3.12 (/opt/ros/humble/share/ament_cmake/cmake)
[2.847s] -- Found Python3: /usr/bin/python3 (found version "3.10.12") found components: Interpreter 
[2.936s] -- Found rclcpp: 16.0.17 (/opt/ros/humble/share/rclcpp/cmake)
[3.715s] -- Found rosidl_generator_c: 3.1.8 (/opt/ros/humble/share/rosidl_generator_c/cmake)
[3.717s] -- Found rosidl_adapter: 3.1.8 (/opt/ros/humble/share/rosidl_adapter/cmake)
[3.724s] -- Found rosidl_generator_cpp: 3.1.8 (/opt/ros/humble/share/rosidl_generator_cpp/cmake)
[3.737s] -- Using all available rosidl_typesupport_c: rosidl_typesupport_fastrtps_c;rosidl_typesupport_introspection_c
[3.747s] -- Using all available rosidl_typesupport_cpp: rosidl_typesupport_fastrtps_cpp;rosidl_typesupport_introspection_cpp
[3.791s] -- Found rmw_implementation_cmake: 6.1.2 (/opt/ros/humble/share/rmw_implementation_cmake/cmake)
[3.794s] -- Found rmw_cyclonedds_cpp: 1.3.4 (/opt/ros/humble/share/rmw_cyclonedds_cpp/cmake)
[3.822s] -- Using RMW implementation 'rmw_cyclonedds_cpp' as default
[3.834s] -- Looking for pthread.h
[4.019s] -- Looking for pthread.h - found
[4.020s] -- Performing Test CMAKE_HAVE_LIBC_PTHREAD
[4.177s] -- Performing Test CMAKE_HAVE_LIBC_PTHREAD - Success
[4.177s] -- Found Threads: TRUE  
[4.226s] -- Found ament_lint_auto: 0.12.14 (/opt/ros/humble/share/ament_lint_auto/cmake)
[4.273s] -- Configuring done
[4.276s] -- Generating done
[4.278s] -- Build files have been written to: /home/zp/ros2/sim/build/champ
[4.292s] Invoked command in '/home/zp/ros2/sim/build/champ' returned '0': CMAKE_PREFIX_PATH=/opt/ros/humble /usr/bin/cmake /home/zp/ros2/sim/src/unitree-go2-ros2/champ/champ -DCMAKE_INSTALL_PREFIX=/home/zp/ros2/sim/install/champ
[4.293s] Invoking command in '/home/zp/ros2/sim/build/champ': CMAKE_PREFIX_PATH=/opt/ros/humble /usr/bin/cmake --build /home/zp/ros2/sim/build/champ -- -j20 -l20
[4.318s] Invoked command in '/home/zp/ros2/sim/build/champ' returned '0': CMAKE_PREFIX_PATH=/opt/ros/humble /usr/bin/cmake --build /home/zp/ros2/sim/build/champ -- -j20 -l20
[4.319s] Invoking command in '/home/zp/ros2/sim/build/champ': CMAKE_PREFIX_PATH=/opt/ros/humble /usr/bin/cmake --install /home/zp/ros2/sim/build/champ
[4.323s] -- Install configuration: ""
[4.323s] -- Installing: /home/zp/ros2/sim/install/champ/include
[4.323s] -- Installing: /home/zp/ros2/sim/install/champ/include/champ
[4.323s] -- Installing: /home/zp/ros2/sim/install/champ/include/champ/leg_controller
[4.324s] -- Installing: /home/zp/ros2/sim/install/champ/include/champ/leg_controller/phase_generator.h
[4.324s] -- Installing: /home/zp/ros2/sim/install/champ/include/champ/leg_controller/trajectory_planner.h
[4.324s] -- Installing: /home/zp/ros2/sim/install/champ/include/champ/leg_controller/leg_controller.h
[4.324s] -- Installing: /home/zp/ros2/sim/install/champ/include/champ/utils
[4.324s] -- Installing: /home/zp/ros2/sim/install/champ/include/champ/utils/xmlrpc_helpers.h
[4.324s] -- Installing: /home/zp/ros2/sim/install/champ/include/champ/utils/urdf_loader.h
[4.324s] -- Installing: /home/zp/ros2/sim/install/champ/include/champ/macros
[4.324s] -- Installing: /home/zp/ros2/sim/install/champ/include/champ/macros/macros.h
[4.324s] -- Installing: /home/zp/ros2/sim/install/champ/include/champ/body_controller
[4.324s] -- Installing: /home/zp/ros2/sim/install/champ/include/champ/body_controller/body_controller.h
[4.324s] -- Installing: /home/zp/ros2/sim/install/champ/include/champ/odometry
[4.325s] -- Installing: /home/zp/ros2/sim/install/champ/include/champ/odometry/odometry.h
[4.325s] -- Installing: /home/zp/ros2/sim/install/champ/include/champ/kinematics
[4.325s] -- Installing: /home/zp/ros2/sim/install/champ/include/champ/kinematics/kinematics.h
[4.325s] -- Installing: /home/zp/ros2/sim/install/champ/include/champ/bla
[4.325s] -- Installing: /home/zp/ros2/sim/install/champ/include/champ/bla/memory_delegate.h
[4.325s] -- Installing: /home/zp/ros2/sim/install/champ/include/champ/bla/basic_linear_algebra.h
[4.325s] -- Installing: /home/zp/ros2/sim/install/champ/include/champ/README.md
[4.325s] -- Installing: /home/zp/ros2/sim/install/champ/include/champ/quadruped_base
[4.325s] -- Installing: /home/zp/ros2/sim/install/champ/include/champ/quadruped_base/quadruped_leg.h
[4.325s] -- Installing: /home/zp/ros2/sim/install/champ/include/champ/quadruped_base/quadruped_base.h
[4.325s] -- Installing: /home/zp/ros2/sim/install/champ/include/champ/quadruped_base/quadruped_joint.h
[4.325s] -- Installing: /home/zp/ros2/sim/install/champ/include/champ/quadruped_base/quadruped_components.h
[4.326s] -- Installing: /home/zp/ros2/sim/install/champ/include/champ/LICENSE
[4.326s] -- Installing: /home/zp/ros2/sim/install/champ/include/champ/geometry
[4.326s] -- Installing: /home/zp/ros2/sim/install/champ/include/champ/geometry/geometry.h
[4.326s] -- Installing: /home/zp/ros2/sim/install/champ/share/ament_index/resource_index/package_run_dependencies/champ
[4.327s] -- Installing: /home/zp/ros2/sim/install/champ/share/ament_index/resource_index/parent_prefix_path/champ
[4.327s] -- Installing: /home/zp/ros2/sim/install/champ/share/champ/environment/ament_prefix_path.sh
[4.327s] -- Installing: /home/zp/ros2/sim/install/champ/share/champ/environment/ament_prefix_path.dsv
[4.327s] -- Installing: /home/zp/ros2/sim/install/champ/share/champ/environment/path.sh
[4.328s] -- Installing: /home/zp/ros2/sim/install/champ/share/champ/environment/path.dsv
[4.328s] -- Installing: /home/zp/ros2/sim/install/champ/share/champ/local_setup.bash
[4.328s] -- Installing: /home/zp/ros2/sim/install/champ/share/champ/local_setup.sh
[4.328s] -- Installing: /home/zp/ros2/sim/install/champ/share/champ/local_setup.zsh
[4.328s] -- Installing: /home/zp/ros2/sim/install/champ/share/champ/local_setup.dsv
[4.328s] -- Installing: /home/zp/ros2/sim/install/champ/share/champ/package.dsv
[4.328s] -- Installing: /home/zp/ros2/sim/install/champ/share/ament_index/resource_index/packages/champ
[4.328s] -- Installing: /home/zp/ros2/sim/install/champ/share/champ/cmake/ament_cmake_export_include_directories-extras.cmake
[4.328s] -- Installing: /home/zp/ros2/sim/install/champ/share/champ/cmake/champConfig.cmake
[4.328s] -- Installing: /home/zp/ros2/sim/install/champ/share/champ/cmake/champConfig-version.cmake
[4.328s] -- Installing: /home/zp/ros2/sim/install/champ/share/champ/package.xml
[4.330s] Invoked command in '/home/zp/ros2/sim/build/champ' returned '0': CMAKE_PREFIX_PATH=/opt/ros/humble /usr/bin/cmake --install /home/zp/ros2/sim/build/champ
