[0.035s] Invoking command in '/home/zp/ros2/sim/build/champ_navigation': CMAKE_PREFIX_PATH=/opt/ros/humble /usr/bin/cmake --build /home/zp/ros2/sim/build/champ_navigation -- -j20 -l20
[0.260s] Invoked command in '/home/zp/ros2/sim/build/champ_navigation' returned '0': CMAKE_PREFIX_PATH=/opt/ros/humble /usr/bin/cmake --build /home/zp/ros2/sim/build/champ_navigation -- -j20 -l20
[0.262s] Invoking command in '/home/zp/ros2/sim/build/champ_navigation': CMAKE_PREFIX_PATH=/opt/ros/humble /usr/bin/cmake --install /home/zp/ros2/sim/build/champ_navigation
[0.288s] -- Install configuration: ""
[0.288s] -- Up-to-date: /home/zp/ros2/sim/install/champ_navigation/share/champ_navigation/launch
[0.288s] -- Up-to-date: /home/zp/ros2/sim/install/champ_navigation/share/champ_navigation/launch/navigate.launch.py
[0.288s] -- Up-to-date: /home/zp/ros2/sim/install/champ_navigation/share/champ_navigation/launch/slam.launch.py
[0.288s] -- Up-to-date: /home/zp/ros2/sim/install/champ_navigation/share/champ_navigation/rviz
[0.288s] -- Up-to-date: /home/zp/ros2/sim/install/champ_navigation/share/champ_navigation/rviz/navigation.rviz
[0.288s] -- Up-to-date: /home/zp/ros2/sim/install/champ_navigation/share/champ_navigation/rviz/navigation_minimal.rviz
[0.288s] -- Up-to-date: /home/zp/ros2/sim/install/champ_navigation/share/champ_navigation/rviz/slam.rviz
[0.288s] -- Up-to-date: /home/zp/ros2/sim/install/champ_navigation/share/ament_index/resource_index/package_run_dependencies/champ_navigation
[0.288s] -- Up-to-date: /home/zp/ros2/sim/install/champ_navigation/share/ament_index/resource_index/parent_prefix_path/champ_navigation
[0.288s] -- Up-to-date: /home/zp/ros2/sim/install/champ_navigation/share/champ_navigation/environment/ament_prefix_path.sh
[0.289s] -- Up-to-date: /home/zp/ros2/sim/install/champ_navigation/share/champ_navigation/environment/ament_prefix_path.dsv
[0.289s] -- Up-to-date: /home/zp/ros2/sim/install/champ_navigation/share/champ_navigation/environment/path.sh
[0.289s] -- Up-to-date: /home/zp/ros2/sim/install/champ_navigation/share/champ_navigation/environment/path.dsv
[0.289s] -- Up-to-date: /home/zp/ros2/sim/install/champ_navigation/share/champ_navigation/local_setup.bash
[0.289s] -- Up-to-date: /home/zp/ros2/sim/install/champ_navigation/share/champ_navigation/local_setup.sh
[0.289s] -- Up-to-date: /home/zp/ros2/sim/install/champ_navigation/share/champ_navigation/local_setup.zsh
[0.289s] -- Up-to-date: /home/zp/ros2/sim/install/champ_navigation/share/champ_navigation/local_setup.dsv
[0.289s] -- Installing: /home/zp/ros2/sim/install/champ_navigation/share/champ_navigation/package.dsv
[0.289s] -- Up-to-date: /home/zp/ros2/sim/install/champ_navigation/share/ament_index/resource_index/packages/champ_navigation
[0.289s] -- Up-to-date: /home/zp/ros2/sim/install/champ_navigation/share/champ_navigation/cmake/champ_navigationConfig.cmake
[0.289s] -- Up-to-date: /home/zp/ros2/sim/install/champ_navigation/share/champ_navigation/cmake/champ_navigationConfig-version.cmake
[0.289s] -- Up-to-date: /home/zp/ros2/sim/install/champ_navigation/share/champ_navigation/package.xml
[0.345s] Invoked command in '/home/zp/ros2/sim/build/champ_navigation' returned '0': CMAKE_PREFIX_PATH=/opt/ros/humble /usr/bin/cmake --install /home/zp/ros2/sim/build/champ_navigation
