[0.029s] Invoking command in '/home/zp/ros2/sim/build/champ_config': CMAKE_PREFIX_PATH=/opt/ros/humble /usr/bin/cmake /home/zp/ros2/sim/src/unitree-go2-ros2/champ/champ_config -DCMAKE_INSTALL_PREFIX=/home/zp/ros2/sim/install/champ_config
[0.334s] -- The C compiler identification is GNU 11.4.0
[1.381s] -- The CXX compiler identification is GNU 11.4.0
[2.381s] -- Detecting C compiler ABI info
[2.616s] -- Detecting C compiler ABI info - done
[2.620s] -- Check for working C compiler: /usr/bin/cc - skipped
[2.621s] -- Detecting C compile features
[2.621s] -- Detecting C compile features - done
[2.623s] -- Detecting CXX compiler ABI info
[2.875s] -- Detecting CXX compiler ABI info - done
[2.880s] -- Check for working CXX compiler: /usr/bin/c++ - skipped
[2.880s] -- Detecting CXX compile features
[2.880s] -- Detecting CXX compile features - done
[2.882s] -- Found ament_cmake: 1.3.12 (/opt/ros/humble/share/ament_cmake/cmake)
[2.991s] -- Found Python3: /usr/bin/python3 (found version "3.10.12") found components: Interpreter 
[3.096s] -- Configuring done
[3.098s] -- Generating done
[3.100s] -- Build files have been written to: /home/zp/ros2/sim/build/champ_config
[3.103s] Invoked command in '/home/zp/ros2/sim/build/champ_config' returned '0': CMAKE_PREFIX_PATH=/opt/ros/humble /usr/bin/cmake /home/zp/ros2/sim/src/unitree-go2-ros2/champ/champ_config -DCMAKE_INSTALL_PREFIX=/home/zp/ros2/sim/install/champ_config
[3.105s] Invoking command in '/home/zp/ros2/sim/build/champ_config': CMAKE_PREFIX_PATH=/opt/ros/humble /usr/bin/cmake --build /home/zp/ros2/sim/build/champ_config -- -j20 -l20
[3.131s] Invoked command in '/home/zp/ros2/sim/build/champ_config' returned '0': CMAKE_PREFIX_PATH=/opt/ros/humble /usr/bin/cmake --build /home/zp/ros2/sim/build/champ_config -- -j20 -l20
[3.132s] Invoking command in '/home/zp/ros2/sim/build/champ_config': CMAKE_PREFIX_PATH=/opt/ros/humble /usr/bin/cmake --install /home/zp/ros2/sim/build/champ_config
[3.138s] -- Install configuration: ""
[3.138s] -- Installing: /home/zp/ros2/sim/install/champ_config/share/champ_config/launch
[3.138s] -- Installing: /home/zp/ros2/sim/install/champ_config/share/champ_config/launch/navigate.launch.py
[3.138s] -- Installing: /home/zp/ros2/sim/install/champ_config/share/champ_config/launch/gazebo.launch.py
[3.139s] -- Installing: /home/zp/ros2/sim/install/champ_config/share/champ_config/launch/bringup.launch.py
[3.139s] -- Installing: /home/zp/ros2/sim/install/champ_config/share/champ_config/launch/slam.launch.py
[3.139s] -- Installing: /home/zp/ros2/sim/install/champ_config/share/champ_config/config
[3.139s] -- Installing: /home/zp/ros2/sim/install/champ_config/share/champ_config/config/autonomy
[3.139s] -- Installing: /home/zp/ros2/sim/install/champ_config/share/champ_config/config/autonomy/navigation.yaml
[3.139s] -- Installing: /home/zp/ros2/sim/install/champ_config/share/champ_config/config/autonomy/slam.yaml
[3.139s] -- Installing: /home/zp/ros2/sim/install/champ_config/share/champ_config/config/gait
[3.139s] -- Installing: /home/zp/ros2/sim/install/champ_config/share/champ_config/config/gait/gait.yaml
[3.140s] -- Installing: /home/zp/ros2/sim/install/champ_config/share/champ_config/config/joints
[3.140s] -- Installing: /home/zp/ros2/sim/install/champ_config/share/champ_config/config/joints/joints.yaml
[3.140s] -- Installing: /home/zp/ros2/sim/install/champ_config/share/champ_config/config/links
[3.140s] -- Installing: /home/zp/ros2/sim/install/champ_config/share/champ_config/config/links/links.yaml
[3.141s] -- Installing: /home/zp/ros2/sim/install/champ_config/share/champ_config/maps
[3.141s] -- Installing: /home/zp/ros2/sim/install/champ_config/share/champ_config/maps/playground.pgm
[3.141s] -- Installing: /home/zp/ros2/sim/install/champ_config/share/champ_config/maps/playground.yaml
[3.141s] -- Installing: /home/zp/ros2/sim/install/champ_config/share/champ_config/maps/map.yaml
[3.141s] -- Installing: /home/zp/ros2/sim/install/champ_config/share/champ_config/maps/map.pgm
[3.144s] -- Installing: /home/zp/ros2/sim/install/champ_config/share/champ_config/worlds
[3.144s] -- Installing: /home/zp/ros2/sim/install/champ_config/share/champ_config/worlds/outdoor.world
[3.145s] -- Installing: /home/zp/ros2/sim/install/champ_config/share/champ_config/worlds/playground.world
[3.145s] -- Installing: /home/zp/ros2/sim/install/champ_config/share/champ_config/worlds/default.world
[3.145s] -- Installing: /home/zp/ros2/sim/install/champ_config/share/ament_index/resource_index/package_run_dependencies/champ_config
[3.149s] -- Installing: /home/zp/ros2/sim/install/champ_config/share/ament_index/resource_index/parent_prefix_path/champ_config
[3.150s] -- Installing: /home/zp/ros2/sim/install/champ_config/share/champ_config/environment/ament_prefix_path.sh
[3.150s] -- Installing: /home/zp/ros2/sim/install/champ_config/share/champ_config/environment/ament_prefix_path.dsv
[3.150s] -- Installing: /home/zp/ros2/sim/install/champ_config/share/champ_config/environment/path.sh
[3.150s] -- Installing: /home/zp/ros2/sim/install/champ_config/share/champ_config/environment/path.dsv
[3.151s] -- Installing: /home/zp/ros2/sim/install/champ_config/share/champ_config/local_setup.bash
[3.151s] -- Installing: /home/zp/ros2/sim/install/champ_config/share/champ_config/local_setup.sh
[3.151s] -- Installing: /home/zp/ros2/sim/install/champ_config/share/champ_config/local_setup.zsh
[3.151s] -- Installing: /home/zp/ros2/sim/install/champ_config/share/champ_config/local_setup.dsv
[3.152s] -- Installing: /home/zp/ros2/sim/install/champ_config/share/champ_config/package.dsv
[3.152s] -- Installing: /home/zp/ros2/sim/install/champ_config/share/ament_index/resource_index/packages/champ_config
[3.152s] -- Installing: /home/zp/ros2/sim/install/champ_config/share/champ_config/cmake/champ_configConfig.cmake
[3.153s] -- Installing: /home/zp/ros2/sim/install/champ_config/share/champ_config/cmake/champ_configConfig-version.cmake
[3.153s] -- Installing: /home/zp/ros2/sim/install/champ_config/share/champ_config/package.xml
[3.153s] Invoked command in '/home/zp/ros2/sim/build/champ_config' returned '0': CMAKE_PREFIX_PATH=/opt/ros/humble /usr/bin/cmake --install /home/zp/ros2/sim/build/champ_config
