[0.421s] Invoking command in '/home/zp/ros2/sim/build/champ_base': CMAKE_PREFIX_PATH=/home/zp/ros2/sim/install/champ_msgs:/home/zp/ros2/sim/install/champ:/home/zp/ros2/sim/install/new_interface:/home/zp/ros2/sim/install/go2_description:/home/zp/ros2/sim/install/go2_config:/home/zp/ros2/sim/install/example_ros2_interfaces:/home/zp/ros2/sim/install/champ_teleop:/home/zp/ros2/sim/install/champ_navigation:/home/zp/ros2/sim/install/champ_gazebo:/home/zp/ros2/sim/install/champ_bringup:/home/zp/ros2/sim/install/champ_base:/home/zp/ros2/sim/install/champ_description:/home/zp/ros2/sim/install/champ_config:/home/zp/ros2/sim/install/my_motion_example:/home/zp/ros2/sim/install/go2_control:/opt/ros/humble LD_LIBRARY_PATH=/home/zp/ros2/sim/install/champ_msgs/lib:/home/zp/ros2/sim/install/new_interface/lib:/home/zp/ros2/sim/install/example_ros2_interfaces/lib:/home/zp/ros2/sim/install/champ_base/lib:/usr/lib/x86_64-linux-gnu/gazebo-11/plugins:/opt/ros/humble/opt/rviz_ogre_vendor/lib:/opt/ros/humble/lib/x86_64-linux-gnu:/opt/ros/humble/lib /usr/bin/cmake --build /home/zp/ros2/sim/build/champ_base -- -j20 -l20
[0.484s] [ 33%] Built target message_relay
[0.484s] [ 33%] Built target state_estimation
[0.485s] [ 50%] Built target quadruped_controller
[0.515s] [ 66%] Built target message_relay_node
[0.515s] [ 83%] Built target state_estimation_node
[0.515s] [100%] Built target quadruped_controller_node
[0.550s] Invoked command in '/home/zp/ros2/sim/build/champ_base' returned '0': CMAKE_PREFIX_PATH=/home/zp/ros2/sim/install/champ_msgs:/home/zp/ros2/sim/install/champ:/home/zp/ros2/sim/install/new_interface:/home/zp/ros2/sim/install/go2_description:/home/zp/ros2/sim/install/go2_config:/home/zp/ros2/sim/install/example_ros2_interfaces:/home/zp/ros2/sim/install/champ_teleop:/home/zp/ros2/sim/install/champ_navigation:/home/zp/ros2/sim/install/champ_gazebo:/home/zp/ros2/sim/install/champ_bringup:/home/zp/ros2/sim/install/champ_base:/home/zp/ros2/sim/install/champ_description:/home/zp/ros2/sim/install/champ_config:/home/zp/ros2/sim/install/my_motion_example:/home/zp/ros2/sim/install/go2_control:/opt/ros/humble LD_LIBRARY_PATH=/home/zp/ros2/sim/install/champ_msgs/lib:/home/zp/ros2/sim/install/new_interface/lib:/home/zp/ros2/sim/install/example_ros2_interfaces/lib:/home/zp/ros2/sim/install/champ_base/lib:/usr/lib/x86_64-linux-gnu/gazebo-11/plugins:/opt/ros/humble/opt/rviz_ogre_vendor/lib:/opt/ros/humble/lib/x86_64-linux-gnu:/opt/ros/humble/lib /usr/bin/cmake --build /home/zp/ros2/sim/build/champ_base -- -j20 -l20
[0.552s] Invoking command in '/home/zp/ros2/sim/build/champ_base': CMAKE_PREFIX_PATH=/home/zp/ros2/sim/install/champ_msgs:/home/zp/ros2/sim/install/champ:/home/zp/ros2/sim/install/new_interface:/home/zp/ros2/sim/install/go2_description:/home/zp/ros2/sim/install/go2_config:/home/zp/ros2/sim/install/example_ros2_interfaces:/home/zp/ros2/sim/install/champ_teleop:/home/zp/ros2/sim/install/champ_navigation:/home/zp/ros2/sim/install/champ_gazebo:/home/zp/ros2/sim/install/champ_bringup:/home/zp/ros2/sim/install/champ_base:/home/zp/ros2/sim/install/champ_description:/home/zp/ros2/sim/install/champ_config:/home/zp/ros2/sim/install/my_motion_example:/home/zp/ros2/sim/install/go2_control:/opt/ros/humble LD_LIBRARY_PATH=/home/zp/ros2/sim/install/champ_msgs/lib:/home/zp/ros2/sim/install/new_interface/lib:/home/zp/ros2/sim/install/example_ros2_interfaces/lib:/home/zp/ros2/sim/install/champ_base/lib:/usr/lib/x86_64-linux-gnu/gazebo-11/plugins:/opt/ros/humble/opt/rviz_ogre_vendor/lib:/opt/ros/humble/lib/x86_64-linux-gnu:/opt/ros/humble/lib /usr/bin/cmake --install /home/zp/ros2/sim/build/champ_base
[0.555s] -- Install configuration: ""
[0.556s] -- Up-to-date: /home/zp/ros2/sim/install/champ_base/share/champ_base/config
[0.556s] -- Up-to-date: /home/zp/ros2/sim/install/champ_base/share/champ_base/config/ekf
[0.556s] -- Up-to-date: /home/zp/ros2/sim/install/champ_base/share/champ_base/config/ekf/footprint_to_odom.yaml
[0.557s] -- Up-to-date: /home/zp/ros2/sim/install/champ_base/share/champ_base/config/ekf/base_to_footprint.yaml
[0.557s] -- Up-to-date: /home/zp/ros2/sim/install/champ_base/share/champ_base/config/velocity_smoother
[0.558s] -- Up-to-date: /home/zp/ros2/sim/install/champ_base/share/champ_base/config/velocity_smoother/velocity_smoother.yaml
[0.558s] -- Up-to-date: /home/zp/ros2/sim/install/champ_base/lib/libquadruped_controller.so
[0.558s] -- Up-to-date: /home/zp/ros2/sim/install/champ_base/bin/quadruped_controller_node
[0.558s] -- Up-to-date: /home/zp/ros2/sim/install/champ_base/lib/libmessage_relay.so
[0.558s] -- Up-to-date: /home/zp/ros2/sim/install/champ_base/bin/message_relay_node
[0.558s] -- Up-to-date: /home/zp/ros2/sim/install/champ_base/lib/libstate_estimation.so
[0.559s] -- Up-to-date: /home/zp/ros2/sim/install/champ_base/bin/state_estimation_node
[0.559s] -- Up-to-date: /home/zp/ros2/sim/install/champ_base/lib/champ_base/quadruped_controller_node
[0.559s] -- Up-to-date: /home/zp/ros2/sim/install/champ_base/lib/champ_base/message_relay_node
[0.559s] -- Up-to-date: /home/zp/ros2/sim/install/champ_base/lib/champ_base/state_estimation_node
[0.559s] -- Up-to-date: /home/zp/ros2/sim/install/champ_base/share/ament_index/resource_index/package_run_dependencies/champ_base
[0.559s] -- Up-to-date: /home/zp/ros2/sim/install/champ_base/share/ament_index/resource_index/parent_prefix_path/champ_base
[0.560s] -- Up-to-date: /home/zp/ros2/sim/install/champ_base/share/champ_base/environment/ament_prefix_path.sh
[0.560s] -- Up-to-date: /home/zp/ros2/sim/install/champ_base/share/champ_base/environment/ament_prefix_path.dsv
[0.560s] -- Up-to-date: /home/zp/ros2/sim/install/champ_base/share/champ_base/environment/path.sh
[0.560s] -- Up-to-date: /home/zp/ros2/sim/install/champ_base/share/champ_base/environment/path.dsv
[0.560s] -- Up-to-date: /home/zp/ros2/sim/install/champ_base/share/champ_base/local_setup.bash
[0.560s] -- Up-to-date: /home/zp/ros2/sim/install/champ_base/share/champ_base/local_setup.sh
[0.561s] -- Up-to-date: /home/zp/ros2/sim/install/champ_base/share/champ_base/local_setup.zsh
[0.561s] -- Up-to-date: /home/zp/ros2/sim/install/champ_base/share/champ_base/local_setup.dsv
[0.561s] -- Installing: /home/zp/ros2/sim/install/champ_base/share/champ_base/package.dsv
[0.561s] -- Up-to-date: /home/zp/ros2/sim/install/champ_base/share/ament_index/resource_index/packages/champ_base
[0.562s] -- Up-to-date: /home/zp/ros2/sim/install/champ_base/share/champ_base/cmake/ament_cmake_export_include_directories-extras.cmake
[0.562s] -- Up-to-date: /home/zp/ros2/sim/install/champ_base/share/champ_base/cmake/ament_cmake_export_dependencies-extras.cmake
[0.563s] -- Up-to-date: /home/zp/ros2/sim/install/champ_base/share/champ_base/cmake/champ_baseConfig.cmake
[0.563s] -- Up-to-date: /home/zp/ros2/sim/install/champ_base/share/champ_base/cmake/champ_baseConfig-version.cmake
[0.563s] -- Up-to-date: /home/zp/ros2/sim/install/champ_base/share/champ_base/package.xml
[0.578s] Invoked command in '/home/zp/ros2/sim/build/champ_base' returned '0': CMAKE_PREFIX_PATH=/home/zp/ros2/sim/install/champ_msgs:/home/zp/ros2/sim/install/champ:/home/zp/ros2/sim/install/new_interface:/home/zp/ros2/sim/install/go2_description:/home/zp/ros2/sim/install/go2_config:/home/zp/ros2/sim/install/example_ros2_interfaces:/home/zp/ros2/sim/install/champ_teleop:/home/zp/ros2/sim/install/champ_navigation:/home/zp/ros2/sim/install/champ_gazebo:/home/zp/ros2/sim/install/champ_bringup:/home/zp/ros2/sim/install/champ_base:/home/zp/ros2/sim/install/champ_description:/home/zp/ros2/sim/install/champ_config:/home/zp/ros2/sim/install/my_motion_example:/home/zp/ros2/sim/install/go2_control:/opt/ros/humble LD_LIBRARY_PATH=/home/zp/ros2/sim/install/champ_msgs/lib:/home/zp/ros2/sim/install/new_interface/lib:/home/zp/ros2/sim/install/example_ros2_interfaces/lib:/home/zp/ros2/sim/install/champ_base/lib:/usr/lib/x86_64-linux-gnu/gazebo-11/plugins:/opt/ros/humble/opt/rviz_ogre_vendor/lib:/opt/ros/humble/lib/x86_64-linux-gnu:/opt/ros/humble/lib /usr/bin/cmake --install /home/zp/ros2/sim/build/champ_base
