[0.737s] Invoking command in '/home/zp/ros2/sim/src/unitree-go2-ros2/go2_control': PYTHONPATH=/home/zp/ros2/sim/build/go2_control/prefix_override:/usr/lib/python3/dist-packages/colcon_core/task/python/colcon_distutils_commands:/home/zp/ros2/sim/install/go2_control/lib/python3.10/site-packages:${PYTHONPATH} /usr/bin/python3 -W ignore:setup.py install is deprecated -W ignore:easy_install command is deprecated setup.py egg_info --egg-base ../../../build/go2_control build --build-base /home/zp/ros2/sim/build/go2_control/build install --record /home/zp/ros2/sim/build/go2_control/install.log --single-version-externally-managed install_data
[0.883s] running egg_info
[0.883s] writing ../../../build/go2_control/go2_control.egg-info/PKG-INFO
[0.884s] writing dependency_links to ../../../build/go2_control/go2_control.egg-info/dependency_links.txt
[0.884s] writing entry points to ../../../build/go2_control/go2_control.egg-info/entry_points.txt
[0.884s] writing requirements to ../../../build/go2_control/go2_control.egg-info/requires.txt
[0.884s] writing top-level names to ../../../build/go2_control/go2_control.egg-info/top_level.txt
[0.885s] reading manifest file '../../../build/go2_control/go2_control.egg-info/SOURCES.txt'
[0.886s] writing manifest file '../../../build/go2_control/go2_control.egg-info/SOURCES.txt'
[0.886s] running build
[0.886s] running build_py
[0.886s] copying go2_control/move_distance_client.py -> /home/zp/ros2/sim/build/go2_control/build/lib/go2_control
[0.887s] running install
[0.887s] running install_lib
[0.888s] copying /home/zp/ros2/sim/build/go2_control/build/lib/go2_control/move_distance_client.py -> /home/zp/ros2/sim/install/go2_control/lib/python3.10/site-packages/go2_control
[0.888s] byte-compiling /home/zp/ros2/sim/install/go2_control/lib/python3.10/site-packages/go2_control/move_distance_client.py to move_distance_client.cpython-310.pyc
[0.889s] running install_data
[0.889s] running install_egg_info
[0.892s] removing '/home/zp/ros2/sim/install/go2_control/lib/python3.10/site-packages/go2_control-0.0.0-py3.10.egg-info' (and everything under it)
[0.892s] Copying ../../../build/go2_control/go2_control.egg-info to /home/zp/ros2/sim/install/go2_control/lib/python3.10/site-packages/go2_control-0.0.0-py3.10.egg-info
[0.893s] running install_scripts
[0.907s] Installing keyboard_control_node script to /home/zp/ros2/sim/install/go2_control/lib/go2_control
[0.907s] Installing move_distance_client script to /home/zp/ros2/sim/install/go2_control/lib/go2_control
[0.907s] Installing move_distance_server script to /home/zp/ros2/sim/install/go2_control/lib/go2_control
[0.907s] writing list of installed files to '/home/zp/ros2/sim/build/go2_control/install.log'
[0.942s] Invoked command in '/home/zp/ros2/sim/src/unitree-go2-ros2/go2_control' returned '0': PYTHONPATH=/home/zp/ros2/sim/build/go2_control/prefix_override:/usr/lib/python3/dist-packages/colcon_core/task/python/colcon_distutils_commands:/home/zp/ros2/sim/install/go2_control/lib/python3.10/site-packages:${PYTHONPATH} /usr/bin/python3 -W ignore:setup.py install is deprecated -W ignore:easy_install command is deprecated setup.py egg_info --egg-base ../../../build/go2_control build --build-base /home/zp/ros2/sim/build/go2_control/build install --record /home/zp/ros2/sim/build/go2_control/install.log --single-version-externally-managed install_data
