[0.822s] Invoking command in '/home/zp/ros2/sim/src/unitree-go2-ros2/go2_control': PYTHONPATH=/home/zp/ros2/sim/build/go2_control/prefix_override:/usr/lib/python3/dist-packages/colcon_core/task/python/colcon_distutils_commands:/home/zp/ros2/sim/install/go2_control/lib/python3.10/site-packages:${PYTHONPATH} /usr/bin/python3 -W ignore:setup.py install is deprecated -W ignore:easy_install command is deprecated setup.py egg_info --egg-base ../../../build/go2_control build --build-base /home/zp/ros2/sim/build/go2_control/build install --record /home/zp/ros2/sim/build/go2_control/install.log --single-version-externally-managed install_data
[1.006s] running egg_info
[1.006s] writing ../../../build/go2_control/go2_control.egg-info/PKG-INFO
[1.007s] writing dependency_links to ../../../build/go2_control/go2_control.egg-info/dependency_links.txt
[1.007s] writing entry points to ../../../build/go2_control/go2_control.egg-info/entry_points.txt
[1.007s] writing requirements to ../../../build/go2_control/go2_control.egg-info/requires.txt
[1.007s] writing top-level names to ../../../build/go2_control/go2_control.egg-info/top_level.txt
[1.008s] reading manifest file '../../../build/go2_control/go2_control.egg-info/SOURCES.txt'
[1.009s] writing manifest file '../../../build/go2_control/go2_control.egg-info/SOURCES.txt'
[1.009s] running build
[1.009s] running build_py
[1.009s] running install
[1.010s] running install_lib
[1.010s] running install_data
[1.010s] running install_egg_info
[1.013s] removing '/home/zp/ros2/sim/install/go2_control/lib/python3.10/site-packages/go2_control-0.0.0-py3.10.egg-info' (and everything under it)
[1.014s] Copying ../../../build/go2_control/go2_control.egg-info to /home/zp/ros2/sim/install/go2_control/lib/python3.10/site-packages/go2_control-0.0.0-py3.10.egg-info
[1.014s] running install_scripts
[1.033s] writing list of installed files to '/home/zp/ros2/sim/build/go2_control/install.log'
[1.081s] Invoked command in '/home/zp/ros2/sim/src/unitree-go2-ros2/go2_control' returned '0': PYTHONPATH=/home/zp/ros2/sim/build/go2_control/prefix_override:/usr/lib/python3/dist-packages/colcon_core/task/python/colcon_distutils_commands:/home/zp/ros2/sim/install/go2_control/lib/python3.10/site-packages:${PYTHONPATH} /usr/bin/python3 -W ignore:setup.py install is deprecated -W ignore:easy_install command is deprecated setup.py egg_info --egg-base ../../../build/go2_control build --build-base /home/zp/ros2/sim/build/go2_control/build install --record /home/zp/ros2/sim/build/go2_control/install.log --single-version-externally-managed install_data
