[1.130s] Invoking command in '/home/zp/ros2/sim/src/unitree-go2-ros2/go2_control': PYTHONPATH=/home/zp/ros2/sim/build/go2_control/prefix_override:/usr/lib/python3/dist-packages/colcon_core/task/python/colcon_distutils_commands:/home/zp/ros2/sim/install/go2_control/lib/python3.10/site-packages:${PYTHONPATH} /usr/bin/python3 -W ignore:setup.py install is deprecated -W ignore:easy_install command is deprecated setup.py egg_info --egg-base ../../../build/go2_control build --build-base /home/zp/ros2/sim/build/go2_control/build install --record /home/zp/ros2/sim/build/go2_control/install.log --single-version-externally-managed install_data
[1.357s] running egg_info
[1.358s] writing ../../../build/go2_control/go2_control.egg-info/PKG-INFO
[1.358s] writing dependency_links to ../../../build/go2_control/go2_control.egg-info/dependency_links.txt
[1.359s] writing entry points to ../../../build/go2_control/go2_control.egg-info/entry_points.txt
[1.359s] writing requirements to ../../../build/go2_control/go2_control.egg-info/requires.txt
[1.359s] writing top-level names to ../../../build/go2_control/go2_control.egg-info/top_level.txt
[1.361s] reading manifest file '../../../build/go2_control/go2_control.egg-info/SOURCES.txt'
[1.361s] writing manifest file '../../../build/go2_control/go2_control.egg-info/SOURCES.txt'
[1.362s] running build
[1.362s] running build_py
[1.362s] copying go2_control/move_distance_server.py -> /home/zp/ros2/sim/build/go2_control/build/lib/go2_control
[1.363s] running install
[1.363s] running install_lib
[1.364s] copying /home/zp/ros2/sim/build/go2_control/build/lib/go2_control/move_distance_server.py -> /home/zp/ros2/sim/install/go2_control/lib/python3.10/site-packages/go2_control
[1.364s] byte-compiling /home/zp/ros2/sim/install/go2_control/lib/python3.10/site-packages/go2_control/move_distance_server.py to move_distance_server.cpython-310.pyc
[1.365s] running install_data
[1.365s] running install_egg_info
[1.371s] removing '/home/zp/ros2/sim/install/go2_control/lib/python3.10/site-packages/go2_control-0.0.0-py3.10.egg-info' (and everything under it)
[1.371s] Copying ../../../build/go2_control/go2_control.egg-info to /home/zp/ros2/sim/install/go2_control/lib/python3.10/site-packages/go2_control-0.0.0-py3.10.egg-info
[1.373s] running install_scripts
[1.402s] Installing keyboard_control_node script to /home/zp/ros2/sim/install/go2_control/lib/go2_control
[1.405s] Installing move_distance_client script to /home/zp/ros2/sim/install/go2_control/lib/go2_control
[1.405s] Installing move_distance_server script to /home/zp/ros2/sim/install/go2_control/lib/go2_control
[1.406s] writing list of installed files to '/home/zp/ros2/sim/build/go2_control/install.log'
[1.501s] Invoked command in '/home/zp/ros2/sim/src/unitree-go2-ros2/go2_control' returned '0': PYTHONPATH=/home/zp/ros2/sim/build/go2_control/prefix_override:/usr/lib/python3/dist-packages/colcon_core/task/python/colcon_distutils_commands:/home/zp/ros2/sim/install/go2_control/lib/python3.10/site-packages:${PYTHONPATH} /usr/bin/python3 -W ignore:setup.py install is deprecated -W ignore:easy_install command is deprecated setup.py egg_info --egg-base ../../../build/go2_control build --build-base /home/zp/ros2/sim/build/go2_control/build install --record /home/zp/ros2/sim/build/go2_control/install.log --single-version-externally-managed install_data
