[1.037s] Invoking command in '/home/zp/ros2/sim/build/champ_bringup': AMENT_PREFIX_PATH=/home/zp/ros2/sim/install/champ_base:/home/zp/ros2/sim/install/champ_msgs:/home/zp/ros2/sim/install/champ_description:/home/zp/ros2/sim/install/champ:${AMENT_PREFIX_PATH} CMAKE_PREFIX_PATH=/home/zp/ros2/sim/install/champ_base:/home/zp/ros2/sim/install/champ_msgs:/home/zp/ros2/sim/install/champ_description:/home/zp/ros2/sim/install/champ:/opt/ros/humble LD_LIBRARY_PATH=/home/zp/ros2/sim/install/champ_base/lib:/home/zp/ros2/sim/install/champ_msgs/lib:${LD_LIBRARY_PATH} PATH=/home/zp/ros2/sim/install/champ_base/bin:${PATH} PYTHONPATH=/home/zp/ros2/sim/install/champ_msgs/local/lib/python3.10/dist-packages:${PYTHONPATH} /usr/bin/cmake --build /home/zp/ros2/sim/build/champ_bringup -- -j20 -l20
[1.096s] Built target ament_cmake_python_copy_champ_bringup
[1.308s] running egg_info
[1.308s] writing champ_bringup.egg-info/PKG-INFO
[1.309s] writing dependency_links to champ_bringup.egg-info/dependency_links.txt
[1.309s] writing top-level names to champ_bringup.egg-info/top_level.txt
[1.311s] reading manifest file 'champ_bringup.egg-info/SOURCES.txt'
[1.315s] writing manifest file 'champ_bringup.egg-info/SOURCES.txt'
[1.341s] Built target ament_cmake_python_build_champ_bringup_egg
[1.352s] Invoked command in '/home/zp/ros2/sim/build/champ_bringup' returned '0': AMENT_PREFIX_PATH=/home/zp/ros2/sim/install/champ_base:/home/zp/ros2/sim/install/champ_msgs:/home/zp/ros2/sim/install/champ_description:/home/zp/ros2/sim/install/champ:${AMENT_PREFIX_PATH} CMAKE_PREFIX_PATH=/home/zp/ros2/sim/install/champ_base:/home/zp/ros2/sim/install/champ_msgs:/home/zp/ros2/sim/install/champ_description:/home/zp/ros2/sim/install/champ:/opt/ros/humble LD_LIBRARY_PATH=/home/zp/ros2/sim/install/champ_base/lib:/home/zp/ros2/sim/install/champ_msgs/lib:${LD_LIBRARY_PATH} PATH=/home/zp/ros2/sim/install/champ_base/bin:${PATH} PYTHONPATH=/home/zp/ros2/sim/install/champ_msgs/local/lib/python3.10/dist-packages:${PYTHONPATH} /usr/bin/cmake --build /home/zp/ros2/sim/build/champ_bringup -- -j20 -l20
[1.356s] Invoking command in '/home/zp/ros2/sim/build/champ_bringup': AMENT_PREFIX_PATH=/home/zp/ros2/sim/install/champ_base:/home/zp/ros2/sim/install/champ_msgs:/home/zp/ros2/sim/install/champ_description:/home/zp/ros2/sim/install/champ:${AMENT_PREFIX_PATH} CMAKE_PREFIX_PATH=/home/zp/ros2/sim/install/champ_base:/home/zp/ros2/sim/install/champ_msgs:/home/zp/ros2/sim/install/champ_description:/home/zp/ros2/sim/install/champ:/opt/ros/humble LD_LIBRARY_PATH=/home/zp/ros2/sim/install/champ_base/lib:/home/zp/ros2/sim/install/champ_msgs/lib:${LD_LIBRARY_PATH} PATH=/home/zp/ros2/sim/install/champ_base/bin:${PATH} PYTHONPATH=/home/zp/ros2/sim/install/champ_msgs/local/lib/python3.10/dist-packages:${PYTHONPATH} /usr/bin/cmake --install /home/zp/ros2/sim/build/champ_bringup
[1.363s] -- Install configuration: ""
[1.363s] -- Up-to-date: /home/zp/ros2/sim/install/champ_bringup/share/champ_bringup/launch
[1.363s] -- Up-to-date: /home/zp/ros2/sim/install/champ_bringup/share/champ_bringup/launch/include
[1.363s] -- Up-to-date: /home/zp/ros2/sim/install/champ_bringup/share/champ_bringup/launch/include/laser
[1.363s] -- Up-to-date: /home/zp/ros2/sim/install/champ_bringup/share/champ_bringup/launch/include/laser/kinect.launch
[1.363s] -- Up-to-date: /home/zp/ros2/sim/install/champ_bringup/share/champ_bringup/launch/include/laser/sim.launch
[1.363s] -- Up-to-date: /home/zp/ros2/sim/install/champ_bringup/share/champ_bringup/launch/include/laser/xv11.launch
[1.364s] -- Up-to-date: /home/zp/ros2/sim/install/champ_bringup/share/champ_bringup/launch/include/laser/rplidar.launch
[1.364s] -- Up-to-date: /home/zp/ros2/sim/install/champ_bringup/share/champ_bringup/launch/include/laser/sweep.launch
[1.364s] -- Up-to-date: /home/zp/ros2/sim/install/champ_bringup/share/champ_bringup/launch/include/laser/lms1xx.launch
[1.364s] -- Up-to-date: /home/zp/ros2/sim/install/champ_bringup/share/champ_bringup/launch/include/laser/realsense.launch
[1.364s] -- Up-to-date: /home/zp/ros2/sim/install/champ_bringup/share/champ_bringup/launch/include/laser/ydlidar.launch
[1.364s] -- Up-to-date: /home/zp/ros2/sim/install/champ_bringup/share/champ_bringup/launch/include/laser/d435.launch
[1.364s] -- Up-to-date: /home/zp/ros2/sim/install/champ_bringup/share/champ_bringup/launch/include/laser/hokuyo.launch
[1.364s] -- Up-to-date: /home/zp/ros2/sim/install/champ_bringup/share/champ_bringup/launch/include/velocity_smoother.launch
[1.364s] -- Up-to-date: /home/zp/ros2/sim/install/champ_bringup/share/champ_bringup/launch/bringup.launch
[1.364s] -- Up-to-date: /home/zp/ros2/sim/install/champ_bringup/share/champ_bringup/launch/bringup.launch.py
[1.364s] -- Up-to-date: /home/zp/ros2/sim/install/champ_bringup/share/champ_bringup/launch/joints_gui.launch.py
[1.365s] -- Up-to-date: /home/zp/ros2/sim/install/champ_bringup/share/champ_bringup/launch/joints_gui.launch
[1.365s] -- Up-to-date: /home/zp/ros2/sim/install/champ_bringup/share/champ_bringup/environment/pythonpath.sh
[1.365s] -- Up-to-date: /home/zp/ros2/sim/install/champ_bringup/share/champ_bringup/environment/pythonpath.dsv
[1.365s] -- Up-to-date: /home/zp/ros2/sim/install/champ_bringup/local/lib/python3.10/dist-packages/champ_bringup-0.1.0-py3.10.egg-info
[1.365s] -- Installing: /home/zp/ros2/sim/install/champ_bringup/local/lib/python3.10/dist-packages/champ_bringup-0.1.0-py3.10.egg-info/SOURCES.txt
[1.365s] -- Installing: /home/zp/ros2/sim/install/champ_bringup/local/lib/python3.10/dist-packages/champ_bringup-0.1.0-py3.10.egg-info/top_level.txt
[1.365s] -- Installing: /home/zp/ros2/sim/install/champ_bringup/local/lib/python3.10/dist-packages/champ_bringup-0.1.0-py3.10.egg-info/PKG-INFO
[1.365s] -- Installing: /home/zp/ros2/sim/install/champ_bringup/local/lib/python3.10/dist-packages/champ_bringup-0.1.0-py3.10.egg-info/dependency_links.txt
[1.365s] -- Up-to-date: /home/zp/ros2/sim/install/champ_bringup/local/lib/python3.10/dist-packages/champ_bringup
[1.365s] -- Up-to-date: /home/zp/ros2/sim/install/champ_bringup/local/lib/python3.10/dist-packages/champ_bringup/joint_calibrator_relay.py
[1.365s] -- Up-to-date: /home/zp/ros2/sim/install/champ_bringup/local/lib/python3.10/dist-packages/champ_bringup/__init__.py
[1.393s] Listing '/home/zp/ros2/sim/install/champ_bringup/local/lib/python3.10/dist-packages/champ_bringup'...
[1.397s] -- Up-to-date: /home/zp/ros2/sim/install/champ_bringup/lib/champ_bringup/joint_calibrator_relay.py
[1.397s] -- Up-to-date: /home/zp/ros2/sim/install/champ_bringup/share/ament_index/resource_index/package_run_dependencies/champ_bringup
[1.397s] -- Up-to-date: /home/zp/ros2/sim/install/champ_bringup/share/ament_index/resource_index/parent_prefix_path/champ_bringup
[1.397s] -- Up-to-date: /home/zp/ros2/sim/install/champ_bringup/share/champ_bringup/environment/ament_prefix_path.sh
[1.398s] -- Up-to-date: /home/zp/ros2/sim/install/champ_bringup/share/champ_bringup/environment/ament_prefix_path.dsv
[1.398s] -- Up-to-date: /home/zp/ros2/sim/install/champ_bringup/share/champ_bringup/environment/path.sh
[1.398s] -- Up-to-date: /home/zp/ros2/sim/install/champ_bringup/share/champ_bringup/environment/path.dsv
[1.398s] -- Up-to-date: /home/zp/ros2/sim/install/champ_bringup/share/champ_bringup/local_setup.bash
[1.398s] -- Up-to-date: /home/zp/ros2/sim/install/champ_bringup/share/champ_bringup/local_setup.sh
[1.398s] -- Up-to-date: /home/zp/ros2/sim/install/champ_bringup/share/champ_bringup/local_setup.zsh
[1.398s] -- Up-to-date: /home/zp/ros2/sim/install/champ_bringup/share/champ_bringup/local_setup.dsv
[1.398s] -- Installing: /home/zp/ros2/sim/install/champ_bringup/share/champ_bringup/package.dsv
[1.398s] -- Up-to-date: /home/zp/ros2/sim/install/champ_bringup/share/ament_index/resource_index/packages/champ_bringup
[1.399s] -- Up-to-date: /home/zp/ros2/sim/install/champ_bringup/share/champ_bringup/cmake/champ_bringupConfig.cmake
[1.399s] -- Up-to-date: /home/zp/ros2/sim/install/champ_bringup/share/champ_bringup/cmake/champ_bringupConfig-version.cmake
[1.399s] -- Up-to-date: /home/zp/ros2/sim/install/champ_bringup/share/champ_bringup/package.xml
[1.400s] Invoked command in '/home/zp/ros2/sim/build/champ_bringup' returned '0': AMENT_PREFIX_PATH=/home/zp/ros2/sim/install/champ_base:/home/zp/ros2/sim/install/champ_msgs:/home/zp/ros2/sim/install/champ_description:/home/zp/ros2/sim/install/champ:${AMENT_PREFIX_PATH} CMAKE_PREFIX_PATH=/home/zp/ros2/sim/install/champ_base:/home/zp/ros2/sim/install/champ_msgs:/home/zp/ros2/sim/install/champ_description:/home/zp/ros2/sim/install/champ:/opt/ros/humble LD_LIBRARY_PATH=/home/zp/ros2/sim/install/champ_base/lib:/home/zp/ros2/sim/install/champ_msgs/lib:${LD_LIBRARY_PATH} PATH=/home/zp/ros2/sim/install/champ_base/bin:${PATH} PYTHONPATH=/home/zp/ros2/sim/install/champ_msgs/local/lib/python3.10/dist-packages:${PYTHONPATH} /usr/bin/cmake --install /home/zp/ros2/sim/build/champ_bringup
