[0.037s] Invoking command in '/home/zp/ros2/sim/build/go2_config': CMAKE_PREFIX_PATH=${CMAKE_PREFIX_PATH}:/home/zp/ros2/sim/install/my_motion_example:/opt/ros/humble /usr/bin/cmake /home/zp/ros2/sim/src/unitree-go2-ros2/robots/configs/go2_config -DCMAKE_INSTALL_PREFIX=/home/zp/ros2/sim/install/go2_config
[0.383s] -- The C compiler identification is GNU 11.4.0
[1.865s] -- The CXX compiler identification is GNU 11.4.0
[3.157s] -- Detecting C compiler ABI info
[3.409s] -- Detecting C compiler ABI info - done
[3.415s] -- Check for working C compiler: /usr/bin/cc - skipped
[3.415s] -- Detecting C compile features
[3.415s] -- Detecting C compile features - done
[3.417s] -- Detecting CXX compiler ABI info
[3.679s] -- Detecting CXX compiler ABI info - done
[3.684s] -- Check for working CXX compiler: /usr/bin/c++ - skipped
[3.684s] -- Detecting CXX compile features
[3.684s] -- Detecting CXX compile features - done
[3.687s] -- Found ament_cmake: 1.3.12 (/opt/ros/humble/share/ament_cmake/cmake)
[3.832s] -- Found Python3: /usr/bin/python3 (found version "3.10.12") found components: Interpreter 
[3.962s] -- Configuring done
[3.964s] -- Generating done
[3.965s] -- Build files have been written to: /home/zp/ros2/sim/build/go2_config
[3.968s] Invoked command in '/home/zp/ros2/sim/build/go2_config' returned '0': CMAKE_PREFIX_PATH=${CMAKE_PREFIX_PATH}:/home/zp/ros2/sim/install/my_motion_example:/opt/ros/humble /usr/bin/cmake /home/zp/ros2/sim/src/unitree-go2-ros2/robots/configs/go2_config -DCMAKE_INSTALL_PREFIX=/home/zp/ros2/sim/install/go2_config
[3.970s] Invoking command in '/home/zp/ros2/sim/build/go2_config': CMAKE_PREFIX_PATH=${CMAKE_PREFIX_PATH}:/home/zp/ros2/sim/install/my_motion_example:/opt/ros/humble /usr/bin/cmake --build /home/zp/ros2/sim/build/go2_config -- -j20 -l20
[3.996s] Invoked command in '/home/zp/ros2/sim/build/go2_config' returned '0': CMAKE_PREFIX_PATH=${CMAKE_PREFIX_PATH}:/home/zp/ros2/sim/install/my_motion_example:/opt/ros/humble /usr/bin/cmake --build /home/zp/ros2/sim/build/go2_config -- -j20 -l20
[3.997s] Invoking command in '/home/zp/ros2/sim/build/go2_config': CMAKE_PREFIX_PATH=${CMAKE_PREFIX_PATH}:/home/zp/ros2/sim/install/my_motion_example:/opt/ros/humble /usr/bin/cmake --install /home/zp/ros2/sim/build/go2_config
[4.002s] -- Install configuration: ""
[4.003s] -- Up-to-date: /home/zp/ros2/sim/install/go2_config/share/go2_config/launch
[4.003s] -- Up-to-date: /home/zp/ros2/sim/install/go2_config/share/go2_config/launch/gazebo_velodyne.launch.py
[4.003s] -- Up-to-date: /home/zp/ros2/sim/install/go2_config/share/go2_config/launch/navigate.launch.py
[4.003s] -- Up-to-date: /home/zp/ros2/sim/install/go2_config/share/go2_config/launch/gazebo.launch.py
[4.003s] -- Up-to-date: /home/zp/ros2/sim/install/go2_config/share/go2_config/launch/bringup.launch.py
[4.003s] -- Up-to-date: /home/zp/ros2/sim/install/go2_config/share/go2_config/launch/slam.launch.py
[4.003s] -- Up-to-date: /home/zp/ros2/sim/install/go2_config/share/go2_config/config
[4.003s] -- Up-to-date: /home/zp/ros2/sim/install/go2_config/share/go2_config/config/ros_control
[4.003s] -- Up-to-date: /home/zp/ros2/sim/install/go2_config/share/go2_config/config/ros_control/ros_control.yaml
[4.003s] -- Up-to-date: /home/zp/ros2/sim/install/go2_config/share/go2_config/config/autonomy
[4.003s] -- Up-to-date: /home/zp/ros2/sim/install/go2_config/share/go2_config/config/autonomy/navigation.yaml
[4.003s] -- Up-to-date: /home/zp/ros2/sim/install/go2_config/share/go2_config/config/autonomy/slam.yaml
[4.003s] -- Up-to-date: /home/zp/ros2/sim/install/go2_config/share/go2_config/config/gait
[4.003s] -- Up-to-date: /home/zp/ros2/sim/install/go2_config/share/go2_config/config/gait/gait.yaml
[4.003s] -- Up-to-date: /home/zp/ros2/sim/install/go2_config/share/go2_config/config/joints
[4.003s] -- Up-to-date: /home/zp/ros2/sim/install/go2_config/share/go2_config/config/joints/joints.yaml
[4.003s] -- Up-to-date: /home/zp/ros2/sim/install/go2_config/share/go2_config/config/links
[4.003s] -- Up-to-date: /home/zp/ros2/sim/install/go2_config/share/go2_config/config/links/links.yaml
[4.003s] -- Up-to-date: /home/zp/ros2/sim/install/go2_config/share/go2_config/maps
[4.003s] -- Up-to-date: /home/zp/ros2/sim/install/go2_config/share/go2_config/maps/playground.pgm
[4.003s] -- Up-to-date: /home/zp/ros2/sim/install/go2_config/share/go2_config/maps/playground.yaml
[4.003s] -- Up-to-date: /home/zp/ros2/sim/install/go2_config/share/go2_config/maps/map.yaml
[4.003s] -- Up-to-date: /home/zp/ros2/sim/install/go2_config/share/go2_config/maps/map.pgm
[4.004s] -- Up-to-date: /home/zp/ros2/sim/install/go2_config/share/go2_config/worlds
[4.004s] -- Up-to-date: /home/zp/ros2/sim/install/go2_config/share/go2_config/worlds/outdoor.world
[4.004s] -- Up-to-date: /home/zp/ros2/sim/install/go2_config/share/go2_config/worlds/playground.world
[4.004s] -- Up-to-date: /home/zp/ros2/sim/install/go2_config/share/go2_config/worlds/default.world
[4.004s] -- Installing: /home/zp/ros2/sim/install/go2_config/share/ament_index/resource_index/package_run_dependencies/go2_config
[4.004s] -- Installing: /home/zp/ros2/sim/install/go2_config/share/ament_index/resource_index/parent_prefix_path/go2_config
[4.004s] -- Up-to-date: /home/zp/ros2/sim/install/go2_config/share/go2_config/environment/ament_prefix_path.sh
[4.004s] -- Installing: /home/zp/ros2/sim/install/go2_config/share/go2_config/environment/ament_prefix_path.dsv
[4.004s] -- Up-to-date: /home/zp/ros2/sim/install/go2_config/share/go2_config/environment/path.sh
[4.004s] -- Installing: /home/zp/ros2/sim/install/go2_config/share/go2_config/environment/path.dsv
[4.004s] -- Installing: /home/zp/ros2/sim/install/go2_config/share/go2_config/local_setup.bash
[4.004s] -- Installing: /home/zp/ros2/sim/install/go2_config/share/go2_config/local_setup.sh
[4.004s] -- Installing: /home/zp/ros2/sim/install/go2_config/share/go2_config/local_setup.zsh
[4.005s] -- Installing: /home/zp/ros2/sim/install/go2_config/share/go2_config/local_setup.dsv
[4.005s] -- Installing: /home/zp/ros2/sim/install/go2_config/share/go2_config/package.dsv
[4.005s] -- Installing: /home/zp/ros2/sim/install/go2_config/share/ament_index/resource_index/packages/go2_config
[4.005s] -- Installing: /home/zp/ros2/sim/install/go2_config/share/go2_config/cmake/go2_configConfig.cmake
[4.005s] -- Installing: /home/zp/ros2/sim/install/go2_config/share/go2_config/cmake/go2_configConfig-version.cmake
[4.005s] -- Up-to-date: /home/zp/ros2/sim/install/go2_config/share/go2_config/package.xml
[4.007s] Invoked command in '/home/zp/ros2/sim/build/go2_config' returned '0': CMAKE_PREFIX_PATH=${CMAKE_PREFIX_PATH}:/home/zp/ros2/sim/install/my_motion_example:/opt/ros/humble /usr/bin/cmake --install /home/zp/ros2/sim/build/go2_config
